2023-09-07 23:21:46.432 [info] Added views:workbench.panel.markers.view in workbench.panel.markers
2023-09-07 23:21:46.432 [info] Added views:workbench.panel.output in workbench.panel.output
2023-09-07 23:21:46.432 [info] Added views:terminal in terminal
2023-09-07 23:21:46.432 [info] Added views:outline in workbench.view.explorer
2023-09-07 23:21:46.432 [info] Added views:workbench.scm in workbench.view.scm
2023-09-07 23:21:46.432 [info] Added views:workbench.view.search in workbench.view.search
2023-09-07 23:21:46.432 [info] Added views:timeline in workbench.view.explorer
2023-09-07 23:21:46.432 [info] Added views:workbench.explorer.emptyView in workbench.view.explorer
2023-09-07 23:21:46.649 [info] Added views:workbench.debug.variablesView,workbench.debug.watchExpressionsView,workbench.debug.callStackView,workbench.debug.breakPointsView in workbench.view.debug
2023-09-07 23:21:47.317 [info] Added views:workbench.panel.repl.view in workbench.panel.repl
2023-09-07 23:21:47.320 [info] Removed views:workbench.debug.breakPointsView,workbench.debug.callStackView,workbench.debug.watchExpressionsView,workbench.debug.variablesView from workbench.view.debug
2023-09-07 23:21:47.321 [info] Added views:workbench.debug.welcome in workbench.view.debug
2023-09-07 23:22:08.824 [info] Added views:workbench.panel.markers.view in workbench.panel.markers
2023-09-07 23:22:08.824 [info] Added views:workbench.panel.output in workbench.panel.output
2023-09-07 23:22:08.824 [info] Added views:terminal in terminal
2023-09-07 23:22:08.824 [info] Added views:outline in workbench.view.explorer
2023-09-07 23:22:08.824 [info] Added views:workbench.scm in workbench.view.scm
2023-09-07 23:22:08.824 [info] Added views:workbench.view.search in workbench.view.search
2023-09-07 23:22:08.824 [info] Added views:timeline in workbench.view.explorer
2023-09-07 23:22:08.824 [info] Added views:workbench.explorer.fileView in workbench.view.explorer
2023-09-07 23:22:09.389 [info] Added views:workbench.debug.variablesView,workbench.debug.watchExpressionsView,workbench.debug.callStackView,workbench.debug.breakPointsView in workbench.view.debug
2023-09-07 23:22:09.423 [info] Added views:workbench.panel.repl.view in workbench.panel.repl
2023-09-07 23:22:09.424 [info] Removed views:workbench.debug.breakPointsView,workbench.debug.callStackView,workbench.debug.watchExpressionsView,workbench.debug.variablesView from workbench.view.debug
2023-09-07 23:22:09.425 [info] Added views:workbench.debug.welcome in workbench.view.debug
2023-09-07 23:22:14.340 [info] Added views:workbench.view.testing in workbench.view.extension.test
2023-09-07 23:22:14.394 [info] Added views:dartDependencyTree in workbench.view.explorer
2023-09-07 23:22:44.207 [info] Added views:workbench.views.extensions.installed,workbench.views.extensions.popular,extensions.recommendedList in workbench.view.extensions
2023-09-07 23:22:44.211 [info] Removed views:workbench.views.extensions.popular from workbench.view.extensions
2023-09-07 23:22:46.922 [info] Removed views:extensions.recommendedList,workbench.views.extensions.installed from workbench.view.extensions
2023-09-07 23:22:46.940 [info] Added views:workbench.views.extensions.marketplace in workbench.view.extensions
2023-09-07 23:23:00.251 [info] Added views:dartFlutterOutline in workbench.view.extension.flutter
2023-09-07 23:57:35.772 [info] Removed views:dartFlutterOutline from workbench.view.extension.flutter
2023-09-07 23:57:56.400 [info] Added views:dartFlutterOutline in workbench.view.extension.flutter
2023-09-07 23:58:00.617 [info] Removed views:dartFlutterOutline from workbench.view.extension.flutter
2023-09-07 23:58:16.532 [info] Added views:dartFlutterOutline in workbench.view.extension.flutter
