2023-09-09 13:24:00.827 [info] Reading sessions from keychain...
2023-09-09 13:24:00.827 [info] Getting sessions for all scopes...
2023-09-09 13:24:00.827 [info] Getting sessions for user:email...
2023-09-09 13:24:00.827 [info] Got stored sessions!
2023-09-09 13:24:00.827 [info] Got 1 verified sessions.
2023-09-09 13:24:00.827 [info] Got 1 sessions for ...
2023-09-09 13:24:00.828 [info] Got 1 sessions for user:email...
2023-09-09 13:24:00.829 [info] Getting sessions for all scopes...
2023-09-09 13:24:00.829 [info] Got 1 sessions for ...
2023-09-09 13:24:01.616 [info] Getting sessions for all scopes...
2023-09-09 13:24:01.616 [info] Got 1 sessions for ...
2023-09-09 13:24:45.986 [info] Reading sessions from keychain...
2023-09-09 13:24:45.986 [info] Getting sessions for all scopes...
2023-09-09 13:24:45.986 [info] Got stored sessions!
2023-09-09 13:24:45.986 [info] Got 1 verified sessions.
2023-09-09 13:24:45.986 [info] Got 1 sessions for ...
2023-09-09 13:24:45.986 [info] Getting sessions for all scopes...
2023-09-09 13:24:45.986 [info] Got 1 sessions for ...
2023-09-09 13:24:45.986 [info] Getting sessions for user:email...
2023-09-09 13:24:45.986 [info] Got 1 sessions for user:email...
2023-09-09 13:24:46.029 [info] Getting sessions for all scopes...
2023-09-09 13:24:46.029 [info] Got 1 sessions for ...
