2023-09-07 23:21:46.872 [info] Using settings sync service https://vscode-sync.trafficmanager.net/
2023-09-07 23:21:46.872 [info] Auto Sync is enabled.
2023-09-07 23:21:46.872 [info] Auto Sync: Suspended until auth token is available.
2023-09-07 23:21:47.639 [info] Deleting non existing profile from backup /home/mystic/.config/Code/User/sync/extensions
2023-09-07 23:21:47.678 [info] Deleting non existing profile from backup /home/mystic/.config/Code/User/sync/globalState
2023-09-07 23:21:47.763 [info] Deleting non existing profile from backup /home/mystic/.config/Code/User/sync/keybindings
2023-09-07 23:21:47.765 [info] Deleting non existing profile from backup /home/mystic/.config/Code/User/sync/profiles
2023-09-07 23:21:47.767 [info] Deleting non existing profile from backup /home/mystic/.config/Code/User/sync/settings
2023-09-07 23:21:47.768 [info] Deleting non existing profile from backup /home/mystic/.config/Code/User/sync/snippets
2023-09-07 23:21:47.770 [info] Deleting non existing profile from backup /home/mystic/.config/Code/User/sync/tasks
2023-09-07 23:21:48.023 [info] Auto Sync: Triggered by Interval
2023-09-07 23:21:48.023 [info] Sync started.
2023-09-07 23:21:49.584 [info] Settings: Last sync resource does not exist locally.
2023-09-07 23:21:50.058 [info] Settings: No changes found during synchronizing settings.
2023-09-07 23:21:50.064 [info] Keybindings: Last sync resource does not exist locally.
2023-09-07 23:21:50.578 [info] Keybindings: No changes found during synchronizing keybindings.
2023-09-07 23:21:50.591 [info] Snippets: Last sync resource does not exist locally.
2023-09-07 23:21:50.926 [info] Snippets: No changes found during synchronizing snippets.
2023-09-07 23:21:50.958 [info] Tasks: Last sync resource does not exist locally.
2023-09-07 23:21:51.188 [info] Tasks: No changes found during synchronizing tasks.
2023-09-07 23:21:51.201 [info] GlobalState: Last sync resource does not exist locally.
2023-09-07 23:21:52.217 [info] GlobalState: Updated remote ui state. Updated: workbench.activity.pinnedViewlets2,workbench.statusbar.hidden.
2023-09-07 23:21:52.325 [info] GlobalState: Updated last synchronized ui state
2023-09-07 23:21:52.339 [info] Extensions: Last sync resource does not exist locally.
2023-09-07 23:21:55.967 [info] Extensions: No changes found during synchronizing extensions.
2023-09-07 23:21:56.025 [info] Profiles: Last sync resource does not exist locally.
2023-09-07 23:21:56.526 [info] Profiles: No changes found during synchronizing profiles.
2023-09-07 23:21:56.539 [info] Sync done. Took 8516ms
2023-09-07 23:22:01.529 [info] Auto Sync: Triggered by Activity
2023-09-07 23:22:01.530 [info] Sync started.
2023-09-07 23:22:01.779 [info] Settings: No changes found during synchronizing settings.
2023-09-07 23:22:01.796 [info] Keybindings: No changes found during synchronizing keybindings.
2023-09-07 23:22:01.809 [info] Snippets: No changes found during synchronizing snippets.
2023-09-07 23:22:01.816 [info] Tasks: No changes found during synchronizing tasks.
2023-09-07 23:22:01.823 [info] GlobalState: No changes found during synchronizing ui state.
2023-09-07 23:22:01.899 [info] Extensions: No changes found during synchronizing extensions.
2023-09-07 23:22:01.901 [info] Profiles: No changes found during synchronizing profiles.
2023-09-07 23:22:01.904 [info] Sync done. Took 376ms
2023-09-07 23:22:11.512 [info] Auto Sync: Triggered by Activity
2023-09-07 23:22:11.513 [info] Sync started.
2023-09-07 23:22:11.662 [info] Settings: No changes found during synchronizing settings.
2023-09-07 23:22:11.679 [info] Keybindings: No changes found during synchronizing keybindings.
2023-09-07 23:22:11.693 [info] Snippets: No changes found during synchronizing snippets.
2023-09-07 23:22:11.699 [info] Tasks: No changes found during synchronizing tasks.
2023-09-07 23:22:11.706 [info] GlobalState: No changes found during synchronizing ui state.
2023-09-07 23:22:11.784 [info] Extensions: No changes found during synchronizing extensions.
2023-09-07 23:22:11.787 [info] Profiles: No changes found during synchronizing profiles.
2023-09-07 23:22:11.789 [info] Sync done. Took 279ms
2023-09-07 23:22:16.597 [info] Auto Sync: Triggered by Activity
2023-09-07 23:22:16.598 [info] Sync started.
2023-09-07 23:22:16.718 [info] Settings: No changes found during synchronizing settings.
2023-09-07 23:22:16.733 [info] Keybindings: No changes found during synchronizing keybindings.
2023-09-07 23:22:16.748 [info] Snippets: No changes found during synchronizing snippets.
2023-09-07 23:22:16.759 [info] Tasks: No changes found during synchronizing tasks.
2023-09-07 23:22:17.584 [info] GlobalState: Updated remote ui state. Updated: workbench.activity.pinnedViewlets2,workbench.statusbar.hidden.
2023-09-07 23:22:18.178 [info] GlobalState: Updated last synchronized ui state
2023-09-07 23:22:18.293 [info] Extensions: No changes found during synchronizing extensions.
2023-09-07 23:22:18.296 [info] Profiles: No changes found during synchronizing profiles.
2023-09-07 23:22:18.301 [info] Sync done. Took 1704ms
2023-09-07 23:22:27.064 [info] Auto Sync: Triggered by Activity
2023-09-07 23:22:27.065 [info] Sync started.
2023-09-07 23:22:28.017 [info] Settings: Updated remote settings
2023-09-07 23:22:28.413 [info] Settings: Updated last synchronized settings
2023-09-07 23:22:28.429 [info] Keybindings: No changes found during synchronizing keybindings.
2023-09-07 23:22:28.446 [info] Snippets: No changes found during synchronizing snippets.
2023-09-07 23:22:28.458 [info] Tasks: No changes found during synchronizing tasks.
2023-09-07 23:22:28.480 [info] GlobalState: No changes found during synchronizing ui state.
2023-09-07 23:22:28.619 [info] Extensions: No changes found during synchronizing extensions.
2023-09-07 23:22:28.623 [info] Profiles: No changes found during synchronizing profiles.
2023-09-07 23:22:28.627 [info] Sync done. Took 1564ms
2023-09-07 23:22:46.290 [info] Auto Sync: Triggered by Activity
2023-09-07 23:22:46.291 [info] Sync started.
2023-09-07 23:22:46.412 [info] Settings: No changes found during synchronizing settings.
2023-09-07 23:22:46.418 [info] Keybindings: No changes found during synchronizing keybindings.
2023-09-07 23:22:46.424 [info] Snippets: No changes found during synchronizing snippets.
2023-09-07 23:22:46.428 [info] Tasks: No changes found during synchronizing tasks.
2023-09-07 23:22:46.435 [info] GlobalState: No changes found during synchronizing ui state.
2023-09-07 23:22:46.531 [info] Extensions: No changes found during synchronizing extensions.
2023-09-07 23:22:46.533 [info] Profiles: No changes found during synchronizing profiles.
2023-09-07 23:22:46.536 [info] Sync done. Took 246ms
2023-09-07 23:22:56.841 [info] Auto Sync: Triggered by Activity
2023-09-07 23:22:56.841 [info] Sync started.
2023-09-07 23:22:56.978 [info] Settings: No changes found during synchronizing settings.
2023-09-07 23:22:56.987 [info] Keybindings: No changes found during synchronizing keybindings.
2023-09-07 23:22:56.993 [info] Snippets: No changes found during synchronizing snippets.
2023-09-07 23:22:56.998 [info] Tasks: No changes found during synchronizing tasks.
2023-09-07 23:22:57.330 [info] GlobalState: Updated remote ui state. Updated: colorThemeData.
2023-09-07 23:22:57.437 [info] GlobalState: Updated last synchronized ui state
2023-09-07 23:22:57.806 [info] Extensions: Updated remote extensions. Added: ["dracula-theme.theme-dracula"].
2023-09-07 23:22:57.869 [info] Extensions: Updated last synchronized extensions.
2023-09-07 23:22:57.873 [info] Profiles: No changes found during synchronizing profiles.
2023-09-07 23:22:57.877 [info] Sync done. Took 1036ms
2023-09-07 23:23:04.829 [info] Auto Sync: Triggered by Activity
2023-09-07 23:23:04.830 [info] Sync started.
2023-09-07 23:23:04.973 [info] Settings: No changes found during synchronizing settings.
2023-09-07 23:23:04.984 [info] Keybindings: No changes found during synchronizing keybindings.
2023-09-07 23:23:04.991 [info] Snippets: No changes found during synchronizing snippets.
2023-09-07 23:23:04.996 [info] Tasks: No changes found during synchronizing tasks.
2023-09-07 23:23:05.507 [info] GlobalState: Updated remote ui state. Updated: workbench.activity.pinnedViewlets2,colorThemeData.
2023-09-07 23:23:05.589 [info] GlobalState: Updated last synchronized ui state
2023-09-07 23:23:05.960 [info] Extensions: Updated remote extensions. Added: ["bceskavich.theme-dracula-at-night"].
2023-09-07 23:23:06.227 [info] Extensions: Updated last synchronized extensions.
2023-09-07 23:23:06.240 [info] Profiles: No changes found during synchronizing profiles.
2023-09-07 23:23:06.250 [info] Sync done. Took 1420ms
2023-09-07 23:23:08.629 [info] Auto Sync: Triggered by Activity
2023-09-07 23:23:08.629 [info] Sync started.
2023-09-07 23:23:09.158 [info] Settings: Updated remote settings
2023-09-07 23:23:09.271 [info] Settings: Updated last synchronized settings
2023-09-07 23:23:09.286 [info] Keybindings: No changes found during synchronizing keybindings.
2023-09-07 23:23:09.301 [info] Snippets: No changes found during synchronizing snippets.
2023-09-07 23:23:09.313 [info] Tasks: No changes found during synchronizing tasks.
2023-09-07 23:23:09.973 [info] GlobalState: Updated remote ui state. Updated: memento/gettingStartedService.
2023-09-07 23:23:10.184 [info] GlobalState: Updated last synchronized ui state
2023-09-07 23:23:10.304 [info] Extensions: No changes found during synchronizing extensions.
2023-09-07 23:23:10.307 [info] Profiles: No changes found during synchronizing profiles.
2023-09-07 23:23:10.309 [info] Sync done. Took 1682ms
2023-09-07 23:23:10.731 [info] Auto Sync: Triggered by Activity
2023-09-07 23:23:10.732 [info] Sync started.
2023-09-07 23:23:10.904 [info] Settings: No changes found during synchronizing settings.
2023-09-07 23:23:10.910 [info] Keybindings: No changes found during synchronizing keybindings.
2023-09-07 23:23:10.915 [info] Snippets: No changes found during synchronizing snippets.
2023-09-07 23:23:10.919 [info] Tasks: No changes found during synchronizing tasks.
2023-09-07 23:23:10.926 [info] GlobalState: No changes found during synchronizing ui state.
2023-09-07 23:23:11.017 [info] Extensions: No changes found during synchronizing extensions.
2023-09-07 23:23:11.020 [info] Profiles: No changes found during synchronizing profiles.
2023-09-07 23:23:11.023 [info] Sync done. Took 293ms
2023-09-07 23:28:11.026 [info] Auto Sync: Triggered by Interval
2023-09-07 23:28:11.026 [info] Sync started.
2023-09-07 23:28:11.528 [info] Settings: No changes found during synchronizing settings.
2023-09-07 23:28:11.535 [info] Keybindings: No changes found during synchronizing keybindings.
2023-09-07 23:28:11.541 [info] Snippets: No changes found during synchronizing snippets.
2023-09-07 23:28:11.546 [info] Tasks: No changes found during synchronizing tasks.
2023-09-07 23:28:11.555 [info] GlobalState: No changes found during synchronizing ui state.
2023-09-07 23:28:11.662 [info] Extensions: No changes found during synchronizing extensions.
2023-09-07 23:28:11.664 [info] Profiles: No changes found during synchronizing profiles.
2023-09-07 23:28:11.668 [info] Sync done. Took 643ms
2023-09-07 23:33:11.670 [info] Auto Sync: Triggered by Interval
2023-09-07 23:33:11.671 [info] Sync started.
2023-09-07 23:33:12.025 [info] Settings: No changes found during synchronizing settings.
2023-09-07 23:33:12.042 [info] Keybindings: No changes found during synchronizing keybindings.
2023-09-07 23:33:12.051 [info] Snippets: No changes found during synchronizing snippets.
2023-09-07 23:33:12.056 [info] Tasks: No changes found during synchronizing tasks.
2023-09-07 23:33:12.063 [info] GlobalState: No changes found during synchronizing ui state.
2023-09-07 23:33:12.176 [info] Extensions: No changes found during synchronizing extensions.
2023-09-07 23:33:12.178 [info] Profiles: No changes found during synchronizing profiles.
2023-09-07 23:33:12.181 [info] Sync done. Took 512ms
2023-09-07 23:38:12.184 [info] Auto Sync: Triggered by Interval
2023-09-07 23:38:12.185 [info] Sync started.
2023-09-07 23:38:17.602 [info] Settings: No changes found during synchronizing settings.
2023-09-07 23:38:17.617 [info] Keybindings: No changes found during synchronizing keybindings.
2023-09-07 23:38:17.626 [info] Snippets: No changes found during synchronizing snippets.
2023-09-07 23:38:17.633 [info] Tasks: No changes found during synchronizing tasks.
2023-09-07 23:38:17.646 [info] GlobalState: No changes found during synchronizing ui state.
2023-09-07 23:38:17.835 [info] Extensions: No changes found during synchronizing extensions.
2023-09-07 23:38:17.842 [info] Profiles: No changes found during synchronizing profiles.
2023-09-07 23:38:17.847 [info] Sync done. Took 5664ms
2023-09-07 23:43:17.849 [info] Auto Sync: Triggered by Interval
2023-09-07 23:43:17.850 [info] Sync started.
2023-09-07 23:43:18.254 [info] Settings: No changes found during synchronizing settings.
2023-09-07 23:43:18.260 [info] Keybindings: No changes found during synchronizing keybindings.
2023-09-07 23:43:18.265 [info] Snippets: No changes found during synchronizing snippets.
2023-09-07 23:43:18.268 [info] Tasks: No changes found during synchronizing tasks.
2023-09-07 23:43:18.275 [info] GlobalState: No changes found during synchronizing ui state.
2023-09-07 23:43:18.398 [info] Extensions: No changes found during synchronizing extensions.
2023-09-07 23:43:18.401 [info] Profiles: No changes found during synchronizing profiles.
2023-09-07 23:43:18.404 [info] Sync done. Took 555ms
2023-09-07 23:48:18.405 [info] Auto Sync: Triggered by Interval
2023-09-07 23:48:18.406 [info] Sync started.
2023-09-07 23:48:19.270 [info] Settings: No changes found during synchronizing settings.
2023-09-07 23:48:19.288 [info] Keybindings: No changes found during synchronizing keybindings.
2023-09-07 23:48:19.304 [info] Snippets: No changes found during synchronizing snippets.
2023-09-07 23:48:19.317 [info] Tasks: No changes found during synchronizing tasks.
2023-09-07 23:48:19.339 [info] GlobalState: No changes found during synchronizing ui state.
2023-09-07 23:48:19.579 [info] Extensions: No changes found during synchronizing extensions.
2023-09-07 23:48:19.584 [info] Profiles: No changes found during synchronizing profiles.
2023-09-07 23:48:19.589 [info] Sync done. Took 1185ms
2023-09-07 23:52:50.820 [info] Auto Sync: Triggered by Activity
2023-09-07 23:52:50.821 [info] Sync started.
2023-09-07 23:52:51.232 [info] Settings: No changes found during synchronizing settings.
2023-09-07 23:52:51.243 [info] Keybindings: No changes found during synchronizing keybindings.
2023-09-07 23:52:51.249 [info] Snippets: No changes found during synchronizing snippets.
2023-09-07 23:52:51.253 [info] Tasks: No changes found during synchronizing tasks.
2023-09-07 23:52:51.259 [info] GlobalState: No changes found during synchronizing ui state.
2023-09-07 23:52:51.368 [info] Extensions: No changes found during synchronizing extensions.
2023-09-07 23:52:51.375 [info] Profiles: No changes found during synchronizing profiles.
2023-09-07 23:52:51.377 [info] Sync done. Took 557ms
2023-09-07 23:53:10.203 [info] Auto Sync: Triggered by Activity
2023-09-07 23:53:10.204 [info] Sync started.
2023-09-07 23:53:11.474 [info] Settings: No changes found during synchronizing settings.
2023-09-07 23:53:11.489 [info] Keybindings: No changes found during synchronizing keybindings.
2023-09-07 23:53:11.499 [info] Snippets: No changes found during synchronizing snippets.
2023-09-07 23:53:11.508 [info] Tasks: No changes found during synchronizing tasks.
2023-09-07 23:53:11.519 [info] GlobalState: No changes found during synchronizing ui state.
2023-09-07 23:53:12.065 [info] Extensions: Updated remote extensions. Added: ["proxzima.sweetdracula"].
2023-09-07 23:53:12.115 [info] Extensions: Updated last synchronized extensions.
2023-09-07 23:53:12.120 [info] Profiles: No changes found during synchronizing profiles.
2023-09-07 23:53:12.124 [info] Sync done. Took 1921ms
2023-09-07 23:54:25.502 [info] Auto Sync: Triggered by Activity
2023-09-07 23:54:25.503 [info] Sync started.
2023-09-07 23:54:27.128 [info] Settings: Updated remote settings
2023-09-07 23:54:27.183 [info] Settings: Updated last synchronized settings
2023-09-07 23:54:27.202 [info] Keybindings: No changes found during synchronizing keybindings.
2023-09-07 23:54:27.220 [info] Snippets: No changes found during synchronizing snippets.
2023-09-07 23:54:27.227 [info] Tasks: No changes found during synchronizing tasks.
2023-09-07 23:54:28.593 [info] GlobalState: Updated remote ui state. Updated: colorThemeData.
2023-09-07 23:54:28.664 [info] GlobalState: Updated last synchronized ui state
2023-09-07 23:54:29.019 [info] Extensions: Updated remote extensions. Added: ["hilalh.hyper-dracula-vscode-theme"].
2023-09-07 23:54:29.064 [info] Extensions: Updated last synchronized extensions.
2023-09-07 23:54:29.070 [info] Profiles: No changes found during synchronizing profiles.
2023-09-07 23:54:29.075 [info] Sync done. Took 3574ms
2023-09-07 23:54:29.075 [info] Auto Sync: Triggered by Activity
2023-09-07 23:54:29.076 [info] Sync started.
2023-09-07 23:54:29.512 [info] Settings: No changes found during synchronizing settings.
2023-09-07 23:54:29.521 [info] Keybindings: No changes found during synchronizing keybindings.
2023-09-07 23:54:29.528 [info] Snippets: No changes found during synchronizing snippets.
2023-09-07 23:54:29.532 [info] Tasks: No changes found during synchronizing tasks.
2023-09-07 23:54:29.540 [info] GlobalState: No changes found during synchronizing ui state.
2023-09-07 23:54:29.635 [info] Extensions: No changes found during synchronizing extensions.
2023-09-07 23:54:29.639 [info] Profiles: No changes found during synchronizing profiles.
2023-09-07 23:54:29.642 [info] Sync done. Took 566ms
2023-09-07 23:54:57.054 [info] Auto Sync: Triggered by Activity
2023-09-07 23:54:57.054 [info] Sync started.
2023-09-07 23:54:57.192 [info] Settings: No changes found during synchronizing settings.
2023-09-07 23:54:57.200 [info] Keybindings: No changes found during synchronizing keybindings.
2023-09-07 23:54:57.208 [info] Snippets: No changes found during synchronizing snippets.
2023-09-07 23:54:57.211 [info] Tasks: No changes found during synchronizing tasks.
2023-09-07 23:54:57.218 [info] GlobalState: No changes found during synchronizing ui state.
2023-09-07 23:54:57.323 [info] Extensions: No changes found during synchronizing extensions.
2023-09-07 23:54:57.325 [info] Profiles: No changes found during synchronizing profiles.
2023-09-07 23:54:57.329 [info] Sync done. Took 276ms
2023-09-07 23:56:31.445 [info] Auto Sync: Triggered by Activity
2023-09-07 23:56:31.446 [info] Sync started.
2023-09-07 23:56:31.610 [info] Settings: No changes found during synchronizing settings.
2023-09-07 23:56:31.625 [info] Keybindings: No changes found during synchronizing keybindings.
2023-09-07 23:56:31.640 [info] Snippets: No changes found during synchronizing snippets.
2023-09-07 23:56:31.652 [info] Tasks: No changes found during synchronizing tasks.
2023-09-07 23:56:31.666 [info] GlobalState: No changes found during synchronizing ui state.
2023-09-07 23:56:31.760 [info] Extensions: No changes found during synchronizing extensions.
2023-09-07 23:56:31.763 [info] Profiles: No changes found during synchronizing profiles.
2023-09-07 23:56:31.766 [info] Sync done. Took 322ms
2023-09-07 23:57:08.383 [info] Auto Sync: Triggered by Activity
2023-09-07 23:57:08.384 [info] Sync started.
2023-09-07 23:57:18.572 [info] Settings: No changes found during synchronizing settings.
2023-09-07 23:57:18.581 [info] Keybindings: No changes found during synchronizing keybindings.
2023-09-07 23:57:18.609 [info] Snippets: No changes found during synchronizing snippets.
2023-09-07 23:57:18.616 [info] Tasks: No changes found during synchronizing tasks.
2023-09-07 23:57:18.626 [info] GlobalState: No changes found during synchronizing ui state.
2023-09-07 23:57:18.753 [info] Extensions: No changes found during synchronizing extensions.
2023-09-07 23:57:18.755 [info] Profiles: No changes found during synchronizing profiles.
2023-09-07 23:57:18.758 [info] Sync done. Took 10377ms
2023-09-07 23:57:26.431 [info] Auto Sync: Triggered by Activity
2023-09-07 23:57:26.432 [info] Sync started.
2023-09-07 23:57:26.562 [info] Settings: No changes found during synchronizing settings.
2023-09-07 23:57:26.576 [info] Keybindings: No changes found during synchronizing keybindings.
2023-09-07 23:57:26.587 [info] Snippets: No changes found during synchronizing snippets.
2023-09-07 23:57:26.596 [info] Tasks: No changes found during synchronizing tasks.
2023-09-07 23:57:26.609 [info] GlobalState: No changes found during synchronizing ui state.
2023-09-07 23:57:26.731 [info] Extensions: No changes found during synchronizing extensions.
2023-09-07 23:57:26.734 [info] Profiles: No changes found during synchronizing profiles.
2023-09-07 23:57:26.737 [info] Sync done. Took 307ms
2023-09-07 23:57:38.041 [info] Auto Sync: Triggered by Activity
2023-09-07 23:57:38.041 [info] Sync started.
2023-09-07 23:57:38.187 [info] Settings: No changes found during synchronizing settings.
2023-09-07 23:57:38.195 [info] Keybindings: No changes found during synchronizing keybindings.
2023-09-07 23:57:38.201 [info] Snippets: No changes found during synchronizing snippets.
2023-09-07 23:57:38.204 [info] Tasks: No changes found during synchronizing tasks.
2023-09-07 23:57:38.820 [info] GlobalState: Updated remote ui state. Updated: workbench.activity.pinnedViewlets2.
2023-09-07 23:57:38.903 [info] GlobalState: Updated last synchronized ui state
2023-09-07 23:57:39.071 [info] Extensions: No changes found during synchronizing extensions.
2023-09-07 23:57:39.074 [info] Profiles: No changes found during synchronizing profiles.
2023-09-07 23:57:39.077 [info] Sync done. Took 1037ms
2023-09-07 23:57:47.448 [info] Auto Sync: Triggered by Activity
2023-09-07 23:57:47.449 [info] Sync started.
2023-09-07 23:57:47.605 [info] Settings: No changes found during synchronizing settings.
2023-09-07 23:57:47.620 [info] Keybindings: No changes found during synchronizing keybindings.
2023-09-07 23:57:47.629 [info] Snippets: No changes found during synchronizing snippets.
2023-09-07 23:57:47.637 [info] Tasks: No changes found during synchronizing tasks.
2023-09-07 23:57:48.151 [info] GlobalState: Updated remote ui state. Updated: colorThemeData.
2023-09-07 23:57:48.337 [info] GlobalState: Updated last synchronized ui state
2023-09-07 23:57:48.722 [info] Extensions: Updated remote extensions. Added: ["hsnazar.hyper-term-theme"].
2023-09-07 23:57:48.761 [info] Extensions: Updated last synchronized extensions.
2023-09-07 23:57:48.776 [info] Profiles: No changes found during synchronizing profiles.
2023-09-07 23:57:48.786 [info] Sync done. Took 1338ms
2023-09-07 23:57:51.450 [info] Auto Sync: Triggered by Activity
2023-09-07 23:57:51.450 [info] Sync started.
2023-09-07 23:57:51.641 [info] Settings: No changes found during synchronizing settings.
2023-09-07 23:57:51.654 [info] Keybindings: No changes found during synchronizing keybindings.
2023-09-07 23:57:51.662 [info] Snippets: No changes found during synchronizing snippets.
2023-09-07 23:57:51.666 [info] Tasks: No changes found during synchronizing tasks.
2023-09-07 23:57:51.672 [info] GlobalState: No changes found during synchronizing ui state.
2023-09-07 23:57:51.748 [info] Extensions: No changes found during synchronizing extensions.
2023-09-07 23:57:51.751 [info] Profiles: No changes found during synchronizing profiles.
2023-09-07 23:57:51.753 [info] Sync done. Took 305ms
2023-09-07 23:57:54.470 [info] Auto Sync: Triggered by Activity
2023-09-07 23:57:54.470 [info] Sync started.
2023-09-07 23:57:54.820 [info] Settings: Updated remote settings
2023-09-07 23:57:54.926 [info] Settings: Updated last synchronized settings
2023-09-07 23:57:54.942 [info] Keybindings: No changes found during synchronizing keybindings.
2023-09-07 23:57:54.960 [info] Snippets: No changes found during synchronizing snippets.
2023-09-07 23:57:54.970 [info] Tasks: No changes found during synchronizing tasks.
2023-09-07 23:57:54.980 [info] GlobalState: No changes found during synchronizing ui state.
2023-09-07 23:57:55.079 [info] Extensions: No changes found during synchronizing extensions.
2023-09-07 23:57:55.081 [info] Profiles: No changes found during synchronizing profiles.
2023-09-07 23:57:55.083 [info] Sync done. Took 615ms
2023-09-07 23:57:58.668 [info] Auto Sync: Triggered by Activity
2023-09-07 23:57:58.668 [info] Sync started.
2023-09-07 23:57:58.873 [info] Settings: No changes found during synchronizing settings.
2023-09-07 23:57:58.879 [info] Keybindings: No changes found during synchronizing keybindings.
2023-09-07 23:57:58.885 [info] Snippets: No changes found during synchronizing snippets.
2023-09-07 23:57:58.889 [info] Tasks: No changes found during synchronizing tasks.
2023-09-07 23:57:59.273 [info] GlobalState: Updated remote ui state. Updated: workbench.activity.pinnedViewlets2.
2023-09-07 23:57:59.317 [info] GlobalState: Updated last synchronized ui state
2023-09-07 23:57:59.396 [info] Extensions: No changes found during synchronizing extensions.
2023-09-07 23:57:59.399 [info] Profiles: No changes found during synchronizing profiles.
2023-09-07 23:57:59.402 [info] Sync done. Took 733ms
2023-09-07 23:58:02.878 [info] Auto Sync: Triggered by Activity
2023-09-07 23:58:02.879 [info] Sync started.
2023-09-07 23:58:02.991 [info] Settings: No changes found during synchronizing settings.
2023-09-07 23:58:02.995 [info] Keybindings: No changes found during synchronizing keybindings.
2023-09-07 23:58:03.000 [info] Snippets: No changes found during synchronizing snippets.
2023-09-07 23:58:03.004 [info] Tasks: No changes found during synchronizing tasks.
2023-09-07 23:58:03.454 [info] GlobalState: Updated remote ui state. Updated: workbench.activity.pinnedViewlets2.
2023-09-07 23:58:03.757 [info] GlobalState: Updated last synchronized ui state
2023-09-07 23:58:03.859 [info] Extensions: No changes found during synchronizing extensions.
2023-09-07 23:58:03.862 [info] Profiles: No changes found during synchronizing profiles.
2023-09-07 23:58:03.864 [info] Sync done. Took 987ms
2023-09-07 23:58:18.791 [info] Auto Sync: Triggered by Activity
2023-09-07 23:58:18.792 [info] Sync started.
2023-09-07 23:58:20.364 [info] Settings: Updated remote settings
2023-09-07 23:58:20.454 [info] Settings: Updated last synchronized settings
2023-09-07 23:58:20.470 [info] Keybindings: No changes found during synchronizing keybindings.
2023-09-07 23:58:20.482 [info] Snippets: No changes found during synchronizing snippets.
2023-09-07 23:58:20.488 [info] Tasks: No changes found during synchronizing tasks.
2023-09-07 23:58:20.860 [info] GlobalState: Updated remote ui state. Updated: workbench.activity.pinnedViewlets2,colorThemeData.
2023-09-07 23:58:20.927 [info] GlobalState: Updated last synchronized ui state
2023-09-07 23:58:21.064 [info] Extensions: No changes found during synchronizing extensions.
2023-09-07 23:58:21.067 [info] Profiles: No changes found during synchronizing profiles.
2023-09-07 23:58:21.070 [info] Sync done. Took 2280ms
2023-09-07 23:59:48.589 [info] Auto Sync: Triggered by Activity
2023-09-07 23:59:48.589 [info] Sync started.
2023-09-07 23:59:49.055 [info] Settings: Updated remote settings
2023-09-07 23:59:49.104 [info] Settings: Updated last synchronized settings
2023-09-07 23:59:49.119 [info] Keybindings: No changes found during synchronizing keybindings.
2023-09-07 23:59:49.135 [info] Snippets: No changes found during synchronizing snippets.
2023-09-07 23:59:49.147 [info] Tasks: No changes found during synchronizing tasks.
2023-09-07 23:59:49.565 [info] GlobalState: Updated remote ui state. Updated: colorThemeData.
2023-09-07 23:59:49.628 [info] GlobalState: Updated last synchronized ui state
2023-09-07 23:59:49.783 [info] Extensions: No changes found during synchronizing extensions.
2023-09-07 23:59:49.787 [info] Profiles: No changes found during synchronizing profiles.
2023-09-07 23:59:49.790 [info] Sync done. Took 1201ms
2023-09-08 00:04:49.790 [info] Auto Sync: Triggered by Interval
2023-09-08 00:04:49.790 [info] Sync started.
2023-09-08 00:04:52.168 [info] Settings: No changes found during synchronizing settings.
2023-09-08 00:04:52.177 [info] Keybindings: No changes found during synchronizing keybindings.
2023-09-08 00:04:52.182 [info] Snippets: No changes found during synchronizing snippets.
2023-09-08 00:04:52.186 [info] Tasks: No changes found during synchronizing tasks.
2023-09-08 00:04:52.193 [info] GlobalState: No changes found during synchronizing ui state.
2023-09-08 00:04:52.337 [info] Extensions: No changes found during synchronizing extensions.
2023-09-08 00:04:52.341 [info] Profiles: No changes found during synchronizing profiles.
2023-09-08 00:04:52.344 [info] Sync done. Took 2554ms
2023-09-08 00:09:52.346 [info] Auto Sync: Triggered by Interval
2023-09-08 00:09:52.346 [info] Sync started.
2023-09-08 00:09:52.723 [info] Settings: No changes found during synchronizing settings.
2023-09-08 00:09:52.732 [info] Keybindings: No changes found during synchronizing keybindings.
2023-09-08 00:09:52.738 [info] Snippets: No changes found during synchronizing snippets.
2023-09-08 00:09:52.742 [info] Tasks: No changes found during synchronizing tasks.
2023-09-08 00:09:52.749 [info] GlobalState: No changes found during synchronizing ui state.
2023-09-08 00:09:52.878 [info] Extensions: No changes found during synchronizing extensions.
2023-09-08 00:09:52.880 [info] Profiles: No changes found during synchronizing profiles.
2023-09-08 00:09:52.883 [info] Sync done. Took 538ms
2023-09-08 00:14:52.886 [info] Auto Sync: Triggered by Interval
2023-09-08 00:14:52.886 [info] Sync started.
2023-09-08 00:14:53.250 [info] Settings: No changes found during synchronizing settings.
2023-09-08 00:14:53.269 [info] Keybindings: No changes found during synchronizing keybindings.
2023-09-08 00:14:53.278 [info] Snippets: No changes found during synchronizing snippets.
2023-09-08 00:14:53.284 [info] Tasks: No changes found during synchronizing tasks.
2023-09-08 00:14:53.291 [info] GlobalState: No changes found during synchronizing ui state.
2023-09-08 00:14:53.395 [info] Extensions: No changes found during synchronizing extensions.
2023-09-08 00:14:53.400 [info] Profiles: No changes found during synchronizing profiles.
2023-09-08 00:14:53.403 [info] Sync done. Took 518ms
2023-09-08 00:19:53.404 [info] Auto Sync: Triggered by Interval
2023-09-08 00:19:53.404 [info] Sync started.
2023-09-08 00:20:00.619 [info] Settings: No changes found during synchronizing settings.
2023-09-08 00:20:00.626 [info] Keybindings: No changes found during synchronizing keybindings.
2023-09-08 00:20:00.631 [info] Snippets: No changes found during synchronizing snippets.
2023-09-08 00:20:00.637 [info] Tasks: No changes found during synchronizing tasks.
2023-09-08 00:20:00.645 [info] GlobalState: No changes found during synchronizing ui state.
2023-09-08 00:20:00.772 [info] Extensions: No changes found during synchronizing extensions.
2023-09-08 00:20:00.774 [info] Profiles: No changes found during synchronizing profiles.
2023-09-08 00:20:00.777 [info] Sync done. Took 7374ms
2023-09-08 00:25:00.778 [info] Auto Sync: Triggered by Interval
2023-09-08 00:25:00.778 [info] Sync started.
2023-09-08 00:25:01.567 [info] Settings: No changes found during synchronizing settings.
2023-09-08 00:25:01.576 [info] Keybindings: No changes found during synchronizing keybindings.
2023-09-08 00:25:01.581 [info] Snippets: No changes found during synchronizing snippets.
2023-09-08 00:25:01.587 [info] Tasks: No changes found during synchronizing tasks.
2023-09-08 00:25:01.594 [info] GlobalState: No changes found during synchronizing ui state.
2023-09-08 00:25:01.743 [info] Extensions: No changes found during synchronizing extensions.
2023-09-08 00:25:01.746 [info] Profiles: No changes found during synchronizing profiles.
2023-09-08 00:25:01.750 [info] Sync done. Took 972ms
2023-09-08 00:30:01.750 [info] Auto Sync: Triggered by Interval
2023-09-08 00:30:01.751 [info] Sync started.
2023-09-08 00:30:09.322 [info] Settings: No changes found during synchronizing settings.
2023-09-08 00:30:09.330 [info] Keybindings: No changes found during synchronizing keybindings.
2023-09-08 00:30:09.336 [info] Snippets: No changes found during synchronizing snippets.
2023-09-08 00:30:09.341 [info] Tasks: No changes found during synchronizing tasks.
2023-09-08 00:30:09.349 [info] GlobalState: No changes found during synchronizing ui state.
2023-09-08 00:30:09.462 [info] Extensions: No changes found during synchronizing extensions.
2023-09-08 00:30:09.465 [info] Profiles: No changes found during synchronizing profiles.
2023-09-08 00:30:09.467 [info] Sync done. Took 7717ms
2023-09-08 00:35:09.469 [info] Auto Sync: Triggered by Interval
2023-09-08 00:35:09.470 [info] Sync started.
2023-09-08 00:35:10.395 [info] Settings: No changes found during synchronizing settings.
2023-09-08 00:35:10.403 [info] Keybindings: No changes found during synchronizing keybindings.
2023-09-08 00:35:10.409 [info] Snippets: No changes found during synchronizing snippets.
2023-09-08 00:35:10.415 [info] Tasks: No changes found during synchronizing tasks.
2023-09-08 00:35:10.421 [info] GlobalState: No changes found during synchronizing ui state.
2023-09-08 00:35:10.543 [info] Extensions: No changes found during synchronizing extensions.
2023-09-08 00:35:10.549 [info] Profiles: No changes found during synchronizing profiles.
2023-09-08 00:35:10.552 [info] Sync done. Took 1083ms
