2023-09-07 17:16:52.776 [info] Log level: Info
2023-09-07 17:16:52.776 [info] Validating found git in: "git"
2023-09-07 17:16:52.776 [info] Using git "2.42.0" from "git"
2023-09-07 17:16:52.776 [info] > git rev-parse --show-toplevel [6ms]
2023-09-07 17:16:52.776 [info] fatal: not a git repository (or any parent up to mount point /)
Stopping at filesystem boundary (GIT_DISCOVERY_ACROSS_FILESYSTEM not set).
2023-09-07 17:16:52.795 [info] > git rev-parse --show-toplevel [4ms]
2023-09-07 17:16:52.795 [info] fatal: not a git repository (or any parent up to mount point /)
Stopping at filesystem boundary (GIT_DISCOVERY_ACROSS_FILESYSTEM not set).
2023-09-07 17:16:52.823 [info] > git rev-parse --show-toplevel [5ms]
2023-09-07 17:16:52.823 [info] fatal: not a git repository (or any parent up to mount point /)
Stopping at filesystem boundary (GIT_DISCOVERY_ACROSS_FILESYSTEM not set).
2023-09-07 17:16:52.974 [info] > git rev-parse --show-toplevel [1ms]
2023-09-07 17:16:52.974 [info] fatal: not a git repository (or any parent up to mount point /)
Stopping at filesystem boundary (GIT_DISCOVERY_ACROSS_FILESYSTEM not set).
2023-09-07 17:16:53.128 [info] > git rev-parse --show-toplevel [3ms]
2023-09-07 17:16:53.128 [info] fatal: not a git repository (or any parent up to mount point /)
Stopping at filesystem boundary (GIT_DISCOVERY_ACROSS_FILESYSTEM not set).
2023-09-07 17:16:53.362 [info] > git rev-parse --show-toplevel [1ms]
2023-09-07 17:16:53.362 [info] fatal: not a git repository (or any parent up to mount point /)
Stopping at filesystem boundary (GIT_DISCOVERY_ACROSS_FILESYSTEM not set).
2023-09-07 17:16:53.415 [info] > git rev-parse --show-toplevel [1ms]
2023-09-07 17:16:53.415 [info] fatal: not a git repository (or any parent up to mount point /)
Stopping at filesystem boundary (GIT_DISCOVERY_ACROSS_FILESYSTEM not set).
2023-09-07 17:16:57.026 [info] > git rev-parse --show-toplevel [2ms]
2023-09-07 17:16:57.026 [info] fatal: not a git repository (or any parent up to mount point /)
Stopping at filesystem boundary (GIT_DISCOVERY_ACROSS_FILESYSTEM not set).
2023-09-07 17:17:53.951 [info] > git rev-parse --show-toplevel [2ms]
2023-09-07 17:17:53.951 [info] fatal: not a git repository (or any parent up to mount point /)
Stopping at filesystem boundary (GIT_DISCOVERY_ACROSS_FILESYSTEM not set).
2023-09-07 17:17:53.960 [info] > git rev-parse --show-toplevel [2ms]
2023-09-07 17:17:53.960 [info] fatal: not a git repository (or any parent up to mount point /)
Stopping at filesystem boundary (GIT_DISCOVERY_ACROSS_FILESYSTEM not set).
2023-09-07 17:17:53.969 [info] > git rev-parse --show-toplevel [1ms]
2023-09-07 17:17:53.969 [info] fatal: not a git repository (or any parent up to mount point /)
Stopping at filesystem boundary (GIT_DISCOVERY_ACROSS_FILESYSTEM not set).
2023-09-07 17:17:53.977 [info] > git rev-parse --show-toplevel [2ms]
2023-09-07 17:17:53.977 [info] fatal: not a git repository (or any parent up to mount point /)
Stopping at filesystem boundary (GIT_DISCOVERY_ACROSS_FILESYSTEM not set).
2023-09-07 17:17:53.986 [info] > git rev-parse --show-toplevel [1ms]
2023-09-07 17:17:53.986 [info] fatal: not a git repository (or any parent up to mount point /)
Stopping at filesystem boundary (GIT_DISCOVERY_ACROSS_FILESYSTEM not set).
2023-09-07 17:17:53.994 [info] > git rev-parse --show-toplevel [2ms]
2023-09-07 17:17:53.994 [info] fatal: not a git repository (or any parent up to mount point /)
Stopping at filesystem boundary (GIT_DISCOVERY_ACROSS_FILESYSTEM not set).
2023-09-07 17:18:22.184 [info] > git rev-parse --show-toplevel [2ms]
2023-09-07 17:18:22.184 [info] fatal: not a git repository (or any parent up to mount point /)
Stopping at filesystem boundary (GIT_DISCOVERY_ACROSS_FILESYSTEM not set).
