2023-09-12 23:49:52.327 [info] Log level: Info
2023-09-12 23:49:52.327 [info] Validating found git in: "git"
2023-09-12 23:49:52.327 [info] Using git "2.42.0" from "git"
2023-09-12 23:49:52.327 [info] > git rev-parse --show-toplevel [9ms]
2023-09-12 23:49:52.327 [info] > git rev-parse --show-toplevel [6ms]
2023-09-12 23:49:52.327 [info] > git rev-parse --show-toplevel [7ms]
2023-09-12 23:49:52.328 [info] > git rev-parse --show-toplevel [8ms]
2023-09-12 23:49:52.346 [info] > git rev-parse --show-toplevel [7ms]
2023-09-12 23:49:52.359 [info] > git rev-parse --show-toplevel [3ms]
2023-09-12 23:49:52.372 [info] > git rev-parse --show-toplevel [3ms]
2023-09-12 23:49:52.386 [info] > git rev-parse --show-toplevel [3ms]
2023-09-12 23:49:52.400 [info] > git rev-parse --show-toplevel [2ms]
2023-09-12 23:49:52.415 [info] > git rev-parse --show-toplevel [3ms]
2023-09-12 23:49:52.431 [info] > git rev-parse --show-toplevel [4ms]
2023-09-12 23:49:58.602 [info] > git rev-parse --show-toplevel [18ms]
2023-09-12 23:50:18.568 [info] > git rev-parse --show-toplevel [5ms]
2023-09-13 01:15:48.284 [info] > git rev-parse --show-toplevel [170ms]
2023-09-13 01:15:48.329 [info] > git rev-parse --git-dir --git-common-dir [4ms]
2023-09-13 01:15:48.400 [info] Open repository: /home/mystic/Code/Flutter/HimYatri
2023-09-13 01:15:48.418 [info] > git config --get commit.template [6ms]
2023-09-13 01:15:48.587 [info] > git for-each-ref --format=%(refname)%00%(upstream:short)%00%(objectname)%00%(upstream:track)%00%(upstream:remotename)%00%(upstream:remoteref) refs/heads/main refs/remotes/main [159ms]
2023-09-13 01:15:48.857 [info] > git show --textconv :conductor_app/lib/main.dart [28ms]
2023-09-13 01:15:48.857 [info] > git show --textconv :conductor_app/test/widget_test.dart [9ms]
2023-09-13 01:15:48.859 [info] > git ls-files --stage -- /home/mystic/Code/Flutter/HimYatri/conductor_app/lib/main.dart [21ms]
2023-09-13 01:15:48.868 [info] > git ls-files --stage -- /home/mystic/Code/Flutter/HimYatri/conductor_app/test/widget_test.dart [12ms]
2023-09-13 01:15:48.880 [info] > git cat-file -s dda55548ef4b237f8d0993f6c0475201eb9ab40a [13ms]
2023-09-13 01:15:48.882 [info] > git cat-file -s 54ddb2231e97d12878201c634b5f826912585639 [5ms]
2023-09-13 01:15:48.930 [info] > git check-ignore -v -z --stdin [3ms]
2023-09-13 01:15:48.978 [info] > git status -z -uall [365ms]
2023-09-13 01:15:48.999 [info] > git config --get commit.template [4ms]
2023-09-13 01:15:49.010 [info] > git for-each-ref --format=%(refname)%00%(upstream:short)%00%(objectname)%00%(upstream:track)%00%(upstream:remotename)%00%(upstream:remoteref) refs/heads/main refs/remotes/main [3ms]
2023-09-13 01:15:49.024 [info] > git status -z -uall [6ms]
2023-09-13 01:20:07.802 [info] > git config --get commit.template [12ms]
2023-09-13 01:20:07.803 [info] > git for-each-ref --format=%(refname)%00%(upstream:short)%00%(objectname)%00%(upstream:track)%00%(upstream:remotename)%00%(upstream:remoteref) refs/heads/main refs/remotes/main [2ms]
2023-09-13 01:20:07.818 [info] > git status -z -uall [6ms]
2023-09-13 01:20:26.908 [info] > git config --get commit.template [85ms]
2023-09-13 01:20:26.952 [info] > git for-each-ref --format=%(refname)%00%(upstream:short)%00%(objectname)%00%(upstream:track)%00%(upstream:remotename)%00%(upstream:remoteref) refs/heads/main refs/remotes/main [101ms]
2023-09-13 01:20:27.249 [info] > git status -z -uall [289ms]
2023-09-13 01:20:35.541 [info] > git config --get commit.template [4ms]
2023-09-13 01:20:35.544 [info] > git for-each-ref --format=%(refname)%00%(upstream:short)%00%(objectname)%00%(upstream:track)%00%(upstream:remotename)%00%(upstream:remoteref) refs/heads/main refs/remotes/main [22ms]
2023-09-13 01:20:36.038 [info] > git status -z -uall [479ms]
2023-09-13 01:21:10.363 [info] > git config --get commit.template [11ms]
2023-09-13 01:21:10.415 [info] > git for-each-ref --format=%(refname)%00%(upstream:short)%00%(objectname)%00%(upstream:track)%00%(upstream:remotename)%00%(upstream:remoteref) refs/heads/main refs/remotes/main [52ms]
2023-09-13 01:21:10.624 [info] > git status -z -uall [187ms]
2023-09-13 01:21:15.639 [info] > git config --get commit.template [1ms]
2023-09-13 01:21:15.649 [info] > git for-each-ref --format=%(refname)%00%(upstream:short)%00%(objectname)%00%(upstream:track)%00%(upstream:remotename)%00%(upstream:remoteref) refs/heads/main refs/remotes/main [2ms]
2023-09-13 01:21:15.663 [info] > git status -z -uall [6ms]
2023-09-13 01:23:47.539 [info] > git config --get commit.template [96ms]
2023-09-13 01:23:47.566 [info] > git for-each-ref --format=%(refname)%00%(upstream:short)%00%(objectname)%00%(upstream:track)%00%(upstream:remotename)%00%(upstream:remoteref) refs/heads/main refs/remotes/main [35ms]
2023-09-13 01:23:47.612 [info] > git status -z -uall [37ms]
2023-09-13 01:24:08.484 [info] > git config --get commit.template [23ms]
2023-09-13 01:24:08.486 [info] > git for-each-ref --format=%(refname)%00%(upstream:short)%00%(objectname)%00%(upstream:track)%00%(upstream:remotename)%00%(upstream:remoteref) refs/heads/main refs/remotes/main [5ms]
2023-09-13 01:24:08.512 [info] > git status -z -uall [9ms]
2023-09-13 01:24:08.560 [info] > git ls-files --stage -- /home/mystic/Code/Flutter/HimYatri/conductor_app/lib/main.dart [12ms]
2023-09-13 01:24:08.571 [info] > git ls-files --stage -- /home/mystic/Code/Flutter/HimYatri/conductor_app/test/widget_test.dart [12ms]
2023-09-13 01:24:08.583 [info] > git cat-file -s dda55548ef4b237f8d0993f6c0475201eb9ab40a [13ms]
2023-09-13 01:24:08.585 [info] > git cat-file -s 54ddb2231e97d12878201c634b5f826912585639 [3ms]
2023-09-13 01:24:08.606 [info] > git show --textconv :conductor_app/lib/main.dart [10ms]
2023-09-13 01:24:08.607 [info] > git show --textconv :conductor_app/test/widget_test.dart [1ms]
2023-09-13 01:24:27.025 [info] > git rev-parse --show-toplevel [2ms]
2023-09-13 01:24:27.025 [info] fatal: not a git repository (or any parent up to mount point /)
Stopping at filesystem boundary (GIT_DISCOVERY_ACROSS_FILESYSTEM not set).
2023-09-13 01:25:11.601 [info] > git config --get commit.template [17ms]
2023-09-13 01:25:11.602 [info] > git for-each-ref --format=%(refname)%00%(upstream:short)%00%(objectname)%00%(upstream:track)%00%(upstream:remotename)%00%(upstream:remoteref) refs/heads/main refs/remotes/main [2ms]
2023-09-13 01:25:11.616 [info] > git status -z -uall [5ms]
2023-09-13 01:25:23.946 [info] > git config --get commit.template [21ms]
2023-09-13 01:25:23.947 [info] > git for-each-ref --format=%(refname)%00%(upstream:short)%00%(objectname)%00%(upstream:track)%00%(upstream:remotename)%00%(upstream:remoteref) refs/heads/main refs/remotes/main [2ms]
2023-09-13 01:25:23.961 [info] > git status -z -uall [6ms]
2023-09-13 01:25:28.988 [info] > git config --get commit.template [13ms]
2023-09-13 01:25:28.989 [info] > git for-each-ref --format=%(refname)%00%(upstream:short)%00%(objectname)%00%(upstream:track)%00%(upstream:remotename)%00%(upstream:remoteref) refs/heads/main refs/remotes/main [2ms]
2023-09-13 01:25:29.008 [info] > git status -z -uall [7ms]
2023-09-13 01:25:34.138 [info] > git config --get commit.template [103ms]
2023-09-13 01:25:34.269 [info] > git for-each-ref --format=%(refname)%00%(upstream:short)%00%(objectname)%00%(upstream:track)%00%(upstream:remotename)%00%(upstream:remoteref) refs/heads/main refs/remotes/main [134ms]
2023-09-13 01:25:35.141 [info] > git status -z -uall [856ms]
2023-09-13 01:25:55.318 [info] > git config --get commit.template [422ms]
2023-09-13 01:25:55.715 [info] > git for-each-ref --format=%(refname)%00%(upstream:short)%00%(objectname)%00%(upstream:track)%00%(upstream:remotename)%00%(upstream:remoteref) refs/heads/main refs/remotes/main [679ms]
2023-09-13 01:25:56.113 [info] > git status -z -uall [386ms]
2023-09-13 01:27:03.932 [info] > git config --get commit.template [13ms]
2023-09-13 01:27:03.933 [info] > git for-each-ref --format=%(refname)%00%(upstream:short)%00%(objectname)%00%(upstream:track)%00%(upstream:remotename)%00%(upstream:remoteref) refs/heads/main refs/remotes/main [2ms]
2023-09-13 01:27:03.950 [info] > git status -z -uall [7ms]
2023-09-13 01:27:09.001 [info] > git config --get commit.template [24ms]
2023-09-13 01:27:09.002 [info] > git for-each-ref --format=%(refname)%00%(upstream:short)%00%(objectname)%00%(upstream:track)%00%(upstream:remotename)%00%(upstream:remoteref) refs/heads/main refs/remotes/main [3ms]
2023-09-13 01:27:09.019 [info] > git status -z -uall [6ms]
2023-09-13 01:27:28.865 [info] > git check-ignore -v -z --stdin [2ms]
2023-09-13 01:27:29.464 [info] > git config --get commit.template [24ms]
2023-09-13 01:27:29.467 [info] > git for-each-ref --format=%(refname)%00%(upstream:short)%00%(objectname)%00%(upstream:track)%00%(upstream:remotename)%00%(upstream:remoteref) refs/heads/main refs/remotes/main [5ms]
2023-09-13 01:27:29.492 [info] > git status -z -uall [9ms]
2023-09-13 01:27:48.201 [info] > git check-ignore -v -z --stdin [4ms]
2023-09-13 01:27:48.752 [info] > git config --get commit.template [21ms]
2023-09-13 01:27:48.754 [info] > git for-each-ref --format=%(refname)%00%(upstream:short)%00%(objectname)%00%(upstream:track)%00%(upstream:remotename)%00%(upstream:remoteref) refs/heads/main refs/remotes/main [3ms]
2023-09-13 01:27:48.776 [info] > git status -z -uall [9ms]
2023-09-13 01:28:17.644 [info] > git show --textconv :conductor_app/lib/pages/splashscreen/splash.dart [14ms]
2023-09-13 01:28:17.645 [info] > git ls-files --stage -- /home/mystic/Code/Flutter/HimYatri/conductor_app/lib/pages/splashscreen/splash.dart [2ms]
2023-09-13 01:28:17.872 [info] > git check-ignore -v -z --stdin [5ms]
2023-09-13 01:28:18.315 [info] > git config --get commit.template [24ms]
2023-09-13 01:28:18.318 [info] > git for-each-ref --format=%(refname)%00%(upstream:short)%00%(objectname)%00%(upstream:track)%00%(upstream:remotename)%00%(upstream:remoteref) refs/heads/main refs/remotes/main [5ms]
2023-09-13 01:28:18.342 [info] > git status -z -uall [8ms]
2023-09-13 01:39:40.653 [info] > git check-ignore -v -z --stdin [5ms]
2023-09-13 01:39:41.239 [info] > git config --get commit.template [24ms]
2023-09-13 01:39:41.241 [info] > git for-each-ref --format=%(refname)%00%(upstream:short)%00%(objectname)%00%(upstream:track)%00%(upstream:remotename)%00%(upstream:remoteref) refs/heads/main refs/remotes/main [5ms]
2023-09-13 01:39:41.265 [info] > git status -z -uall [9ms]
2023-09-13 01:40:13.162 [info] > git show --textconv :conductor_app/lib/pages/mainScreen/mainscr.dart [22ms]
2023-09-13 01:40:13.165 [info] > git ls-files --stage -- /home/mystic/Code/Flutter/HimYatri/conductor_app/lib/pages/mainScreen/mainscr.dart [4ms]
2023-09-13 01:40:13.355 [info] > git check-ignore -v -z --stdin [5ms]
2023-09-13 01:40:13.885 [info] > git config --get commit.template [21ms]
2023-09-13 01:40:13.887 [info] > git for-each-ref --format=%(refname)%00%(upstream:short)%00%(objectname)%00%(upstream:track)%00%(upstream:remotename)%00%(upstream:remoteref) refs/heads/main refs/remotes/main [3ms]
2023-09-13 01:40:13.909 [info] > git status -z -uall [9ms]
2023-09-13 01:42:19.161 [info] > git config --get commit.template [14ms]
2023-09-13 01:42:19.162 [info] > git for-each-ref --format=%(refname)%00%(upstream:short)%00%(objectname)%00%(upstream:track)%00%(upstream:remotename)%00%(upstream:remoteref) refs/heads/main refs/remotes/main [2ms]
2023-09-13 01:42:19.177 [info] > git status -z -uall [6ms]
2023-09-13 01:45:29.501 [info] > git config --get commit.template [30ms]
2023-09-13 01:45:29.553 [info] > git for-each-ref --format=%(refname)%00%(upstream:short)%00%(objectname)%00%(upstream:track)%00%(upstream:remotename)%00%(upstream:remoteref) refs/heads/main refs/remotes/main [63ms]
2023-09-13 01:45:29.663 [info] > git status -z -uall [92ms]
2023-09-13 01:45:34.696 [info] > git config --get commit.template [14ms]
2023-09-13 01:45:34.697 [info] > git for-each-ref --format=%(refname)%00%(upstream:short)%00%(objectname)%00%(upstream:track)%00%(upstream:remotename)%00%(upstream:remoteref) refs/heads/main refs/remotes/main [2ms]
2023-09-13 01:45:34.713 [info] > git status -z -uall [8ms]
2023-09-13 01:45:46.548 [info] > git config --get commit.template [32ms]
2023-09-13 01:45:46.551 [info] > git for-each-ref --format=%(refname)%00%(upstream:short)%00%(objectname)%00%(upstream:track)%00%(upstream:remotename)%00%(upstream:remoteref) refs/heads/main refs/remotes/main [6ms]
2023-09-13 01:45:46.601 [info] > git status -z -uall [21ms]
2023-09-13 01:46:58.216 [info] > git config --get commit.template [25ms]
2023-09-13 01:46:58.219 [info] > git for-each-ref --format=%(refname)%00%(upstream:short)%00%(objectname)%00%(upstream:track)%00%(upstream:remotename)%00%(upstream:remoteref) refs/heads/main refs/remotes/main [5ms]
2023-09-13 01:46:58.245 [info] > git status -z -uall [9ms]
2023-09-13 01:47:36.115 [info] > git config --get commit.template [27ms]
2023-09-13 01:47:36.117 [info] > git for-each-ref --format=%(refname)%00%(upstream:short)%00%(objectname)%00%(upstream:track)%00%(upstream:remotename)%00%(upstream:remoteref) refs/heads/main refs/remotes/main [3ms]
2023-09-13 01:47:36.151 [info] > git status -z -uall [15ms]
2023-09-13 01:56:42.705 [info] > git config --get commit.template [26ms]
2023-09-13 01:56:42.707 [info] > git for-each-ref --format=%(refname)%00%(upstream:short)%00%(objectname)%00%(upstream:track)%00%(upstream:remotename)%00%(upstream:remoteref) refs/heads/main refs/remotes/main [5ms]
2023-09-13 01:56:42.733 [info] > git status -z -uall [9ms]
2023-09-13 01:56:47.788 [info] > git config --get commit.template [24ms]
2023-09-13 01:56:47.791 [info] > git for-each-ref --format=%(refname)%00%(upstream:short)%00%(objectname)%00%(upstream:track)%00%(upstream:remotename)%00%(upstream:remoteref) refs/heads/main refs/remotes/main [6ms]
2023-09-13 01:56:47.820 [info] > git status -z -uall [12ms]
2023-09-13 01:58:54.482 [info] > git config --get commit.template [29ms]
2023-09-13 01:58:54.484 [info] > git for-each-ref --format=%(refname)%00%(upstream:short)%00%(objectname)%00%(upstream:track)%00%(upstream:remotename)%00%(upstream:remoteref) refs/heads/main refs/remotes/main [7ms]
2023-09-13 01:58:54.507 [info] > git status -z -uall [9ms]
2023-09-13 01:59:09.208 [info] > git config --get commit.template [24ms]
2023-09-13 01:59:09.211 [info] > git for-each-ref --format=%(refname)%00%(upstream:short)%00%(objectname)%00%(upstream:track)%00%(upstream:remotename)%00%(upstream:remoteref) refs/heads/main refs/remotes/main [5ms]
2023-09-13 01:59:09.240 [info] > git status -z -uall [12ms]
2023-09-13 01:59:14.297 [info] > git config --get commit.template [19ms]
2023-09-13 01:59:14.299 [info] > git for-each-ref --format=%(refname)%00%(upstream:short)%00%(objectname)%00%(upstream:track)%00%(upstream:remotename)%00%(upstream:remoteref) refs/heads/main refs/remotes/main [3ms]
2023-09-13 01:59:14.314 [info] > git status -z -uall [6ms]
2023-09-13 02:00:20.958 [info] > git config --get commit.template [15ms]
2023-09-13 02:00:20.959 [info] > git for-each-ref --format=%(refname)%00%(upstream:short)%00%(objectname)%00%(upstream:track)%00%(upstream:remotename)%00%(upstream:remoteref) refs/heads/main refs/remotes/main [2ms]
2023-09-13 02:00:20.974 [info] > git status -z -uall [6ms]
2023-09-13 02:00:26.030 [info] > git config --get commit.template [16ms]
2023-09-13 02:00:26.032 [info] > git for-each-ref --format=%(refname)%00%(upstream:short)%00%(objectname)%00%(upstream:track)%00%(upstream:remotename)%00%(upstream:remoteref) refs/heads/main refs/remotes/main [3ms]
2023-09-13 02:00:26.046 [info] > git status -z -uall [6ms]
2023-09-13 02:00:31.100 [info] > git config --get commit.template [25ms]
2023-09-13 02:00:31.102 [info] > git for-each-ref --format=%(refname)%00%(upstream:short)%00%(objectname)%00%(upstream:track)%00%(upstream:remotename)%00%(upstream:remoteref) refs/heads/main refs/remotes/main [4ms]
2023-09-13 02:00:31.120 [info] > git status -z -uall [7ms]
2023-09-13 02:00:36.170 [info] > git config --get commit.template [23ms]
2023-09-13 02:00:36.173 [info] > git for-each-ref --format=%(refname)%00%(upstream:short)%00%(objectname)%00%(upstream:track)%00%(upstream:remotename)%00%(upstream:remoteref) refs/heads/main refs/remotes/main [4ms]
2023-09-13 02:00:36.202 [info] > git status -z -uall [12ms]
2023-09-13 02:01:16.879 [info] > git config --get commit.template [25ms]
2023-09-13 02:01:16.882 [info] > git for-each-ref --format=%(refname)%00%(upstream:short)%00%(objectname)%00%(upstream:track)%00%(upstream:remotename)%00%(upstream:remoteref) refs/heads/main refs/remotes/main [5ms]
2023-09-13 02:01:16.911 [info] > git status -z -uall [13ms]
2023-09-13 02:01:21.962 [info] > git config --get commit.template [21ms]
2023-09-13 02:01:21.964 [info] > git for-each-ref --format=%(refname)%00%(upstream:short)%00%(objectname)%00%(upstream:track)%00%(upstream:remotename)%00%(upstream:remoteref) refs/heads/main refs/remotes/main [4ms]
2023-09-13 02:01:21.985 [info] > git status -z -uall [8ms]
2023-09-13 02:02:29.163 [info] > git config --get commit.template [20ms]
2023-09-13 02:02:29.164 [info] > git for-each-ref --format=%(refname)%00%(upstream:short)%00%(objectname)%00%(upstream:track)%00%(upstream:remotename)%00%(upstream:remoteref) refs/heads/main refs/remotes/main [2ms]
2023-09-13 02:02:29.180 [info] > git status -z -uall [6ms]
2023-09-13 02:02:34.236 [info] > git config --get commit.template [25ms]
2023-09-13 02:02:34.238 [info] > git for-each-ref --format=%(refname)%00%(upstream:short)%00%(objectname)%00%(upstream:track)%00%(upstream:remotename)%00%(upstream:remoteref) refs/heads/main refs/remotes/main [3ms]
2023-09-13 02:02:34.254 [info] > git status -z -uall [6ms]
2023-09-13 02:02:57.168 [info] > git config --get commit.template [19ms]
2023-09-13 02:02:57.169 [info] > git for-each-ref --format=%(refname)%00%(upstream:short)%00%(objectname)%00%(upstream:track)%00%(upstream:remotename)%00%(upstream:remoteref) refs/heads/main refs/remotes/main [2ms]
2023-09-13 02:02:57.184 [info] > git status -z -uall [6ms]
2023-09-13 02:03:02.222 [info] > git config --get commit.template [12ms]
2023-09-13 02:03:02.223 [info] > git for-each-ref --format=%(refname)%00%(upstream:short)%00%(objectname)%00%(upstream:track)%00%(upstream:remotename)%00%(upstream:remoteref) refs/heads/main refs/remotes/main [2ms]
2023-09-13 02:03:02.238 [info] > git status -z -uall [6ms]
2023-09-13 02:13:29.871 [info] > git config --get commit.template [13ms]
2023-09-13 02:13:29.873 [info] > git for-each-ref --format=%(refname)%00%(upstream:short)%00%(objectname)%00%(upstream:track)%00%(upstream:remotename)%00%(upstream:remoteref) refs/heads/main refs/remotes/main [2ms]
2023-09-13 02:13:29.889 [info] > git status -z -uall [6ms]
2023-09-13 02:13:34.920 [info] > git config --get commit.template [11ms]
2023-09-13 02:13:34.921 [info] > git for-each-ref --format=%(refname)%00%(upstream:short)%00%(objectname)%00%(upstream:track)%00%(upstream:remotename)%00%(upstream:remoteref) refs/heads/main refs/remotes/main [1ms]
2023-09-13 02:13:34.938 [info] > git status -z -uall [6ms]
2023-09-13 02:18:26.544 [info] > git config --get commit.template [25ms]
2023-09-13 02:18:26.545 [info] > git for-each-ref --format=%(refname)%00%(upstream:short)%00%(objectname)%00%(upstream:track)%00%(upstream:remotename)%00%(upstream:remoteref) refs/heads/main refs/remotes/main [5ms]
2023-09-13 02:18:26.564 [info] > git status -z -uall [7ms]
2023-09-13 02:18:57.960 [info] > git config --get commit.template [16ms]
2023-09-13 02:18:57.961 [info] > git for-each-ref --format=%(refname)%00%(upstream:short)%00%(objectname)%00%(upstream:track)%00%(upstream:remotename)%00%(upstream:remoteref) refs/heads/main refs/remotes/main [2ms]
2023-09-13 02:18:57.981 [info] > git status -z -uall [8ms]
2023-09-13 02:19:09.210 [info] > git config --get commit.template [17ms]
2023-09-13 02:19:09.211 [info] > git for-each-ref --format=%(refname)%00%(upstream:short)%00%(objectname)%00%(upstream:track)%00%(upstream:remotename)%00%(upstream:remoteref) refs/heads/main refs/remotes/main [3ms]
2023-09-13 02:19:09.227 [info] > git status -z -uall [6ms]
2023-09-13 02:29:50.264 [info] > git show --textconv HEAD:conductor_app/lib/pages/splashscreen/splash.dart [71ms]
2023-09-13 02:29:50.264 [info] > git ls-tree -l HEAD -- /home/mystic/Code/Flutter/HimYatri/conductor_app/lib/pages/splashscreen/splash.dart [62ms]
2023-09-13 02:30:25.823 [info] > git ls-tree -l HEAD -- /home/mystic/Code/Flutter/HimYatri/conductor_app/lib/pages/splashscreen/splash.dart [2ms]
2023-09-13 02:30:34.302 [info] > git ls-tree -l HEAD -- /home/mystic/Code/Flutter/HimYatri/conductor_app/lib/pages/splashscreen/splash.dart [3ms]
2023-09-13 02:30:35.318 [info] > git ls-tree -l HEAD -- /home/mystic/Code/Flutter/HimYatri/conductor_app/lib/pages/splashscreen/splash.dart [2ms]
2023-09-13 02:30:35.634 [info] > git ls-tree -l HEAD -- /home/mystic/Code/Flutter/HimYatri/conductor_app/lib/pages/splashscreen/splash.dart [3ms]
2023-09-13 02:30:39.084 [info] > git ls-tree -l HEAD -- /home/mystic/Code/Flutter/HimYatri/conductor_app/lib/pages/splashscreen/splash.dart [1ms]
2023-09-13 02:30:43.602 [info] > git ls-tree -l HEAD -- /home/mystic/Code/Flutter/HimYatri/conductor_app/lib/pages/splashscreen/splash.dart [1ms]
2023-09-13 02:30:49.571 [info] > git add -A -- /home/mystic/Code/Flutter/HimYatri/conductor_app/lib/pages/splashscreen/splash.dart [57ms]
2023-09-13 02:30:49.602 [info] > git config --get commit.template [4ms]
2023-09-13 02:30:49.623 [info] > git for-each-ref --format=%(refname)%00%(upstream:short)%00%(objectname)%00%(upstream:track)%00%(upstream:remotename)%00%(upstream:remoteref) refs/heads/main refs/remotes/main [3ms]
2023-09-13 02:30:49.644 [info] > git status -z -uall [9ms]
2023-09-13 02:30:50.749 [info] > git config --get commit.template [22ms]
2023-09-13 02:30:50.751 [info] > git for-each-ref --format=%(refname)%00%(upstream:short)%00%(objectname)%00%(upstream:track)%00%(upstream:remotename)%00%(upstream:remoteref) refs/heads/main refs/remotes/main [3ms]
2023-09-13 02:30:50.770 [info] > git status -z -uall [7ms]
2023-09-13 02:30:50.851 [info] > git ls-files --stage -- /home/mystic/Code/Flutter/HimYatri/conductor_app/test/widget_test.dart [11ms]
2023-09-13 02:30:50.860 [info] > git ls-files --stage -- /home/mystic/Code/Flutter/HimYatri/conductor_app/lib/main.dart [30ms]
2023-09-13 02:30:50.892 [info] > git ls-files --stage -- /home/mystic/Code/Flutter/HimYatri/conductor_app/lib/pages/splashscreen/splash.dart [5ms]
2023-09-13 02:30:50.901 [info] > git ls-files --stage -- /home/mystic/Code/Flutter/HimYatri/conductor_app/lib/pages/mainScreen/mainscr.dart [23ms]
2023-09-13 02:30:50.902 [info] > git ls-files --stage -- /home/mystic/Code/Flutter/HimYatri/conductor_app/lib/pages/splashscreen/splash.dart [52ms]
2023-09-13 02:30:50.912 [info] > git cat-file -s 1ef07df8e760f04010460e8746a4474b3531fa39 [11ms]
2023-09-13 02:30:50.913 [info] > git cat-file -s 1ef07df8e760f04010460e8746a4474b3531fa39 [2ms]
2023-09-13 02:30:50.948 [info] > git show --textconv :conductor_app/lib/pages/mainScreen/mainscr.dart [19ms]
2023-09-13 02:30:50.949 [info] > git show --textconv :conductor_app/lib/pages/splashscreen/splash.dart [10ms]
2023-09-13 02:30:50.949 [info] > git cat-file -s 54ddb2231e97d12878201c634b5f826912585639 [89ms]
2023-09-13 02:30:50.950 [info] > git cat-file -s dda55548ef4b237f8d0993f6c0475201eb9ab40a [81ms]
2023-09-13 02:30:50.951 [info] > git show --textconv :conductor_app/lib/pages/splashscreen/splash.dart [4ms]
2023-09-13 02:30:50.975 [info] > git show --textconv :conductor_app/test/widget_test.dart [11ms]
2023-09-13 02:30:50.978 [info] > git show --textconv :conductor_app/lib/main.dart [3ms]
2023-09-13 02:30:55.803 [info] > git config --get commit.template [11ms]
2023-09-13 02:30:55.804 [info] > git for-each-ref --format=%(refname)%00%(upstream:short)%00%(objectname)%00%(upstream:track)%00%(upstream:remotename)%00%(upstream:remoteref) refs/heads/main refs/remotes/main [2ms]
2023-09-13 02:30:55.820 [info] > git status -z -uall [6ms]
2023-09-13 02:31:17.357 [info] > git ls-files --stage -- /home/mystic/Code/Flutter/HimYatri/conductor_app/lib/pages/splashscreen/splash.dart [3ms]
2023-09-13 02:31:17.369 [info] > git cat-file -s 1ef07df8e760f04010460e8746a4474b3531fa39 [2ms]
2023-09-13 02:31:18.989 [info] > git ls-files --stage -- /home/mystic/Code/Flutter/HimYatri/conductor_app/lib/pages/splashscreen/splash.dart [2ms]
2023-09-13 02:31:18.999 [info] > git cat-file -s 1ef07df8e760f04010460e8746a4474b3531fa39 [2ms]
2023-09-13 02:31:19.096 [info] > git -c user.useConfigOnly=true commit --quiet --allow-empty-message --file - [119ms]
2023-09-13 02:31:19.106 [info] > git config --get commit.template [2ms]
2023-09-13 02:31:19.128 [info] > git config --get commit.template [11ms]
2023-09-13 02:31:19.129 [info] > git for-each-ref --format=%(refname)%00%(upstream:short)%00%(objectname)%00%(upstream:track)%00%(upstream:remotename)%00%(upstream:remoteref) refs/heads/main refs/remotes/main [2ms]
2023-09-13 02:31:19.145 [info] > git status -z -uall [6ms]
2023-09-13 02:31:19.271 [info] > git config --get commit.template [15ms]
2023-09-13 02:31:19.277 [info] > git for-each-ref --format=%(refname)%00%(upstream:short)%00%(objectname)%00%(upstream:track)%00%(upstream:remotename)%00%(upstream:remoteref) refs/heads/main refs/remotes/main [6ms]
2023-09-13 02:31:19.317 [info] > git status -z -uall [14ms]
2023-09-13 02:31:20.390 [info] > git config --get commit.template [25ms]
2023-09-13 02:31:20.393 [info] > git for-each-ref --format=%(refname)%00%(upstream:short)%00%(objectname)%00%(upstream:track)%00%(upstream:remotename)%00%(upstream:remoteref) refs/heads/main refs/remotes/main [5ms]
2023-09-13 02:31:20.412 [info] > git status -z -uall [8ms]
2023-09-13 02:31:20.509 [info] > git ls-files --stage -- /home/mystic/Code/Flutter/HimYatri/conductor_app/test/widget_test.dart [18ms]
2023-09-13 02:31:20.521 [info] > git ls-files --stage -- /home/mystic/Code/Flutter/HimYatri/conductor_app/lib/main.dart [50ms]
2023-09-13 02:31:20.553 [info] > git ls-tree -l HEAD -- /home/mystic/Code/Flutter/HimYatri/conductor_app/lib/pages/splashscreen/splash.dart [2ms]
2023-09-13 02:31:20.554 [info] > git ls-files --stage -- /home/mystic/Code/Flutter/HimYatri/conductor_app/lib/pages/mainScreen/mainscr.dart [12ms]
2023-09-13 02:31:20.555 [info] > git cat-file -s dda55548ef4b237f8d0993f6c0475201eb9ab40a [22ms]
2023-09-13 02:31:20.555 [info] > git cat-file -s 54ddb2231e97d12878201c634b5f826912585639 [35ms]
2023-09-13 02:31:20.556 [info] > git ls-files --stage -- /home/mystic/Code/Flutter/HimYatri/conductor_app/lib/pages/splashscreen/splash.dart [49ms]
2023-09-13 02:31:20.575 [info] > git cat-file -s 1ef07df8e760f04010460e8746a4474b3531fa39 [11ms]
2023-09-13 02:31:20.604 [info] > git show --textconv HEAD:conductor_app/lib/pages/splashscreen/splash.dart [30ms]
2023-09-13 02:31:20.604 [info] > git show --textconv :conductor_app/lib/pages/mainScreen/mainscr.dart [19ms]
2023-09-13 02:31:20.604 [info] > git show --textconv :conductor_app/lib/main.dart [10ms]
2023-09-13 02:31:20.616 [info] > git show --textconv :conductor_app/test/widget_test.dart [13ms]
2023-09-13 02:31:20.618 [info] > git show --textconv :conductor_app/lib/pages/splashscreen/splash.dart [3ms]
2023-09-13 02:31:23.861 [info] > git show --textconv HEAD:conductor_app/lib/main.dart [9ms]
2023-09-13 02:31:23.863 [info] > git ls-tree -l HEAD -- /home/mystic/Code/Flutter/HimYatri/conductor_app/lib/main.dart [3ms]
2023-09-13 02:31:25.461 [info] > git config --get commit.template [21ms]
2023-09-13 02:31:25.463 [info] > git for-each-ref --format=%(refname)%00%(upstream:short)%00%(objectname)%00%(upstream:track)%00%(upstream:remotename)%00%(upstream:remoteref) refs/heads/main refs/remotes/main [3ms]
2023-09-13 02:31:25.478 [info] > git status -z -uall [6ms]
2023-09-13 02:31:37.903 [info] > git show --textconv HEAD:conductor_app/lib/pages/mainScreen/mainscr.dart [9ms]
2023-09-13 02:31:37.904 [info] > git ls-tree -l HEAD -- /home/mystic/Code/Flutter/HimYatri/conductor_app/lib/pages/mainScreen/mainscr.dart [2ms]
2023-09-13 02:31:39.914 [info] > git add -A -- /home/mystic/Code/Flutter/HimYatri/conductor_app/lib/pages/mainScreen/mainscr.dart [9ms]
2023-09-13 02:31:39.963 [info] > git config --get commit.template [24ms]
2023-09-13 02:31:39.966 [info] > git for-each-ref --format=%(refname)%00%(upstream:short)%00%(objectname)%00%(upstream:track)%00%(upstream:remotename)%00%(upstream:remoteref) refs/heads/main refs/remotes/main [6ms]
2023-09-13 02:31:39.996 [info] > git status -z -uall [12ms]
2023-09-13 02:31:41.150 [info] > git config --get commit.template [28ms]
2023-09-13 02:31:41.155 [info] > git for-each-ref --format=%(refname)%00%(upstream:short)%00%(objectname)%00%(upstream:track)%00%(upstream:remotename)%00%(upstream:remoteref) refs/heads/main refs/remotes/main [7ms]
2023-09-13 02:31:41.178 [info] > git status -z -uall [10ms]
2023-09-13 02:31:41.248 [info] > git ls-files --stage -- /home/mystic/Code/Flutter/HimYatri/conductor_app/lib/pages/splashscreen/splash.dart [13ms]
2023-09-13 02:31:41.258 [info] > git ls-files --stage -- /home/mystic/Code/Flutter/HimYatri/conductor_app/lib/main.dart [38ms]
2023-09-13 02:31:41.298 [info] > git ls-files --stage -- /home/mystic/Code/Flutter/HimYatri/conductor_app/lib/pages/mainScreen/mainscr.dart [4ms]
2023-09-13 02:31:41.307 [info] > git ls-tree -l HEAD -- /home/mystic/Code/Flutter/HimYatri/conductor_app/lib/main.dart [22ms]
2023-09-13 02:31:41.308 [info] > git ls-tree -l HEAD -- /home/mystic/Code/Flutter/HimYatri/conductor_app/lib/pages/splashscreen/splash.dart [33ms]
2023-09-13 02:31:41.308 [info] > git cat-file -s dda55548ef4b237f8d0993f6c0475201eb9ab40a [42ms]
2023-09-13 02:31:41.308 [info] > git cat-file -s 1ef07df8e760f04010460e8746a4474b3531fa39 [51ms]
2023-09-13 02:31:41.309 [info] > git ls-files --stage -- /home/mystic/Code/Flutter/HimYatri/conductor_app/lib/pages/mainScreen/mainscr.dart [62ms]
2023-09-13 02:31:41.318 [info] > git cat-file -s 6be4c28e8b814f8a3897274eed8033f6a8819987 [12ms]
2023-09-13 02:31:41.319 [info] > git cat-file -s 6be4c28e8b814f8a3897274eed8033f6a8819987 [2ms]
2023-09-13 02:31:41.378 [info] > git show --textconv HEAD:conductor_app/lib/main.dart [47ms]
2023-09-13 02:31:41.378 [info] > git show --textconv HEAD:conductor_app/lib/pages/splashscreen/splash.dart [39ms]
2023-09-13 02:31:41.378 [info] > git show --textconv :conductor_app/lib/main.dart [29ms]
2023-09-13 02:31:41.378 [info] > git show --textconv :conductor_app/lib/pages/splashscreen/splash.dart [20ms]
2023-09-13 02:31:41.378 [info] > git show --textconv :conductor_app/lib/pages/mainScreen/mainscr.dart [11ms]
2023-09-13 02:31:41.380 [info] > git show --textconv :conductor_app/lib/pages/mainScreen/mainscr.dart [4ms]
2023-09-13 02:31:46.217 [info] > git config --get commit.template [4ms]
2023-09-13 02:31:46.231 [info] > git for-each-ref --format=%(refname)%00%(upstream:short)%00%(objectname)%00%(upstream:track)%00%(upstream:remotename)%00%(upstream:remoteref) refs/heads/main refs/remotes/main [2ms]
2023-09-13 02:31:46.247 [info] > git status -z -uall [7ms]
2023-09-13 02:32:41.292 [info] > git ls-files --stage -- /home/mystic/Code/Flutter/HimYatri/conductor_app/lib/pages/mainScreen/mainscr.dart [3ms]
2023-09-13 02:32:41.311 [info] > git cat-file -s 6be4c28e8b814f8a3897274eed8033f6a8819987 [3ms]
2023-09-13 02:32:44.649 [info] > git ls-files --stage -- /home/mystic/Code/Flutter/HimYatri/conductor_app/lib/pages/mainScreen/mainscr.dart [2ms]
2023-09-13 02:32:44.659 [info] > git cat-file -s 6be4c28e8b814f8a3897274eed8033f6a8819987 [2ms]
2023-09-13 02:32:44.684 [info] > git -c user.useConfigOnly=true commit --quiet --allow-empty-message --file - [46ms]
2023-09-13 02:32:44.695 [info] > git config --get commit.template [2ms]
2023-09-13 02:32:44.715 [info] > git config --get commit.template [9ms]
2023-09-13 02:32:44.717 [info] > git for-each-ref --format=%(refname)%00%(upstream:short)%00%(objectname)%00%(upstream:track)%00%(upstream:remotename)%00%(upstream:remoteref) refs/heads/main refs/remotes/main [3ms]
2023-09-13 02:32:44.732 [info] > git status -z -uall [6ms]
2023-09-13 02:32:44.837 [info] > git config --get commit.template [4ms]
2023-09-13 02:32:44.848 [info] > git for-each-ref --format=%(refname)%00%(upstream:short)%00%(objectname)%00%(upstream:track)%00%(upstream:remotename)%00%(upstream:remoteref) refs/heads/main refs/remotes/main [2ms]
2023-09-13 02:32:44.862 [info] > git status -z -uall [6ms]
2023-09-13 02:32:45.909 [info] > git config --get commit.template [17ms]
2023-09-13 02:32:45.911 [info] > git for-each-ref --format=%(refname)%00%(upstream:short)%00%(objectname)%00%(upstream:track)%00%(upstream:remotename)%00%(upstream:remoteref) refs/heads/main refs/remotes/main [3ms]
2023-09-13 02:32:45.932 [info] > git status -z -uall [9ms]
2023-09-13 02:32:46.031 [info] > git ls-tree -l HEAD -- /home/mystic/Code/Flutter/HimYatri/conductor_app/lib/pages/splashscreen/splash.dart [10ms]
2023-09-13 02:32:46.031 [info] > git ls-files --stage -- /home/mystic/Code/Flutter/HimYatri/conductor_app/lib/pages/mainScreen/mainscr.dart [22ms]
2023-09-13 02:32:46.040 [info] > git ls-files --stage -- /home/mystic/Code/Flutter/HimYatri/conductor_app/lib/pages/splashscreen/splash.dart [42ms]
2023-09-13 02:32:46.049 [info] > git ls-files --stage -- /home/mystic/Code/Flutter/HimYatri/conductor_app/lib/main.dart [61ms]
2023-09-13 02:32:46.069 [info] > git ls-tree -l HEAD -- /home/mystic/Code/Flutter/HimYatri/conductor_app/lib/pages/mainScreen/mainscr.dart [2ms]
2023-09-13 02:32:46.070 [info] > git cat-file -s dda55548ef4b237f8d0993f6c0475201eb9ab40a [13ms]
2023-09-13 02:32:46.070 [info] > git cat-file -s 1ef07df8e760f04010460e8746a4474b3531fa39 [22ms]
2023-09-13 02:32:46.071 [info] > git cat-file -s 6be4c28e8b814f8a3897274eed8033f6a8819987 [31ms]
2023-09-13 02:32:46.072 [info] > git ls-tree -l HEAD -- /home/mystic/Code/Flutter/HimYatri/conductor_app/lib/main.dart [43ms]
2023-09-13 02:32:46.130 [info] > git show --textconv HEAD:conductor_app/lib/pages/splashscreen/splash.dart [48ms]
2023-09-13 02:32:46.130 [info] > git show --textconv HEAD:conductor_app/lib/pages/mainScreen/mainscr.dart [38ms]
2023-09-13 02:32:46.130 [info] > git show --textconv :conductor_app/lib/main.dart [29ms]
2023-09-13 02:32:46.131 [info] > git show --textconv :conductor_app/lib/pages/splashscreen/splash.dart [20ms]
2023-09-13 02:32:46.131 [info] > git show --textconv :conductor_app/lib/pages/mainScreen/mainscr.dart [11ms]
2023-09-13 02:32:46.133 [info] > git show --textconv HEAD:conductor_app/lib/main.dart [3ms]
2023-09-13 02:32:48.017 [info] > git add -A -- /home/mystic/Code/Flutter/HimYatri/conductor_app/lib/main.dart [19ms]
2023-09-13 02:32:48.066 [info] > git config --get commit.template [25ms]
2023-09-13 02:32:48.070 [info] > git for-each-ref --format=%(refname)%00%(upstream:short)%00%(objectname)%00%(upstream:track)%00%(upstream:remotename)%00%(upstream:remoteref) refs/heads/main refs/remotes/main [6ms]
2023-09-13 02:32:48.100 [info] > git status -z -uall [11ms]
2023-09-13 02:32:49.370 [info] > git ls-files --stage -- /home/mystic/Code/Flutter/HimYatri/conductor_app/lib/pages/splashscreen/splash.dart [21ms]
2023-09-13 02:32:49.383 [info] > git ls-files --stage -- /home/mystic/Code/Flutter/HimYatri/conductor_app/lib/main.dart [58ms]
2023-09-13 02:32:49.427 [info] > git ls-files --stage -- /home/mystic/Code/Flutter/HimYatri/conductor_app/lib/main.dart [12ms]
2023-09-13 02:32:49.434 [info] > git ls-tree -l HEAD -- /home/mystic/Code/Flutter/HimYatri/conductor_app/lib/pages/splashscreen/splash.dart [29ms]
2023-09-13 02:32:49.435 [info] > git cat-file -s 3a20901fd6da571cb8be53746878d07adb9a6a37 [41ms]
2023-09-13 02:32:49.436 [info] > git cat-file -s 1ef07df8e760f04010460e8746a4474b3531fa39 [53ms]
2023-09-13 02:32:49.436 [info] > git ls-files --stage -- /home/mystic/Code/Flutter/HimYatri/conductor_app/lib/pages/mainScreen/mainscr.dart [67ms]
2023-09-13 02:32:49.445 [info] > git cat-file -s 3a20901fd6da571cb8be53746878d07adb9a6a37 [10ms]
2023-09-13 02:32:49.445 [info] > git ls-tree -l HEAD -- /home/mystic/Code/Flutter/HimYatri/conductor_app/lib/pages/mainScreen/mainscr.dart [20ms]
2023-09-13 02:32:49.470 [info] > git show --textconv HEAD:conductor_app/lib/pages/splashscreen/splash.dart [17ms]
2023-09-13 02:32:49.470 [info] > git show --textconv :conductor_app/lib/main.dart [9ms]
2023-09-13 02:32:49.471 [info] > git cat-file -s 6be4c28e8b814f8a3897274eed8033f6a8819987 [28ms]
2023-09-13 02:32:49.498 [info] > git show --textconv :conductor_app/lib/pages/splashscreen/splash.dart [29ms]
2023-09-13 02:32:49.498 [info] > git show --textconv :conductor_app/lib/main.dart [16ms]
2023-09-13 02:32:49.521 [info] > git show --textconv HEAD:conductor_app/lib/pages/mainScreen/mainscr.dart [24ms]
2023-09-13 02:32:49.523 [info] > git show --textconv :conductor_app/lib/pages/mainScreen/mainscr.dart [2ms]
2023-09-13 02:32:49.962 [info] > git add -A -- /home/mystic/Code/Flutter/HimYatri/conductor_app/pubspec.yaml [39ms]
2023-09-13 02:32:50.016 [info] > git config --get commit.template [30ms]
2023-09-13 02:32:50.026 [info] > git for-each-ref --format=%(refname)%00%(upstream:short)%00%(objectname)%00%(upstream:track)%00%(upstream:remotename)%00%(upstream:remoteref) refs/heads/main refs/remotes/main [2ms]
2023-09-13 02:32:50.039 [info] > git status -z -uall [6ms]
2023-09-13 02:32:50.990 [info] > git config --get commit.template [28ms]
2023-09-13 02:32:50.994 [info] > git for-each-ref --format=%(refname)%00%(upstream:short)%00%(objectname)%00%(upstream:track)%00%(upstream:remotename)%00%(upstream:remoteref) refs/heads/main refs/remotes/main [7ms]
2023-09-13 02:32:51.016 [info] > git status -z -uall [9ms]
2023-09-13 02:32:51.314 [info] > git ls-files --stage -- /home/mystic/Code/Flutter/HimYatri/conductor_app/lib/main.dart [10ms]
2023-09-13 02:32:51.323 [info] > git ls-tree -l HEAD -- /home/mystic/Code/Flutter/HimYatri/conductor_app/lib/pages/splashscreen/splash.dart [28ms]
2023-09-13 02:32:51.324 [info] > git ls-files --stage -- /home/mystic/Code/Flutter/HimYatri/conductor_app/lib/pages/mainScreen/mainscr.dart [38ms]
2023-09-13 02:32:51.332 [info] > git ls-files --stage -- /home/mystic/Code/Flutter/HimYatri/conductor_app/lib/pages/splashscreen/splash.dart [55ms]
2023-09-13 02:32:51.340 [info] > git ls-files --stage -- /home/mystic/Code/Flutter/HimYatri/conductor_app/lib/main.dart [74ms]
2023-09-13 02:32:51.350 [info] > git cat-file -s 1ef07df8e760f04010460e8746a4474b3531fa39 [10ms]
2023-09-13 02:32:51.351 [info] > git cat-file -s 6be4c28e8b814f8a3897274eed8033f6a8819987 [19ms]
2023-09-13 02:32:51.351 [info] > git cat-file -s 3a20901fd6da571cb8be53746878d07adb9a6a37 [29ms]
2023-09-13 02:32:51.352 [info] > git ls-tree -l HEAD -- /home/mystic/Code/Flutter/HimYatri/conductor_app/lib/pages/mainScreen/mainscr.dart [38ms]
2023-09-13 02:32:51.362 [info] > git cat-file -s 3a20901fd6da571cb8be53746878d07adb9a6a37 [14ms]
2023-09-13 02:32:51.401 [info] > git show --textconv HEAD:conductor_app/lib/pages/splashscreen/splash.dart [40ms]
2023-09-13 02:32:51.401 [info] > git show --textconv :conductor_app/lib/pages/splashscreen/splash.dart [29ms]
2023-09-13 02:32:51.401 [info] > git show --textconv :conductor_app/lib/pages/mainScreen/mainscr.dart [20ms]
2023-09-13 02:32:51.401 [info] > git show --textconv :conductor_app/lib/main.dart [11ms]
2023-09-13 02:32:51.412 [info] > git show --textconv HEAD:conductor_app/lib/pages/mainScreen/mainscr.dart [12ms]
2023-09-13 02:32:51.413 [info] > git show --textconv :conductor_app/lib/main.dart [2ms]
2023-09-13 02:32:52.318 [info] > git add -A -- /home/mystic/Code/Flutter/HimYatri/conductor_app/pubspec.lock [33ms]
2023-09-13 02:32:52.369 [info] > git config --get commit.template [25ms]
2023-09-13 02:32:52.372 [info] > git for-each-ref --format=%(refname)%00%(upstream:short)%00%(objectname)%00%(upstream:track)%00%(upstream:remotename)%00%(upstream:remoteref) refs/heads/main refs/remotes/main [6ms]
2023-09-13 02:32:52.405 [info] > git status -z -uall [12ms]
2023-09-13 02:32:53.696 [info] > git ls-files --stage -- /home/mystic/Code/Flutter/HimYatri/conductor_app/lib/main.dart [10ms]
2023-09-13 02:32:53.705 [info] > git ls-tree -l HEAD -- /home/mystic/Code/Flutter/HimYatri/conductor_app/lib/pages/splashscreen/splash.dart [29ms]
2023-09-13 02:32:53.706 [info] > git ls-files --stage -- /home/mystic/Code/Flutter/HimYatri/conductor_app/lib/pages/mainScreen/mainscr.dart [42ms]
2023-09-13 02:32:53.715 [info] > git ls-files --stage -- /home/mystic/Code/Flutter/HimYatri/conductor_app/lib/pages/splashscreen/splash.dart [66ms]
2023-09-13 02:32:53.723 [info] > git ls-files --stage -- /home/mystic/Code/Flutter/HimYatri/conductor_app/lib/main.dart [95ms]
2023-09-13 02:32:53.733 [info] > git cat-file -s 1ef07df8e760f04010460e8746a4474b3531fa39 [10ms]
2023-09-13 02:32:53.734 [info] > git cat-file -s 6be4c28e8b814f8a3897274eed8033f6a8819987 [20ms]
2023-09-13 02:32:53.734 [info] > git cat-file -s 3a20901fd6da571cb8be53746878d07adb9a6a37 [29ms]
2023-09-13 02:32:53.735 [info] > git ls-tree -l HEAD -- /home/mystic/Code/Flutter/HimYatri/conductor_app/lib/pages/mainScreen/mainscr.dart [40ms]
2023-09-13 02:32:53.745 [info] > git cat-file -s 3a20901fd6da571cb8be53746878d07adb9a6a37 [13ms]
2023-09-13 02:32:53.764 [info] > git show --textconv HEAD:conductor_app/lib/pages/splashscreen/splash.dart [20ms]
2023-09-13 02:32:53.764 [info] > git show --textconv :conductor_app/lib/pages/splashscreen/splash.dart [10ms]
2023-09-13 02:32:53.798 [info] > git show --textconv :conductor_app/lib/pages/mainScreen/mainscr.dart [34ms]
2023-09-13 02:32:53.798 [info] > git show --textconv :conductor_app/lib/main.dart [22ms]
2023-09-13 02:32:53.798 [info] > git show --textconv HEAD:conductor_app/lib/pages/mainScreen/mainscr.dart [12ms]
2023-09-13 02:32:53.798 [info] > git show --textconv :conductor_app/lib/main.dart [2ms]
2023-09-13 02:32:55.357 [info] > git show --textconv :conductor_app/pubspec.yaml [19ms]
2023-09-13 02:32:55.360 [info] > git ls-files --stage -- /home/mystic/Code/Flutter/HimYatri/conductor_app/pubspec.yaml [2ms]
2023-09-13 02:32:55.369 [info] > git show --textconv HEAD:conductor_app/pubspec.yaml [41ms]
2023-09-13 02:32:55.370 [info] > git ls-tree -l HEAD -- /home/mystic/Code/Flutter/HimYatri/conductor_app/pubspec.yaml [23ms]
2023-09-13 02:32:55.371 [info] > git cat-file -s c09254ad7ac524deb78cf02251ecda007fa576b1 [4ms]
2023-09-13 02:32:55.872 [info] > git check-ignore -v -z --stdin [1ms]
2023-09-13 02:32:56.060 [info] > git config --get commit.template [12ms]
2023-09-13 02:32:56.061 [info] > git for-each-ref --format=%(refname)%00%(upstream:short)%00%(objectname)%00%(upstream:track)%00%(upstream:remotename)%00%(upstream:remoteref) refs/heads/main refs/remotes/main [2ms]
2023-09-13 02:32:56.076 [info] > git status -z -uall [6ms]
2023-09-13 02:33:03.037 [info] > git branch [5ms]
2023-09-13 02:33:03.071 [info] > git reset -q HEAD -- /home/mystic/Code/Flutter/HimYatri/conductor_app/pubspec.yaml [13ms]
2023-09-13 02:33:03.105 [info] > git config --get commit.template [17ms]
2023-09-13 02:33:03.108 [info] > git for-each-ref --format=%(refname)%00%(upstream:short)%00%(objectname)%00%(upstream:track)%00%(upstream:remotename)%00%(upstream:remoteref) refs/heads/main refs/remotes/main [3ms]
2023-09-13 02:33:03.128 [info] > git status -z -uall [8ms]
2023-09-13 02:33:04.309 [info] > git config --get commit.template [20ms]
2023-09-13 02:33:04.310 [info] > git for-each-ref --format=%(refname)%00%(upstream:short)%00%(objectname)%00%(upstream:track)%00%(upstream:remotename)%00%(upstream:remoteref) refs/heads/main refs/remotes/main [2ms]
2023-09-13 02:33:04.326 [info] > git status -z -uall [6ms]
2023-09-13 02:33:04.390 [info] > git ls-files --stage -- /home/mystic/Code/Flutter/HimYatri/conductor_app/lib/pages/splashscreen/splash.dart [10ms]
2023-09-13 02:33:04.398 [info] > git ls-files --stage -- /home/mystic/Code/Flutter/HimYatri/conductor_app/lib/main.dart [28ms]
2023-09-13 02:33:04.447 [info] > git ls-files --stage -- /home/mystic/Code/Flutter/HimYatri/conductor_app/pubspec.yaml [3ms]
2023-09-13 02:33:04.458 [info] > git ls-tree -l HEAD -- /home/mystic/Code/Flutter/HimYatri/conductor_app/pubspec.yaml [25ms]
2023-09-13 02:33:04.459 [info] > git ls-tree -l HEAD -- /home/mystic/Code/Flutter/HimYatri/conductor_app/lib/pages/mainScreen/mainscr.dart [35ms]
2023-09-13 02:33:04.459 [info] > git ls-tree -l HEAD -- /home/mystic/Code/Flutter/HimYatri/conductor_app/lib/pages/splashscreen/splash.dart [44ms]
2023-09-13 02:33:04.460 [info] > git cat-file -s 3a20901fd6da571cb8be53746878d07adb9a6a37 [54ms]
2023-09-13 02:33:04.460 [info] > git cat-file -s 1ef07df8e760f04010460e8746a4474b3531fa39 [63ms]
2023-09-13 02:33:04.461 [info] > git ls-files --stage -- /home/mystic/Code/Flutter/HimYatri/conductor_app/lib/pages/mainScreen/mainscr.dart [72ms]
2023-09-13 02:33:04.473 [info] > git cat-file -s 87549b4feb06f49f501a0123cd8aaae92a2ce859 [16ms]
2023-09-13 02:33:04.475 [info] > git cat-file -s 6be4c28e8b814f8a3897274eed8033f6a8819987 [4ms]
2023-09-13 02:33:04.497 [info] > git show --textconv HEAD:conductor_app/pubspec.yaml [10ms]
2023-09-13 02:33:04.546 [info] > git show --textconv HEAD:conductor_app/lib/pages/mainScreen/mainscr.dart [50ms]
2023-09-13 02:33:04.546 [info] > git show --textconv HEAD:conductor_app/lib/pages/splashscreen/splash.dart [39ms]
2023-09-13 02:33:04.546 [info] > git show --textconv :conductor_app/lib/main.dart [30ms]
2023-09-13 02:33:04.546 [info] > git show --textconv :conductor_app/lib/pages/splashscreen/splash.dart [20ms]
2023-09-13 02:33:04.546 [info] > git show --textconv :conductor_app/pubspec.yaml [11ms]
2023-09-13 02:33:04.561 [info] > git show --textconv :conductor_app/lib/pages/mainScreen/mainscr.dart [16ms]
2023-09-13 02:33:04.561 [info] > git branch [2ms]
2023-09-13 02:33:04.601 [info] > git reset -q HEAD -- /home/mystic/Code/Flutter/HimYatri/conductor_app/pubspec.lock [31ms]
2023-09-13 02:33:04.620 [info] > git config --get commit.template [9ms]
2023-09-13 02:33:04.621 [info] > git for-each-ref --format=%(refname)%00%(upstream:short)%00%(objectname)%00%(upstream:track)%00%(upstream:remotename)%00%(upstream:remoteref) refs/heads/main refs/remotes/main [2ms]
2023-09-13 02:33:04.636 [info] > git status -z -uall [7ms]
2023-09-13 02:33:05.950 [info] > git ls-tree -l HEAD -- /home/mystic/Code/Flutter/HimYatri/conductor_app/lib/pages/splashscreen/splash.dart [12ms]
2023-09-13 02:33:05.951 [info] > git ls-files --stage -- /home/mystic/Code/Flutter/HimYatri/conductor_app/lib/pages/mainScreen/mainscr.dart [22ms]
2023-09-13 02:33:05.960 [info] > git ls-files --stage -- /home/mystic/Code/Flutter/HimYatri/conductor_app/lib/pages/splashscreen/splash.dart [40ms]
2023-09-13 02:33:05.968 [info] > git ls-files --stage -- /home/mystic/Code/Flutter/HimYatri/conductor_app/lib/main.dart [59ms]
2023-09-13 02:33:05.998 [info] > git ls-files --stage -- /home/mystic/Code/Flutter/HimYatri/conductor_app/pubspec.yaml [2ms]
2023-09-13 02:33:06.007 [info] > git ls-tree -l HEAD -- /home/mystic/Code/Flutter/HimYatri/conductor_app/pubspec.yaml [21ms]
2023-09-13 02:33:06.008 [info] > git cat-file -s 3a20901fd6da571cb8be53746878d07adb9a6a37 [31ms]
2023-09-13 02:33:06.008 [info] > git cat-file -s 1ef07df8e760f04010460e8746a4474b3531fa39 [40ms]
2023-09-13 02:33:06.009 [info] > git cat-file -s 6be4c28e8b814f8a3897274eed8033f6a8819987 [50ms]
2023-09-13 02:33:06.009 [info] > git ls-tree -l HEAD -- /home/mystic/Code/Flutter/HimYatri/conductor_app/lib/pages/mainScreen/mainscr.dart [62ms]
2023-09-13 02:33:06.019 [info] > git cat-file -s 87549b4feb06f49f501a0123cd8aaae92a2ce859 [13ms]
2023-09-13 02:33:06.069 [info] > git show --textconv HEAD:conductor_app/lib/pages/splashscreen/splash.dart [51ms]
2023-09-13 02:33:06.069 [info] > git show --textconv HEAD:conductor_app/pubspec.yaml [40ms]
2023-09-13 02:33:06.069 [info] > git show --textconv :conductor_app/lib/main.dart [30ms]
2023-09-13 02:33:06.069 [info] > git show --textconv :conductor_app/lib/pages/splashscreen/splash.dart [21ms]
2023-09-13 02:33:06.069 [info] > git show --textconv :conductor_app/lib/pages/mainScreen/mainscr.dart [10ms]
2023-09-13 02:33:06.083 [info] > git show --textconv HEAD:conductor_app/lib/pages/mainScreen/mainscr.dart [15ms]
2023-09-13 02:33:06.084 [info] > git show --textconv :conductor_app/pubspec.yaml [4ms]
2023-09-13 02:33:09.380 [info] > git config --get commit.template [17ms]
2023-09-13 02:33:09.380 [info] > git for-each-ref --format=%(refname)%00%(upstream:short)%00%(objectname)%00%(upstream:track)%00%(upstream:remotename)%00%(upstream:remoteref) refs/heads/main refs/remotes/main [2ms]
2023-09-13 02:33:09.395 [info] > git status -z -uall [5ms]
2023-09-13 02:34:26.767 [info] > git -c user.useConfigOnly=true commit --quiet --allow-empty-message --file - [31ms]
2023-09-13 02:34:26.779 [info] > git config --get commit.template [2ms]
2023-09-13 02:34:26.801 [info] > git config --get commit.template [11ms]
2023-09-13 02:34:26.803 [info] > git for-each-ref --format=%(refname)%00%(upstream:short)%00%(objectname)%00%(upstream:track)%00%(upstream:remotename)%00%(upstream:remoteref) refs/heads/main refs/remotes/main [3ms]
2023-09-13 02:34:26.818 [info] > git status -z -uall [7ms]
2023-09-13 02:34:26.925 [info] > git config --get commit.template [3ms]
2023-09-13 02:34:26.937 [info] > git for-each-ref --format=%(refname)%00%(upstream:short)%00%(objectname)%00%(upstream:track)%00%(upstream:remotename)%00%(upstream:remoteref) refs/heads/main refs/remotes/main [2ms]
2023-09-13 02:34:26.953 [info] > git status -z -uall [7ms]
2023-09-13 02:34:28.010 [info] > git config --get commit.template [24ms]
2023-09-13 02:34:28.012 [info] > git for-each-ref --format=%(refname)%00%(upstream:short)%00%(objectname)%00%(upstream:track)%00%(upstream:remotename)%00%(upstream:remoteref) refs/heads/main refs/remotes/main [3ms]
2023-09-13 02:34:28.029 [info] > git status -z -uall [6ms]
2023-09-13 02:34:28.135 [info] > git ls-tree -l HEAD -- /home/mystic/Code/Flutter/HimYatri/conductor_app/lib/pages/mainScreen/mainscr.dart [12ms]
2023-09-13 02:34:28.136 [info] > git ls-tree -l HEAD -- /home/mystic/Code/Flutter/HimYatri/conductor_app/lib/pages/splashscreen/splash.dart [23ms]
2023-09-13 02:34:28.136 [info] > git ls-files --stage -- /home/mystic/Code/Flutter/HimYatri/conductor_app/lib/pages/mainScreen/mainscr.dart [32ms]
2023-09-13 02:34:28.147 [info] > git ls-files --stage -- /home/mystic/Code/Flutter/HimYatri/conductor_app/lib/pages/splashscreen/splash.dart [53ms]
2023-09-13 02:34:28.159 [info] > git ls-files --stage -- /home/mystic/Code/Flutter/HimYatri/conductor_app/lib/main.dart [75ms]
2023-09-13 02:34:28.180 [info] > git cat-file -s 3a20901fd6da571cb8be53746878d07adb9a6a37 [12ms]
2023-09-13 02:34:28.181 [info] > git cat-file -s 1ef07df8e760f04010460e8746a4474b3531fa39 [23ms]
2023-09-13 02:34:28.181 [info] > git cat-file -s 6be4c28e8b814f8a3897274eed8033f6a8819987 [34ms]
2023-09-13 02:34:28.181 [info] > git ls-tree -l HEAD -- /home/mystic/Code/Flutter/HimYatri/conductor_app/pubspec.yaml [49ms]
2023-09-13 02:34:28.211 [info] > git show --textconv HEAD:conductor_app/lib/pages/mainScreen/mainscr.dart [19ms]
2023-09-13 02:34:28.211 [info] > git show --textconv HEAD:conductor_app/lib/pages/splashscreen/splash.dart [10ms]
2023-09-13 02:34:28.212 [info] > git ls-files --stage -- /home/mystic/Code/Flutter/HimYatri/conductor_app/pubspec.yaml [35ms]
2023-09-13 02:34:28.251 [info] > git show --textconv :conductor_app/lib/main.dart [41ms]
2023-09-13 02:34:28.251 [info] > git show --textconv :conductor_app/lib/pages/splashscreen/splash.dart [21ms]
2023-09-13 02:34:28.251 [info] > git show --textconv :conductor_app/lib/pages/mainScreen/mainscr.dart [11ms]
2023-09-13 02:34:28.253 [info] > git cat-file -s 87549b4feb06f49f501a0123cd8aaae92a2ce859 [31ms]
2023-09-13 02:34:28.255 [info] > git show --textconv HEAD:conductor_app/pubspec.yaml [5ms]
2023-09-13 02:34:28.266 [info] > git show --textconv :conductor_app/pubspec.yaml [3ms]
2023-09-13 02:34:31.293 [info] > git ls-tree -l HEAD -- /home/mystic/Code/Flutter/HimYatri/conductor_app/pubspec.yaml [9ms]
2023-09-13 02:34:31.295 [info] > git ls-files --stage -- /home/mystic/Code/Flutter/HimYatri/conductor_app/pubspec.yaml [2ms]
2023-09-13 02:34:31.305 [info] > git cat-file -s 87549b4feb06f49f501a0123cd8aaae92a2ce859 [2ms]
2023-09-13 02:34:32.844 [info] > git ls-tree -l HEAD -- /home/mystic/Code/Flutter/HimYatri/conductor_app/pubspec.yaml [10ms]
2023-09-13 02:34:32.845 [info] > git checkout -q -- /home/mystic/Code/Flutter/HimYatri/conductor_app/pubspec.lock [20ms]
2023-09-13 02:34:32.857 [info] > git ls-files --stage -- /home/mystic/Code/Flutter/HimYatri/conductor_app/pubspec.yaml [14ms]
2023-09-13 02:34:32.866 [info] > git config --get commit.template [10ms]
2023-09-13 02:34:32.876 [info] > git cat-file -s 87549b4feb06f49f501a0123cd8aaae92a2ce859 [10ms]
2023-09-13 02:34:32.877 [info] > git for-each-ref --format=%(refname)%00%(upstream:short)%00%(objectname)%00%(upstream:track)%00%(upstream:remotename)%00%(upstream:remoteref) refs/heads/main refs/remotes/main [2ms]
2023-09-13 02:34:32.892 [info] > git status -z -uall [6ms]
2023-09-13 02:34:33.053 [info] > git config --get commit.template [10ms]
2023-09-13 02:34:33.054 [info] > git for-each-ref --format=%(refname)%00%(upstream:short)%00%(objectname)%00%(upstream:track)%00%(upstream:remotename)%00%(upstream:remoteref) refs/heads/main refs/remotes/main [2ms]
2023-09-13 02:34:33.070 [info] > git status -z -uall [6ms]
2023-09-13 02:34:34.229 [info] > git ls-tree -l HEAD -- /home/mystic/Code/Flutter/HimYatri/conductor_app/lib/pages/splashscreen/splash.dart [10ms]
2023-09-13 02:34:34.230 [info] > git ls-files --stage -- /home/mystic/Code/Flutter/HimYatri/conductor_app/lib/pages/mainScreen/mainscr.dart [21ms]
2023-09-13 02:34:34.239 [info] > git ls-files --stage -- /home/mystic/Code/Flutter/HimYatri/conductor_app/lib/pages/splashscreen/splash.dart [43ms]
2023-09-13 02:34:34.248 [info] > git ls-files --stage -- /home/mystic/Code/Flutter/HimYatri/conductor_app/lib/main.dart [73ms]
2023-09-13 02:34:34.276 [info] > git ls-tree -l HEAD -- /home/mystic/Code/Flutter/HimYatri/conductor_app/pubspec.yaml [11ms]
2023-09-13 02:34:34.277 [info] > git cat-file -s 3a20901fd6da571cb8be53746878d07adb9a6a37 [21ms]
2023-09-13 02:34:34.277 [info] > git cat-file -s 1ef07df8e760f04010460e8746a4474b3531fa39 [30ms]
2023-09-13 02:34:34.277 [info] > git cat-file -s 6be4c28e8b814f8a3897274eed8033f6a8819987 [38ms]
2023-09-13 02:34:34.277 [info] > git ls-tree -l HEAD -- /home/mystic/Code/Flutter/HimYatri/conductor_app/lib/pages/mainScreen/mainscr.dart [49ms]
2023-09-13 02:34:34.289 [info] > git ls-files --stage -- /home/mystic/Code/Flutter/HimYatri/conductor_app/pubspec.yaml [15ms]
2023-09-13 02:34:34.347 [info] > git show --textconv HEAD:conductor_app/lib/pages/splashscreen/splash.dart [60ms]
2023-09-13 02:34:34.347 [info] > git show --textconv HEAD:conductor_app/pubspec.yaml [40ms]
2023-09-13 02:34:34.347 [info] > git show --textconv :conductor_app/lib/main.dart [31ms]
2023-09-13 02:34:34.347 [info] > git show --textconv :conductor_app/lib/pages/splashscreen/splash.dart [22ms]
2023-09-13 02:34:34.347 [info] > git show --textconv :conductor_app/lib/pages/mainScreen/mainscr.dart [10ms]
2023-09-13 02:34:34.349 [info] > git cat-file -s 87549b4feb06f49f501a0123cd8aaae92a2ce859 [53ms]
2023-09-13 02:34:34.351 [info] > git show --textconv HEAD:conductor_app/lib/pages/mainScreen/mainscr.dart [4ms]
2023-09-13 02:34:34.373 [info] > git show --textconv :conductor_app/pubspec.yaml [5ms]
2023-09-13 02:34:35.537 [info] > git ls-tree -l HEAD -- /home/mystic/Code/Flutter/HimYatri/conductor_app/pubspec.yaml [18ms]
2023-09-13 02:34:35.539 [info] > git ls-files --stage -- /home/mystic/Code/Flutter/HimYatri/conductor_app/pubspec.yaml [3ms]
2023-09-13 02:34:35.556 [info] > git cat-file -s 87549b4feb06f49f501a0123cd8aaae92a2ce859 [3ms]
2023-09-13 02:34:37.414 [info] > git ls-tree -l HEAD -- /home/mystic/Code/Flutter/HimYatri/conductor_app/pubspec.yaml [13ms]
2023-09-13 02:34:37.415 [info] > git checkout -q -- /home/mystic/Code/Flutter/HimYatri/conductor_app/pubspec.yaml [29ms]
2023-09-13 02:34:37.425 [info] > git ls-files --stage -- /home/mystic/Code/Flutter/HimYatri/conductor_app/pubspec.yaml [12ms]
2023-09-13 02:34:37.435 [info] > git config --get commit.template [10ms]
2023-09-13 02:34:37.445 [info] > git cat-file -s 87549b4feb06f49f501a0123cd8aaae92a2ce859 [11ms]
2023-09-13 02:34:37.447 [info] > git for-each-ref --format=%(refname)%00%(upstream:short)%00%(objectname)%00%(upstream:track)%00%(upstream:remotename)%00%(upstream:remoteref) refs/heads/main refs/remotes/main [2ms]
2023-09-13 02:34:37.461 [info] > git status -z -uall [6ms]
2023-09-13 02:34:38.095 [info] > git config --get commit.template [13ms]
2023-09-13 02:34:38.095 [info] > git for-each-ref --format=%(refname)%00%(upstream:short)%00%(objectname)%00%(upstream:track)%00%(upstream:remotename)%00%(upstream:remoteref) refs/heads/main refs/remotes/main [3ms]
2023-09-13 02:34:38.111 [info] > git status -z -uall [7ms]
2023-09-13 02:34:38.713 [info] > git ls-files --stage -- /home/mystic/Code/Flutter/HimYatri/conductor_app/lib/pages/splashscreen/splash.dart [13ms]
2023-09-13 02:34:38.725 [info] > git ls-files --stage -- /home/mystic/Code/Flutter/HimYatri/conductor_app/lib/main.dart [40ms]
2023-09-13 02:34:38.802 [info] > git ls-files --stage -- /home/mystic/Code/Flutter/HimYatri/conductor_app/pubspec.yaml [6ms]
2023-09-13 02:34:38.813 [info] > git ls-tree -l HEAD -- /home/mystic/Code/Flutter/HimYatri/conductor_app/pubspec.yaml [32ms]
2023-09-13 02:34:38.814 [info] > git ls-tree -l HEAD -- /home/mystic/Code/Flutter/HimYatri/conductor_app/lib/pages/mainScreen/mainscr.dart [53ms]
2023-09-13 02:34:38.815 [info] > git ls-tree -l HEAD -- /home/mystic/Code/Flutter/HimYatri/conductor_app/lib/pages/splashscreen/splash.dart [67ms]
2023-09-13 02:34:38.816 [info] > git cat-file -s 3a20901fd6da571cb8be53746878d07adb9a6a37 [81ms]
2023-09-13 02:34:38.816 [info] > git cat-file -s 1ef07df8e760f04010460e8746a4474b3531fa39 [91ms]
2023-09-13 02:34:38.817 [info] > git ls-files --stage -- /home/mystic/Code/Flutter/HimYatri/conductor_app/lib/pages/mainScreen/mainscr.dart [106ms]
2023-09-13 02:34:38.832 [info] > git cat-file -s 6be4c28e8b814f8a3897274eed8033f6a8819987 [1ms]
2023-09-13 02:34:38.833 [info] > git cat-file -s 87549b4feb06f49f501a0123cd8aaae92a2ce859 [21ms]
2023-09-13 02:34:38.886 [info] > git show --textconv HEAD:conductor_app/pubspec.yaml [30ms]
2023-09-13 02:34:38.886 [info] > git show --textconv HEAD:conductor_app/lib/pages/mainScreen/mainscr.dart [17ms]
2023-09-13 02:34:38.940 [info] > git show --textconv HEAD:conductor_app/lib/pages/splashscreen/splash.dart [54ms]
2023-09-13 02:34:38.940 [info] > git show --textconv :conductor_app/lib/main.dart [40ms]
2023-09-13 02:34:38.940 [info] > git show --textconv :conductor_app/lib/pages/splashscreen/splash.dart [27ms]
2023-09-13 02:34:38.940 [info] > git show --textconv :conductor_app/lib/pages/mainScreen/mainscr.dart [15ms]
2023-09-13 02:34:38.945 [info] > git show --textconv :conductor_app/pubspec.yaml [7ms]
2023-09-13 02:34:43.164 [info] > git config --get commit.template [23ms]
2023-09-13 02:34:43.167 [info] > git for-each-ref --format=%(refname)%00%(upstream:short)%00%(objectname)%00%(upstream:track)%00%(upstream:remotename)%00%(upstream:remoteref) refs/heads/main refs/remotes/main [5ms]
2023-09-13 02:34:43.186 [info] > git status -z -uall [7ms]
2023-09-13 02:34:43.735 [info] > git ls-tree -l HEAD -- /home/mystic/Code/Flutter/HimYatri/conductor_app/pubspec.yaml [11ms]
2023-09-13 02:34:43.736 [info] > git ls-files --stage -- /home/mystic/Code/Flutter/HimYatri/conductor_app/pubspec.yaml [2ms]
2023-09-13 02:34:43.750 [info] > git cat-file -s 87549b4feb06f49f501a0123cd8aaae92a2ce859 [3ms]
2023-09-13 02:34:45.240 [info] > git ls-tree -l HEAD -- /home/mystic/Code/Flutter/HimYatri/conductor_app/pubspec.yaml [11ms]
2023-09-13 02:34:45.241 [info] > git ls-files --stage -- /home/mystic/Code/Flutter/HimYatri/conductor_app/pubspec.yaml [2ms]
2023-09-13 02:34:45.251 [info] > git cat-file -s 87549b4feb06f49f501a0123cd8aaae92a2ce859 [2ms]
2023-09-13 02:34:47.347 [info] > git ls-tree -l HEAD -- /home/mystic/Code/Flutter/HimYatri/conductor_app/pubspec.yaml [11ms]
2023-09-13 02:34:47.348 [info] > git log --oneline --cherry main...main@{upstream} -- [22ms]
2023-09-13 02:34:47.359 [info] > git ls-files --stage -- /home/mystic/Code/Flutter/HimYatri/conductor_app/pubspec.yaml [13ms]
2023-09-13 02:34:47.370 [info] > git cat-file -s 87549b4feb06f49f501a0123cd8aaae92a2ce859 [2ms]
2023-09-13 02:34:48.718 [info] > git ls-files --stage -- /home/mystic/Code/Flutter/HimYatri/conductor_app/lib/pages/mainScreen/mainscr.dart [11ms]
2023-09-13 02:34:48.728 [info] > git ls-files --stage -- /home/mystic/Code/Flutter/HimYatri/conductor_app/lib/pages/splashscreen/splash.dart [33ms]
2023-09-13 02:34:48.738 [info] > git ls-files --stage -- /home/mystic/Code/Flutter/HimYatri/conductor_app/lib/main.dart [62ms]
2023-09-13 02:34:48.776 [info] > git ls-tree -l HEAD -- /home/mystic/Code/Flutter/HimYatri/conductor_app/pubspec.yaml [10ms]
2023-09-13 02:34:48.777 [info] > git ls-tree -l HEAD -- /home/mystic/Code/Flutter/HimYatri/conductor_app/lib/pages/mainScreen/mainscr.dart [21ms]
2023-09-13 02:34:48.777 [info] > git cat-file -s 3a20901fd6da571cb8be53746878d07adb9a6a37 [31ms]
2023-09-13 02:34:48.777 [info] > git cat-file -s 1ef07df8e760f04010460e8746a4474b3531fa39 [40ms]
2023-09-13 02:34:48.778 [info] > git cat-file -s 6be4c28e8b814f8a3897274eed8033f6a8819987 [51ms]
2023-09-13 02:34:48.778 [info] > git ls-tree -l HEAD -- /home/mystic/Code/Flutter/HimYatri/conductor_app/lib/pages/splashscreen/splash.dart [61ms]
2023-09-13 02:34:48.779 [info] > git ls-files --stage -- /home/mystic/Code/Flutter/HimYatri/conductor_app/pubspec.yaml [4ms]
2023-09-13 02:34:48.819 [info] > git show --textconv HEAD:conductor_app/pubspec.yaml [21ms]
2023-09-13 02:34:48.819 [info] > git show --textconv HEAD:conductor_app/lib/pages/mainScreen/mainscr.dart [12ms]
2023-09-13 02:34:48.819 [info] > git show --textconv :conductor_app/lib/main.dart [2ms]
2023-09-13 02:34:48.820 [info] > git cat-file -s 87549b4feb06f49f501a0123cd8aaae92a2ce859 [32ms]
2023-09-13 02:34:48.850 [info] > git show --textconv :conductor_app/lib/pages/splashscreen/splash.dart [20ms]
2023-09-13 02:34:48.850 [info] > git show --textconv :conductor_app/lib/pages/mainScreen/mainscr.dart [10ms]
2023-09-13 02:34:48.863 [info] > git show --textconv HEAD:conductor_app/lib/pages/splashscreen/splash.dart [14ms]
2023-09-13 02:34:48.865 [info] > git show --textconv :conductor_app/pubspec.yaml [3ms]
2023-09-13 02:34:51.554 [info] > git pull --tags origin main [4195ms]
2023-09-13 02:34:51.554 [info] From github.com:TheMystic07/HimYatri
 * branch            main       -> FETCH_HEAD
2023-09-13 02:34:52.898 [info] > git ls-files --stage -- /home/mystic/Code/Flutter/HimYatri/conductor_app/lib/pages/mainScreen/mainscr.dart [10ms]
2023-09-13 02:34:52.907 [info] > git ls-files --stage -- /home/mystic/Code/Flutter/HimYatri/conductor_app/lib/pages/splashscreen/splash.dart [29ms]
2023-09-13 02:34:52.916 [info] > git ls-files --stage -- /home/mystic/Code/Flutter/HimYatri/conductor_app/lib/main.dart [51ms]
2023-09-13 02:34:52.953 [info] > git ls-tree -l HEAD -- /home/mystic/Code/Flutter/HimYatri/conductor_app/pubspec.yaml [11ms]
2023-09-13 02:34:52.954 [info] > git ls-tree -l HEAD -- /home/mystic/Code/Flutter/HimYatri/conductor_app/lib/pages/mainScreen/mainscr.dart [21ms]
2023-09-13 02:34:52.955 [info] > git cat-file -s 3a20901fd6da571cb8be53746878d07adb9a6a37 [30ms]
2023-09-13 02:34:52.955 [info] > git cat-file -s 1ef07df8e760f04010460e8746a4474b3531fa39 [40ms]
2023-09-13 02:34:52.955 [info] > git cat-file -s 6be4c28e8b814f8a3897274eed8033f6a8819987 [49ms]
2023-09-13 02:34:52.956 [info] > git ls-tree -l HEAD -- /home/mystic/Code/Flutter/HimYatri/conductor_app/lib/pages/splashscreen/splash.dart [61ms]
2023-09-13 02:34:52.956 [info] > git ls-files --stage -- /home/mystic/Code/Flutter/HimYatri/conductor_app/pubspec.yaml [4ms]
2023-09-13 02:34:53.003 [info] > git show --textconv HEAD:conductor_app/pubspec.yaml [29ms]
2023-09-13 02:34:53.003 [info] > git show --textconv HEAD:conductor_app/lib/pages/mainScreen/mainscr.dart [20ms]
2023-09-13 02:34:53.004 [info] > git show --textconv :conductor_app/lib/main.dart [11ms]
2023-09-13 02:34:53.006 [info] > git cat-file -s 87549b4feb06f49f501a0123cd8aaae92a2ce859 [42ms]
2023-09-13 02:34:53.026 [info] > git show --textconv :conductor_app/lib/pages/splashscreen/splash.dart [24ms]
2023-09-13 02:34:53.027 [info] > git show --textconv :conductor_app/lib/pages/mainScreen/mainscr.dart [11ms]
2023-09-13 02:34:53.039 [info] > git show --textconv HEAD:conductor_app/lib/pages/splashscreen/splash.dart [14ms]
2023-09-13 02:34:53.039 [info] > git show --textconv :conductor_app/pubspec.yaml [2ms]
2023-09-13 02:34:55.091 [info] > git push origin main:main [3516ms]
2023-09-13 02:34:55.091 [info] To github.com:TheMystic07/HimYatri.git
   b619263..78559e7  main -> main
2023-09-13 02:34:55.136 [info] > git config --get commit.template [20ms]
2023-09-13 02:34:55.138 [info] > git for-each-ref --format=%(refname)%00%(upstream:short)%00%(objectname)%00%(upstream:track)%00%(upstream:remotename)%00%(upstream:remoteref) refs/heads/main refs/remotes/main [3ms]
2023-09-13 02:34:55.155 [info] > git status -z -uall [6ms]
2023-09-13 02:34:56.259 [info] > git config --get commit.template [6ms]
2023-09-13 02:34:56.278 [info] > git for-each-ref --format=%(refname)%00%(upstream:short)%00%(objectname)%00%(upstream:track)%00%(upstream:remotename)%00%(upstream:remoteref) refs/heads/main refs/remotes/main [3ms]
2023-09-13 02:34:56.297 [info] > git status -z -uall [7ms]
2023-09-13 02:34:56.373 [info] > git ls-files --stage -- /home/mystic/Code/Flutter/HimYatri/conductor_app/lib/pages/splashscreen/splash.dart [11ms]
2023-09-13 02:34:56.381 [info] > git ls-files --stage -- /home/mystic/Code/Flutter/HimYatri/conductor_app/lib/main.dart [29ms]
2023-09-13 02:34:56.428 [info] > git ls-tree -l HEAD -- /home/mystic/Code/Flutter/HimYatri/conductor_app/pubspec.yaml [10ms]
2023-09-13 02:34:56.429 [info] > git ls-tree -l HEAD -- /home/mystic/Code/Flutter/HimYatri/conductor_app/lib/pages/mainScreen/mainscr.dart [21ms]
2023-09-13 02:34:56.430 [info] > git ls-tree -l HEAD -- /home/mystic/Code/Flutter/HimYatri/conductor_app/lib/pages/splashscreen/splash.dart [31ms]
2023-09-13 02:34:56.430 [info] > git cat-file -s 3a20901fd6da571cb8be53746878d07adb9a6a37 [41ms]
2023-09-13 02:34:56.430 [info] > git cat-file -s 1ef07df8e760f04010460e8746a4474b3531fa39 [49ms]
2023-09-13 02:34:56.431 [info] > git ls-files --stage -- /home/mystic/Code/Flutter/HimYatri/conductor_app/lib/pages/mainScreen/mainscr.dart [59ms]
2023-09-13 02:34:56.441 [info] > git ls-files --stage -- /home/mystic/Code/Flutter/HimYatri/conductor_app/pubspec.yaml [14ms]
2023-09-13 02:34:56.497 [info] > git show --textconv HEAD:conductor_app/pubspec.yaml [38ms]
2023-09-13 02:34:56.498 [info] > git show --textconv HEAD:conductor_app/lib/pages/mainScreen/mainscr.dart [30ms]
2023-09-13 02:34:56.498 [info] > git show --textconv HEAD:conductor_app/lib/pages/splashscreen/splash.dart [21ms]
2023-09-13 02:34:56.498 [info] > git show --textconv :conductor_app/lib/main.dart [11ms]
2023-09-13 02:34:56.500 [info] > git cat-file -s 87549b4feb06f49f501a0123cd8aaae92a2ce859 [50ms]
2023-09-13 02:34:56.500 [info] > git cat-file -s 6be4c28e8b814f8a3897274eed8033f6a8819987 [61ms]
2023-09-13 02:34:56.501 [info] > git show --textconv :conductor_app/lib/pages/splashscreen/splash.dart [5ms]
2023-09-13 02:34:56.537 [info] > git show --textconv :conductor_app/pubspec.yaml [19ms]
2023-09-13 02:34:56.541 [info] > git show --textconv :conductor_app/lib/pages/mainScreen/mainscr.dart [5ms]
2023-09-13 02:35:02.282 [info] > git ls-files --stage -- /home/mystic/Code/Flutter/HimYatri/conductor_app/lib/pages/splashscreen/splash.dart [21ms]
2023-09-13 02:35:02.293 [info] > git ls-files --stage -- /home/mystic/Code/Flutter/HimYatri/conductor_app/lib/main.dart [57ms]
2023-09-13 02:35:02.338 [info] > git ls-files --stage -- /home/mystic/Code/Flutter/HimYatri/conductor_app/pubspec.yaml [3ms]
2023-09-13 02:35:02.346 [info] > git ls-tree -l HEAD -- /home/mystic/Code/Flutter/HimYatri/conductor_app/pubspec.yaml [19ms]
2023-09-13 02:35:02.347 [info] > git ls-tree -l HEAD -- /home/mystic/Code/Flutter/HimYatri/conductor_app/lib/pages/mainScreen/mainscr.dart [29ms]
2023-09-13 02:35:02.347 [info] > git ls-tree -l HEAD -- /home/mystic/Code/Flutter/HimYatri/conductor_app/lib/pages/splashscreen/splash.dart [38ms]
2023-09-13 02:35:02.347 [info] > git cat-file -s 3a20901fd6da571cb8be53746878d07adb9a6a37 [47ms]
2023-09-13 02:35:02.348 [info] > git cat-file -s 1ef07df8e760f04010460e8746a4474b3531fa39 [56ms]
2023-09-13 02:35:02.348 [info] > git ls-files --stage -- /home/mystic/Code/Flutter/HimYatri/conductor_app/lib/pages/mainScreen/mainscr.dart [67ms]
2023-09-13 02:35:02.358 [info] > git cat-file -s 87549b4feb06f49f501a0123cd8aaae92a2ce859 [11ms]
2023-09-13 02:35:02.403 [info] > git show --textconv HEAD:conductor_app/pubspec.yaml [37ms]
2023-09-13 02:35:02.403 [info] > git show --textconv HEAD:conductor_app/lib/pages/mainScreen/mainscr.dart [28ms]
2023-09-13 02:35:02.403 [info] > git show --textconv HEAD:conductor_app/lib/pages/splashscreen/splash.dart [18ms]
2023-09-13 02:35:02.403 [info] > git show --textconv :conductor_app/lib/main.dart [10ms]
2023-09-13 02:35:02.404 [info] > git cat-file -s 6be4c28e8b814f8a3897274eed8033f6a8819987 [47ms]
2023-09-13 02:35:02.414 [info] > git show --textconv :conductor_app/lib/pages/splashscreen/splash.dart [12ms]
2023-09-13 02:35:02.424 [info] > git show --textconv :conductor_app/pubspec.yaml [11ms]
2023-09-13 02:35:02.425 [info] > git show --textconv :conductor_app/lib/pages/mainScreen/mainscr.dart [2ms]
2023-09-13 02:35:04.218 [info] > git fetch [3197ms]
2023-09-13 02:35:04.244 [info] > git config --get commit.template [3ms]
2023-09-13 02:35:04.259 [info] > git for-each-ref --format=%(refname)%00%(upstream:short)%00%(objectname)%00%(upstream:track)%00%(upstream:remotename)%00%(upstream:remoteref) refs/heads/main refs/remotes/main [2ms]
2023-09-13 02:35:04.274 [info] > git status -z -uall [6ms]
2023-09-13 02:35:04.298 [info] > git config --get commit.template [11ms]
2023-09-13 02:35:04.300 [info] > git for-each-ref --format=%(refname)%00%(upstream:short)%00%(objectname)%00%(upstream:track)%00%(upstream:remotename)%00%(upstream:remoteref) refs/heads/main refs/remotes/main [2ms]
2023-09-13 02:35:04.316 [info] > git status -z -uall [7ms]
2023-09-13 02:35:05.195 [info] > git ls-files --stage -- /home/mystic/Code/Flutter/HimYatri/conductor_app/lib/pages/splashscreen/splash.dart [20ms]
2023-09-13 02:35:05.209 [info] > git ls-files --stage -- /home/mystic/Code/Flutter/HimYatri/conductor_app/lib/main.dart [51ms]
2023-09-13 02:35:05.260 [info] > git ls-tree -l HEAD -- /home/mystic/Code/Flutter/HimYatri/conductor_app/pubspec.yaml [9ms]
2023-09-13 02:35:05.260 [info] > git ls-tree -l HEAD -- /home/mystic/Code/Flutter/HimYatri/conductor_app/lib/pages/mainScreen/mainscr.dart [19ms]
2023-09-13 02:35:05.261 [info] > git ls-tree -l HEAD -- /home/mystic/Code/Flutter/HimYatri/conductor_app/lib/pages/splashscreen/splash.dart [30ms]
2023-09-13 02:35:05.261 [info] > git cat-file -s 3a20901fd6da571cb8be53746878d07adb9a6a37 [41ms]
2023-09-13 02:35:05.261 [info] > git cat-file -s 1ef07df8e760f04010460e8746a4474b3531fa39 [53ms]
2023-09-13 02:35:05.261 [info] > git ls-files --stage -- /home/mystic/Code/Flutter/HimYatri/conductor_app/lib/pages/mainScreen/mainscr.dart [69ms]
2023-09-13 02:35:05.270 [info] > git ls-files --stage -- /home/mystic/Code/Flutter/HimYatri/conductor_app/pubspec.yaml [12ms]
2023-09-13 02:35:05.322 [info] > git show --textconv HEAD:conductor_app/pubspec.yaml [34ms]
2023-09-13 02:35:05.322 [info] > git show --textconv HEAD:conductor_app/lib/pages/mainScreen/mainscr.dart [27ms]
2023-09-13 02:35:05.322 [info] > git show --textconv HEAD:conductor_app/lib/pages/splashscreen/splash.dart [18ms]
2023-09-13 02:35:05.322 [info] > git show --textconv :conductor_app/lib/main.dart [10ms]
2023-09-13 02:35:05.323 [info] > git cat-file -s 87549b4feb06f49f501a0123cd8aaae92a2ce859 [45ms]
2023-09-13 02:35:05.323 [info] > git cat-file -s 6be4c28e8b814f8a3897274eed8033f6a8819987 [54ms]
2023-09-13 02:35:05.325 [info] > git show --textconv :conductor_app/lib/pages/splashscreen/splash.dart [4ms]
2023-09-13 02:35:05.345 [info] > git show --textconv :conductor_app/pubspec.yaml [10ms]
2023-09-13 02:35:05.346 [info] > git show --textconv :conductor_app/lib/pages/mainScreen/mainscr.dart [2ms]
2023-09-13 02:35:06.583 [info] > git ls-tree -l HEAD -- /home/mystic/Code/Flutter/HimYatri/conductor_app/lib/pages/mainScreen/mainscr.dart [2ms]
2023-09-13 02:35:09.359 [info] > git config --get commit.template [13ms]
2023-09-13 02:35:09.360 [info] > git for-each-ref --format=%(refname)%00%(upstream:short)%00%(objectname)%00%(upstream:track)%00%(upstream:remotename)%00%(upstream:remoteref) refs/heads/main refs/remotes/main [2ms]
2023-09-13 02:35:09.375 [info] > git status -z -uall [6ms]
2023-09-13 02:35:49.359 [info] > git config --get commit.template [22ms]
2023-09-13 02:35:49.360 [info] > git for-each-ref --format=%(refname)%00%(upstream:short)%00%(objectname)%00%(upstream:track)%00%(upstream:remotename)%00%(upstream:remoteref) refs/heads/main refs/remotes/main [2ms]
2023-09-13 02:35:49.376 [info] > git status -z -uall [6ms]
2023-09-13 02:35:56.577 [info] > git config --get commit.template [28ms]
2023-09-13 02:35:56.580 [info] > git for-each-ref --format=%(refname)%00%(upstream:short)%00%(objectname)%00%(upstream:track)%00%(upstream:remotename)%00%(upstream:remoteref) refs/heads/main refs/remotes/main [5ms]
2023-09-13 02:35:56.604 [info] > git status -z -uall [10ms]
2023-09-13 02:37:02.504 [info] > git config --get commit.template [21ms]
2023-09-13 02:37:02.506 [info] > git for-each-ref --format=%(refname)%00%(upstream:short)%00%(objectname)%00%(upstream:track)%00%(upstream:remotename)%00%(upstream:remoteref) refs/heads/main refs/remotes/main [3ms]
2023-09-13 02:37:02.528 [info] > git status -z -uall [9ms]
2023-09-13 02:37:46.233 [info] > git ls-tree -l HEAD -- /home/mystic/Code/Flutter/HimYatri/conductor_app/lib/pages/mainScreen/mainscr.dart [4ms]
2023-09-13 02:37:57.604 [info] > git ls-tree -l HEAD -- /home/mystic/Code/Flutter/HimYatri/conductor_app/pubspec.yaml [11ms]
2023-09-13 02:37:57.608 [info] > git ls-files --stage -- /home/mystic/Code/Flutter/HimYatri/conductor_app/pubspec.yaml [4ms]
2023-09-13 02:37:57.620 [info] > git cat-file -s 87549b4feb06f49f501a0123cd8aaae92a2ce859 [2ms]
2023-09-13 02:38:03.413 [info] > git rev-parse --show-toplevel [4ms]
2023-09-13 02:38:03.413 [info] fatal: not a git repository (or any parent up to mount point /)
Stopping at filesystem boundary (GIT_DISCOVERY_ACROSS_FILESYSTEM not set).
2023-09-13 02:38:05.507 [info] > git ls-files --stage -- /home/mystic/Code/Flutter/HimYatri/conductor_app/lib/pages/mainScreen/mainscr.dart [9ms]
2023-09-13 02:38:05.516 [info] > git ls-files --stage -- /home/mystic/Code/Flutter/HimYatri/conductor_app/lib/pages/splashscreen/splash.dart [26ms]
2023-09-13 02:38:05.524 [info] > git ls-files --stage -- /home/mystic/Code/Flutter/HimYatri/conductor_app/lib/main.dart [44ms]
2023-09-13 02:38:05.533 [info] > git cat-file -s 1ef07df8e760f04010460e8746a4474b3531fa39 [10ms]
2023-09-13 02:38:05.533 [info] > git cat-file -s 6be4c28e8b814f8a3897274eed8033f6a8819987 [18ms]
2023-09-13 02:38:05.534 [info] > git ls-tree -l HEAD -- /home/mystic/Code/Flutter/HimYatri/conductor_app/lib/pages/splashscreen/splash.dart [28ms]
2023-09-13 02:38:05.536 [info] > git cat-file -s 3a20901fd6da571cb8be53746878d07adb9a6a37 [4ms]
2023-09-13 02:38:05.641 [info] > git show --textconv :conductor_app/lib/pages/splashscreen/splash.dart [36ms]
2023-09-13 02:38:05.641 [info] > git show --textconv :conductor_app/lib/pages/mainScreen/mainscr.dart [24ms]
2023-09-13 02:38:05.641 [info] > git show --textconv HEAD:conductor_app/lib/pages/splashscreen/splash.dart [13ms]
2023-09-13 02:38:05.641 [info] > git show --textconv :conductor_app/lib/main.dart [3ms]
2023-09-13 02:38:07.372 [info] > git fetch [3082ms]
2023-09-13 02:38:07.416 [info] > git config --get commit.template [16ms]
2023-09-13 02:38:07.416 [info] > git for-each-ref --format=%(refname)%00%(upstream:short)%00%(objectname)%00%(upstream:track)%00%(upstream:remotename)%00%(upstream:remoteref) refs/heads/main refs/remotes/main [2ms]
2023-09-13 02:38:07.437 [info] > git status -z -uall [8ms]
2023-09-13 02:38:07.457 [info] > git ls-tree -l HEAD -- /home/mystic/Code/Flutter/HimYatri/conductor_app/lib/pages/splashscreen/splash.dart [5ms]
2023-09-13 02:38:08.347 [info] > git ls-files --stage -- /home/mystic/Code/Flutter/HimYatri/conductor_app/lib/pages/mainScreen/mainscr.dart [11ms]
2023-09-13 02:38:08.356 [info] > git ls-files --stage -- /home/mystic/Code/Flutter/HimYatri/conductor_app/lib/pages/splashscreen/splash.dart [28ms]
2023-09-13 02:38:08.365 [info] > git ls-files --stage -- /home/mystic/Code/Flutter/HimYatri/conductor_app/lib/main.dart [50ms]
2023-09-13 02:38:08.375 [info] > git cat-file -s 1ef07df8e760f04010460e8746a4474b3531fa39 [10ms]
2023-09-13 02:38:08.376 [info] > git cat-file -s 6be4c28e8b814f8a3897274eed8033f6a8819987 [21ms]
2023-09-13 02:38:08.377 [info] > git ls-tree -l HEAD -- /home/mystic/Code/Flutter/HimYatri/conductor_app/lib/pages/splashscreen/splash.dart [31ms]
2023-09-13 02:38:08.377 [info] > git cat-file -s 3a20901fd6da571cb8be53746878d07adb9a6a37 [3ms]
2023-09-13 02:38:08.421 [info] > git show --textconv :conductor_app/lib/pages/splashscreen/splash.dart [32ms]
2023-09-13 02:38:08.421 [info] > git show --textconv :conductor_app/lib/pages/mainScreen/mainscr.dart [22ms]
2023-09-13 02:38:08.421 [info] > git show --textconv HEAD:conductor_app/lib/pages/splashscreen/splash.dart [12ms]
2023-09-13 02:38:08.421 [info] > git show --textconv :conductor_app/lib/main.dart [3ms]
2023-09-13 02:38:09.336 [info] > git config --get commit.template [17ms]
2023-09-13 02:38:09.337 [info] > git for-each-ref --format=%(refname)%00%(upstream:short)%00%(objectname)%00%(upstream:track)%00%(upstream:remotename)%00%(upstream:remoteref) refs/heads/main refs/remotes/main [2ms]
2023-09-13 02:38:09.352 [info] > git status -z -uall [5ms]
2023-09-13 02:38:23.374 [info] > git config --get commit.template [10ms]
2023-09-13 02:38:23.375 [info] > git for-each-ref --format=%(refname)%00%(upstream:short)%00%(objectname)%00%(upstream:track)%00%(upstream:remotename)%00%(upstream:remoteref) refs/heads/main refs/remotes/main [2ms]
2023-09-13 02:38:23.390 [info] > git status -z -uall [6ms]
2023-09-13 02:38:28.418 [info] > git config --get commit.template [13ms]
2023-09-13 02:38:28.419 [info] > git for-each-ref --format=%(refname)%00%(upstream:short)%00%(objectname)%00%(upstream:track)%00%(upstream:remotename)%00%(upstream:remoteref) refs/heads/main refs/remotes/main [2ms]
2023-09-13 02:38:28.435 [info] > git status -z -uall [7ms]
2023-09-13 02:38:33.455 [info] > git config --get commit.template [8ms]
2023-09-13 02:38:33.456 [info] > git for-each-ref --format=%(refname)%00%(upstream:short)%00%(objectname)%00%(upstream:track)%00%(upstream:remotename)%00%(upstream:remoteref) refs/heads/main refs/remotes/main [2ms]
2023-09-13 02:38:33.470 [info] > git status -z -uall [6ms]
2023-09-13 02:38:39.615 [info] > git config --get commit.template [8ms]
2023-09-13 02:38:39.616 [info] > git for-each-ref --format=%(refname)%00%(upstream:short)%00%(objectname)%00%(upstream:track)%00%(upstream:remotename)%00%(upstream:remoteref) refs/heads/main refs/remotes/main [1ms]
2023-09-13 02:38:39.629 [info] > git status -z -uall [6ms]
2023-09-13 02:38:44.683 [info] > git config --get commit.template [21ms]
2023-09-13 02:38:44.685 [info] > git for-each-ref --format=%(refname)%00%(upstream:short)%00%(objectname)%00%(upstream:track)%00%(upstream:remotename)%00%(upstream:remoteref) refs/heads/main refs/remotes/main [4ms]
2023-09-13 02:38:44.702 [info] > git status -z -uall [7ms]
2023-09-13 02:39:42.750 [info] > git add -A -- /home/mystic/Code/Flutter/HimYatri/conductor_app/lib/pages/mainScreen/mainscr.dart [47ms]
2023-09-13 02:39:42.797 [info] > git config --get commit.template [22ms]
2023-09-13 02:39:42.799 [info] > git for-each-ref --format=%(refname)%00%(upstream:short)%00%(objectname)%00%(upstream:track)%00%(upstream:remotename)%00%(upstream:remoteref) refs/heads/main refs/remotes/main [4ms]
2023-09-13 02:39:42.823 [info] > git status -z -uall [11ms]
2023-09-13 02:39:44.000 [info] > git config --get commit.template [22ms]
2023-09-13 02:39:44.001 [info] > git for-each-ref --format=%(refname)%00%(upstream:short)%00%(objectname)%00%(upstream:track)%00%(upstream:remotename)%00%(upstream:remoteref) refs/heads/main refs/remotes/main [3ms]
2023-09-13 02:39:44.024 [info] > git status -z -uall [9ms]
2023-09-13 02:39:44.088 [info] > git ls-files --stage -- /home/mystic/Code/Flutter/HimYatri/conductor_app/lib/pages/splashscreen/splash.dart [14ms]
2023-09-13 02:39:44.097 [info] > git ls-files --stage -- /home/mystic/Code/Flutter/HimYatri/conductor_app/lib/main.dart [35ms]
2023-09-13 02:39:44.108 [info] > git cat-file -s 1ef07df8e760f04010460e8746a4474b3531fa39 [11ms]
2023-09-13 02:39:44.109 [info] > git ls-files --stage -- /home/mystic/Code/Flutter/HimYatri/conductor_app/lib/pages/mainScreen/mainscr.dart [21ms]
2023-09-13 02:39:44.117 [info] > git cat-file -s 3a20901fd6da571cb8be53746878d07adb9a6a37 [12ms]
2023-09-13 02:39:44.128 [info] > git cat-file -s d2fa10c7f297b00395f03fa23e9aca504df9fe37 [12ms]
2023-09-13 02:39:44.129 [info] > git show --textconv :conductor_app/lib/pages/splashscreen/splash.dart [2ms]
2023-09-13 02:39:44.140 [info] > git show --textconv :conductor_app/lib/main.dart [2ms]
2023-09-13 02:39:44.161 [info] > git show --textconv :conductor_app/lib/pages/mainScreen/mainscr.dart [1ms]
2023-09-13 02:39:44.290 [info] > git add -A -- /home/mystic/Code/Flutter/HimYatri/conductor_app/lib/pages/splashscreen/splash.dart [3ms]
2023-09-13 02:39:44.312 [info] > git config --get commit.template [12ms]
2023-09-13 02:39:44.313 [info] > git for-each-ref --format=%(refname)%00%(upstream:short)%00%(objectname)%00%(upstream:track)%00%(upstream:remotename)%00%(upstream:remoteref) refs/heads/main refs/remotes/main [2ms]
2023-09-13 02:39:44.331 [info] > git status -z -uall [8ms]
2023-09-13 02:39:45.643 [info] > git ls-files --stage -- /home/mystic/Code/Flutter/HimYatri/conductor_app/lib/pages/splashscreen/splash.dart [22ms]
2023-09-13 02:39:45.652 [info] > git ls-files --stage -- /home/mystic/Code/Flutter/HimYatri/conductor_app/lib/main.dart [55ms]
2023-09-13 02:39:45.661 [info] > git cat-file -s bf7c1dd8c67d3cb593efd00b3e57e80d7a8cbe24 [9ms]
2023-09-13 02:39:45.661 [info] > git ls-files --stage -- /home/mystic/Code/Flutter/HimYatri/conductor_app/lib/pages/mainScreen/mainscr.dart [21ms]
2023-09-13 02:39:45.670 [info] > git cat-file -s 3a20901fd6da571cb8be53746878d07adb9a6a37 [10ms]
2023-09-13 02:39:45.679 [info] > git cat-file -s d2fa10c7f297b00395f03fa23e9aca504df9fe37 [10ms]
2023-09-13 02:39:45.689 [info] > git show --textconv :conductor_app/lib/pages/splashscreen/splash.dart [10ms]
2023-09-13 02:39:45.698 [info] > git show --textconv :conductor_app/lib/main.dart [10ms]
2023-09-13 02:39:45.699 [info] > git show --textconv :conductor_app/lib/pages/mainScreen/mainscr.dart [2ms]
2023-09-13 02:39:47.379 [info] > git show --textconv HEAD:conductor_app/lib/pages/mainScreen/mainscr.dart [30ms]
2023-09-13 02:39:47.379 [info] > git show --textconv :conductor_app/lib/pages/mainScreen/mainscr.dart [20ms]
2023-09-13 02:39:47.379 [info] > git ls-tree -l HEAD -- /home/mystic/Code/Flutter/HimYatri/conductor_app/lib/pages/mainScreen/mainscr.dart [11ms]
2023-09-13 02:39:47.381 [info] > git ls-files --stage -- /home/mystic/Code/Flutter/HimYatri/conductor_app/lib/pages/mainScreen/mainscr.dart [3ms]
2023-09-13 02:39:47.391 [info] > git cat-file -s d2fa10c7f297b00395f03fa23e9aca504df9fe37 [2ms]
2023-09-13 02:39:47.912 [info] > git check-ignore -v -z --stdin [5ms]
2023-09-13 02:39:49.074 [info] > git config --get commit.template [20ms]
2023-09-13 02:39:49.076 [info] > git for-each-ref --format=%(refname)%00%(upstream:short)%00%(objectname)%00%(upstream:track)%00%(upstream:remotename)%00%(upstream:remoteref) refs/heads/main refs/remotes/main [3ms]
2023-09-13 02:39:49.093 [info] > git status -z -uall [7ms]
2023-09-13 02:39:58.879 [info] > git show --textconv HEAD:conductor_app/lib/pages/splashscreen/splash.dart [25ms]
2023-09-13 02:39:58.880 [info] > git show --textconv :conductor_app/lib/pages/splashscreen/splash.dart [17ms]
2023-09-13 02:39:58.880 [info] > git ls-tree -l HEAD -- /home/mystic/Code/Flutter/HimYatri/conductor_app/lib/pages/splashscreen/splash.dart [9ms]
2023-09-13 02:39:58.882 [info] > git ls-files --stage -- /home/mystic/Code/Flutter/HimYatri/conductor_app/lib/pages/splashscreen/splash.dart [3ms]
2023-09-13 02:39:58.892 [info] > git cat-file -s bf7c1dd8c67d3cb593efd00b3e57e80d7a8cbe24 [3ms]
2023-09-13 02:39:59.392 [info] > git check-ignore -v -z --stdin [2ms]
2023-09-13 02:41:10.660 [info] > git ls-tree -l HEAD -- /home/mystic/Code/Flutter/HimYatri/conductor_app/lib/pages/splashscreen/splash.dart [11ms]
2023-09-13 02:41:10.661 [info] > git ls-files --stage -- /home/mystic/Code/Flutter/HimYatri/conductor_app/lib/pages/mainScreen/mainscr.dart [21ms]
2023-09-13 02:41:10.670 [info] > git ls-files --stage -- /home/mystic/Code/Flutter/HimYatri/conductor_app/lib/pages/splashscreen/splash.dart [40ms]
2023-09-13 02:41:10.678 [info] > git ls-files --stage -- /home/mystic/Code/Flutter/HimYatri/conductor_app/lib/main.dart [58ms]
2023-09-13 02:41:10.687 [info] > git fetch [3170ms]
2023-09-13 02:41:10.699 [info] > git cat-file -s 3a20901fd6da571cb8be53746878d07adb9a6a37 [11ms]
2023-09-13 02:41:10.700 [info] > git cat-file -s bf7c1dd8c67d3cb593efd00b3e57e80d7a8cbe24 [22ms]
2023-09-13 02:41:10.700 [info] > git cat-file -s d2fa10c7f297b00395f03fa23e9aca504df9fe37 [31ms]
2023-09-13 02:41:10.700 [info] > git ls-files --stage -- /home/mystic/Code/Flutter/HimYatri/conductor_app/lib/pages/splashscreen/splash.dart [41ms]
2023-09-13 02:41:10.720 [info] > git cat-file -s bf7c1dd8c67d3cb593efd00b3e57e80d7a8cbe24 [11ms]
2023-09-13 02:41:10.721 [info] > git config --get commit.template [22ms]
2023-09-13 02:41:10.748 [info] > git show --textconv HEAD:conductor_app/lib/pages/splashscreen/splash.dart [29ms]
2023-09-13 02:41:10.748 [info] > git show --textconv :conductor_app/lib/main.dart [19ms]
2023-09-13 02:41:10.749 [info] > git show --textconv :conductor_app/lib/pages/splashscreen/splash.dart [12ms]
2023-09-13 02:41:10.767 [info] > git show --textconv :conductor_app/lib/pages/mainScreen/mainscr.dart [18ms]
2023-09-13 02:41:10.767 [info] > git show --textconv :conductor_app/lib/pages/splashscreen/splash.dart [9ms]
2023-09-13 02:41:10.768 [info] > git for-each-ref --format=%(refname)%00%(upstream:short)%00%(objectname)%00%(upstream:track)%00%(upstream:remotename)%00%(upstream:remoteref) refs/heads/main refs/remotes/main [2ms]
2023-09-13 02:41:10.782 [info] > git status -z -uall [6ms]
2023-09-13 02:41:17.323 [info] > git add -A -- /home/mystic/Code/Flutter/HimYatri/conductor_app/lib/pages/mainScreen/mainscr.dart [3ms]
2023-09-13 02:41:17.344 [info] > git config --get commit.template [10ms]
2023-09-13 02:41:17.345 [info] > git for-each-ref --format=%(refname)%00%(upstream:short)%00%(objectname)%00%(upstream:track)%00%(upstream:remotename)%00%(upstream:remoteref) refs/heads/main refs/remotes/main [2ms]
2023-09-13 02:41:17.360 [info] > git status -z -uall [6ms]
2023-09-13 02:41:17.401 [info] > git -c user.useConfigOnly=true commit --quiet --allow-empty-message --file - [26ms]
2023-09-13 02:41:17.415 [info] > git config --get commit.template [5ms]
2023-09-13 02:41:17.441 [info] > git config --get commit.template [12ms]
2023-09-13 02:41:17.442 [info] > git for-each-ref --format=%(refname)%00%(upstream:short)%00%(objectname)%00%(upstream:track)%00%(upstream:remotename)%00%(upstream:remoteref) refs/heads/main refs/remotes/main [2ms]
2023-09-13 02:41:17.460 [info] > git status -z -uall [7ms]
2023-09-13 02:41:18.790 [info] > git ls-tree -l HEAD -- /home/mystic/Code/Flutter/HimYatri/conductor_app/lib/pages/splashscreen/splash.dart [11ms]
2023-09-13 02:41:18.791 [info] > git ls-files --stage -- /home/mystic/Code/Flutter/HimYatri/conductor_app/lib/pages/mainScreen/mainscr.dart [22ms]
2023-09-13 02:41:18.800 [info] > git ls-files --stage -- /home/mystic/Code/Flutter/HimYatri/conductor_app/lib/pages/splashscreen/splash.dart [46ms]
2023-09-13 02:41:18.810 [info] > git ls-files --stage -- /home/mystic/Code/Flutter/HimYatri/conductor_app/lib/main.dart [79ms]
2023-09-13 02:41:18.821 [info] > git cat-file -s bf7c1dd8c67d3cb593efd00b3e57e80d7a8cbe24 [12ms]
2023-09-13 02:41:18.822 [info] > git cat-file -s 78495de408b834b09405a2f4ae439d438f3f953e [22ms]
2023-09-13 02:41:18.822 [info] > git ls-files --stage -- /home/mystic/Code/Flutter/HimYatri/conductor_app/lib/pages/splashscreen/splash.dart [33ms]
2023-09-13 02:41:18.840 [info] > git cat-file -s bf7c1dd8c67d3cb593efd00b3e57e80d7a8cbe24 [10ms]
2023-09-13 02:41:18.841 [info] > git cat-file -s 3a20901fd6da571cb8be53746878d07adb9a6a37 [23ms]
2023-09-13 02:41:18.860 [info] > git show --textconv HEAD:conductor_app/lib/pages/splashscreen/splash.dart [20ms]
2023-09-13 02:41:18.860 [info] > git show --textconv :conductor_app/lib/pages/splashscreen/splash.dart [10ms]
2023-09-13 02:41:18.882 [info] > git show --textconv :conductor_app/lib/pages/mainScreen/mainscr.dart [22ms]
2023-09-13 02:41:18.883 [info] > git show --textconv :conductor_app/lib/pages/splashscreen/splash.dart [10ms]
2023-09-13 02:41:18.886 [info] > git show --textconv :conductor_app/lib/main.dart [5ms]
2023-09-13 02:41:20.709 [info] > git push origin main:main [3227ms]
2023-09-13 02:41:20.709 [info] To github.com:TheMystic07/HimYatri.git
   78559e7..a94b9f7  main -> main
2023-09-13 02:41:20.753 [info] > git config --get commit.template [18ms]
2023-09-13 02:41:20.755 [info] > git for-each-ref --format=%(refname)%00%(upstream:short)%00%(objectname)%00%(upstream:track)%00%(upstream:remotename)%00%(upstream:remoteref) refs/heads/main refs/remotes/main [2ms]
2023-09-13 02:41:20.769 [info] > git status -z -uall [6ms]
2023-09-13 02:41:20.818 [info] > git config --get commit.template [2ms]
2023-09-13 02:41:20.829 [info] > git for-each-ref --format=%(refname)%00%(upstream:short)%00%(objectname)%00%(upstream:track)%00%(upstream:remotename)%00%(upstream:remoteref) refs/heads/main refs/remotes/main [2ms]
2023-09-13 02:41:20.844 [info] > git status -z -uall [6ms]
2023-09-13 02:41:22.030 [info] > git ls-tree -l HEAD -- /home/mystic/Code/Flutter/HimYatri/conductor_app/lib/pages/splashscreen/splash.dart [17ms]
2023-09-13 02:41:22.031 [info] > git ls-files --stage -- /home/mystic/Code/Flutter/HimYatri/conductor_app/lib/pages/mainScreen/mainscr.dart [37ms]
2023-09-13 02:41:22.041 [info] > git ls-files --stage -- /home/mystic/Code/Flutter/HimYatri/conductor_app/lib/pages/splashscreen/splash.dart [71ms]
2023-09-13 02:41:22.050 [info] > git ls-files --stage -- /home/mystic/Code/Flutter/HimYatri/conductor_app/lib/main.dart [104ms]
2023-09-13 02:41:22.059 [info] > git cat-file -s bf7c1dd8c67d3cb593efd00b3e57e80d7a8cbe24 [9ms]
2023-09-13 02:41:22.060 [info] > git cat-file -s 78495de408b834b09405a2f4ae439d438f3f953e [18ms]
2023-09-13 02:41:22.060 [info] > git ls-files --stage -- /home/mystic/Code/Flutter/HimYatri/conductor_app/lib/pages/splashscreen/splash.dart [34ms]
2023-09-13 02:41:22.087 [info] > git cat-file -s bf7c1dd8c67d3cb593efd00b3e57e80d7a8cbe24 [15ms]
2023-09-13 02:41:22.088 [info] > git cat-file -s 3a20901fd6da571cb8be53746878d07adb9a6a37 [30ms]
2023-09-13 02:41:22.113 [info] > git show --textconv HEAD:conductor_app/lib/pages/splashscreen/splash.dart [26ms]
2023-09-13 02:41:22.113 [info] > git show --textconv :conductor_app/lib/pages/splashscreen/splash.dart [10ms]
2023-09-13 02:41:22.136 [info] > git show --textconv :conductor_app/lib/pages/mainScreen/mainscr.dart [23ms]
2023-09-13 02:41:22.136 [info] > git show --textconv :conductor_app/lib/pages/splashscreen/splash.dart [11ms]
2023-09-13 02:41:22.138 [info] > git show --textconv :conductor_app/lib/main.dart [2ms]
2023-09-13 02:41:22.974 [info] > git config --get commit.template [24ms]
2023-09-13 02:41:22.976 [info] > git for-each-ref --format=%(refname)%00%(upstream:short)%00%(objectname)%00%(upstream:track)%00%(upstream:remotename)%00%(upstream:remoteref) refs/heads/main refs/remotes/main [3ms]
2023-09-13 02:41:23.003 [info] > git status -z -uall [11ms]
2023-09-13 02:43:08.437 [info] > git config --get commit.template [13ms]
2023-09-13 02:43:08.439 [info] > git for-each-ref --format=%(refname)%00%(upstream:short)%00%(objectname)%00%(upstream:track)%00%(upstream:remotename)%00%(upstream:remoteref) refs/heads/main refs/remotes/main [2ms]
2023-09-13 02:43:08.459 [info] > git status -z -uall [9ms]
2023-09-13 02:44:02.195 [info] > git config --get commit.template [12ms]
2023-09-13 02:44:02.232 [info] > git for-each-ref --format=%(refname)%00%(upstream:short)%00%(objectname)%00%(upstream:track)%00%(upstream:remotename)%00%(upstream:remoteref) refs/heads/main refs/remotes/main [37ms]
2023-09-13 02:44:02.417 [info] > git status -z -uall [158ms]
2023-09-13 02:44:07.437 [info] > git config --get commit.template [3ms]
2023-09-13 02:44:07.452 [info] > git for-each-ref --format=%(refname)%00%(upstream:short)%00%(objectname)%00%(upstream:track)%00%(upstream:remotename)%00%(upstream:remoteref) refs/heads/main refs/remotes/main [2ms]
2023-09-13 02:44:07.471 [info] > git status -z -uall [8ms]
2023-09-13 02:44:12.087 [info] > git ls-tree -l HEAD -- /home/mystic/Code/Flutter/HimYatri/conductor_app/lib/pages/splashscreen/splash.dart [11ms]
2023-09-13 02:44:12.088 [info] > git ls-files --stage -- /home/mystic/Code/Flutter/HimYatri/conductor_app/lib/pages/mainScreen/mainscr.dart [24ms]
2023-09-13 02:44:12.096 [info] > git ls-files --stage -- /home/mystic/Code/Flutter/HimYatri/conductor_app/lib/pages/splashscreen/splash.dart [49ms]
2023-09-13 02:44:12.105 [info] > git ls-files --stage -- /home/mystic/Code/Flutter/HimYatri/conductor_app/lib/main.dart [82ms]
2023-09-13 02:44:12.116 [info] > git cat-file -s bf7c1dd8c67d3cb593efd00b3e57e80d7a8cbe24 [11ms]
2023-09-13 02:44:12.116 [info] > git cat-file -s 78495de408b834b09405a2f4ae439d438f3f953e [20ms]
2023-09-13 02:44:12.116 [info] > git ls-files --stage -- /home/mystic/Code/Flutter/HimYatri/conductor_app/lib/pages/splashscreen/splash.dart [30ms]
2023-09-13 02:44:12.133 [info] > git cat-file -s bf7c1dd8c67d3cb593efd00b3e57e80d7a8cbe24 [9ms]
2023-09-13 02:44:12.134 [info] > git cat-file -s 3a20901fd6da571cb8be53746878d07adb9a6a37 [21ms]
2023-09-13 02:44:12.152 [info] > git show --textconv HEAD:conductor_app/lib/pages/splashscreen/splash.dart [20ms]
2023-09-13 02:44:12.152 [info] > git show --textconv :conductor_app/lib/pages/splashscreen/splash.dart [9ms]
2023-09-13 02:44:12.171 [info] > git show --textconv :conductor_app/lib/pages/mainScreen/mainscr.dart [20ms]
2023-09-13 02:44:12.171 [info] > git show --textconv :conductor_app/lib/pages/splashscreen/splash.dart [9ms]
2023-09-13 02:44:12.172 [info] > git show --textconv :conductor_app/lib/main.dart [2ms]
2023-09-13 02:44:14.213 [info] > git fetch [3405ms]
2023-09-13 02:44:14.262 [info] > git config --get commit.template [25ms]
2023-09-13 02:44:14.266 [info] > git for-each-ref --format=%(refname)%00%(upstream:short)%00%(objectname)%00%(upstream:track)%00%(upstream:remotename)%00%(upstream:remoteref) refs/heads/main refs/remotes/main [5ms]
2023-09-13 02:44:14.294 [info] > git status -z -uall [10ms]
2023-09-13 02:44:15.152 [info] > git ls-files --stage -- /home/mystic/Code/Flutter/HimYatri/conductor_app/lib/pages/mainScreen/mainscr.dart [10ms]
2023-09-13 02:44:15.161 [info] > git ls-files --stage -- /home/mystic/Code/Flutter/HimYatri/conductor_app/lib/pages/splashscreen/splash.dart [30ms]
2023-09-13 02:44:15.169 [info] > git ls-files --stage -- /home/mystic/Code/Flutter/HimYatri/conductor_app/lib/main.dart [55ms]
2023-09-13 02:44:15.188 [info] > git cat-file -s 3a20901fd6da571cb8be53746878d07adb9a6a37 [10ms]
2023-09-13 02:44:15.188 [info] > git cat-file -s bf7c1dd8c67d3cb593efd00b3e57e80d7a8cbe24 [19ms]
2023-09-13 02:44:15.189 [info] > git cat-file -s 78495de408b834b09405a2f4ae439d438f3f953e [28ms]
2023-09-13 02:44:15.189 [info] > git ls-tree -l HEAD -- /home/mystic/Code/Flutter/HimYatri/conductor_app/lib/pages/splashscreen/splash.dart [38ms]
2023-09-13 02:44:15.190 [info] > git ls-files --stage -- /home/mystic/Code/Flutter/HimYatri/conductor_app/lib/pages/splashscreen/splash.dart [4ms]
2023-09-13 02:44:15.209 [info] > git cat-file -s bf7c1dd8c67d3cb593efd00b3e57e80d7a8cbe24 [9ms]
2023-09-13 02:44:15.240 [info] > git show --textconv :conductor_app/lib/main.dart [32ms]
2023-09-13 02:44:15.240 [info] > git show --textconv :conductor_app/lib/pages/splashscreen/splash.dart [21ms]
2023-09-13 02:44:15.240 [info] > git show --textconv :conductor_app/lib/pages/mainScreen/mainscr.dart [11ms]
2023-09-13 02:44:15.251 [info] > git show --textconv HEAD:conductor_app/lib/pages/splashscreen/splash.dart [13ms]
2023-09-13 02:44:15.252 [info] > git show --textconv :conductor_app/lib/pages/splashscreen/splash.dart [1ms]
2023-09-13 02:44:16.145 [info] > git config --get commit.template [27ms]
2023-09-13 02:44:16.149 [info] > git for-each-ref --format=%(refname)%00%(upstream:short)%00%(objectname)%00%(upstream:track)%00%(upstream:remotename)%00%(upstream:remoteref) refs/heads/main refs/remotes/main [6ms]
2023-09-13 02:44:16.172 [info] > git status -z -uall [7ms]
2023-09-13 02:44:21.220 [info] > git config --get commit.template [18ms]
2023-09-13 02:44:21.222 [info] > git for-each-ref --format=%(refname)%00%(upstream:short)%00%(objectname)%00%(upstream:track)%00%(upstream:remotename)%00%(upstream:remoteref) refs/heads/main refs/remotes/main [4ms]
2023-09-13 02:44:21.250 [info] > git status -z -uall [13ms]
