2023-09-12 23:49:50.336 [info] Using settings sync service https://vscode-sync.trafficmanager.net/
2023-09-12 23:49:50.336 [info] Auto Sync is enabled.
2023-09-12 23:49:50.336 [info] Auto Sync: Suspended until auth token is available.
2023-09-12 23:49:52.506 [info] Auto Sync: Triggered by Interval
2023-09-12 23:49:52.506 [info] Sync started.
2023-09-12 23:49:54.104 [info] Settings: No changes found during synchronizing settings.
2023-09-12 23:49:54.211 [info] Deleting non existing profile from backup /home/mystic/.config/Code/User/sync/extensions
2023-09-12 23:49:54.366 [info] Deleting non existing profile from backup /home/mystic/.config/Code/User/sync/globalState
2023-09-12 23:49:54.473 [info] Deleting non existing profile from backup /home/mystic/.config/Code/User/sync/keybindings
2023-09-12 23:49:54.568 [info] Deleting non existing profile from backup /home/mystic/.config/Code/User/sync/profiles
2023-09-12 23:49:54.622 [info] Keybindings: No changes found during synchronizing keybindings.
2023-09-12 23:49:54.634 [info] Deleting non existing profile from backup /home/mystic/.config/Code/User/sync/settings
2023-09-12 23:49:54.750 [info] Deleting non existing profile from backup /home/mystic/.config/Code/User/sync/snippets
2023-09-12 23:49:54.764 [info] Deleting non existing profile from backup /home/mystic/.config/Code/User/sync/tasks
2023-09-12 23:49:54.780 [info] Snippets: No changes found during synchronizing snippets.
2023-09-12 23:49:54.786 [info] Tasks: Last sync resource does not exist locally.
2023-09-12 23:49:55.118 [info] Tasks: No changes found during synchronizing tasks.
2023-09-12 23:49:55.125 [info] GlobalState: Last sync resource does not exist locally.
2023-09-12 23:49:55.908 [info] GlobalState: Updated remote ui state. Updated: workbench.activity.pinnedViewlets2,workbench.statusbar.hidden,cpp.1.lastSessionDate,cpp.1.sessionCount,java.2.lastSessionDate,java.2.sessionCount,javascript.1.lastSessionDate,javascript.1.sessionCount,typescript.1.lastSessionDate,typescript.1.sessionCount,csharp.1.lastSessionDate,csharp.1.sessionCount.
2023-09-12 23:49:55.985 [info] GlobalState: Updated last synchronized ui state
2023-09-12 23:49:55.995 [info] Extensions: Last sync resource does not exist locally.
2023-09-12 23:49:56.461 [info] Extensions: No changes found during synchronizing extensions.
2023-09-12 23:49:56.468 [info] Profiles: Last sync resource does not exist locally.
2023-09-12 23:49:56.818 [info] Profiles: No changes found during synchronizing profiles.
2023-09-12 23:49:56.824 [info] Sync done. Took 4368ms
2023-09-12 23:50:04.008 [info] Auto Sync: Triggered by Activity
2023-09-12 23:50:04.009 [info] Sync started.
2023-09-12 23:50:04.151 [info] Settings: Last sync resource does not exist locally.
2023-09-12 23:50:04.396 [info] Settings: No changes found during synchronizing settings.
2023-09-12 23:50:04.416 [info] Keybindings: Last sync resource does not exist locally.
2023-09-12 23:50:04.607 [info] Keybindings: No changes found during synchronizing keybindings.
2023-09-12 23:50:04.622 [info] Snippets: Last sync resource does not exist locally.
2023-09-12 23:50:04.800 [info] Snippets: No changes found during synchronizing snippets.
2023-09-12 23:50:04.818 [info] Tasks: No changes found during synchronizing tasks.
2023-09-12 23:50:04.845 [info] GlobalState: No changes found during synchronizing ui state.
2023-09-12 23:50:05.021 [info] Extensions: No changes found during synchronizing extensions.
2023-09-12 23:50:05.027 [info] Profiles: No changes found during synchronizing profiles.
2023-09-12 23:50:05.032 [info] Sync done. Took 1025ms
2023-09-12 23:50:12.075 [info] Auto Sync: Triggered by Activity
2023-09-12 23:50:12.075 [info] Sync started.
2023-09-12 23:50:12.231 [info] Settings: No changes found during synchronizing settings.
2023-09-12 23:50:12.256 [info] Keybindings: No changes found during synchronizing keybindings.
2023-09-12 23:50:12.278 [info] Snippets: No changes found during synchronizing snippets.
2023-09-12 23:50:12.295 [info] Tasks: No changes found during synchronizing tasks.
2023-09-12 23:50:12.714 [info] GlobalState: Updated remote ui state. Updated: workbench.activity.pinnedViewlets2.
2023-09-12 23:50:12.789 [info] GlobalState: Updated last synchronized ui state
2023-09-12 23:50:13.028 [info] Extensions: No changes found during synchronizing extensions.
2023-09-12 23:50:13.042 [info] Profiles: No changes found during synchronizing profiles.
2023-09-12 23:50:13.049 [info] Sync done. Took 972ms
2023-09-12 23:50:36.656 [info] Auto Sync: Triggered by Activity
2023-09-12 23:50:36.657 [info] Sync started.
2023-09-12 23:50:36.811 [info] Settings: No changes found during synchronizing settings.
2023-09-12 23:50:36.822 [info] Keybindings: No changes found during synchronizing keybindings.
2023-09-12 23:50:36.831 [info] Snippets: No changes found during synchronizing snippets.
2023-09-12 23:50:36.838 [info] Tasks: No changes found during synchronizing tasks.
2023-09-12 23:50:36.851 [info] GlobalState: No changes found during synchronizing ui state.
2023-09-12 23:50:37.090 [info] Extensions: No changes found during synchronizing extensions.
2023-09-12 23:50:37.098 [info] Profiles: No changes found during synchronizing profiles.
2023-09-12 23:50:37.104 [info] Sync done. Took 449ms
2023-09-12 23:50:48.357 [info] Auto Sync: Triggered by Activity
2023-09-12 23:50:48.357 [info] Sync started.
2023-09-12 23:50:48.497 [info] Settings: No changes found during synchronizing settings.
2023-09-12 23:50:48.506 [info] Keybindings: No changes found during synchronizing keybindings.
2023-09-12 23:50:48.517 [info] Snippets: No changes found during synchronizing snippets.
2023-09-12 23:50:48.524 [info] Tasks: No changes found during synchronizing tasks.
2023-09-12 23:50:48.535 [info] GlobalState: No changes found during synchronizing ui state.
2023-09-12 23:50:48.835 [info] Extensions: No changes found during synchronizing extensions.
2023-09-12 23:50:48.841 [info] Profiles: No changes found during synchronizing profiles.
2023-09-12 23:50:48.848 [info] Sync done. Took 490ms
2023-09-12 23:51:42.284 [info] Auto Sync: Triggered by Activity
2023-09-12 23:51:42.285 [info] Sync started.
2023-09-12 23:51:42.434 [info] Settings: No changes found during synchronizing settings.
2023-09-12 23:51:42.452 [info] Keybindings: No changes found during synchronizing keybindings.
2023-09-12 23:51:42.460 [info] Snippets: No changes found during synchronizing snippets.
2023-09-12 23:51:42.466 [info] Tasks: No changes found during synchronizing tasks.
2023-09-12 23:51:42.477 [info] GlobalState: No changes found during synchronizing ui state.
2023-09-12 23:51:42.661 [info] Extensions: No changes found during synchronizing extensions.
2023-09-12 23:51:42.668 [info] Profiles: No changes found during synchronizing profiles.
2023-09-12 23:51:42.675 [info] Sync done. Took 390ms
2023-09-12 23:52:51.138 [info] Auto Sync: Triggered by Activity
2023-09-12 23:52:51.138 [info] Sync started.
2023-09-12 23:52:51.284 [info] Settings: No changes found during synchronizing settings.
2023-09-12 23:52:51.294 [info] Keybindings: No changes found during synchronizing keybindings.
2023-09-12 23:52:51.305 [info] Snippets: No changes found during synchronizing snippets.
2023-09-12 23:52:51.313 [info] Tasks: No changes found during synchronizing tasks.
2023-09-12 23:52:51.325 [info] GlobalState: No changes found during synchronizing ui state.
2023-09-12 23:52:51.583 [info] Extensions: No changes found during synchronizing extensions.
2023-09-12 23:52:51.588 [info] Profiles: No changes found during synchronizing profiles.
2023-09-12 23:52:51.595 [info] Sync done. Took 457ms
2023-09-12 23:53:24.917 [info] Auto Sync: Triggered by Activity
2023-09-12 23:53:24.918 [info] Sync started.
2023-09-12 23:53:25.058 [info] Settings: No changes found during synchronizing settings.
2023-09-12 23:53:25.068 [info] Keybindings: No changes found during synchronizing keybindings.
2023-09-12 23:53:25.078 [info] Snippets: No changes found during synchronizing snippets.
2023-09-12 23:53:25.086 [info] Tasks: No changes found during synchronizing tasks.
2023-09-12 23:53:25.098 [info] GlobalState: No changes found during synchronizing ui state.
2023-09-12 23:53:25.329 [info] Extensions: No changes found during synchronizing extensions.
2023-09-12 23:53:25.335 [info] Profiles: No changes found during synchronizing profiles.
2023-09-12 23:53:25.340 [info] Sync done. Took 424ms
2023-09-12 23:53:51.498 [info] Auto Sync: Triggered by Activity
2023-09-12 23:53:51.500 [info] Sync started.
2023-09-12 23:53:51.687 [info] Settings: No changes found during synchronizing settings.
2023-09-12 23:53:51.701 [info] Keybindings: No changes found during synchronizing keybindings.
2023-09-12 23:53:51.711 [info] Snippets: No changes found during synchronizing snippets.
2023-09-12 23:53:51.722 [info] Tasks: No changes found during synchronizing tasks.
2023-09-12 23:53:51.737 [info] GlobalState: No changes found during synchronizing ui state.
2023-09-12 23:53:51.952 [info] Extensions: No changes found during synchronizing extensions.
2023-09-12 23:53:51.957 [info] Profiles: No changes found during synchronizing profiles.
2023-09-12 23:53:51.961 [info] Sync done. Took 464ms
2023-09-12 23:56:24.187 [info] Auto Sync: Triggered by Activity
2023-09-12 23:56:24.206 [info] Sync started.
2023-09-12 23:56:24.718 [info] Settings: No changes found during synchronizing settings.
2023-09-12 23:56:24.738 [info] Keybindings: No changes found during synchronizing keybindings.
2023-09-12 23:56:24.799 [info] Snippets: No changes found during synchronizing snippets.
2023-09-12 23:56:24.881 [info] Tasks: No changes found during synchronizing tasks.
2023-09-12 23:56:24.998 [info] GlobalState: No changes found during synchronizing ui state.
2023-09-12 23:56:25.351 [info] Extensions: No changes found during synchronizing extensions.
2023-09-12 23:56:25.359 [info] Profiles: No changes found during synchronizing profiles.
2023-09-12 23:56:25.365 [info] Sync done. Took 1177ms
2023-09-12 23:57:25.367 [info] Auto Sync: Triggered by Activity
2023-09-12 23:57:25.387 [info] Sync started.
2023-09-12 23:57:25.609 [info] Settings: No changes found during synchronizing settings.
2023-09-12 23:57:25.631 [info] Keybindings: No changes found during synchronizing keybindings.
2023-09-12 23:57:25.655 [info] Snippets: No changes found during synchronizing snippets.
2023-09-12 23:57:25.666 [info] Tasks: No changes found during synchronizing tasks.
2023-09-12 23:57:25.707 [info] GlobalState: No changes found during synchronizing ui state.
2023-09-12 23:57:26.250 [info] Extensions: No changes found during synchronizing extensions.
2023-09-12 23:57:26.340 [info] Profiles: No changes found during synchronizing profiles.
2023-09-12 23:57:26.349 [info] Sync done. Took 981ms
2023-09-12 23:58:21.202 [info] Auto Sync: Triggered by Activity
2023-09-12 23:58:21.203 [info] Sync started.
2023-09-12 23:58:21.699 [info] Settings: No changes found during synchronizing settings.
2023-09-12 23:58:21.835 [info] Keybindings: No changes found during synchronizing keybindings.
2023-09-12 23:58:22.069 [info] Snippets: No changes found during synchronizing snippets.
2023-09-12 23:58:22.257 [info] Tasks: No changes found during synchronizing tasks.
2023-09-12 23:58:22.453 [info] GlobalState: No changes found during synchronizing ui state.
2023-09-12 23:58:23.740 [info] Extensions: No changes found during synchronizing extensions.
2023-09-12 23:58:23.821 [info] Profiles: No changes found during synchronizing profiles.
2023-09-12 23:58:23.831 [info] Sync done. Took 2628ms
2023-09-12 23:58:50.547 [info] Auto Sync: Triggered by Activity
2023-09-12 23:58:50.548 [info] Sync started.
2023-09-12 23:58:50.816 [info] Settings: No changes found during synchronizing settings.
2023-09-12 23:58:50.824 [info] Keybindings: No changes found during synchronizing keybindings.
2023-09-12 23:58:50.832 [info] Snippets: No changes found during synchronizing snippets.
2023-09-12 23:58:50.839 [info] Tasks: No changes found during synchronizing tasks.
2023-09-12 23:58:50.848 [info] GlobalState: No changes found during synchronizing ui state.
2023-09-12 23:58:51.038 [info] Extensions: No changes found during synchronizing extensions.
2023-09-12 23:58:51.044 [info] Profiles: No changes found during synchronizing profiles.
2023-09-12 23:58:51.049 [info] Sync done. Took 503ms
2023-09-12 23:59:14.092 [info] Auto Sync: Triggered by Activity
2023-09-12 23:59:14.093 [info] Sync started.
2023-09-12 23:59:14.217 [info] Settings: No changes found during synchronizing settings.
2023-09-12 23:59:14.225 [info] Keybindings: No changes found during synchronizing keybindings.
2023-09-12 23:59:14.234 [info] Snippets: No changes found during synchronizing snippets.
2023-09-12 23:59:14.240 [info] Tasks: No changes found during synchronizing tasks.
2023-09-12 23:59:14.250 [info] GlobalState: No changes found during synchronizing ui state.
2023-09-12 23:59:14.500 [info] Extensions: No changes found during synchronizing extensions.
2023-09-12 23:59:14.506 [info] Profiles: No changes found during synchronizing profiles.
2023-09-12 23:59:14.511 [info] Sync done. Took 419ms
2023-09-13 00:00:15.966 [info] Auto Sync: Triggered by Activity
2023-09-13 00:00:15.967 [info] Sync started.
2023-09-13 00:00:16.110 [info] Settings: No changes found during synchronizing settings.
2023-09-13 00:00:16.128 [info] Keybindings: No changes found during synchronizing keybindings.
2023-09-13 00:00:16.139 [info] Snippets: No changes found during synchronizing snippets.
2023-09-13 00:00:16.145 [info] Tasks: No changes found during synchronizing tasks.
2023-09-13 00:00:16.158 [info] GlobalState: No changes found during synchronizing ui state.
2023-09-13 00:00:16.345 [info] Extensions: No changes found during synchronizing extensions.
2023-09-13 00:00:16.350 [info] Profiles: No changes found during synchronizing profiles.
2023-09-13 00:00:16.355 [info] Sync done. Took 389ms
2023-09-13 00:02:35.913 [info] Auto Sync: Triggered by Activity
2023-09-13 00:02:35.914 [info] Sync started.
2023-09-13 00:02:36.450 [info] Settings: No changes found during synchronizing settings.
2023-09-13 00:02:36.461 [info] Keybindings: No changes found during synchronizing keybindings.
2023-09-13 00:02:36.472 [info] Snippets: No changes found during synchronizing snippets.
2023-09-13 00:02:36.480 [info] Tasks: No changes found during synchronizing tasks.
2023-09-13 00:02:36.496 [info] GlobalState: No changes found during synchronizing ui state.
2023-09-13 00:02:36.706 [info] Extensions: No changes found during synchronizing extensions.
2023-09-13 00:02:36.710 [info] Profiles: No changes found during synchronizing profiles.
2023-09-13 00:02:36.715 [info] Sync done. Took 803ms
2023-09-13 00:05:05.108 [info] Auto Sync: Triggered by Activity
2023-09-13 00:05:05.108 [info] Sync started.
2023-09-13 00:05:05.529 [info] Settings: No changes found during synchronizing settings.
2023-09-13 00:05:05.546 [info] Keybindings: No changes found during synchronizing keybindings.
2023-09-13 00:05:05.563 [info] Snippets: No changes found during synchronizing snippets.
2023-09-13 00:05:05.576 [info] Tasks: No changes found during synchronizing tasks.
2023-09-13 00:05:05.602 [info] GlobalState: No changes found during synchronizing ui state.
2023-09-13 00:05:05.901 [info] Extensions: No changes found during synchronizing extensions.
2023-09-13 00:05:05.906 [info] Profiles: No changes found during synchronizing profiles.
2023-09-13 00:05:05.911 [info] Sync done. Took 803ms
2023-09-13 00:06:36.146 [info] Auto Sync: Triggered by Activity
2023-09-13 00:06:36.146 [info] Sync started.
2023-09-13 00:06:36.283 [info] Settings: No changes found during synchronizing settings.
2023-09-13 00:06:36.292 [info] Keybindings: No changes found during synchronizing keybindings.
2023-09-13 00:06:36.302 [info] Snippets: No changes found during synchronizing snippets.
2023-09-13 00:06:36.309 [info] Tasks: No changes found during synchronizing tasks.
2023-09-13 00:06:36.320 [info] GlobalState: No changes found during synchronizing ui state.
2023-09-13 00:06:36.491 [info] Extensions: No changes found during synchronizing extensions.
2023-09-13 00:06:36.495 [info] Profiles: No changes found during synchronizing profiles.
2023-09-13 00:06:36.500 [info] Sync done. Took 354ms
2023-09-13 00:07:43.571 [info] Auto Sync: Triggered by Activity
2023-09-13 00:07:43.572 [info] Sync started.
2023-09-13 00:07:43.700 [info] Settings: No changes found during synchronizing settings.
2023-09-13 00:07:43.708 [info] Keybindings: No changes found during synchronizing keybindings.
2023-09-13 00:07:43.717 [info] Snippets: No changes found during synchronizing snippets.
2023-09-13 00:07:43.724 [info] Tasks: No changes found during synchronizing tasks.
2023-09-13 00:07:43.737 [info] GlobalState: No changes found during synchronizing ui state.
2023-09-13 00:07:43.984 [info] Extensions: No changes found during synchronizing extensions.
2023-09-13 00:07:43.988 [info] Profiles: No changes found during synchronizing profiles.
2023-09-13 00:07:43.993 [info] Sync done. Took 422ms
2023-09-13 00:09:39.416 [info] Auto Sync: Triggered by Activity
2023-09-13 00:09:39.472 [info] Sync started.
2023-09-13 00:09:39.859 [info] Settings: No changes found during synchronizing settings.
2023-09-13 00:09:39.898 [info] Keybindings: No changes found during synchronizing keybindings.
2023-09-13 00:09:39.933 [info] Snippets: No changes found during synchronizing snippets.
2023-09-13 00:09:39.946 [info] Tasks: No changes found during synchronizing tasks.
2023-09-13 00:09:40.023 [info] GlobalState: No changes found during synchronizing ui state.
2023-09-13 00:09:40.534 [info] Extensions: No changes found during synchronizing extensions.
2023-09-13 00:09:40.595 [info] Profiles: No changes found during synchronizing profiles.
2023-09-13 00:09:40.601 [info] Sync done. Took 1186ms
2023-09-13 00:14:40.612 [info] Auto Sync: Triggered by Interval
2023-09-13 00:14:40.613 [info] Sync started.
2023-09-13 00:14:41.054 [info] Settings: No changes found during synchronizing settings.
2023-09-13 00:14:41.064 [info] Keybindings: No changes found during synchronizing keybindings.
2023-09-13 00:14:41.072 [info] Snippets: No changes found during synchronizing snippets.
2023-09-13 00:14:41.078 [info] Tasks: No changes found during synchronizing tasks.
2023-09-13 00:14:41.088 [info] GlobalState: No changes found during synchronizing ui state.
2023-09-13 00:14:41.296 [info] Extensions: No changes found during synchronizing extensions.
2023-09-13 00:14:41.301 [info] Profiles: No changes found during synchronizing profiles.
2023-09-13 00:14:41.305 [info] Sync done. Took 694ms
2023-09-13 00:19:41.314 [info] Auto Sync: Triggered by Interval
2023-09-13 00:19:41.331 [info] Sync started.
2023-09-13 00:19:42.199 [info] Settings: No changes found during synchronizing settings.
2023-09-13 00:19:42.222 [info] Keybindings: No changes found during synchronizing keybindings.
2023-09-13 00:19:42.248 [info] Snippets: No changes found during synchronizing snippets.
2023-09-13 00:19:42.255 [info] Tasks: No changes found during synchronizing tasks.
2023-09-13 00:19:42.300 [info] GlobalState: No changes found during synchronizing ui state.
2023-09-13 00:19:42.640 [info] Extensions: No changes found during synchronizing extensions.
2023-09-13 00:19:42.676 [info] Profiles: No changes found during synchronizing profiles.
2023-09-13 00:19:42.682 [info] Sync done. Took 1369ms
2023-09-13 00:24:42.685 [info] Auto Sync: Triggered by Interval
2023-09-13 00:24:42.687 [info] Sync started.
2023-09-13 00:24:43.127 [info] Settings: No changes found during synchronizing settings.
2023-09-13 00:24:43.136 [info] Keybindings: No changes found during synchronizing keybindings.
2023-09-13 00:24:43.143 [info] Snippets: No changes found during synchronizing snippets.
2023-09-13 00:24:43.149 [info] Tasks: No changes found during synchronizing tasks.
2023-09-13 00:24:43.158 [info] GlobalState: No changes found during synchronizing ui state.
2023-09-13 00:24:43.367 [info] Extensions: No changes found during synchronizing extensions.
2023-09-13 00:24:43.372 [info] Profiles: No changes found during synchronizing profiles.
2023-09-13 00:24:43.376 [info] Sync done. Took 692ms
2023-09-13 00:29:49.640 [info] Auto Sync: Triggered by Interval
2023-09-13 00:29:49.641 [info] Sync started.
2023-09-13 00:29:50.453 [info] Settings: No changes found during synchronizing settings.
2023-09-13 00:29:50.507 [info] Keybindings: No changes found during synchronizing keybindings.
2023-09-13 00:29:50.523 [info] Snippets: No changes found during synchronizing snippets.
2023-09-13 00:29:50.536 [info] Tasks: No changes found during synchronizing tasks.
2023-09-13 00:29:50.552 [info] GlobalState: No changes found during synchronizing ui state.
2023-09-13 00:29:50.657 [info] Extensions: No changes found during synchronizing extensions.
2023-09-13 00:29:50.660 [info] Profiles: No changes found during synchronizing profiles.
2023-09-13 00:29:50.663 [info] Sync done. Took 1024ms
2023-09-13 00:56:56.813 [info] Auto Sync: Triggered by Activity
2023-09-13 00:56:56.814 [info] Sync started.
2023-09-13 00:56:57.216 [info] Settings: No changes found during synchronizing settings.
2023-09-13 00:56:57.231 [info] Keybindings: No changes found during synchronizing keybindings.
2023-09-13 00:56:57.241 [info] Snippets: No changes found during synchronizing snippets.
2023-09-13 00:56:57.246 [info] Tasks: No changes found during synchronizing tasks.
2023-09-13 00:56:57.254 [info] GlobalState: No changes found during synchronizing ui state.
2023-09-13 00:56:57.395 [info] Extensions: No changes found during synchronizing extensions.
2023-09-13 00:56:57.397 [info] Profiles: No changes found during synchronizing profiles.
2023-09-13 00:56:57.401 [info] Sync done. Took 589ms
2023-09-13 01:01:57.891 [info] Auto Sync: Triggered by Interval
2023-09-13 01:01:57.980 [info] Sync started.
2023-09-13 01:01:59.030 [info] Settings: No changes found during synchronizing settings.
2023-09-13 01:01:59.070 [info] Keybindings: No changes found during synchronizing keybindings.
2023-09-13 01:01:59.218 [info] Snippets: No changes found during synchronizing snippets.
2023-09-13 01:01:59.224 [info] Tasks: No changes found during synchronizing tasks.
2023-09-13 01:01:59.248 [info] GlobalState: No changes found during synchronizing ui state.
2023-09-13 01:01:59.773 [info] Extensions: No changes found during synchronizing extensions.
2023-09-13 01:01:59.804 [info] Profiles: No changes found during synchronizing profiles.
2023-09-13 01:01:59.813 [info] Sync done. Took 1923ms
2023-09-13 01:06:43.540 [info] Auto Sync: Triggered by Activity
2023-09-13 01:06:43.540 [info] Sync started.
2023-09-13 01:06:43.898 [info] Settings: No changes found during synchronizing settings.
2023-09-13 01:06:43.917 [info] Keybindings: No changes found during synchronizing keybindings.
2023-09-13 01:06:43.930 [info] Snippets: No changes found during synchronizing snippets.
2023-09-13 01:06:43.936 [info] Tasks: No changes found during synchronizing tasks.
2023-09-13 01:06:43.944 [info] GlobalState: No changes found during synchronizing ui state.
2023-09-13 01:06:44.041 [info] Extensions: No changes found during synchronizing extensions.
2023-09-13 01:06:44.047 [info] Profiles: No changes found during synchronizing profiles.
2023-09-13 01:06:44.049 [info] Sync done. Took 509ms
2023-09-13 01:08:18.070 [info] Auto Sync: Triggered by Activity
2023-09-13 01:08:18.071 [info] Sync started.
2023-09-13 01:08:18.230 [info] Settings: No changes found during synchronizing settings.
2023-09-13 01:08:18.239 [info] Keybindings: No changes found during synchronizing keybindings.
2023-09-13 01:08:18.245 [info] Snippets: No changes found during synchronizing snippets.
2023-09-13 01:08:18.249 [info] Tasks: No changes found during synchronizing tasks.
2023-09-13 01:08:18.256 [info] GlobalState: No changes found during synchronizing ui state.
2023-09-13 01:08:18.358 [info] Extensions: No changes found during synchronizing extensions.
2023-09-13 01:08:18.361 [info] Profiles: No changes found during synchronizing profiles.
2023-09-13 01:08:18.363 [info] Sync done. Took 295ms
2023-09-13 01:08:44.101 [info] Auto Sync: Triggered by Activity
2023-09-13 01:08:44.101 [info] Sync started.
2023-09-13 01:08:44.243 [info] Settings: No changes found during synchronizing settings.
2023-09-13 01:08:44.265 [info] Keybindings: No changes found during synchronizing keybindings.
2023-09-13 01:08:44.283 [info] Snippets: No changes found during synchronizing snippets.
2023-09-13 01:08:44.296 [info] Tasks: No changes found during synchronizing tasks.
2023-09-13 01:08:44.319 [info] GlobalState: No changes found during synchronizing ui state.
2023-09-13 01:08:44.510 [info] Extensions: No changes found during synchronizing extensions.
2023-09-13 01:08:44.513 [info] Profiles: No changes found during synchronizing profiles.
2023-09-13 01:08:44.516 [info] Sync done. Took 417ms
2023-09-13 01:08:58.122 [info] Auto Sync: Triggered by Activity
2023-09-13 01:08:58.123 [info] Sync started.
2023-09-13 01:08:58.236 [info] Settings: No changes found during synchronizing settings.
2023-09-13 01:08:58.242 [info] Keybindings: No changes found during synchronizing keybindings.
2023-09-13 01:08:58.248 [info] Snippets: No changes found during synchronizing snippets.
2023-09-13 01:08:58.252 [info] Tasks: No changes found during synchronizing tasks.
2023-09-13 01:08:58.260 [info] GlobalState: No changes found during synchronizing ui state.
2023-09-13 01:08:58.363 [info] Extensions: No changes found during synchronizing extensions.
2023-09-13 01:08:58.366 [info] Profiles: No changes found during synchronizing profiles.
2023-09-13 01:08:58.369 [info] Sync done. Took 247ms
2023-09-13 01:09:28.164 [info] Auto Sync: Triggered by Activity
2023-09-13 01:09:28.165 [info] Sync started.
2023-09-13 01:09:28.344 [info] Settings: No changes found during synchronizing settings.
2023-09-13 01:09:28.355 [info] Keybindings: No changes found during synchronizing keybindings.
2023-09-13 01:09:28.362 [info] Snippets: No changes found during synchronizing snippets.
2023-09-13 01:09:28.367 [info] Tasks: No changes found during synchronizing tasks.
2023-09-13 01:09:28.373 [info] GlobalState: No changes found during synchronizing ui state.
2023-09-13 01:09:28.497 [info] Extensions: No changes found during synchronizing extensions.
2023-09-13 01:09:28.499 [info] Profiles: No changes found during synchronizing profiles.
2023-09-13 01:09:28.501 [info] Sync done. Took 338ms
2023-09-13 01:09:56.244 [info] Auto Sync: Triggered by Activity
2023-09-13 01:09:56.244 [info] Sync started.
2023-09-13 01:09:56.360 [info] Settings: No changes found during synchronizing settings.
2023-09-13 01:09:56.366 [info] Keybindings: No changes found during synchronizing keybindings.
2023-09-13 01:09:56.372 [info] Snippets: No changes found during synchronizing snippets.
2023-09-13 01:09:56.376 [info] Tasks: No changes found during synchronizing tasks.
2023-09-13 01:09:56.384 [info] GlobalState: No changes found during synchronizing ui state.
2023-09-13 01:09:56.508 [info] Extensions: No changes found during synchronizing extensions.
2023-09-13 01:09:56.514 [info] Profiles: No changes found during synchronizing profiles.
2023-09-13 01:09:56.517 [info] Sync done. Took 273ms
2023-09-13 01:10:23.932 [info] Auto Sync: Triggered by Activity
2023-09-13 01:10:23.933 [info] Sync started.
2023-09-13 01:10:24.069 [info] Settings: No changes found during synchronizing settings.
2023-09-13 01:10:24.075 [info] Keybindings: No changes found during synchronizing keybindings.
2023-09-13 01:10:24.082 [info] Snippets: No changes found during synchronizing snippets.
2023-09-13 01:10:24.088 [info] Tasks: No changes found during synchronizing tasks.
2023-09-13 01:10:24.097 [info] GlobalState: No changes found during synchronizing ui state.
2023-09-13 01:10:24.215 [info] Extensions: No changes found during synchronizing extensions.
2023-09-13 01:10:24.217 [info] Profiles: No changes found during synchronizing profiles.
2023-09-13 01:10:24.221 [info] Sync done. Took 290ms
2023-09-13 01:10:35.727 [info] Auto Sync: Triggered by Activity
2023-09-13 01:10:35.727 [info] Sync started.
2023-09-13 01:10:35.834 [info] Settings: No changes found during synchronizing settings.
2023-09-13 01:10:35.841 [info] Keybindings: No changes found during synchronizing keybindings.
2023-09-13 01:10:35.846 [info] Snippets: No changes found during synchronizing snippets.
2023-09-13 01:10:35.852 [info] Tasks: No changes found during synchronizing tasks.
2023-09-13 01:10:35.859 [info] GlobalState: No changes found during synchronizing ui state.
2023-09-13 01:10:36.002 [info] Extensions: No changes found during synchronizing extensions.
2023-09-13 01:10:36.008 [info] Profiles: No changes found during synchronizing profiles.
2023-09-13 01:10:36.012 [info] Sync done. Took 285ms
2023-09-13 01:10:57.688 [info] Auto Sync: Triggered by Activity
2023-09-13 01:10:57.688 [info] Sync started.
2023-09-13 01:10:57.814 [info] Settings: No changes found during synchronizing settings.
2023-09-13 01:10:57.826 [info] Keybindings: No changes found during synchronizing keybindings.
2023-09-13 01:10:57.833 [info] Snippets: No changes found during synchronizing snippets.
2023-09-13 01:10:57.839 [info] Tasks: No changes found during synchronizing tasks.
2023-09-13 01:10:57.847 [info] GlobalState: No changes found during synchronizing ui state.
2023-09-13 01:10:57.951 [info] Extensions: No changes found during synchronizing extensions.
2023-09-13 01:10:57.954 [info] Profiles: No changes found during synchronizing profiles.
2023-09-13 01:10:57.957 [info] Sync done. Took 270ms
2023-09-13 01:11:31.761 [info] Auto Sync: Triggered by Activity
2023-09-13 01:11:31.762 [info] Sync started.
2023-09-13 01:11:31.895 [info] Settings: No changes found during synchronizing settings.
2023-09-13 01:11:31.905 [info] Keybindings: No changes found during synchronizing keybindings.
2023-09-13 01:11:31.911 [info] Snippets: No changes found during synchronizing snippets.
2023-09-13 01:11:31.916 [info] Tasks: No changes found during synchronizing tasks.
2023-09-13 01:11:31.924 [info] GlobalState: No changes found during synchronizing ui state.
2023-09-13 01:11:32.057 [info] Extensions: No changes found during synchronizing extensions.
2023-09-13 01:11:32.060 [info] Profiles: No changes found during synchronizing profiles.
2023-09-13 01:11:32.063 [info] Sync done. Took 303ms
2023-09-13 01:11:56.125 [info] Auto Sync: Triggered by Activity
2023-09-13 01:11:56.125 [info] Sync started.
2023-09-13 01:11:56.265 [info] Settings: No changes found during synchronizing settings.
2023-09-13 01:11:56.282 [info] Keybindings: No changes found during synchronizing keybindings.
2023-09-13 01:11:56.291 [info] Snippets: No changes found during synchronizing snippets.
2023-09-13 01:11:56.296 [info] Tasks: No changes found during synchronizing tasks.
2023-09-13 01:11:56.307 [info] GlobalState: No changes found during synchronizing ui state.
2023-09-13 01:11:56.443 [info] Extensions: No changes found during synchronizing extensions.
2023-09-13 01:11:56.448 [info] Profiles: No changes found during synchronizing profiles.
2023-09-13 01:11:56.451 [info] Sync done. Took 327ms
2023-09-13 01:12:30.061 [info] Auto Sync: Triggered by Activity
2023-09-13 01:12:30.062 [info] Sync started.
2023-09-13 01:12:30.237 [info] Settings: No changes found during synchronizing settings.
2023-09-13 01:12:30.244 [info] Keybindings: No changes found during synchronizing keybindings.
2023-09-13 01:12:30.249 [info] Snippets: No changes found during synchronizing snippets.
2023-09-13 01:12:30.252 [info] Tasks: No changes found during synchronizing tasks.
2023-09-13 01:12:30.258 [info] GlobalState: No changes found during synchronizing ui state.
2023-09-13 01:12:30.396 [info] Extensions: No changes found during synchronizing extensions.
2023-09-13 01:12:30.398 [info] Profiles: No changes found during synchronizing profiles.
2023-09-13 01:12:30.401 [info] Sync done. Took 340ms
2023-09-13 01:12:59.628 [info] Auto Sync: Triggered by Activity
2023-09-13 01:12:59.629 [info] Sync started.
2023-09-13 01:12:59.766 [info] Settings: No changes found during synchronizing settings.
2023-09-13 01:12:59.785 [info] Keybindings: No changes found during synchronizing keybindings.
2023-09-13 01:12:59.792 [info] Snippets: No changes found during synchronizing snippets.
2023-09-13 01:12:59.798 [info] Tasks: No changes found during synchronizing tasks.
2023-09-13 01:12:59.806 [info] GlobalState: No changes found during synchronizing ui state.
2023-09-13 01:12:59.944 [info] Extensions: No changes found during synchronizing extensions.
2023-09-13 01:12:59.947 [info] Profiles: No changes found during synchronizing profiles.
2023-09-13 01:12:59.950 [info] Sync done. Took 323ms
2023-09-13 01:13:29.139 [info] Auto Sync: Triggered by Activity
2023-09-13 01:13:29.140 [info] Sync started.
2023-09-13 01:13:29.274 [info] Settings: No changes found during synchronizing settings.
2023-09-13 01:13:29.286 [info] Keybindings: No changes found during synchronizing keybindings.
2023-09-13 01:13:29.293 [info] Snippets: No changes found during synchronizing snippets.
2023-09-13 01:13:29.297 [info] Tasks: No changes found during synchronizing tasks.
2023-09-13 01:13:29.304 [info] GlobalState: No changes found during synchronizing ui state.
2023-09-13 01:13:29.414 [info] Extensions: No changes found during synchronizing extensions.
2023-09-13 01:13:29.418 [info] Profiles: No changes found during synchronizing profiles.
2023-09-13 01:13:29.421 [info] Sync done. Took 283ms
2023-09-13 01:13:57.481 [info] Auto Sync: Triggered by Activity
2023-09-13 01:13:57.482 [info] Sync started.
2023-09-13 01:13:57.630 [info] Settings: No changes found during synchronizing settings.
2023-09-13 01:13:57.638 [info] Keybindings: No changes found during synchronizing keybindings.
2023-09-13 01:13:57.643 [info] Snippets: No changes found during synchronizing snippets.
2023-09-13 01:13:57.647 [info] Tasks: No changes found during synchronizing tasks.
2023-09-13 01:13:57.652 [info] GlobalState: No changes found during synchronizing ui state.
2023-09-13 01:13:57.760 [info] Extensions: No changes found during synchronizing extensions.
2023-09-13 01:13:57.762 [info] Profiles: No changes found during synchronizing profiles.
2023-09-13 01:13:57.765 [info] Sync done. Took 284ms
2023-09-13 01:14:09.268 [info] Auto Sync: Triggered by Activity
2023-09-13 01:14:09.268 [info] Sync started.
2023-09-13 01:14:09.395 [info] Settings: No changes found during synchronizing settings.
2023-09-13 01:14:09.402 [info] Keybindings: No changes found during synchronizing keybindings.
2023-09-13 01:14:09.407 [info] Snippets: No changes found during synchronizing snippets.
2023-09-13 01:14:09.412 [info] Tasks: No changes found during synchronizing tasks.
2023-09-13 01:14:09.419 [info] GlobalState: No changes found during synchronizing ui state.
2023-09-13 01:14:09.537 [info] Extensions: No changes found during synchronizing extensions.
2023-09-13 01:14:09.539 [info] Profiles: No changes found during synchronizing profiles.
2023-09-13 01:14:09.541 [info] Sync done. Took 275ms
2023-09-13 01:15:48.779 [info] Auto Sync: Triggered by Activity
2023-09-13 01:15:48.781 [info] Sync started.
2023-09-13 01:15:48.895 [info] Settings: No changes found during synchronizing settings.
2023-09-13 01:15:48.902 [info] Keybindings: No changes found during synchronizing keybindings.
2023-09-13 01:15:48.911 [info] Snippets: No changes found during synchronizing snippets.
2023-09-13 01:15:48.916 [info] Tasks: No changes found during synchronizing tasks.
2023-09-13 01:15:48.922 [info] GlobalState: No changes found during synchronizing ui state.
2023-09-13 01:15:49.048 [info] Extensions: No changes found during synchronizing extensions.
2023-09-13 01:15:49.050 [info] Profiles: No changes found during synchronizing profiles.
2023-09-13 01:15:49.053 [info] Sync done. Took 275ms
2023-09-13 01:19:50.131 [info] Auto Sync: Triggered by Activity
2023-09-13 01:19:50.132 [info] Sync started.
2023-09-13 01:19:50.481 [info] Settings: No changes found during synchronizing settings.
2023-09-13 01:19:50.489 [info] Keybindings: No changes found during synchronizing keybindings.
2023-09-13 01:19:50.494 [info] Snippets: No changes found during synchronizing snippets.
2023-09-13 01:19:50.498 [info] Tasks: No changes found during synchronizing tasks.
2023-09-13 01:19:50.503 [info] GlobalState: No changes found during synchronizing ui state.
2023-09-13 01:19:50.605 [info] Extensions: No changes found during synchronizing extensions.
2023-09-13 01:19:50.608 [info] Profiles: No changes found during synchronizing profiles.
2023-09-13 01:19:50.610 [info] Sync done. Took 480ms
2023-09-13 01:20:29.767 [info] Auto Sync: Triggered by Activity
2023-09-13 01:20:29.784 [info] Sync started.
2023-09-13 01:20:30.084 [info] Settings: No changes found during synchronizing settings.
2023-09-13 01:20:30.178 [info] Keybindings: No changes found during synchronizing keybindings.
2023-09-13 01:20:30.202 [info] Snippets: No changes found during synchronizing snippets.
2023-09-13 01:20:30.289 [info] Tasks: No changes found during synchronizing tasks.
2023-09-13 01:20:30.439 [info] GlobalState: No changes found during synchronizing ui state.
2023-09-13 01:20:31.059 [info] Extensions: No changes found during synchronizing extensions.
2023-09-13 01:20:31.095 [info] Profiles: No changes found during synchronizing profiles.
2023-09-13 01:20:31.098 [info] Sync done. Took 1331ms
2023-09-13 01:21:13.305 [info] Auto Sync: Triggered by Activity
2023-09-13 01:21:13.305 [info] Sync started.
2023-09-13 01:21:13.572 [info] Settings: No changes found during synchronizing settings.
2023-09-13 01:21:13.597 [info] Keybindings: No changes found during synchronizing keybindings.
2023-09-13 01:21:13.622 [info] Snippets: No changes found during synchronizing snippets.
2023-09-13 01:21:13.627 [info] Tasks: No changes found during synchronizing tasks.
2023-09-13 01:21:13.651 [info] GlobalState: No changes found during synchronizing ui state.
2023-09-13 01:21:13.899 [info] Extensions: No changes found during synchronizing extensions.
2023-09-13 01:21:13.917 [info] Profiles: No changes found during synchronizing profiles.
2023-09-13 01:21:13.920 [info] Sync done. Took 618ms
2023-09-13 01:23:40.456 [info] Auto Sync: Triggered by Activity
2023-09-13 01:23:40.479 [info] Sync started.
2023-09-13 01:23:40.992 [info] Settings: No changes found during synchronizing settings.
2023-09-13 01:23:41.004 [info] Keybindings: No changes found during synchronizing keybindings.
2023-09-13 01:23:41.012 [info] Snippets: No changes found during synchronizing snippets.
2023-09-13 01:23:41.020 [info] Tasks: No changes found during synchronizing tasks.
2023-09-13 01:23:41.081 [info] GlobalState: No changes found during synchronizing ui state.
2023-09-13 01:23:41.205 [info] Extensions: No changes found during synchronizing extensions.
2023-09-13 01:23:41.209 [info] Profiles: No changes found during synchronizing profiles.
2023-09-13 01:23:41.211 [info] Sync done. Took 757ms
2023-09-13 01:24:20.681 [info] Auto Sync: Triggered by Activity
2023-09-13 01:24:20.681 [info] Sync started.
2023-09-13 01:24:20.818 [info] Settings: No changes found during synchronizing settings.
2023-09-13 01:24:20.835 [info] Keybindings: No changes found during synchronizing keybindings.
2023-09-13 01:24:20.844 [info] Snippets: No changes found during synchronizing snippets.
2023-09-13 01:24:20.849 [info] Tasks: No changes found during synchronizing tasks.
2023-09-13 01:24:20.855 [info] GlobalState: No changes found during synchronizing ui state.
2023-09-13 01:24:20.976 [info] Extensions: No changes found during synchronizing extensions.
2023-09-13 01:24:20.979 [info] Profiles: No changes found during synchronizing profiles.
2023-09-13 01:24:20.981 [info] Sync done. Took 302ms
2023-09-13 01:24:29.357 [info] Auto Sync: Triggered by Activity
2023-09-13 01:24:29.358 [info] Sync started.
2023-09-13 01:24:29.505 [info] Settings: No changes found during synchronizing settings.
2023-09-13 01:24:29.514 [info] Keybindings: No changes found during synchronizing keybindings.
2023-09-13 01:24:29.521 [info] Snippets: No changes found during synchronizing snippets.
2023-09-13 01:24:29.525 [info] Tasks: No changes found during synchronizing tasks.
2023-09-13 01:24:29.937 [info] GlobalState: Updated remote ui state. Updated: workbench.activity.pinnedViewlets2.
2023-09-13 01:24:29.992 [info] GlobalState: Updated last synchronized ui state
2023-09-13 01:24:30.085 [info] Extensions: No changes found during synchronizing extensions.
2023-09-13 01:24:30.088 [info] Profiles: No changes found during synchronizing profiles.
2023-09-13 01:24:30.091 [info] Sync done. Took 736ms
2023-09-13 01:24:51.581 [info] Auto Sync: Triggered by Activity
2023-09-13 01:24:51.582 [info] Sync started.
2023-09-13 01:24:52.585 [info] Settings: No changes found during synchronizing settings.
2023-09-13 01:24:52.594 [info] Keybindings: No changes found during synchronizing keybindings.
2023-09-13 01:24:52.601 [info] Snippets: No changes found during synchronizing snippets.
2023-09-13 01:24:52.607 [info] Tasks: No changes found during synchronizing tasks.
2023-09-13 01:24:52.979 [info] GlobalState: Updated remote ui state. Updated: workbench.activity.pinnedViewlets2.
2023-09-13 01:24:53.089 [info] GlobalState: Updated last synchronized ui state
2023-09-13 01:24:53.231 [info] Extensions: No changes found during synchronizing extensions.
2023-09-13 01:24:53.234 [info] Profiles: No changes found during synchronizing profiles.
2023-09-13 01:24:53.237 [info] Sync done. Took 1658ms
2023-09-13 01:27:06.888 [info] Auto Sync: Triggered by Activity
2023-09-13 01:27:06.925 [info] Sync started.
2023-09-13 01:27:07.425 [info] Settings: No changes found during synchronizing settings.
2023-09-13 01:27:07.443 [info] Keybindings: No changes found during synchronizing keybindings.
2023-09-13 01:27:07.467 [info] Snippets: No changes found during synchronizing snippets.
2023-09-13 01:27:07.485 [info] Tasks: No changes found during synchronizing tasks.
2023-09-13 01:27:07.519 [info] GlobalState: No changes found during synchronizing ui state.
2023-09-13 01:27:07.776 [info] Extensions: No changes found during synchronizing extensions.
2023-09-13 01:27:07.797 [info] Profiles: No changes found during synchronizing profiles.
2023-09-13 01:27:07.803 [info] Sync done. Took 915ms
2023-09-13 01:30:09.805 [info] Auto Sync: Triggered by Activity
2023-09-13 01:30:09.806 [info] Sync started.
2023-09-13 01:30:10.326 [info] Settings: No changes found during synchronizing settings.
2023-09-13 01:30:10.333 [info] Keybindings: No changes found during synchronizing keybindings.
2023-09-13 01:30:10.338 [info] Snippets: No changes found during synchronizing snippets.
2023-09-13 01:30:10.342 [info] Tasks: No changes found during synchronizing tasks.
2023-09-13 01:30:10.349 [info] GlobalState: No changes found during synchronizing ui state.
2023-09-13 01:30:10.446 [info] Extensions: No changes found during synchronizing extensions.
2023-09-13 01:30:10.449 [info] Profiles: No changes found during synchronizing profiles.
2023-09-13 01:30:10.452 [info] Sync done. Took 648ms
2023-09-13 01:30:25.195 [info] Auto Sync: Triggered by Activity
2023-09-13 01:30:25.196 [info] Sync started.
2023-09-13 01:30:25.386 [info] Settings: No changes found during synchronizing settings.
2023-09-13 01:30:25.393 [info] Keybindings: No changes found during synchronizing keybindings.
2023-09-13 01:30:25.400 [info] Snippets: No changes found during synchronizing snippets.
2023-09-13 01:30:25.406 [info] Tasks: No changes found during synchronizing tasks.
2023-09-13 01:30:25.413 [info] GlobalState: No changes found during synchronizing ui state.
2023-09-13 01:30:25.522 [info] Extensions: No changes found during synchronizing extensions.
2023-09-13 01:30:25.525 [info] Profiles: No changes found during synchronizing profiles.
2023-09-13 01:30:25.527 [info] Sync done. Took 333ms
2023-09-13 01:30:47.290 [info] Auto Sync: Triggered by Activity
2023-09-13 01:30:47.291 [info] Sync started.
2023-09-13 01:30:47.420 [info] Settings: No changes found during synchronizing settings.
2023-09-13 01:30:47.431 [info] Keybindings: No changes found during synchronizing keybindings.
2023-09-13 01:30:47.438 [info] Snippets: No changes found during synchronizing snippets.
2023-09-13 01:30:47.442 [info] Tasks: No changes found during synchronizing tasks.
2023-09-13 01:30:47.450 [info] GlobalState: No changes found during synchronizing ui state.
2023-09-13 01:30:47.566 [info] Extensions: No changes found during synchronizing extensions.
2023-09-13 01:30:47.569 [info] Profiles: No changes found during synchronizing profiles.
2023-09-13 01:30:47.573 [info] Sync done. Took 284ms
2023-09-13 01:33:25.214 [info] Auto Sync: Triggered by Activity
2023-09-13 01:33:25.214 [info] Sync started.
2023-09-13 01:33:25.740 [info] Settings: No changes found during synchronizing settings.
2023-09-13 01:33:25.755 [info] Keybindings: No changes found during synchronizing keybindings.
2023-09-13 01:33:25.771 [info] Snippets: No changes found during synchronizing snippets.
2023-09-13 01:33:25.782 [info] Tasks: No changes found during synchronizing tasks.
2023-09-13 01:33:25.793 [info] GlobalState: No changes found during synchronizing ui state.
2023-09-13 01:33:25.895 [info] Extensions: No changes found during synchronizing extensions.
2023-09-13 01:33:25.898 [info] Profiles: No changes found during synchronizing profiles.
2023-09-13 01:33:25.900 [info] Sync done. Took 688ms
2023-09-13 01:34:09.748 [info] Auto Sync: Triggered by Activity
2023-09-13 01:34:09.749 [info] Sync started.
2023-09-13 01:34:09.888 [info] Settings: No changes found during synchronizing settings.
2023-09-13 01:34:09.911 [info] Keybindings: No changes found during synchronizing keybindings.
2023-09-13 01:34:09.930 [info] Snippets: No changes found during synchronizing snippets.
2023-09-13 01:34:09.947 [info] Tasks: No changes found during synchronizing tasks.
2023-09-13 01:34:09.972 [info] GlobalState: No changes found during synchronizing ui state.
2023-09-13 01:34:10.181 [info] Extensions: No changes found during synchronizing extensions.
2023-09-13 01:34:10.184 [info] Profiles: No changes found during synchronizing profiles.
2023-09-13 01:34:10.188 [info] Sync done. Took 441ms
2023-09-13 01:34:40.877 [info] Auto Sync: Triggered by Activity
2023-09-13 01:34:40.878 [info] Sync started.
2023-09-13 01:34:41.047 [info] Settings: No changes found during synchronizing settings.
2023-09-13 01:34:41.074 [info] Keybindings: No changes found during synchronizing keybindings.
2023-09-13 01:34:41.084 [info] Snippets: No changes found during synchronizing snippets.
2023-09-13 01:34:41.089 [info] Tasks: No changes found during synchronizing tasks.
2023-09-13 01:34:41.097 [info] GlobalState: No changes found during synchronizing ui state.
2023-09-13 01:34:41.206 [info] Extensions: No changes found during synchronizing extensions.
2023-09-13 01:34:41.209 [info] Profiles: No changes found during synchronizing profiles.
2023-09-13 01:34:41.212 [info] Sync done. Took 336ms
2023-09-13 01:35:42.678 [info] Auto Sync: Triggered by Activity
2023-09-13 01:35:42.679 [info] Sync started.
2023-09-13 01:35:42.835 [info] Settings: No changes found during synchronizing settings.
2023-09-13 01:35:42.847 [info] Keybindings: No changes found during synchronizing keybindings.
2023-09-13 01:35:42.858 [info] Snippets: No changes found during synchronizing snippets.
2023-09-13 01:35:42.866 [info] Tasks: No changes found during synchronizing tasks.
2023-09-13 01:35:42.880 [info] GlobalState: No changes found during synchronizing ui state.
2023-09-13 01:35:42.986 [info] Extensions: No changes found during synchronizing extensions.
2023-09-13 01:35:42.989 [info] Profiles: No changes found during synchronizing profiles.
2023-09-13 01:35:42.991 [info] Sync done. Took 313ms
2023-09-13 01:36:38.239 [info] Auto Sync: Triggered by Activity
2023-09-13 01:36:38.240 [info] Sync started.
2023-09-13 01:36:38.366 [info] Settings: No changes found during synchronizing settings.
2023-09-13 01:36:38.372 [info] Keybindings: No changes found during synchronizing keybindings.
2023-09-13 01:36:38.378 [info] Snippets: No changes found during synchronizing snippets.
2023-09-13 01:36:38.382 [info] Tasks: No changes found during synchronizing tasks.
2023-09-13 01:36:38.389 [info] GlobalState: No changes found during synchronizing ui state.
2023-09-13 01:36:38.509 [info] Extensions: No changes found during synchronizing extensions.
2023-09-13 01:36:38.512 [info] Profiles: No changes found during synchronizing profiles.
2023-09-13 01:36:38.515 [info] Sync done. Took 276ms
2023-09-13 01:39:14.869 [info] Auto Sync: Triggered by Activity
2023-09-13 01:39:14.870 [info] Sync started.
2023-09-13 01:39:15.308 [info] Settings: No changes found during synchronizing settings.
2023-09-13 01:39:15.317 [info] Keybindings: No changes found during synchronizing keybindings.
2023-09-13 01:39:15.322 [info] Snippets: No changes found during synchronizing snippets.
2023-09-13 01:39:15.327 [info] Tasks: No changes found during synchronizing tasks.
2023-09-13 01:39:15.333 [info] GlobalState: No changes found during synchronizing ui state.
2023-09-13 01:39:15.450 [info] Extensions: No changes found during synchronizing extensions.
2023-09-13 01:39:15.453 [info] Profiles: No changes found during synchronizing profiles.
2023-09-13 01:39:15.458 [info] Sync done. Took 590ms
2023-09-13 01:40:22.074 [info] Auto Sync: Triggered by Activity
2023-09-13 01:40:22.075 [info] Sync started.
2023-09-13 01:40:22.269 [info] Settings: No changes found during synchronizing settings.
2023-09-13 01:40:22.283 [info] Keybindings: No changes found during synchronizing keybindings.
2023-09-13 01:40:22.290 [info] Snippets: No changes found during synchronizing snippets.
2023-09-13 01:40:22.295 [info] Tasks: No changes found during synchronizing tasks.
2023-09-13 01:40:22.302 [info] GlobalState: No changes found during synchronizing ui state.
2023-09-13 01:40:22.433 [info] Extensions: No changes found during synchronizing extensions.
2023-09-13 01:40:22.436 [info] Profiles: No changes found during synchronizing profiles.
2023-09-13 01:40:22.438 [info] Sync done. Took 366ms
2023-09-13 01:41:36.138 [info] Auto Sync: Triggered by Activity
2023-09-13 01:41:36.138 [info] Sync started.
2023-09-13 01:41:36.256 [info] Settings: No changes found during synchronizing settings.
2023-09-13 01:41:36.262 [info] Keybindings: No changes found during synchronizing keybindings.
2023-09-13 01:41:36.268 [info] Snippets: No changes found during synchronizing snippets.
2023-09-13 01:41:36.279 [info] Tasks: No changes found during synchronizing tasks.
2023-09-13 01:41:36.288 [info] GlobalState: No changes found during synchronizing ui state.
2023-09-13 01:41:36.406 [info] Extensions: No changes found during synchronizing extensions.
2023-09-13 01:41:36.409 [info] Profiles: No changes found during synchronizing profiles.
2023-09-13 01:41:36.411 [info] Sync done. Took 273ms
2023-09-13 01:43:00.345 [info] Auto Sync: Triggered by Activity
2023-09-13 01:43:00.346 [info] Sync started.
2023-09-13 01:43:00.473 [info] Settings: No changes found during synchronizing settings.
2023-09-13 01:43:00.478 [info] Keybindings: No changes found during synchronizing keybindings.
2023-09-13 01:43:00.484 [info] Snippets: No changes found during synchronizing snippets.
2023-09-13 01:43:00.490 [info] Tasks: No changes found during synchronizing tasks.
2023-09-13 01:43:00.498 [info] GlobalState: No changes found during synchronizing ui state.
2023-09-13 01:43:00.643 [info] Extensions: No changes found during synchronizing extensions.
2023-09-13 01:43:00.646 [info] Profiles: No changes found during synchronizing profiles.
2023-09-13 01:43:00.649 [info] Sync done. Took 304ms
2023-09-13 01:43:39.019 [info] Auto Sync: Triggered by Activity
2023-09-13 01:43:39.020 [info] Sync started.
2023-09-13 01:43:39.174 [info] Settings: No changes found during synchronizing settings.
2023-09-13 01:43:39.186 [info] Keybindings: No changes found during synchronizing keybindings.
2023-09-13 01:43:39.194 [info] Snippets: No changes found during synchronizing snippets.
2023-09-13 01:43:39.201 [info] Tasks: No changes found during synchronizing tasks.
2023-09-13 01:43:39.210 [info] GlobalState: No changes found during synchronizing ui state.
2023-09-13 01:43:39.359 [info] Extensions: No changes found during synchronizing extensions.
2023-09-13 01:43:39.363 [info] Profiles: No changes found during synchronizing profiles.
2023-09-13 01:43:39.368 [info] Sync done. Took 349ms
2023-09-13 01:44:06.561 [info] Auto Sync: Triggered by Activity
2023-09-13 01:44:06.561 [info] Sync started.
2023-09-13 01:44:06.742 [info] Settings: No changes found during synchronizing settings.
2023-09-13 01:44:06.752 [info] Keybindings: No changes found during synchronizing keybindings.
2023-09-13 01:44:06.756 [info] Snippets: No changes found during synchronizing snippets.
2023-09-13 01:44:06.760 [info] Tasks: No changes found during synchronizing tasks.
2023-09-13 01:44:06.766 [info] GlobalState: No changes found during synchronizing ui state.
2023-09-13 01:44:06.917 [info] Extensions: No changes found during synchronizing extensions.
2023-09-13 01:44:06.936 [info] Profiles: No changes found during synchronizing profiles.
2023-09-13 01:44:06.943 [info] Sync done. Took 382ms
2023-09-13 01:44:35.133 [info] Auto Sync: Triggered by Activity
2023-09-13 01:44:35.133 [info] Sync started.
2023-09-13 01:44:35.288 [info] Settings: No changes found during synchronizing settings.
2023-09-13 01:44:35.293 [info] Keybindings: No changes found during synchronizing keybindings.
2023-09-13 01:44:35.300 [info] Snippets: No changes found during synchronizing snippets.
2023-09-13 01:44:35.304 [info] Tasks: No changes found during synchronizing tasks.
2023-09-13 01:44:35.312 [info] GlobalState: No changes found during synchronizing ui state.
2023-09-13 01:44:35.484 [info] Extensions: No changes found during synchronizing extensions.
2023-09-13 01:44:35.488 [info] Profiles: No changes found during synchronizing profiles.
2023-09-13 01:44:35.491 [info] Sync done. Took 359ms
2023-09-13 01:45:10.285 [info] Auto Sync: Triggered by Activity
2023-09-13 01:45:10.285 [info] Sync started.
2023-09-13 01:45:10.521 [info] Settings: No changes found during synchronizing settings.
2023-09-13 01:45:10.529 [info] Keybindings: No changes found during synchronizing keybindings.
2023-09-13 01:45:10.534 [info] Snippets: No changes found during synchronizing snippets.
2023-09-13 01:45:10.539 [info] Tasks: No changes found during synchronizing tasks.
2023-09-13 01:45:10.546 [info] GlobalState: No changes found during synchronizing ui state.
2023-09-13 01:45:10.653 [info] Extensions: No changes found during synchronizing extensions.
2023-09-13 01:45:10.657 [info] Profiles: No changes found during synchronizing profiles.
2023-09-13 01:45:10.660 [info] Sync done. Took 375ms
2023-09-13 01:45:32.444 [info] Auto Sync: Triggered by Activity
2023-09-13 01:45:32.445 [info] Sync started.
2023-09-13 01:45:32.642 [info] Settings: No changes found during synchronizing settings.
2023-09-13 01:45:32.655 [info] Keybindings: No changes found during synchronizing keybindings.
2023-09-13 01:45:32.663 [info] Snippets: No changes found during synchronizing snippets.
2023-09-13 01:45:32.669 [info] Tasks: No changes found during synchronizing tasks.
2023-09-13 01:45:32.676 [info] GlobalState: No changes found during synchronizing ui state.
2023-09-13 01:45:32.823 [info] Extensions: No changes found during synchronizing extensions.
2023-09-13 01:45:32.827 [info] Profiles: No changes found during synchronizing profiles.
2023-09-13 01:45:32.831 [info] Sync done. Took 388ms
2023-09-13 01:46:15.337 [info] Auto Sync: Triggered by Activity
2023-09-13 01:46:15.338 [info] Sync started.
2023-09-13 01:46:15.471 [info] Settings: No changes found during synchronizing settings.
2023-09-13 01:46:15.485 [info] Keybindings: No changes found during synchronizing keybindings.
2023-09-13 01:46:15.498 [info] Snippets: No changes found during synchronizing snippets.
2023-09-13 01:46:15.504 [info] Tasks: No changes found during synchronizing tasks.
2023-09-13 01:46:15.511 [info] GlobalState: No changes found during synchronizing ui state.
2023-09-13 01:46:15.635 [info] Extensions: No changes found during synchronizing extensions.
2023-09-13 01:46:15.638 [info] Profiles: No changes found during synchronizing profiles.
2023-09-13 01:46:15.641 [info] Sync done. Took 305ms
2023-09-13 01:46:40.329 [info] Auto Sync: Triggered by Activity
2023-09-13 01:46:40.329 [info] Sync started.
2023-09-13 01:46:40.445 [info] Settings: No changes found during synchronizing settings.
2023-09-13 01:46:40.450 [info] Keybindings: No changes found during synchronizing keybindings.
2023-09-13 01:46:40.454 [info] Snippets: No changes found during synchronizing snippets.
2023-09-13 01:46:40.458 [info] Tasks: No changes found during synchronizing tasks.
2023-09-13 01:46:40.463 [info] GlobalState: No changes found during synchronizing ui state.
2023-09-13 01:46:40.610 [info] Extensions: No changes found during synchronizing extensions.
2023-09-13 01:46:40.623 [info] Profiles: No changes found during synchronizing profiles.
2023-09-13 01:46:40.627 [info] Sync done. Took 298ms
2023-09-13 01:47:13.117 [info] Auto Sync: Triggered by Activity
2023-09-13 01:47:13.118 [info] Sync started.
2023-09-13 01:47:13.245 [info] Settings: No changes found during synchronizing settings.
2023-09-13 01:47:13.252 [info] Keybindings: No changes found during synchronizing keybindings.
2023-09-13 01:47:13.259 [info] Snippets: No changes found during synchronizing snippets.
2023-09-13 01:47:13.263 [info] Tasks: No changes found during synchronizing tasks.
2023-09-13 01:47:13.271 [info] GlobalState: No changes found during synchronizing ui state.
2023-09-13 01:47:13.387 [info] Extensions: No changes found during synchronizing extensions.
2023-09-13 01:47:13.390 [info] Profiles: No changes found during synchronizing profiles.
2023-09-13 01:47:13.392 [info] Sync done. Took 277ms
2023-09-13 01:47:26.714 [info] Auto Sync: Triggered by Activity
2023-09-13 01:47:26.715 [info] Sync started.
2023-09-13 01:47:26.852 [info] Settings: No changes found during synchronizing settings.
2023-09-13 01:47:26.859 [info] Keybindings: No changes found during synchronizing keybindings.
2023-09-13 01:47:26.865 [info] Snippets: No changes found during synchronizing snippets.
2023-09-13 01:47:26.869 [info] Tasks: No changes found during synchronizing tasks.
2023-09-13 01:47:26.877 [info] GlobalState: No changes found during synchronizing ui state.
2023-09-13 01:47:27.035 [info] Extensions: No changes found during synchronizing extensions.
2023-09-13 01:47:27.040 [info] Profiles: No changes found during synchronizing profiles.
2023-09-13 01:47:27.053 [info] Sync done. Took 338ms
2023-09-13 01:48:12.199 [info] Auto Sync: Triggered by Activity
2023-09-13 01:48:12.200 [info] Sync started.
2023-09-13 01:48:12.324 [info] Settings: No changes found during synchronizing settings.
2023-09-13 01:48:12.330 [info] Keybindings: No changes found during synchronizing keybindings.
2023-09-13 01:48:12.335 [info] Snippets: No changes found during synchronizing snippets.
2023-09-13 01:48:12.340 [info] Tasks: No changes found during synchronizing tasks.
2023-09-13 01:48:12.349 [info] GlobalState: No changes found during synchronizing ui state.
2023-09-13 01:48:12.478 [info] Extensions: No changes found during synchronizing extensions.
2023-09-13 01:48:12.483 [info] Profiles: No changes found during synchronizing profiles.
2023-09-13 01:48:12.487 [info] Sync done. Took 287ms
2023-09-13 01:53:09.504 [info] Auto Sync: Triggered by Activity
2023-09-13 01:53:09.505 [info] Sync started.
2023-09-13 01:53:09.850 [info] Settings: No changes found during synchronizing settings.
2023-09-13 01:53:09.856 [info] Keybindings: No changes found during synchronizing keybindings.
2023-09-13 01:53:09.863 [info] Snippets: No changes found during synchronizing snippets.
2023-09-13 01:53:09.869 [info] Tasks: No changes found during synchronizing tasks.
2023-09-13 01:53:09.876 [info] GlobalState: No changes found during synchronizing ui state.
2023-09-13 01:53:09.985 [info] Extensions: No changes found during synchronizing extensions.
2023-09-13 01:53:09.988 [info] Profiles: No changes found during synchronizing profiles.
2023-09-13 01:53:09.991 [info] Sync done. Took 488ms
2023-09-13 01:54:29.335 [info] Auto Sync: Triggered by Activity
2023-09-13 01:54:29.336 [info] Sync started.
2023-09-13 01:54:29.466 [info] Settings: No changes found during synchronizing settings.
2023-09-13 01:54:29.482 [info] Keybindings: No changes found during synchronizing keybindings.
2023-09-13 01:54:29.491 [info] Snippets: No changes found during synchronizing snippets.
2023-09-13 01:54:29.495 [info] Tasks: No changes found during synchronizing tasks.
2023-09-13 01:54:29.503 [info] GlobalState: No changes found during synchronizing ui state.
2023-09-13 01:54:29.624 [info] Extensions: No changes found during synchronizing extensions.
2023-09-13 01:54:29.627 [info] Profiles: No changes found during synchronizing profiles.
2023-09-13 01:54:29.630 [info] Sync done. Took 296ms
2023-09-13 01:55:06.805 [info] Auto Sync: Triggered by Activity
2023-09-13 01:55:06.806 [info] Sync started.
2023-09-13 01:55:06.999 [info] Settings: No changes found during synchronizing settings.
2023-09-13 01:55:07.007 [info] Keybindings: No changes found during synchronizing keybindings.
2023-09-13 01:55:07.014 [info] Snippets: No changes found during synchronizing snippets.
2023-09-13 01:55:07.018 [info] Tasks: No changes found during synchronizing tasks.
2023-09-13 01:55:07.024 [info] GlobalState: No changes found during synchronizing ui state.
2023-09-13 01:55:07.137 [info] Extensions: No changes found during synchronizing extensions.
2023-09-13 01:55:07.143 [info] Profiles: No changes found during synchronizing profiles.
2023-09-13 01:55:07.146 [info] Sync done. Took 342ms
2023-09-13 01:57:42.981 [info] Auto Sync: Triggered by Activity
2023-09-13 01:57:42.982 [info] Sync started.
2023-09-13 01:57:43.390 [info] Settings: No changes found during synchronizing settings.
2023-09-13 01:57:43.398 [info] Keybindings: No changes found during synchronizing keybindings.
2023-09-13 01:57:43.403 [info] Snippets: No changes found during synchronizing snippets.
2023-09-13 01:57:43.407 [info] Tasks: No changes found during synchronizing tasks.
2023-09-13 01:57:43.413 [info] GlobalState: No changes found during synchronizing ui state.
2023-09-13 01:57:43.505 [info] Extensions: No changes found during synchronizing extensions.
2023-09-13 01:57:43.509 [info] Profiles: No changes found during synchronizing profiles.
2023-09-13 01:57:43.511 [info] Sync done. Took 530ms
2023-09-13 02:01:49.525 [info] Auto Sync: Triggered by Activity
2023-09-13 02:01:49.526 [info] Sync started.
2023-09-13 02:01:49.907 [info] Settings: No changes found during synchronizing settings.
2023-09-13 02:01:49.915 [info] Keybindings: No changes found during synchronizing keybindings.
2023-09-13 02:01:49.921 [info] Snippets: No changes found during synchronizing snippets.
2023-09-13 02:01:49.926 [info] Tasks: No changes found during synchronizing tasks.
2023-09-13 02:01:49.932 [info] GlobalState: No changes found during synchronizing ui state.
2023-09-13 02:01:50.058 [info] Extensions: No changes found during synchronizing extensions.
2023-09-13 02:01:50.061 [info] Profiles: No changes found during synchronizing profiles.
2023-09-13 02:01:50.063 [info] Sync done. Took 539ms
2023-09-13 02:06:50.066 [info] Auto Sync: Triggered by Interval
2023-09-13 02:06:50.066 [info] Sync started.
2023-09-13 02:06:50.442 [info] Settings: No changes found during synchronizing settings.
2023-09-13 02:06:50.456 [info] Keybindings: No changes found during synchronizing keybindings.
2023-09-13 02:06:50.464 [info] Snippets: No changes found during synchronizing snippets.
2023-09-13 02:06:50.469 [info] Tasks: No changes found during synchronizing tasks.
2023-09-13 02:06:50.476 [info] GlobalState: No changes found during synchronizing ui state.
2023-09-13 02:06:50.575 [info] Extensions: No changes found during synchronizing extensions.
2023-09-13 02:06:50.580 [info] Profiles: No changes found during synchronizing profiles.
2023-09-13 02:06:50.583 [info] Sync done. Took 518ms
2023-09-13 02:11:46.736 [info] Auto Sync: Triggered by Activity
2023-09-13 02:11:46.737 [info] Sync started.
2023-09-13 02:11:47.129 [info] Settings: No changes found during synchronizing settings.
2023-09-13 02:11:47.137 [info] Keybindings: No changes found during synchronizing keybindings.
2023-09-13 02:11:47.142 [info] Snippets: No changes found during synchronizing snippets.
2023-09-13 02:11:47.145 [info] Tasks: No changes found during synchronizing tasks.
2023-09-13 02:11:47.151 [info] GlobalState: No changes found during synchronizing ui state.
2023-09-13 02:11:47.257 [info] Extensions: No changes found during synchronizing extensions.
2023-09-13 02:11:47.259 [info] Profiles: No changes found during synchronizing profiles.
2023-09-13 02:11:47.261 [info] Sync done. Took 526ms
2023-09-13 02:13:32.834 [info] Auto Sync: Triggered by Activity
2023-09-13 02:13:32.834 [info] Sync started.
2023-09-13 02:13:32.991 [info] Settings: No changes found during synchronizing settings.
2023-09-13 02:13:32.999 [info] Keybindings: No changes found during synchronizing keybindings.
2023-09-13 02:13:33.006 [info] Snippets: No changes found during synchronizing snippets.
2023-09-13 02:13:33.010 [info] Tasks: No changes found during synchronizing tasks.
2023-09-13 02:13:33.017 [info] GlobalState: No changes found during synchronizing ui state.
2023-09-13 02:13:33.140 [info] Extensions: No changes found during synchronizing extensions.
2023-09-13 02:13:33.143 [info] Profiles: No changes found during synchronizing profiles.
2023-09-13 02:13:33.145 [info] Sync done. Took 312ms
2023-09-13 02:15:26.167 [info] Auto Sync: Triggered by Activity
2023-09-13 02:15:26.168 [info] Sync started.
2023-09-13 02:15:26.303 [info] Settings: No changes found during synchronizing settings.
2023-09-13 02:15:26.310 [info] Keybindings: No changes found during synchronizing keybindings.
2023-09-13 02:15:26.315 [info] Snippets: No changes found during synchronizing snippets.
2023-09-13 02:15:26.320 [info] Tasks: No changes found during synchronizing tasks.
2023-09-13 02:15:26.328 [info] GlobalState: No changes found during synchronizing ui state.
2023-09-13 02:15:26.460 [info] Extensions: No changes found during synchronizing extensions.
2023-09-13 02:15:26.463 [info] Profiles: No changes found during synchronizing profiles.
2023-09-13 02:15:26.465 [info] Sync done. Took 300ms
2023-09-13 02:16:25.237 [info] Auto Sync: Triggered by Activity
2023-09-13 02:16:25.238 [info] Sync started.
2023-09-13 02:16:25.382 [info] Settings: No changes found during synchronizing settings.
2023-09-13 02:16:25.390 [info] Keybindings: No changes found during synchronizing keybindings.
2023-09-13 02:16:25.397 [info] Snippets: No changes found during synchronizing snippets.
2023-09-13 02:16:25.401 [info] Tasks: No changes found during synchronizing tasks.
2023-09-13 02:16:25.408 [info] GlobalState: No changes found during synchronizing ui state.
2023-09-13 02:16:25.504 [info] Extensions: No changes found during synchronizing extensions.
2023-09-13 02:16:25.506 [info] Profiles: No changes found during synchronizing profiles.
2023-09-13 02:16:25.509 [info] Sync done. Took 273ms
2023-09-13 02:18:21.486 [info] Auto Sync: Triggered by Activity
2023-09-13 02:18:21.487 [info] Sync started.
2023-09-13 02:18:21.616 [info] Settings: No changes found during synchronizing settings.
2023-09-13 02:18:21.625 [info] Keybindings: No changes found during synchronizing keybindings.
2023-09-13 02:18:21.630 [info] Snippets: No changes found during synchronizing snippets.
2023-09-13 02:18:21.635 [info] Tasks: No changes found during synchronizing tasks.
2023-09-13 02:18:21.644 [info] GlobalState: No changes found during synchronizing ui state.
2023-09-13 02:18:21.764 [info] Extensions: No changes found during synchronizing extensions.
2023-09-13 02:18:21.766 [info] Profiles: No changes found during synchronizing profiles.
2023-09-13 02:18:21.769 [info] Sync done. Took 283ms
2023-09-13 02:18:48.567 [info] Auto Sync: Triggered by Activity
2023-09-13 02:18:48.567 [info] Sync started.
2023-09-13 02:18:48.736 [info] Settings: No changes found during synchronizing settings.
2023-09-13 02:18:48.747 [info] Keybindings: No changes found during synchronizing keybindings.
2023-09-13 02:18:48.754 [info] Snippets: No changes found during synchronizing snippets.
2023-09-13 02:18:48.758 [info] Tasks: No changes found during synchronizing tasks.
2023-09-13 02:18:48.765 [info] GlobalState: No changes found during synchronizing ui state.
2023-09-13 02:18:48.880 [info] Extensions: No changes found during synchronizing extensions.
2023-09-13 02:18:48.882 [info] Profiles: No changes found during synchronizing profiles.
2023-09-13 02:18:48.884 [info] Sync done. Took 318ms
2023-09-13 02:19:51.353 [info] Auto Sync: Triggered by Activity
2023-09-13 02:19:51.354 [info] Sync started.
2023-09-13 02:19:51.483 [info] Settings: No changes found during synchronizing settings.
2023-09-13 02:19:51.493 [info] Keybindings: No changes found during synchronizing keybindings.
2023-09-13 02:19:51.499 [info] Snippets: No changes found during synchronizing snippets.
2023-09-13 02:19:51.506 [info] Tasks: No changes found during synchronizing tasks.
2023-09-13 02:19:51.512 [info] GlobalState: No changes found during synchronizing ui state.
2023-09-13 02:19:51.614 [info] Extensions: No changes found during synchronizing extensions.
2023-09-13 02:19:51.617 [info] Profiles: No changes found during synchronizing profiles.
2023-09-13 02:19:51.620 [info] Sync done. Took 269ms
2023-09-13 02:20:06.126 [info] Auto Sync: Triggered by Activity
2023-09-13 02:20:06.126 [info] Sync started.
2023-09-13 02:20:06.271 [info] Settings: No changes found during synchronizing settings.
2023-09-13 02:20:06.280 [info] Keybindings: No changes found during synchronizing keybindings.
2023-09-13 02:20:06.287 [info] Snippets: No changes found during synchronizing snippets.
2023-09-13 02:20:06.292 [info] Tasks: No changes found during synchronizing tasks.
2023-09-13 02:20:06.300 [info] GlobalState: No changes found during synchronizing ui state.
2023-09-13 02:20:06.432 [info] Extensions: No changes found during synchronizing extensions.
2023-09-13 02:20:06.435 [info] Profiles: No changes found during synchronizing profiles.
2023-09-13 02:20:06.438 [info] Sync done. Took 313ms
2023-09-13 02:20:54.217 [info] Auto Sync: Triggered by Activity
2023-09-13 02:20:54.217 [info] Sync started.
2023-09-13 02:20:54.355 [info] Settings: No changes found during synchronizing settings.
2023-09-13 02:20:54.368 [info] Keybindings: No changes found during synchronizing keybindings.
2023-09-13 02:20:54.375 [info] Snippets: No changes found during synchronizing snippets.
2023-09-13 02:20:54.380 [info] Tasks: No changes found during synchronizing tasks.
2023-09-13 02:20:54.388 [info] GlobalState: No changes found during synchronizing ui state.
2023-09-13 02:20:54.494 [info] Extensions: No changes found during synchronizing extensions.
2023-09-13 02:20:54.499 [info] Profiles: No changes found during synchronizing profiles.
2023-09-13 02:20:54.502 [info] Sync done. Took 285ms
2023-09-13 02:21:29.808 [info] Auto Sync: Triggered by Activity
2023-09-13 02:21:29.808 [info] Sync started.
2023-09-13 02:21:29.956 [info] Settings: No changes found during synchronizing settings.
2023-09-13 02:21:29.963 [info] Keybindings: No changes found during synchronizing keybindings.
2023-09-13 02:21:29.969 [info] Snippets: No changes found during synchronizing snippets.
2023-09-13 02:21:29.975 [info] Tasks: No changes found during synchronizing tasks.
2023-09-13 02:21:29.982 [info] GlobalState: No changes found during synchronizing ui state.
2023-09-13 02:21:30.100 [info] Extensions: No changes found during synchronizing extensions.
2023-09-13 02:21:30.103 [info] Profiles: No changes found during synchronizing profiles.
2023-09-13 02:21:30.141 [info] Sync done. Took 334ms
2023-09-13 02:21:47.193 [info] Auto Sync: Triggered by Activity
2023-09-13 02:21:47.194 [info] Sync started.
2023-09-13 02:21:47.308 [info] Settings: No changes found during synchronizing settings.
2023-09-13 02:21:47.315 [info] Keybindings: No changes found during synchronizing keybindings.
2023-09-13 02:21:47.319 [info] Snippets: No changes found during synchronizing snippets.
2023-09-13 02:21:47.323 [info] Tasks: No changes found during synchronizing tasks.
2023-09-13 02:21:47.331 [info] GlobalState: No changes found during synchronizing ui state.
2023-09-13 02:21:47.488 [info] Extensions: No changes found during synchronizing extensions.
2023-09-13 02:21:47.491 [info] Profiles: No changes found during synchronizing profiles.
2023-09-13 02:21:47.493 [info] Sync done. Took 302ms
2023-09-13 02:22:01.721 [info] Auto Sync: Triggered by Activity
2023-09-13 02:22:01.722 [info] Sync started.
2023-09-13 02:22:01.833 [info] Settings: No changes found during synchronizing settings.
2023-09-13 02:22:01.839 [info] Keybindings: No changes found during synchronizing keybindings.
2023-09-13 02:22:01.845 [info] Snippets: No changes found during synchronizing snippets.
2023-09-13 02:22:01.849 [info] Tasks: No changes found during synchronizing tasks.
2023-09-13 02:22:01.857 [info] GlobalState: No changes found during synchronizing ui state.
2023-09-13 02:22:01.973 [info] Extensions: No changes found during synchronizing extensions.
2023-09-13 02:22:01.977 [info] Profiles: No changes found during synchronizing profiles.
2023-09-13 02:22:01.979 [info] Sync done. Took 257ms
2023-09-13 02:22:50.875 [info] Auto Sync: Triggered by Activity
2023-09-13 02:22:50.875 [info] Sync started.
2023-09-13 02:22:51.044 [info] Settings: No changes found during synchronizing settings.
2023-09-13 02:22:51.057 [info] Keybindings: No changes found during synchronizing keybindings.
2023-09-13 02:22:51.068 [info] Snippets: No changes found during synchronizing snippets.
2023-09-13 02:22:51.073 [info] Tasks: No changes found during synchronizing tasks.
2023-09-13 02:22:51.079 [info] GlobalState: No changes found during synchronizing ui state.
2023-09-13 02:22:51.195 [info] Extensions: No changes found during synchronizing extensions.
2023-09-13 02:22:51.198 [info] Profiles: No changes found during synchronizing profiles.
2023-09-13 02:22:51.200 [info] Sync done. Took 327ms
2023-09-13 02:23:43.370 [info] Auto Sync: Triggered by Activity
2023-09-13 02:23:43.371 [info] Sync started.
2023-09-13 02:23:43.517 [info] Settings: No changes found during synchronizing settings.
2023-09-13 02:23:43.539 [info] Keybindings: No changes found during synchronizing keybindings.
2023-09-13 02:23:43.559 [info] Snippets: No changes found during synchronizing snippets.
2023-09-13 02:23:43.576 [info] Tasks: No changes found during synchronizing tasks.
2023-09-13 02:23:43.594 [info] GlobalState: No changes found during synchronizing ui state.
2023-09-13 02:23:43.750 [info] Extensions: No changes found during synchronizing extensions.
2023-09-13 02:23:43.753 [info] Profiles: No changes found during synchronizing profiles.
2023-09-13 02:23:43.756 [info] Sync done. Took 386ms
2023-09-13 02:23:59.182 [info] Auto Sync: Triggered by Activity
2023-09-13 02:23:59.182 [info] Sync started.
2023-09-13 02:23:59.294 [info] Settings: No changes found during synchronizing settings.
2023-09-13 02:23:59.301 [info] Keybindings: No changes found during synchronizing keybindings.
2023-09-13 02:23:59.306 [info] Snippets: No changes found during synchronizing snippets.
2023-09-13 02:23:59.310 [info] Tasks: No changes found during synchronizing tasks.
2023-09-13 02:23:59.316 [info] GlobalState: No changes found during synchronizing ui state.
2023-09-13 02:23:59.458 [info] Extensions: No changes found during synchronizing extensions.
2023-09-13 02:23:59.461 [info] Profiles: No changes found during synchronizing profiles.
2023-09-13 02:23:59.463 [info] Sync done. Took 282ms
2023-09-13 02:24:16.538 [info] Auto Sync: Triggered by Activity
2023-09-13 02:24:16.538 [info] Sync started.
2023-09-13 02:24:16.677 [info] Settings: No changes found during synchronizing settings.
2023-09-13 02:24:16.692 [info] Keybindings: No changes found during synchronizing keybindings.
2023-09-13 02:24:16.709 [info] Snippets: No changes found during synchronizing snippets.
2023-09-13 02:24:16.716 [info] Tasks: No changes found during synchronizing tasks.
2023-09-13 02:24:16.725 [info] GlobalState: No changes found during synchronizing ui state.
2023-09-13 02:24:16.857 [info] Extensions: No changes found during synchronizing extensions.
2023-09-13 02:24:16.861 [info] Profiles: No changes found during synchronizing profiles.
2023-09-13 02:24:16.863 [info] Sync done. Took 326ms
2023-09-13 02:24:34.905 [info] Auto Sync: Triggered by Activity
2023-09-13 02:24:34.906 [info] Sync started.
2023-09-13 02:24:35.054 [info] Settings: No changes found during synchronizing settings.
2023-09-13 02:24:35.062 [info] Keybindings: No changes found during synchronizing keybindings.
2023-09-13 02:24:35.068 [info] Snippets: No changes found during synchronizing snippets.
2023-09-13 02:24:35.071 [info] Tasks: No changes found during synchronizing tasks.
2023-09-13 02:24:35.077 [info] GlobalState: No changes found during synchronizing ui state.
2023-09-13 02:24:35.178 [info] Extensions: No changes found during synchronizing extensions.
2023-09-13 02:24:35.181 [info] Profiles: No changes found during synchronizing profiles.
2023-09-13 02:24:35.186 [info] Sync done. Took 282ms
2023-09-13 02:24:46.426 [info] Auto Sync: Triggered by Activity
2023-09-13 02:24:46.427 [info] Sync started.
2023-09-13 02:24:46.548 [info] Settings: No changes found during synchronizing settings.
2023-09-13 02:24:46.554 [info] Keybindings: No changes found during synchronizing keybindings.
2023-09-13 02:24:46.561 [info] Snippets: No changes found during synchronizing snippets.
2023-09-13 02:24:46.568 [info] Tasks: No changes found during synchronizing tasks.
2023-09-13 02:24:46.576 [info] GlobalState: No changes found during synchronizing ui state.
2023-09-13 02:24:46.707 [info] Extensions: No changes found during synchronizing extensions.
2023-09-13 02:24:46.709 [info] Profiles: No changes found during synchronizing profiles.
2023-09-13 02:24:46.713 [info] Sync done. Took 289ms
2023-09-13 02:25:14.449 [info] Auto Sync: Triggered by Activity
2023-09-13 02:25:14.450 [info] Sync started.
2023-09-13 02:25:14.602 [info] Settings: No changes found during synchronizing settings.
2023-09-13 02:25:14.618 [info] Keybindings: No changes found during synchronizing keybindings.
2023-09-13 02:25:14.627 [info] Snippets: No changes found during synchronizing snippets.
2023-09-13 02:25:14.633 [info] Tasks: No changes found during synchronizing tasks.
2023-09-13 02:25:14.639 [info] GlobalState: No changes found during synchronizing ui state.
2023-09-13 02:25:14.772 [info] Extensions: No changes found during synchronizing extensions.
2023-09-13 02:25:14.775 [info] Profiles: No changes found during synchronizing profiles.
2023-09-13 02:25:14.779 [info] Sync done. Took 330ms
2023-09-13 02:25:40.319 [info] Auto Sync: Triggered by Activity
2023-09-13 02:25:40.319 [info] Sync started.
2023-09-13 02:25:40.468 [info] Settings: No changes found during synchronizing settings.
2023-09-13 02:25:40.489 [info] Keybindings: No changes found during synchronizing keybindings.
2023-09-13 02:25:40.504 [info] Snippets: No changes found during synchronizing snippets.
2023-09-13 02:25:40.510 [info] Tasks: No changes found during synchronizing tasks.
2023-09-13 02:25:40.517 [info] GlobalState: No changes found during synchronizing ui state.
2023-09-13 02:25:40.623 [info] Extensions: No changes found during synchronizing extensions.
2023-09-13 02:25:40.625 [info] Profiles: No changes found during synchronizing profiles.
2023-09-13 02:25:40.628 [info] Sync done. Took 309ms
2023-09-13 02:25:57.942 [info] Auto Sync: Triggered by Activity
2023-09-13 02:25:57.942 [info] Sync started.
2023-09-13 02:25:58.056 [info] Settings: No changes found during synchronizing settings.
2023-09-13 02:25:58.064 [info] Keybindings: No changes found during synchronizing keybindings.
2023-09-13 02:25:58.074 [info] Snippets: No changes found during synchronizing snippets.
2023-09-13 02:25:58.079 [info] Tasks: No changes found during synchronizing tasks.
2023-09-13 02:25:58.091 [info] GlobalState: No changes found during synchronizing ui state.
2023-09-13 02:25:58.307 [info] Extensions: No changes found during synchronizing extensions.
2023-09-13 02:25:58.311 [info] Profiles: No changes found during synchronizing profiles.
2023-09-13 02:25:58.314 [info] Sync done. Took 372ms
2023-09-13 02:26:23.137 [info] Auto Sync: Triggered by Activity
2023-09-13 02:26:23.138 [info] Sync started.
2023-09-13 02:26:23.325 [info] Settings: No changes found during synchronizing settings.
2023-09-13 02:26:23.353 [info] Keybindings: No changes found during synchronizing keybindings.
2023-09-13 02:26:23.360 [info] Snippets: No changes found during synchronizing snippets.
2023-09-13 02:26:23.365 [info] Tasks: No changes found during synchronizing tasks.
2023-09-13 02:26:23.376 [info] GlobalState: No changes found during synchronizing ui state.
2023-09-13 02:26:23.513 [info] Extensions: No changes found during synchronizing extensions.
2023-09-13 02:26:23.515 [info] Profiles: No changes found during synchronizing profiles.
2023-09-13 02:26:23.518 [info] Sync done. Took 383ms
2023-09-13 02:26:45.948 [info] Auto Sync: Triggered by Activity
2023-09-13 02:26:45.949 [info] Sync started.
2023-09-13 02:26:46.162 [info] Settings: No changes found during synchronizing settings.
2023-09-13 02:26:46.167 [info] Keybindings: No changes found during synchronizing keybindings.
2023-09-13 02:26:46.171 [info] Snippets: No changes found during synchronizing snippets.
2023-09-13 02:26:46.175 [info] Tasks: No changes found during synchronizing tasks.
2023-09-13 02:26:46.182 [info] GlobalState: No changes found during synchronizing ui state.
2023-09-13 02:26:46.357 [info] Extensions: No changes found during synchronizing extensions.
2023-09-13 02:26:46.361 [info] Profiles: No changes found during synchronizing profiles.
2023-09-13 02:26:46.364 [info] Sync done. Took 415ms
2023-09-13 02:27:53.297 [info] Auto Sync: Triggered by Activity
2023-09-13 02:27:53.298 [info] Sync started.
2023-09-13 02:27:53.440 [info] Settings: No changes found during synchronizing settings.
2023-09-13 02:27:53.457 [info] Keybindings: No changes found during synchronizing keybindings.
2023-09-13 02:27:53.468 [info] Snippets: No changes found during synchronizing snippets.
2023-09-13 02:27:53.473 [info] Tasks: No changes found during synchronizing tasks.
2023-09-13 02:27:53.482 [info] GlobalState: No changes found during synchronizing ui state.
2023-09-13 02:27:53.591 [info] Extensions: No changes found during synchronizing extensions.
2023-09-13 02:27:53.595 [info] Profiles: No changes found during synchronizing profiles.
2023-09-13 02:27:53.597 [info] Sync done. Took 301ms
2023-09-13 02:29:39.354 [info] Auto Sync: Triggered by Activity
2023-09-13 02:29:39.355 [info] Sync started.
2023-09-13 02:29:39.505 [info] Settings: No changes found during synchronizing settings.
2023-09-13 02:29:39.517 [info] Keybindings: No changes found during synchronizing keybindings.
2023-09-13 02:29:39.525 [info] Snippets: No changes found during synchronizing snippets.
2023-09-13 02:29:39.530 [info] Tasks: No changes found during synchronizing tasks.
2023-09-13 02:29:39.539 [info] GlobalState: No changes found during synchronizing ui state.
2023-09-13 02:29:39.641 [info] Extensions: No changes found during synchronizing extensions.
2023-09-13 02:29:39.643 [info] Profiles: No changes found during synchronizing profiles.
2023-09-13 02:29:39.645 [info] Sync done. Took 292ms
2023-09-13 02:30:28.782 [info] Auto Sync: Triggered by Activity
2023-09-13 02:30:28.783 [info] Sync started.
2023-09-13 02:30:28.930 [info] Settings: No changes found during synchronizing settings.
2023-09-13 02:30:28.941 [info] Keybindings: No changes found during synchronizing keybindings.
2023-09-13 02:30:28.948 [info] Snippets: No changes found during synchronizing snippets.
2023-09-13 02:30:28.953 [info] Tasks: No changes found during synchronizing tasks.
2023-09-13 02:30:28.959 [info] GlobalState: No changes found during synchronizing ui state.
2023-09-13 02:30:29.084 [info] Extensions: No changes found during synchronizing extensions.
2023-09-13 02:30:29.087 [info] Profiles: No changes found during synchronizing profiles.
2023-09-13 02:30:29.090 [info] Sync done. Took 309ms
2023-09-13 02:30:42.009 [info] Auto Sync: Triggered by Activity
2023-09-13 02:30:42.010 [info] Sync started.
2023-09-13 02:30:42.148 [info] Settings: No changes found during synchronizing settings.
2023-09-13 02:30:42.163 [info] Keybindings: No changes found during synchronizing keybindings.
2023-09-13 02:30:42.172 [info] Snippets: No changes found during synchronizing snippets.
2023-09-13 02:30:42.177 [info] Tasks: No changes found during synchronizing tasks.
2023-09-13 02:30:42.185 [info] GlobalState: No changes found during synchronizing ui state.
2023-09-13 02:30:42.283 [info] Extensions: No changes found during synchronizing extensions.
2023-09-13 02:30:42.285 [info] Profiles: No changes found during synchronizing profiles.
2023-09-13 02:30:42.287 [info] Sync done. Took 279ms
2023-09-13 02:31:21.952 [info] Auto Sync: Triggered by Activity
2023-09-13 02:31:21.952 [info] Sync started.
2023-09-13 02:31:22.101 [info] Settings: No changes found during synchronizing settings.
2023-09-13 02:31:22.108 [info] Keybindings: No changes found during synchronizing keybindings.
2023-09-13 02:31:22.115 [info] Snippets: No changes found during synchronizing snippets.
2023-09-13 02:31:22.119 [info] Tasks: No changes found during synchronizing tasks.
2023-09-13 02:31:22.127 [info] GlobalState: No changes found during synchronizing ui state.
2023-09-13 02:31:22.243 [info] Extensions: No changes found during synchronizing extensions.
2023-09-13 02:31:22.245 [info] Profiles: No changes found during synchronizing profiles.
2023-09-13 02:31:22.248 [info] Sync done. Took 298ms
2023-09-13 02:32:44.251 [info] Auto Sync: Triggered by Activity
2023-09-13 02:32:44.251 [info] Sync started.
2023-09-13 02:32:44.387 [info] Settings: No changes found during synchronizing settings.
2023-09-13 02:32:44.408 [info] Keybindings: No changes found during synchronizing keybindings.
2023-09-13 02:32:44.419 [info] Snippets: No changes found during synchronizing snippets.
2023-09-13 02:32:44.423 [info] Tasks: No changes found during synchronizing tasks.
2023-09-13 02:32:44.429 [info] GlobalState: No changes found during synchronizing ui state.
2023-09-13 02:32:44.532 [info] Extensions: No changes found during synchronizing extensions.
2023-09-13 02:32:44.537 [info] Profiles: No changes found during synchronizing profiles.
2023-09-13 02:32:44.540 [info] Sync done. Took 290ms
2023-09-13 02:32:57.748 [info] Auto Sync: Triggered by Activity
2023-09-13 02:32:57.749 [info] Sync started.
2023-09-13 02:32:57.906 [info] Settings: No changes found during synchronizing settings.
2023-09-13 02:32:57.913 [info] Keybindings: No changes found during synchronizing keybindings.
2023-09-13 02:32:57.919 [info] Snippets: No changes found during synchronizing snippets.
2023-09-13 02:32:57.925 [info] Tasks: No changes found during synchronizing tasks.
2023-09-13 02:32:58.449 [info] GlobalState: Updated remote ui state. Updated: workbench.activity.pinnedViewlets2.
2023-09-13 02:32:58.529 [info] GlobalState: Updated last synchronized ui state
2023-09-13 02:32:58.676 [info] Extensions: No changes found during synchronizing extensions.
2023-09-13 02:32:58.678 [info] Profiles: No changes found during synchronizing profiles.
2023-09-13 02:32:58.680 [info] Sync done. Took 933ms
2023-09-13 02:34:35.802 [info] Auto Sync: Triggered by Activity
2023-09-13 02:34:35.802 [info] Sync started.
2023-09-13 02:34:35.933 [info] Settings: No changes found during synchronizing settings.
2023-09-13 02:34:35.948 [info] Keybindings: No changes found during synchronizing keybindings.
2023-09-13 02:34:35.959 [info] Snippets: No changes found during synchronizing snippets.
2023-09-13 02:34:35.964 [info] Tasks: No changes found during synchronizing tasks.
2023-09-13 02:34:35.973 [info] GlobalState: No changes found during synchronizing ui state.
2023-09-13 02:34:36.095 [info] Extensions: No changes found during synchronizing extensions.
2023-09-13 02:34:36.098 [info] Profiles: No changes found during synchronizing profiles.
2023-09-13 02:34:36.101 [info] Sync done. Took 299ms
2023-09-13 02:34:41.078 [info] Auto Sync: Triggered by Activity
2023-09-13 02:34:41.078 [info] Sync started.
2023-09-13 02:34:41.197 [info] Settings: No changes found during synchronizing settings.
2023-09-13 02:34:41.205 [info] Keybindings: No changes found during synchronizing keybindings.
2023-09-13 02:34:41.210 [info] Snippets: No changes found during synchronizing snippets.
2023-09-13 02:34:41.213 [info] Tasks: No changes found during synchronizing tasks.
2023-09-13 02:34:41.628 [info] GlobalState: Updated remote ui state. Updated: workbench.activity.pinnedViewlets2.
2023-09-13 02:34:41.707 [info] GlobalState: Updated last synchronized ui state
2023-09-13 02:34:41.887 [info] Extensions: No changes found during synchronizing extensions.
2023-09-13 02:34:41.891 [info] Profiles: No changes found during synchronizing profiles.
2023-09-13 02:34:41.895 [info] Sync done. Took 817ms
2023-09-13 02:35:03.044 [info] Auto Sync: Triggered by Activity
2023-09-13 02:35:03.045 [info] Sync started.
2023-09-13 02:35:03.620 [info] Settings: Updated remote settings
2023-09-13 02:35:03.670 [info] Settings: Updated last synchronized settings
2023-09-13 02:35:03.687 [info] Keybindings: No changes found during synchronizing keybindings.
2023-09-13 02:35:03.703 [info] Snippets: No changes found during synchronizing snippets.
2023-09-13 02:35:03.712 [info] Tasks: No changes found during synchronizing tasks.
2023-09-13 02:35:03.724 [info] GlobalState: No changes found during synchronizing ui state.
2023-09-13 02:35:03.834 [info] Extensions: No changes found during synchronizing extensions.
2023-09-13 02:35:03.837 [info] Profiles: No changes found during synchronizing profiles.
2023-09-13 02:35:03.840 [info] Sync done. Took 797ms
2023-09-13 02:35:07.013 [info] Auto Sync: Triggered by Activity
2023-09-13 02:35:07.013 [info] Sync started.
2023-09-13 02:35:07.160 [info] Settings: No changes found during synchronizing settings.
2023-09-13 02:35:07.172 [info] Keybindings: No changes found during synchronizing keybindings.
2023-09-13 02:35:07.179 [info] Snippets: No changes found during synchronizing snippets.
2023-09-13 02:35:07.186 [info] Tasks: No changes found during synchronizing tasks.
2023-09-13 02:35:07.192 [info] GlobalState: No changes found during synchronizing ui state.
2023-09-13 02:35:07.313 [info] Extensions: No changes found during synchronizing extensions.
2023-09-13 02:35:07.316 [info] Profiles: No changes found during synchronizing profiles.
2023-09-13 02:35:07.318 [info] Sync done. Took 306ms
2023-09-13 02:37:36.011 [info] Auto Sync: Triggered by Activity
2023-09-13 02:37:36.011 [info] Sync started.
2023-09-13 02:37:36.393 [info] Settings: No changes found during synchronizing settings.
2023-09-13 02:37:36.400 [info] Keybindings: No changes found during synchronizing keybindings.
2023-09-13 02:37:36.409 [info] Snippets: No changes found during synchronizing snippets.
2023-09-13 02:37:36.416 [info] Tasks: No changes found during synchronizing tasks.
2023-09-13 02:37:36.423 [info] GlobalState: No changes found during synchronizing ui state.
2023-09-13 02:37:36.536 [info] Extensions: No changes found during synchronizing extensions.
2023-09-13 02:37:36.538 [info] Profiles: No changes found during synchronizing profiles.
2023-09-13 02:37:36.540 [info] Sync done. Took 530ms
2023-09-13 02:38:00.021 [info] Auto Sync: Triggered by Activity
2023-09-13 02:38:00.021 [info] Sync started.
2023-09-13 02:38:00.152 [info] Settings: No changes found during synchronizing settings.
2023-09-13 02:38:00.161 [info] Keybindings: No changes found during synchronizing keybindings.
2023-09-13 02:38:00.168 [info] Snippets: No changes found during synchronizing snippets.
2023-09-13 02:38:00.171 [info] Tasks: No changes found during synchronizing tasks.
2023-09-13 02:38:00.545 [info] GlobalState: Updated remote ui state. Updated: workbench.activity.pinnedViewlets2.
2023-09-13 02:38:00.626 [info] GlobalState: Updated last synchronized ui state
2023-09-13 02:38:00.774 [info] Extensions: No changes found during synchronizing extensions.
2023-09-13 02:38:00.777 [info] Profiles: No changes found during synchronizing profiles.
2023-09-13 02:38:00.779 [info] Sync done. Took 760ms
2023-09-13 02:38:04.145 [info] Auto Sync: Triggered by Activity
2023-09-13 02:38:04.146 [info] Sync started.
2023-09-13 02:38:04.265 [info] Settings: No changes found during synchronizing settings.
2023-09-13 02:38:04.273 [info] Keybindings: No changes found during synchronizing keybindings.
2023-09-13 02:38:04.282 [info] Snippets: No changes found during synchronizing snippets.
2023-09-13 02:38:04.287 [info] Tasks: No changes found during synchronizing tasks.
2023-09-13 02:38:04.651 [info] GlobalState: Updated remote ui state. Updated: workbench.activity.pinnedViewlets2.
2023-09-13 02:38:04.713 [info] GlobalState: Updated last synchronized ui state
2023-09-13 02:38:04.829 [info] Extensions: No changes found during synchronizing extensions.
2023-09-13 02:38:04.832 [info] Profiles: No changes found during synchronizing profiles.
2023-09-13 02:38:04.835 [info] Sync done. Took 690ms
2023-09-13 02:39:49.759 [info] Auto Sync: Triggered by Activity
2023-09-13 02:39:49.759 [info] Sync started.
2023-09-13 02:39:49.901 [info] Settings: No changes found during synchronizing settings.
2023-09-13 02:39:49.911 [info] Keybindings: No changes found during synchronizing keybindings.
2023-09-13 02:39:49.919 [info] Snippets: No changes found during synchronizing snippets.
2023-09-13 02:39:49.923 [info] Tasks: No changes found during synchronizing tasks.
2023-09-13 02:39:50.365 [info] GlobalState: Updated remote ui state. Updated: workbench.activity.pinnedViewlets2.
2023-09-13 02:39:50.442 [info] GlobalState: Updated last synchronized ui state
2023-09-13 02:39:50.602 [info] Extensions: No changes found during synchronizing extensions.
2023-09-13 02:39:50.605 [info] Profiles: No changes found during synchronizing profiles.
2023-09-13 02:39:50.608 [info] Sync done. Took 855ms
2023-09-13 02:40:13.076 [info] Auto Sync: Triggered by Activity
2023-09-13 02:40:13.077 [info] Sync started.
2023-09-13 02:40:13.188 [info] Settings: No changes found during synchronizing settings.
2023-09-13 02:40:13.194 [info] Keybindings: No changes found during synchronizing keybindings.
2023-09-13 02:40:13.199 [info] Snippets: No changes found during synchronizing snippets.
2023-09-13 02:40:13.204 [info] Tasks: No changes found during synchronizing tasks.
2023-09-13 02:40:13.712 [info] GlobalState: Updated remote ui state. Updated: workbench.activity.pinnedViewlets2.
2023-09-13 02:40:13.795 [info] GlobalState: Updated last synchronized ui state
2023-09-13 02:40:13.947 [info] Extensions: No changes found during synchronizing extensions.
2023-09-13 02:40:13.949 [info] Profiles: No changes found during synchronizing profiles.
2023-09-13 02:40:13.952 [info] Sync done. Took 876ms
2023-09-13 02:41:10.475 [info] Auto Sync: Triggered by Activity
2023-09-13 02:41:10.476 [info] Sync started.
2023-09-13 02:41:10.587 [info] Settings: No changes found during synchronizing settings.
2023-09-13 02:41:10.593 [info] Keybindings: No changes found during synchronizing keybindings.
2023-09-13 02:41:10.599 [info] Snippets: No changes found during synchronizing snippets.
2023-09-13 02:41:10.603 [info] Tasks: No changes found during synchronizing tasks.
2023-09-13 02:41:10.610 [info] GlobalState: No changes found during synchronizing ui state.
2023-09-13 02:41:10.741 [info] Extensions: No changes found during synchronizing extensions.
2023-09-13 02:41:10.744 [info] Profiles: No changes found during synchronizing profiles.
2023-09-13 02:41:10.747 [info] Sync done. Took 273ms
2023-09-13 02:42:43.494 [info] Auto Sync: Triggered by Activity
2023-09-13 02:42:43.494 [info] Sync started.
2023-09-13 02:42:43.635 [info] Settings: No changes found during synchronizing settings.
2023-09-13 02:42:43.644 [info] Keybindings: No changes found during synchronizing keybindings.
2023-09-13 02:42:43.650 [info] Snippets: No changes found during synchronizing snippets.
2023-09-13 02:42:43.656 [info] Tasks: No changes found during synchronizing tasks.
2023-09-13 02:42:43.662 [info] GlobalState: No changes found during synchronizing ui state.
2023-09-13 02:42:43.812 [info] Extensions: No changes found during synchronizing extensions.
2023-09-13 02:42:43.816 [info] Profiles: No changes found during synchronizing profiles.
2023-09-13 02:42:43.819 [info] Sync done. Took 325ms
2023-09-13 02:44:05.124 [info] Auto Sync: Triggered by Activity
2023-09-13 02:44:05.125 [info] Sync started.
2023-09-13 02:44:05.354 [info] Settings: No changes found during synchronizing settings.
2023-09-13 02:44:05.364 [info] Keybindings: No changes found during synchronizing keybindings.
2023-09-13 02:44:05.522 [info] Snippets: No changes found during synchronizing snippets.
2023-09-13 02:44:05.533 [info] Tasks: No changes found during synchronizing tasks.
2023-09-13 02:44:05.611 [info] GlobalState: No changes found during synchronizing ui state.
2023-09-13 02:44:06.311 [info] Extensions: No changes found during synchronizing extensions.
2023-09-13 02:44:06.514 [info] Profiles: No changes found during synchronizing profiles.
2023-09-13 02:44:06.581 [info] Sync done. Took 1457ms
