2023-09-14 23:29:09.723 [info] Log level: Info
2023-09-14 23:29:09.723 [info] Validating found git in: "git"
2023-09-14 23:29:09.723 [info] Using git "2.42.0" from "git"
2023-09-14 23:29:09.723 [info] > git rev-parse --show-toplevel [5ms]
2023-09-14 23:29:09.723 [info] > git rev-parse --git-dir --git-common-dir [9ms]
2023-09-14 23:29:09.723 [info] Open repository: /home/mystic/Code/Flutter/HimYatri
2023-09-14 23:29:09.723 [info] > git rev-parse --show-toplevel [14ms]
2023-09-14 23:29:09.723 [info] > git rev-parse --show-toplevel [6ms]
2023-09-14 23:29:09.723 [info] > git config --get commit.template [19ms]
2023-09-14 23:29:09.723 [info] > git rev-parse --show-toplevel [3ms]
2023-09-14 23:29:09.738 [info] > git rev-parse --show-toplevel [140ms]
2023-09-14 23:29:09.746 [info] > git rev-parse --show-toplevel [1ms]
2023-09-14 23:29:09.753 [info] > git rev-parse --show-toplevel [1ms]
2023-09-14 23:29:09.760 [info] > git rev-parse --show-toplevel [1ms]
2023-09-14 23:29:09.768 [info] > git rev-parse --show-toplevel [2ms]
2023-09-14 23:29:09.775 [info] > git rev-parse --show-toplevel [1ms]
2023-09-14 23:29:09.783 [info] > git rev-parse --show-toplevel [2ms]
2023-09-14 23:29:09.791 [info] > git rev-parse --show-toplevel [1ms]
2023-09-14 23:29:09.799 [info] > git rev-parse --show-toplevel [3ms]
2023-09-14 23:29:09.876 [info] > git for-each-ref --format=%(refname)%00%(upstream:short)%00%(objectname)%00%(upstream:track)%00%(upstream:remotename)%00%(upstream:remoteref) refs/heads/main refs/remotes/main [141ms]
2023-09-14 23:29:10.177 [info] > git check-ignore -v -z --stdin [7ms]
2023-09-14 23:29:10.472 [info] > git ls-files --stage -- /home/mystic/Code/Flutter/HimYatri/conductor_app/lib/pages/signUpScreen/signup.dart [3ms]
2023-09-14 23:29:10.788 [info] > git show --textconv :conductor_app/lib/pages/signUpScreen/signup.dart [326ms]
2023-09-14 23:29:10.788 [info] > git cat-file -s 92aaa35e0637212f6b3ff2e0bc2d3079f23accd8 [309ms]
2023-09-14 23:29:11.605 [info] > git ls-files --stage -- /home/mystic/Code/Flutter/HimYatri/conductor_app/lib/pages/signUpScreen/signup.dart [6ms]
2023-09-14 23:29:11.620 [info] > git cat-file -s 92aaa35e0637212f6b3ff2e0bc2d3079f23accd8 [3ms]
2023-09-14 23:29:11.633 [info] > git show --textconv :conductor_app/lib/pages/signUpScreen/signup.dart [2ms]
2023-09-14 23:29:17.378 [info] > git status -z -uall [7475ms]
2023-09-14 23:29:21.679 [info] > git fetch [12129ms]
2023-09-14 23:29:21.680 [info] > git for-each-ref --format=%(refname)%00%(upstream:short)%00%(objectname)%00%(upstream:track)%00%(upstream:remotename)%00%(upstream:remoteref) refs/heads/main refs/remotes/main [3266ms]
2023-09-14 23:29:21.681 [info] > git config --get commit.template [3291ms]
2023-09-14 23:29:25.178 [info] > git config --get commit.template [3466ms]
2023-09-14 23:29:25.391 [info] > git ls-files --stage -- /home/mystic/Code/Flutter/HimYatri/conductor_app/lib/pages/signUpScreen/signup.dart [14ms]
2023-09-14 23:29:25.417 [info] > git cat-file -s 92aaa35e0637212f6b3ff2e0bc2d3079f23accd8 [18ms]
2023-09-14 23:29:25.417 [info] > git for-each-ref --format=%(refname)%00%(upstream:short)%00%(objectname)%00%(upstream:track)%00%(upstream:remotename)%00%(upstream:remoteref) refs/heads/main refs/remotes/main [29ms]
2023-09-14 23:29:25.432 [info] > git status -z -uall [8ms]
2023-09-14 23:29:25.436 [info] > git show --textconv :conductor_app/lib/pages/signUpScreen/signup.dart [4ms]
2023-09-14 23:29:44.612 [info] > git ls-files --stage -- /home/mystic/Code/Flutter/HimYatri/conductor_app/lib/main.dart [6ms]
2023-09-14 23:29:44.672 [info] > git show --textconv :conductor_app/lib/main.dart [76ms]
2023-09-14 23:29:44.672 [info] > git cat-file -s 3a20901fd6da571cb8be53746878d07adb9a6a37 [52ms]
2023-09-14 23:29:52.170 [info] > git config --get commit.template [26ms]
2023-09-14 23:29:52.171 [info] > git for-each-ref --format=%(refname)%00%(upstream:short)%00%(objectname)%00%(upstream:track)%00%(upstream:remotename)%00%(upstream:remoteref) refs/heads/main refs/remotes/main [5ms]
2023-09-14 23:29:52.192 [info] > git status -z -uall [8ms]
2023-09-14 23:31:26.280 [info] > git config --get commit.template [15ms]
2023-09-14 23:31:26.314 [info] > git for-each-ref --format=%(refname)%00%(upstream:short)%00%(objectname)%00%(upstream:track)%00%(upstream:remotename)%00%(upstream:remoteref) refs/heads/main refs/remotes/main [35ms]
2023-09-14 23:31:26.721 [info] > git status -z -uall [398ms]
2023-09-14 23:31:31.750 [info] > git config --get commit.template [10ms]
2023-09-14 23:31:31.751 [info] > git for-each-ref --format=%(refname)%00%(upstream:short)%00%(objectname)%00%(upstream:track)%00%(upstream:remotename)%00%(upstream:remoteref) refs/heads/main refs/remotes/main [2ms]
2023-09-14 23:31:31.808 [info] > git status -z -uall [49ms]
2023-09-14 23:31:44.302 [info] > git config --get commit.template [10ms]
2023-09-14 23:31:44.303 [info] > git for-each-ref --format=%(refname)%00%(upstream:short)%00%(objectname)%00%(upstream:track)%00%(upstream:remotename)%00%(upstream:remoteref) refs/heads/main refs/remotes/main [2ms]
2023-09-14 23:31:44.757 [info] > git status -z -uall [445ms]
2023-09-14 23:31:49.773 [info] > git config --get commit.template [1ms]
2023-09-14 23:31:49.784 [info] > git for-each-ref --format=%(refname)%00%(upstream:short)%00%(objectname)%00%(upstream:track)%00%(upstream:remotename)%00%(upstream:remoteref) refs/heads/main refs/remotes/main [3ms]
2023-09-14 23:31:49.800 [info] > git status -z -uall [7ms]
2023-09-14 23:31:50.281 [info] > git ls-files --stage -- /home/mystic/Code/Flutter/HimYatri/conductor_app/lib/pages/splashscreen/splash.dart [4ms]
2023-09-14 23:31:50.299 [info] > git show --textconv :conductor_app/lib/pages/splashscreen/splash.dart [35ms]
2023-09-14 23:31:50.299 [info] > git cat-file -s 137da37bc6b7b461ae39bbb09df8bee5830790d4 [8ms]
2023-09-14 23:31:54.839 [info] > git config --get commit.template [9ms]
2023-09-14 23:31:54.851 [info] > git for-each-ref --format=%(refname)%00%(upstream:short)%00%(objectname)%00%(upstream:track)%00%(upstream:remotename)%00%(upstream:remoteref) refs/heads/main refs/remotes/main [2ms]
2023-09-14 23:31:54.867 [info] > git status -z -uall [8ms]
2023-09-14 23:31:59.895 [info] > git config --get commit.template [11ms]
2023-09-14 23:31:59.895 [info] > git for-each-ref --format=%(refname)%00%(upstream:short)%00%(objectname)%00%(upstream:track)%00%(upstream:remotename)%00%(upstream:remoteref) refs/heads/main refs/remotes/main [2ms]
2023-09-14 23:31:59.912 [info] > git status -z -uall [6ms]
2023-09-14 23:32:06.519 [info] > git config --get commit.template [13ms]
2023-09-14 23:32:06.519 [info] > git for-each-ref --format=%(refname)%00%(upstream:short)%00%(objectname)%00%(upstream:track)%00%(upstream:remotename)%00%(upstream:remoteref) refs/heads/main refs/remotes/main [3ms]
2023-09-14 23:32:06.536 [info] > git status -z -uall [7ms]
2023-09-14 23:32:27.330 [info] > git ls-files --stage -- /home/mystic/Code/Flutter/HimYatri/conductor_app/lib/main.dart [9ms]
2023-09-14 23:32:27.338 [info] > git ls-files --stage -- /home/mystic/Code/Flutter/HimYatri/conductor_app/lib/pages/signUpScreen/signup.dart [28ms]
2023-09-14 23:32:27.346 [info] > git ls-files --stage -- /home/mystic/Code/Flutter/HimYatri/conductor_app/lib/pages/splashscreen/splash.dart [17ms]
2023-09-14 23:32:27.355 [info] > git cat-file -s 137da37bc6b7b461ae39bbb09df8bee5830790d4 [2ms]
2023-09-14 23:32:27.365 [info] > git show --textconv :conductor_app/lib/pages/splashscreen/splash.dart [2ms]
2023-09-14 23:32:27.382 [info] > git cat-file -s 3a20901fd6da571cb8be53746878d07adb9a6a37 [45ms]
2023-09-14 23:32:27.409 [info] > git cat-file -s 92aaa35e0637212f6b3ff2e0bc2d3079f23accd8 [64ms]
2023-09-14 23:32:27.412 [info] > git show --textconv :conductor_app/lib/main.dart [4ms]
2023-09-14 23:32:27.434 [info] > git show --textconv :conductor_app/lib/pages/signUpScreen/signup.dart [2ms]
2023-09-14 23:32:29.592 [info] > git fetch [3496ms]
2023-09-14 23:32:29.630 [info] > git config --get commit.template [10ms]
2023-09-14 23:32:29.659 [info] > git for-each-ref --format=%(refname)%00%(upstream:short)%00%(objectname)%00%(upstream:track)%00%(upstream:remotename)%00%(upstream:remoteref) refs/heads/main refs/remotes/main [6ms]
2023-09-14 23:32:29.706 [info] > git status -z -uall [24ms]
2023-09-14 23:32:30.566 [info] > git ls-files --stage -- /home/mystic/Code/Flutter/HimYatri/conductor_app/lib/main.dart [33ms]
2023-09-14 23:32:30.581 [info] > git ls-files --stage -- /home/mystic/Code/Flutter/HimYatri/conductor_app/lib/pages/signUpScreen/signup.dart [72ms]
2023-09-14 23:32:30.597 [info] > git cat-file -s 3a20901fd6da571cb8be53746878d07adb9a6a37 [17ms]
2023-09-14 23:32:30.599 [info] > git ls-files --stage -- /home/mystic/Code/Flutter/HimYatri/conductor_app/lib/pages/splashscreen/splash.dart [41ms]
2023-09-14 23:32:30.614 [info] > git cat-file -s 92aaa35e0637212f6b3ff2e0bc2d3079f23accd8 [18ms]
2023-09-14 23:32:30.630 [info] > git cat-file -s 137da37bc6b7b461ae39bbb09df8bee5830790d4 [18ms]
2023-09-14 23:32:30.649 [info] > git show --textconv :conductor_app/lib/main.dart [19ms]
2023-09-14 23:32:30.667 [info] > git show --textconv :conductor_app/lib/pages/signUpScreen/signup.dart [19ms]
2023-09-14 23:32:30.670 [info] > git show --textconv :conductor_app/lib/pages/splashscreen/splash.dart [5ms]
2023-09-14 23:34:11.298 [info] > git config --get commit.template [11ms]
2023-09-14 23:34:11.299 [info] > git for-each-ref --format=%(refname)%00%(upstream:short)%00%(objectname)%00%(upstream:track)%00%(upstream:remotename)%00%(upstream:remoteref) refs/heads/main refs/remotes/main [2ms]
2023-09-14 23:34:11.318 [info] > git status -z -uall [9ms]
2023-09-14 23:35:24.625 [info] > git config --get commit.template [21ms]
2023-09-14 23:35:24.626 [info] > git for-each-ref --format=%(refname)%00%(upstream:short)%00%(objectname)%00%(upstream:track)%00%(upstream:remotename)%00%(upstream:remoteref) refs/heads/main refs/remotes/main [2ms]
2023-09-14 23:35:24.641 [info] > git status -z -uall [6ms]
2023-09-14 23:36:00.545 [info] > git ls-files --stage -- /home/mystic/Code/Flutter/HimYatri/conductor_app/lib/main.dart [14ms]
2023-09-14 23:36:00.555 [info] > git ls-files --stage -- /home/mystic/Code/Flutter/HimYatri/conductor_app/lib/pages/signUpScreen/signup.dart [44ms]
2023-09-14 23:36:00.565 [info] > git cat-file -s 3a20901fd6da571cb8be53746878d07adb9a6a37 [10ms]
2023-09-14 23:36:00.566 [info] > git ls-files --stage -- /home/mystic/Code/Flutter/HimYatri/conductor_app/lib/pages/splashscreen/splash.dart [23ms]
2023-09-14 23:36:00.576 [info] > git cat-file -s 92aaa35e0637212f6b3ff2e0bc2d3079f23accd8 [11ms]
2023-09-14 23:36:00.585 [info] > git cat-file -s 137da37bc6b7b461ae39bbb09df8bee5830790d4 [10ms]
2023-09-14 23:36:00.586 [info] > git show --textconv :conductor_app/lib/main.dart [2ms]
2023-09-14 23:36:00.607 [info] > git show --textconv :conductor_app/lib/pages/signUpScreen/signup.dart [11ms]
2023-09-14 23:36:00.607 [info] > git show --textconv :conductor_app/lib/pages/splashscreen/splash.dart [3ms]
2023-09-14 23:36:02.363 [info] > git fetch [3069ms]
2023-09-14 23:36:02.388 [info] > git config --get commit.template [11ms]
2023-09-14 23:36:02.389 [info] > git for-each-ref --format=%(refname)%00%(upstream:short)%00%(objectname)%00%(upstream:track)%00%(upstream:remotename)%00%(upstream:remoteref) refs/heads/main refs/remotes/main [2ms]
2023-09-14 23:36:02.405 [info] > git status -z -uall [6ms]
2023-09-14 23:36:03.302 [info] > git ls-files --stage -- /home/mystic/Code/Flutter/HimYatri/conductor_app/lib/main.dart [9ms]
2023-09-14 23:36:03.310 [info] > git ls-files --stage -- /home/mystic/Code/Flutter/HimYatri/conductor_app/lib/pages/signUpScreen/signup.dart [24ms]
2023-09-14 23:36:03.319 [info] > git cat-file -s 3a20901fd6da571cb8be53746878d07adb9a6a37 [10ms]
2023-09-14 23:36:03.320 [info] > git ls-files --stage -- /home/mystic/Code/Flutter/HimYatri/conductor_app/lib/pages/splashscreen/splash.dart [19ms]
2023-09-14 23:36:03.328 [info] > git cat-file -s 92aaa35e0637212f6b3ff2e0bc2d3079f23accd8 [10ms]
2023-09-14 23:36:03.336 [info] > git cat-file -s 137da37bc6b7b461ae39bbb09df8bee5830790d4 [9ms]
2023-09-14 23:36:03.345 [info] > git show --textconv :conductor_app/lib/main.dart [9ms]
2023-09-14 23:36:03.355 [info] > git show --textconv :conductor_app/lib/pages/signUpScreen/signup.dart [10ms]
2023-09-14 23:36:03.357 [info] > git show --textconv :conductor_app/lib/pages/splashscreen/splash.dart [2ms]
2023-09-14 23:36:31.302 [info] > git config --get commit.template [11ms]
2023-09-14 23:36:31.303 [info] > git for-each-ref --format=%(refname)%00%(upstream:short)%00%(objectname)%00%(upstream:track)%00%(upstream:remotename)%00%(upstream:remoteref) refs/heads/main refs/remotes/main [2ms]
2023-09-14 23:36:31.318 [info] > git status -z -uall [6ms]
2023-09-14 23:36:42.846 [info] > git config --get commit.template [27ms]
2023-09-14 23:36:42.849 [info] > git for-each-ref --format=%(refname)%00%(upstream:short)%00%(objectname)%00%(upstream:track)%00%(upstream:remotename)%00%(upstream:remoteref) refs/heads/main refs/remotes/main [5ms]
2023-09-14 23:36:42.869 [info] > git status -z -uall [8ms]
2023-09-14 23:37:46.450 [info] > git config --get commit.template [11ms]
2023-09-14 23:37:46.451 [info] > git for-each-ref --format=%(refname)%00%(upstream:short)%00%(objectname)%00%(upstream:track)%00%(upstream:remotename)%00%(upstream:remoteref) refs/heads/main refs/remotes/main [3ms]
2023-09-14 23:37:46.467 [info] > git status -z -uall [7ms]
2023-09-14 23:38:43.189 [info] > git config --get commit.template [21ms]
2023-09-14 23:38:43.239 [info] > git for-each-ref --format=%(refname)%00%(upstream:short)%00%(objectname)%00%(upstream:track)%00%(upstream:remotename)%00%(upstream:remoteref) refs/heads/main refs/remotes/main [52ms]
2023-09-14 23:38:43.309 [info] > git status -z -uall [47ms]
2023-09-14 23:39:03.681 [info] > git ls-files --stage -- /home/mystic/Code/Flutter/HimYatri/conductor_app/lib/main.dart [10ms]
2023-09-14 23:39:03.689 [info] > git ls-files --stage -- /home/mystic/Code/Flutter/HimYatri/conductor_app/lib/pages/signUpScreen/signup.dart [27ms]
2023-09-14 23:39:03.700 [info] > git cat-file -s 92aaa35e0637212f6b3ff2e0bc2d3079f23accd8 [3ms]
2023-09-14 23:39:03.700 [info] > git cat-file -s 3a20901fd6da571cb8be53746878d07adb9a6a37 [11ms]
2023-09-14 23:39:03.701 [info] > git ls-files --stage -- /home/mystic/Code/Flutter/HimYatri/conductor_app/lib/pages/splashscreen/splash.dart [22ms]
2023-09-14 23:39:03.728 [info] > git show --textconv :conductor_app/lib/pages/signUpScreen/signup.dart [10ms]
2023-09-14 23:39:03.729 [info] > git cat-file -s 137da37bc6b7b461ae39bbb09df8bee5830790d4 [20ms]
2023-09-14 23:39:03.730 [info] > git show --textconv :conductor_app/lib/main.dart [3ms]
2023-09-14 23:39:03.742 [info] > git show --textconv :conductor_app/lib/pages/splashscreen/splash.dart [3ms]
2023-09-14 23:39:05.864 [info] > git fetch [3448ms]
2023-09-14 23:39:05.893 [info] > git config --get commit.template [10ms]
2023-09-14 23:39:05.894 [info] > git for-each-ref --format=%(refname)%00%(upstream:short)%00%(objectname)%00%(upstream:track)%00%(upstream:remotename)%00%(upstream:remoteref) refs/heads/main refs/remotes/main [2ms]
2023-09-14 23:39:05.907 [info] > git status -z -uall [6ms]
2023-09-14 23:39:07.172 [info] > git ls-files --stage -- /home/mystic/Code/Flutter/HimYatri/conductor_app/lib/main.dart [11ms]
2023-09-14 23:39:07.183 [info] > git ls-files --stage -- /home/mystic/Code/Flutter/HimYatri/conductor_app/lib/pages/signUpScreen/signup.dart [33ms]
2023-09-14 23:39:07.193 [info] > git cat-file -s 3a20901fd6da571cb8be53746878d07adb9a6a37 [10ms]
2023-09-14 23:39:07.194 [info] > git ls-files --stage -- /home/mystic/Code/Flutter/HimYatri/conductor_app/lib/pages/splashscreen/splash.dart [24ms]
2023-09-14 23:39:07.204 [info] > git cat-file -s 92aaa35e0637212f6b3ff2e0bc2d3079f23accd8 [12ms]
2023-09-14 23:39:07.214 [info] > git cat-file -s 137da37bc6b7b461ae39bbb09df8bee5830790d4 [11ms]
2023-09-14 23:39:07.224 [info] > git show --textconv :conductor_app/lib/main.dart [10ms]
2023-09-14 23:39:07.234 [info] > git show --textconv :conductor_app/lib/pages/signUpScreen/signup.dart [10ms]
2023-09-14 23:39:07.235 [info] > git show --textconv :conductor_app/lib/pages/splashscreen/splash.dart [2ms]
2023-09-14 23:39:25.862 [info] > git config --get commit.template [27ms]
2023-09-14 23:39:25.864 [info] > git for-each-ref --format=%(refname)%00%(upstream:short)%00%(objectname)%00%(upstream:track)%00%(upstream:remotename)%00%(upstream:remoteref) refs/heads/main refs/remotes/main [4ms]
2023-09-14 23:39:25.882 [info] > git status -z -uall [6ms]
2023-09-14 23:39:31.885 [info] > git config --get commit.template [28ms]
2023-09-14 23:39:31.887 [info] > git for-each-ref --format=%(refname)%00%(upstream:short)%00%(objectname)%00%(upstream:track)%00%(upstream:remotename)%00%(upstream:remoteref) refs/heads/main refs/remotes/main [4ms]
2023-09-14 23:39:31.912 [info] > git status -z -uall [10ms]
2023-09-14 23:39:48.979 [info] > git config --get commit.template [20ms]
2023-09-14 23:39:48.980 [info] > git for-each-ref --format=%(refname)%00%(upstream:short)%00%(objectname)%00%(upstream:track)%00%(upstream:remotename)%00%(upstream:remoteref) refs/heads/main refs/remotes/main [2ms]
2023-09-14 23:39:48.997 [info] > git status -z -uall [7ms]
2023-09-14 23:40:39.184 [info] > git config --get commit.template [10ms]
2023-09-14 23:40:39.185 [info] > git for-each-ref --format=%(refname)%00%(upstream:short)%00%(objectname)%00%(upstream:track)%00%(upstream:remotename)%00%(upstream:remoteref) refs/heads/main refs/remotes/main [2ms]
2023-09-14 23:40:39.200 [info] > git status -z -uall [6ms]
2023-09-14 23:40:47.927 [info] > git config --get commit.template [20ms]
2023-09-14 23:40:47.928 [info] > git for-each-ref --format=%(refname)%00%(upstream:short)%00%(objectname)%00%(upstream:track)%00%(upstream:remotename)%00%(upstream:remoteref) refs/heads/main refs/remotes/main [3ms]
2023-09-14 23:40:47.955 [info] > git status -z -uall [12ms]
2023-09-14 23:40:53.619 [info] > git config --get commit.template [8ms]
2023-09-14 23:40:53.634 [info] > git for-each-ref --format=%(refname)%00%(upstream:short)%00%(objectname)%00%(upstream:track)%00%(upstream:remotename)%00%(upstream:remoteref) refs/heads/main refs/remotes/main [3ms]
2023-09-14 23:40:53.650 [info] > git status -z -uall [6ms]
2023-09-14 23:40:58.707 [info] > git config --get commit.template [25ms]
2023-09-14 23:40:58.709 [info] > git for-each-ref --format=%(refname)%00%(upstream:short)%00%(objectname)%00%(upstream:track)%00%(upstream:remotename)%00%(upstream:remoteref) refs/heads/main refs/remotes/main [5ms]
2023-09-14 23:40:58.731 [info] > git status -z -uall [9ms]
2023-09-15 00:29:35.230 [info] > git ls-files --stage -- /home/mystic/Code/Flutter/HimYatri/conductor_app/lib/main.dart [10ms]
2023-09-15 00:29:35.296 [info] > git ls-files --stage -- /home/mystic/Code/Flutter/HimYatri/conductor_app/lib/pages/signUpScreen/signup.dart [83ms]
2023-09-15 00:29:35.315 [info] > git cat-file -s 3a20901fd6da571cb8be53746878d07adb9a6a37 [19ms]
2023-09-15 00:29:35.316 [info] > git ls-files --stage -- /home/mystic/Code/Flutter/HimYatri/conductor_app/lib/pages/splashscreen/splash.dart [88ms]
2023-09-15 00:29:35.339 [info] > git cat-file -s 92aaa35e0637212f6b3ff2e0bc2d3079f23accd8 [26ms]
2023-09-15 00:29:35.341 [info] > git show --textconv :conductor_app/lib/main.dart [3ms]
2023-09-15 00:29:35.350 [info] > git cat-file -s 137da37bc6b7b461ae39bbb09df8bee5830790d4 [23ms]
2023-09-15 00:29:35.352 [info] > git show --textconv :conductor_app/lib/pages/signUpScreen/signup.dart [2ms]
2023-09-15 00:29:35.362 [info] > git show --textconv :conductor_app/lib/pages/splashscreen/splash.dart [2ms]
2023-09-15 00:29:40.954 [info] > git fetch [7037ms]
2023-09-15 00:29:40.977 [info] > git config --get commit.template [4ms]
2023-09-15 00:29:40.990 [info] > git for-each-ref --format=%(refname)%00%(upstream:short)%00%(objectname)%00%(upstream:track)%00%(upstream:remotename)%00%(upstream:remoteref) refs/heads/main refs/remotes/main [2ms]
2023-09-15 00:29:41.200 [info] > git status -z -uall [202ms]
2023-09-15 00:29:41.883 [info] > git ls-files --stage -- /home/mystic/Code/Flutter/HimYatri/conductor_app/lib/main.dart [19ms]
2023-09-15 00:29:41.898 [info] > git ls-files --stage -- /home/mystic/Code/Flutter/HimYatri/conductor_app/lib/pages/signUpScreen/signup.dart [57ms]
2023-09-15 00:29:41.916 [info] > git cat-file -s 3a20901fd6da571cb8be53746878d07adb9a6a37 [19ms]
2023-09-15 00:29:41.917 [info] > git ls-files --stage -- /home/mystic/Code/Flutter/HimYatri/conductor_app/lib/pages/splashscreen/splash.dart [36ms]
2023-09-15 00:29:41.934 [info] > git cat-file -s 92aaa35e0637212f6b3ff2e0bc2d3079f23accd8 [20ms]
2023-09-15 00:29:41.954 [info] > git cat-file -s 137da37bc6b7b461ae39bbb09df8bee5830790d4 [21ms]
2023-09-15 00:29:41.974 [info] > git show --textconv :conductor_app/lib/main.dart [21ms]
2023-09-15 00:29:41.997 [info] > git show --textconv :conductor_app/lib/pages/signUpScreen/signup.dart [25ms]
2023-09-15 00:29:42.000 [info] > git show --textconv :conductor_app/lib/pages/splashscreen/splash.dart [5ms]
2023-09-15 00:31:37.759 [info] > git config --get commit.template [16ms]
2023-09-15 00:31:37.760 [info] > git for-each-ref --format=%(refname)%00%(upstream:short)%00%(objectname)%00%(upstream:track)%00%(upstream:remotename)%00%(upstream:remoteref) refs/heads/main refs/remotes/main [3ms]
2023-09-15 00:31:37.784 [info] > git status -z -uall [11ms]
2023-09-15 00:31:46.686 [info] > git config --get commit.template [10ms]
2023-09-15 00:31:46.687 [info] > git for-each-ref --format=%(refname)%00%(upstream:short)%00%(objectname)%00%(upstream:track)%00%(upstream:remotename)%00%(upstream:remoteref) refs/heads/main refs/remotes/main [2ms]
2023-09-15 00:31:46.703 [info] > git status -z -uall [6ms]
2023-09-15 00:31:51.727 [info] > git config --get commit.template [9ms]
2023-09-15 00:31:51.746 [info] > git for-each-ref --format=%(refname)%00%(upstream:short)%00%(objectname)%00%(upstream:track)%00%(upstream:remotename)%00%(upstream:remoteref) refs/heads/main refs/remotes/main [19ms]
2023-09-15 00:31:52.066 [info] > git status -z -uall [313ms]
2023-09-15 00:32:00.943 [info] > git config --get commit.template [29ms]
2023-09-15 00:32:00.946 [info] > git for-each-ref --format=%(refname)%00%(upstream:short)%00%(objectname)%00%(upstream:track)%00%(upstream:remotename)%00%(upstream:remoteref) refs/heads/main refs/remotes/main [7ms]
2023-09-15 00:32:00.996 [info] > git status -z -uall [23ms]
2023-09-15 00:32:06.019 [info] > git config --get commit.template [9ms]
2023-09-15 00:32:06.020 [info] > git for-each-ref --format=%(refname)%00%(upstream:short)%00%(objectname)%00%(upstream:track)%00%(upstream:remotename)%00%(upstream:remoteref) refs/heads/main refs/remotes/main [2ms]
2023-09-15 00:32:06.036 [info] > git status -z -uall [7ms]
2023-09-15 00:32:11.073 [info] > git config --get commit.template [17ms]
2023-09-15 00:32:11.075 [info] > git for-each-ref --format=%(refname)%00%(upstream:short)%00%(objectname)%00%(upstream:track)%00%(upstream:remotename)%00%(upstream:remoteref) refs/heads/main refs/remotes/main [5ms]
2023-09-15 00:32:11.100 [info] > git status -z -uall [11ms]
2023-09-15 00:32:16.156 [info] > git config --get commit.template [24ms]
2023-09-15 00:32:16.158 [info] > git for-each-ref --format=%(refname)%00%(upstream:short)%00%(objectname)%00%(upstream:track)%00%(upstream:remotename)%00%(upstream:remoteref) refs/heads/main refs/remotes/main [3ms]
2023-09-15 00:32:16.180 [info] > git status -z -uall [9ms]
2023-09-15 00:33:21.707 [info] > git ls-files --stage -- /home/mystic/Code/Flutter/HimYatri/conductor_app/lib/main.dart [12ms]
2023-09-15 00:33:21.716 [info] > git ls-files --stage -- /home/mystic/Code/Flutter/HimYatri/conductor_app/lib/pages/signUpScreen/signup.dart [43ms]
2023-09-15 00:33:21.725 [info] > git cat-file -s 3a20901fd6da571cb8be53746878d07adb9a6a37 [9ms]
2023-09-15 00:33:21.726 [info] > git ls-files --stage -- /home/mystic/Code/Flutter/HimYatri/conductor_app/lib/pages/splashscreen/splash.dart [20ms]
2023-09-15 00:33:21.735 [info] > git cat-file -s 92aaa35e0637212f6b3ff2e0bc2d3079f23accd8 [11ms]
2023-09-15 00:33:21.745 [info] > git cat-file -s 137da37bc6b7b461ae39bbb09df8bee5830790d4 [11ms]
2023-09-15 00:33:21.755 [info] > git show --textconv :conductor_app/lib/main.dart [10ms]
2023-09-15 00:33:21.770 [info] > git show --textconv :conductor_app/lib/pages/signUpScreen/signup.dart [16ms]
2023-09-15 00:33:21.772 [info] > git show --textconv :conductor_app/lib/pages/splashscreen/splash.dart [3ms]
2023-09-15 00:33:23.737 [info] > git fetch [3278ms]
2023-09-15 00:33:23.755 [info] > git config --get commit.template [9ms]
2023-09-15 00:33:23.756 [info] > git for-each-ref --format=%(refname)%00%(upstream:short)%00%(objectname)%00%(upstream:track)%00%(upstream:remotename)%00%(upstream:remoteref) refs/heads/main refs/remotes/main [2ms]
2023-09-15 00:33:23.770 [info] > git status -z -uall [5ms]
2023-09-15 00:34:57.292 [info] > git ls-files --stage -- /home/mystic/Code/Flutter/HimYatri/conductor_app/lib/main.dart [15ms]
2023-09-15 00:34:57.306 [info] > git ls-files --stage -- /home/mystic/Code/Flutter/HimYatri/conductor_app/lib/pages/signUpScreen/signup.dart [43ms]
2023-09-15 00:34:57.317 [info] > git ls-files --stage -- /home/mystic/Code/Flutter/HimYatri/conductor_app/lib/pages/splashscreen/splash.dart [26ms]
2023-09-15 00:34:57.343 [info] > git cat-file -s 137da37bc6b7b461ae39bbb09df8bee5830790d4 [16ms]
2023-09-15 00:34:57.359 [info] > git show --textconv :conductor_app/lib/pages/splashscreen/splash.dart [2ms]
2023-09-15 00:34:57.360 [info] > git cat-file -s 3a20901fd6da571cb8be53746878d07adb9a6a37 [54ms]
2023-09-15 00:34:57.375 [info] > git show --textconv :conductor_app/lib/main.dart [2ms]
2023-09-15 00:34:57.377 [info] > git cat-file -s 92aaa35e0637212f6b3ff2e0bc2d3079f23accd8 [61ms]
2023-09-15 00:34:57.392 [info] > git show --textconv :conductor_app/lib/pages/signUpScreen/signup.dart [2ms]
2023-09-15 00:36:25.049 [info] > git ls-files --stage -- /home/mystic/Code/Flutter/HimYatri/conductor_app/lib/main.dart [16ms]
2023-09-15 00:36:25.065 [info] > git ls-files --stage -- /home/mystic/Code/Flutter/HimYatri/conductor_app/lib/pages/signUpScreen/signup.dart [44ms]
2023-09-15 00:36:25.082 [info] > git cat-file -s 92aaa35e0637212f6b3ff2e0bc2d3079f23accd8 [2ms]
2023-09-15 00:36:25.082 [info] > git cat-file -s 3a20901fd6da571cb8be53746878d07adb9a6a37 [18ms]
2023-09-15 00:36:25.083 [info] > git ls-files --stage -- /home/mystic/Code/Flutter/HimYatri/conductor_app/lib/pages/splashscreen/splash.dart [36ms]
2023-09-15 00:36:25.100 [info] > git cat-file -s 137da37bc6b7b461ae39bbb09df8bee5830790d4 [5ms]
2023-09-15 00:36:25.124 [info] > git show --textconv :conductor_app/lib/pages/signUpScreen/signup.dart [12ms]
2023-09-15 00:36:25.137 [info] > git show --textconv :conductor_app/lib/main.dart [14ms]
2023-09-15 00:36:25.139 [info] > git show --textconv :conductor_app/lib/pages/splashscreen/splash.dart [3ms]
2023-09-15 00:36:26.961 [info] > git fetch [3165ms]
2023-09-15 00:36:26.984 [info] > git config --get commit.template [3ms]
2023-09-15 00:36:26.996 [info] > git for-each-ref --format=%(refname)%00%(upstream:short)%00%(objectname)%00%(upstream:track)%00%(upstream:remotename)%00%(upstream:remoteref) refs/heads/main refs/remotes/main [3ms]
2023-09-15 00:36:27.515 [info] > git status -z -uall [509ms]
2023-09-15 00:36:27.924 [info] > git ls-files --stage -- /home/mystic/Code/Flutter/HimYatri/conductor_app/lib/main.dart [11ms]
2023-09-15 00:36:27.934 [info] > git ls-files --stage -- /home/mystic/Code/Flutter/HimYatri/conductor_app/lib/pages/signUpScreen/signup.dart [34ms]
2023-09-15 00:36:27.943 [info] > git cat-file -s 3a20901fd6da571cb8be53746878d07adb9a6a37 [9ms]
2023-09-15 00:36:27.943 [info] > git ls-files --stage -- /home/mystic/Code/Flutter/HimYatri/conductor_app/lib/pages/splashscreen/splash.dart [20ms]
2023-09-15 00:36:27.953 [info] > git cat-file -s 92aaa35e0637212f6b3ff2e0bc2d3079f23accd8 [11ms]
2023-09-15 00:36:27.964 [info] > git cat-file -s 137da37bc6b7b461ae39bbb09df8bee5830790d4 [12ms]
2023-09-15 00:36:27.974 [info] > git show --textconv :conductor_app/lib/main.dart [11ms]
2023-09-15 00:36:27.986 [info] > git show --textconv :conductor_app/lib/pages/signUpScreen/signup.dart [13ms]
2023-09-15 00:36:27.987 [info] > git show --textconv :conductor_app/lib/pages/splashscreen/splash.dart [2ms]
2023-09-15 00:36:35.543 [info] > git config --get commit.template [27ms]
2023-09-15 00:36:35.545 [info] > git for-each-ref --format=%(refname)%00%(upstream:short)%00%(objectname)%00%(upstream:track)%00%(upstream:remotename)%00%(upstream:remoteref) refs/heads/main refs/remotes/main [3ms]
2023-09-15 00:36:35.564 [info] > git status -z -uall [8ms]
2023-09-15 00:37:55.059 [info] > git config --get commit.template [12ms]
2023-09-15 00:37:55.060 [info] > git for-each-ref --format=%(refname)%00%(upstream:short)%00%(objectname)%00%(upstream:track)%00%(upstream:remotename)%00%(upstream:remoteref) refs/heads/main refs/remotes/main [3ms]
2023-09-15 00:37:55.078 [info] > git status -z -uall [7ms]
2023-09-15 00:40:05.899 [info] > git ls-files --stage -- /home/mystic/Code/Flutter/HimYatri/conductor_app/lib/main.dart [15ms]
2023-09-15 00:40:05.912 [info] > git ls-files --stage -- /home/mystic/Code/Flutter/HimYatri/conductor_app/lib/pages/signUpScreen/signup.dart [38ms]
2023-09-15 00:40:05.924 [info] > git cat-file -s 3a20901fd6da571cb8be53746878d07adb9a6a37 [13ms]
2023-09-15 00:40:05.925 [info] > git ls-files --stage -- /home/mystic/Code/Flutter/HimYatri/conductor_app/lib/pages/splashscreen/splash.dart [27ms]
2023-09-15 00:40:05.934 [info] > git cat-file -s 92aaa35e0637212f6b3ff2e0bc2d3079f23accd8 [11ms]
2023-09-15 00:40:05.944 [info] > git cat-file -s 137da37bc6b7b461ae39bbb09df8bee5830790d4 [11ms]
2023-09-15 00:40:05.955 [info] > git show --textconv :conductor_app/lib/main.dart [11ms]
2023-09-15 00:40:05.967 [info] > git show --textconv :conductor_app/lib/pages/signUpScreen/signup.dart [13ms]
2023-09-15 00:40:05.968 [info] > git show --textconv :conductor_app/lib/pages/splashscreen/splash.dart [2ms]
2023-09-15 00:40:08.500 [info] > git fetch [3819ms]
2023-09-15 00:40:08.523 [info] > git config --get commit.template [11ms]
2023-09-15 00:40:08.524 [info] > git for-each-ref --format=%(refname)%00%(upstream:short)%00%(objectname)%00%(upstream:track)%00%(upstream:remotename)%00%(upstream:remoteref) refs/heads/main refs/remotes/main [2ms]
2023-09-15 00:40:08.541 [info] > git status -z -uall [7ms]
2023-09-15 00:40:09.414 [info] > git ls-files --stage -- /home/mystic/Code/Flutter/HimYatri/conductor_app/lib/main.dart [11ms]
2023-09-15 00:40:09.423 [info] > git ls-files --stage -- /home/mystic/Code/Flutter/HimYatri/conductor_app/lib/pages/signUpScreen/signup.dart [31ms]
2023-09-15 00:40:09.433 [info] > git cat-file -s 3a20901fd6da571cb8be53746878d07adb9a6a37 [11ms]
2023-09-15 00:40:09.434 [info] > git ls-files --stage -- /home/mystic/Code/Flutter/HimYatri/conductor_app/lib/pages/splashscreen/splash.dart [21ms]
2023-09-15 00:40:09.447 [info] > git cat-file -s 92aaa35e0637212f6b3ff2e0bc2d3079f23accd8 [15ms]
2023-09-15 00:40:09.458 [info] > git cat-file -s 137da37bc6b7b461ae39bbb09df8bee5830790d4 [12ms]
2023-09-15 00:40:09.468 [info] > git show --textconv :conductor_app/lib/main.dart [11ms]
2023-09-15 00:40:09.482 [info] > git show --textconv :conductor_app/lib/pages/signUpScreen/signup.dart [14ms]
2023-09-15 00:40:09.484 [info] > git show --textconv :conductor_app/lib/pages/splashscreen/splash.dart [3ms]
2023-09-15 00:42:12.886 [info] > git config --get commit.template [10ms]
2023-09-15 00:42:12.887 [info] > git for-each-ref --format=%(refname)%00%(upstream:short)%00%(objectname)%00%(upstream:track)%00%(upstream:remotename)%00%(upstream:remoteref) refs/heads/main refs/remotes/main [2ms]
2023-09-15 00:42:12.902 [info] > git status -z -uall [7ms]
2023-09-15 00:43:43.225 [info] > git ls-files --stage -- /home/mystic/Code/Flutter/HimYatri/conductor_app/lib/main.dart [12ms]
2023-09-15 00:43:43.232 [info] > git ls-files --stage -- /home/mystic/Code/Flutter/HimYatri/conductor_app/lib/pages/signUpScreen/signup.dart [41ms]
2023-09-15 00:43:43.240 [info] > git cat-file -s 3a20901fd6da571cb8be53746878d07adb9a6a37 [8ms]
2023-09-15 00:43:43.241 [info] > git ls-files --stage -- /home/mystic/Code/Flutter/HimYatri/conductor_app/lib/pages/splashscreen/splash.dart [17ms]
2023-09-15 00:43:43.250 [info] > git cat-file -s 92aaa35e0637212f6b3ff2e0bc2d3079f23accd8 [11ms]
2023-09-15 00:43:43.259 [info] > git cat-file -s 137da37bc6b7b461ae39bbb09df8bee5830790d4 [9ms]
2023-09-15 00:43:43.268 [info] > git show --textconv :conductor_app/lib/main.dart [10ms]
2023-09-15 00:43:43.277 [info] > git show --textconv :conductor_app/lib/pages/signUpScreen/signup.dart [10ms]
2023-09-15 00:43:43.279 [info] > git show --textconv :conductor_app/lib/pages/splashscreen/splash.dart [2ms]
2023-09-15 00:43:45.120 [info] > git fetch [3145ms]
2023-09-15 00:43:45.131 [info] > git config --get commit.template [2ms]
2023-09-15 00:43:45.143 [info] > git for-each-ref --format=%(refname)%00%(upstream:short)%00%(objectname)%00%(upstream:track)%00%(upstream:remotename)%00%(upstream:remoteref) refs/heads/main refs/remotes/main [2ms]
2023-09-15 00:43:45.159 [info] > git status -z -uall [7ms]
2023-09-15 00:43:46.081 [info] > git ls-files --stage -- /home/mystic/Code/Flutter/HimYatri/conductor_app/lib/main.dart [9ms]
2023-09-15 00:43:46.089 [info] > git ls-files --stage -- /home/mystic/Code/Flutter/HimYatri/conductor_app/lib/pages/signUpScreen/signup.dart [28ms]
2023-09-15 00:43:46.096 [info] > git cat-file -s 3a20901fd6da571cb8be53746878d07adb9a6a37 [8ms]
2023-09-15 00:43:46.097 [info] > git ls-files --stage -- /home/mystic/Code/Flutter/HimYatri/conductor_app/lib/pages/splashscreen/splash.dart [17ms]
2023-09-15 00:43:46.105 [info] > git cat-file -s 92aaa35e0637212f6b3ff2e0bc2d3079f23accd8 [10ms]
2023-09-15 00:43:46.113 [info] > git cat-file -s 137da37bc6b7b461ae39bbb09df8bee5830790d4 [9ms]
2023-09-15 00:43:46.122 [info] > git show --textconv :conductor_app/lib/main.dart [9ms]
2023-09-15 00:43:46.132 [info] > git show --textconv :conductor_app/lib/pages/signUpScreen/signup.dart [11ms]
2023-09-15 00:43:46.134 [info] > git show --textconv :conductor_app/lib/pages/splashscreen/splash.dart [2ms]
2023-09-15 00:46:26.863 [info] > git config --get commit.template [22ms]
2023-09-15 00:46:26.864 [info] > git for-each-ref --format=%(refname)%00%(upstream:short)%00%(objectname)%00%(upstream:track)%00%(upstream:remotename)%00%(upstream:remoteref) refs/heads/main refs/remotes/main [3ms]
2023-09-15 00:46:26.880 [info] > git status -z -uall [7ms]
2023-09-15 00:46:33.350 [info] > git config --get commit.template [21ms]
2023-09-15 00:46:33.352 [info] > git for-each-ref --format=%(refname)%00%(upstream:short)%00%(objectname)%00%(upstream:track)%00%(upstream:remotename)%00%(upstream:remoteref) refs/heads/main refs/remotes/main [4ms]
2023-09-15 00:46:33.371 [info] > git status -z -uall [8ms]
2023-09-15 00:47:36.908 [info] > git ls-files --stage -- /home/mystic/Code/Flutter/HimYatri/conductor_app/lib/main.dart [20ms]
2023-09-15 00:47:36.918 [info] > git ls-files --stage -- /home/mystic/Code/Flutter/HimYatri/conductor_app/lib/pages/signUpScreen/signup.dart [56ms]
2023-09-15 00:47:36.928 [info] > git cat-file -s 3a20901fd6da571cb8be53746878d07adb9a6a37 [10ms]
2023-09-15 00:47:36.929 [info] > git ls-files --stage -- /home/mystic/Code/Flutter/HimYatri/conductor_app/lib/pages/splashscreen/splash.dart [23ms]
2023-09-15 00:47:36.938 [info] > git cat-file -s 92aaa35e0637212f6b3ff2e0bc2d3079f23accd8 [12ms]
2023-09-15 00:47:36.947 [info] > git cat-file -s 137da37bc6b7b461ae39bbb09df8bee5830790d4 [10ms]
2023-09-15 00:47:36.958 [info] > git show --textconv :conductor_app/lib/main.dart [11ms]
2023-09-15 00:47:36.958 [info] > git show --textconv :conductor_app/lib/pages/signUpScreen/signup.dart [2ms]
2023-09-15 00:47:36.968 [info] > git show --textconv :conductor_app/lib/pages/splashscreen/splash.dart [1ms]
2023-09-15 00:47:38.761 [info] > git fetch [3112ms]
2023-09-15 00:47:38.784 [info] > git config --get commit.template [11ms]
2023-09-15 00:47:38.786 [info] > git for-each-ref --format=%(refname)%00%(upstream:short)%00%(objectname)%00%(upstream:track)%00%(upstream:remotename)%00%(upstream:remoteref) refs/heads/main refs/remotes/main [2ms]
2023-09-15 00:47:38.804 [info] > git status -z -uall [7ms]
2023-09-15 00:47:39.739 [info] > git ls-files --stage -- /home/mystic/Code/Flutter/HimYatri/conductor_app/lib/main.dart [13ms]
2023-09-15 00:47:39.748 [info] > git ls-files --stage -- /home/mystic/Code/Flutter/HimYatri/conductor_app/lib/pages/signUpScreen/signup.dart [35ms]
2023-09-15 00:47:39.756 [info] > git cat-file -s 3a20901fd6da571cb8be53746878d07adb9a6a37 [9ms]
2023-09-15 00:47:39.757 [info] > git ls-files --stage -- /home/mystic/Code/Flutter/HimYatri/conductor_app/lib/pages/splashscreen/splash.dart [19ms]
2023-09-15 00:47:39.766 [info] > git cat-file -s 92aaa35e0637212f6b3ff2e0bc2d3079f23accd8 [11ms]
2023-09-15 00:47:39.775 [info] > git cat-file -s 137da37bc6b7b461ae39bbb09df8bee5830790d4 [10ms]
2023-09-15 00:47:39.785 [info] > git show --textconv :conductor_app/lib/main.dart [10ms]
2023-09-15 00:47:39.795 [info] > git show --textconv :conductor_app/lib/pages/signUpScreen/signup.dart [11ms]
2023-09-15 00:47:39.796 [info] > git show --textconv :conductor_app/lib/pages/splashscreen/splash.dart [2ms]
2023-09-15 00:49:28.930 [info] > git config --get commit.template [15ms]
2023-09-15 00:49:28.932 [info] > git for-each-ref --format=%(refname)%00%(upstream:short)%00%(objectname)%00%(upstream:track)%00%(upstream:remotename)%00%(upstream:remoteref) refs/heads/main refs/remotes/main [3ms]
2023-09-15 00:49:28.954 [info] > git status -z -uall [10ms]
2023-09-15 00:50:14.526 [info] > git config --get commit.template [27ms]
2023-09-15 00:50:14.528 [info] > git for-each-ref --format=%(refname)%00%(upstream:short)%00%(objectname)%00%(upstream:track)%00%(upstream:remotename)%00%(upstream:remoteref) refs/heads/main refs/remotes/main [5ms]
2023-09-15 00:50:14.552 [info] > git status -z -uall [10ms]
2023-09-15 00:50:40.098 [info] > git ls-files --stage -- /home/mystic/Code/Flutter/HimYatri/conductor_app/lib/main.dart [9ms]
2023-09-15 00:50:40.105 [info] > git ls-files --stage -- /home/mystic/Code/Flutter/HimYatri/conductor_app/lib/pages/signUpScreen/signup.dart [24ms]
2023-09-15 00:50:40.113 [info] > git cat-file -s 3a20901fd6da571cb8be53746878d07adb9a6a37 [8ms]
2023-09-15 00:50:40.114 [info] > git ls-files --stage -- /home/mystic/Code/Flutter/HimYatri/conductor_app/lib/pages/splashscreen/splash.dart [17ms]
2023-09-15 00:50:40.122 [info] > git cat-file -s 92aaa35e0637212f6b3ff2e0bc2d3079f23accd8 [10ms]
2023-09-15 00:50:40.134 [info] > git cat-file -s 137da37bc6b7b461ae39bbb09df8bee5830790d4 [13ms]
2023-09-15 00:50:40.135 [info] > git show --textconv :conductor_app/lib/main.dart [2ms]
2023-09-15 00:50:40.155 [info] > git show --textconv :conductor_app/lib/pages/signUpScreen/signup.dart [11ms]
2023-09-15 00:50:40.156 [info] > git show --textconv :conductor_app/lib/pages/splashscreen/splash.dart [2ms]
2023-09-15 00:50:47.067 [info] > git fetch [8234ms]
2023-09-15 00:50:47.087 [info] > git config --get commit.template [9ms]
2023-09-15 00:50:47.088 [info] > git for-each-ref --format=%(refname)%00%(upstream:short)%00%(objectname)%00%(upstream:track)%00%(upstream:remotename)%00%(upstream:remoteref) refs/heads/main refs/remotes/main [2ms]
2023-09-15 00:50:47.104 [info] > git status -z -uall [7ms]
2023-09-15 00:50:48.043 [info] > git ls-files --stage -- /home/mystic/Code/Flutter/HimYatri/conductor_app/lib/main.dart [10ms]
2023-09-15 00:50:48.052 [info] > git ls-files --stage -- /home/mystic/Code/Flutter/HimYatri/conductor_app/lib/pages/signUpScreen/signup.dart [38ms]
2023-09-15 00:50:48.061 [info] > git cat-file -s 3a20901fd6da571cb8be53746878d07adb9a6a37 [9ms]
2023-09-15 00:50:48.062 [info] > git ls-files --stage -- /home/mystic/Code/Flutter/HimYatri/conductor_app/lib/pages/splashscreen/splash.dart [19ms]
2023-09-15 00:50:48.071 [info] > git cat-file -s 92aaa35e0637212f6b3ff2e0bc2d3079f23accd8 [11ms]
2023-09-15 00:50:48.081 [info] > git cat-file -s 137da37bc6b7b461ae39bbb09df8bee5830790d4 [11ms]
2023-09-15 00:50:48.091 [info] > git show --textconv :conductor_app/lib/main.dart [11ms]
2023-09-15 00:50:48.102 [info] > git show --textconv :conductor_app/lib/pages/signUpScreen/signup.dart [11ms]
2023-09-15 00:50:48.104 [info] > git show --textconv :conductor_app/lib/pages/splashscreen/splash.dart [2ms]
2023-09-15 00:51:55.366 [info] > git config --get commit.template [28ms]
2023-09-15 00:51:55.369 [info] > git for-each-ref --format=%(refname)%00%(upstream:short)%00%(objectname)%00%(upstream:track)%00%(upstream:remotename)%00%(upstream:remoteref) refs/heads/main refs/remotes/main [5ms]
2023-09-15 00:51:55.387 [info] > git status -z -uall [7ms]
2023-09-15 00:52:02.987 [info] > git config --get commit.template [24ms]
2023-09-15 00:52:02.988 [info] > git for-each-ref --format=%(refname)%00%(upstream:short)%00%(objectname)%00%(upstream:track)%00%(upstream:remotename)%00%(upstream:remoteref) refs/heads/main refs/remotes/main [3ms]
2023-09-15 00:52:03.008 [info] > git status -z -uall [7ms]
2023-09-15 00:54:09.149 [info] > git ls-files --stage -- /home/mystic/Code/Flutter/HimYatri/conductor_app/lib/main.dart [11ms]
2023-09-15 00:54:09.158 [info] > git ls-files --stage -- /home/mystic/Code/Flutter/HimYatri/conductor_app/lib/pages/signUpScreen/signup.dart [37ms]
2023-09-15 00:54:09.167 [info] > git cat-file -s 3a20901fd6da571cb8be53746878d07adb9a6a37 [9ms]
2023-09-15 00:54:09.167 [info] > git ls-files --stage -- /home/mystic/Code/Flutter/HimYatri/conductor_app/lib/pages/splashscreen/splash.dart [19ms]
2023-09-15 00:54:09.176 [info] > git cat-file -s 92aaa35e0637212f6b3ff2e0bc2d3079f23accd8 [10ms]
2023-09-15 00:54:09.185 [info] > git cat-file -s 137da37bc6b7b461ae39bbb09df8bee5830790d4 [10ms]
2023-09-15 00:54:09.194 [info] > git show --textconv :conductor_app/lib/main.dart [10ms]
2023-09-15 00:54:09.204 [info] > git show --textconv :conductor_app/lib/pages/signUpScreen/signup.dart [10ms]
2023-09-15 00:54:09.205 [info] > git show --textconv :conductor_app/lib/pages/splashscreen/splash.dart [2ms]
2023-09-15 00:54:11.162 [info] > git fetch [3249ms]
2023-09-15 00:54:11.205 [info] > git config --get commit.template [18ms]
2023-09-15 00:54:11.206 [info] > git for-each-ref --format=%(refname)%00%(upstream:short)%00%(objectname)%00%(upstream:track)%00%(upstream:remotename)%00%(upstream:remoteref) refs/heads/main refs/remotes/main [2ms]
2023-09-15 00:54:11.221 [info] > git status -z -uall [6ms]
2023-09-15 00:54:12.107 [info] > git ls-files --stage -- /home/mystic/Code/Flutter/HimYatri/conductor_app/lib/main.dart [11ms]
2023-09-15 00:54:12.115 [info] > git ls-files --stage -- /home/mystic/Code/Flutter/HimYatri/conductor_app/lib/pages/signUpScreen/signup.dart [41ms]
2023-09-15 00:54:12.124 [info] > git cat-file -s 3a20901fd6da571cb8be53746878d07adb9a6a37 [9ms]
2023-09-15 00:54:12.125 [info] > git ls-files --stage -- /home/mystic/Code/Flutter/HimYatri/conductor_app/lib/pages/splashscreen/splash.dart [19ms]
2023-09-15 00:54:12.133 [info] > git cat-file -s 92aaa35e0637212f6b3ff2e0bc2d3079f23accd8 [10ms]
2023-09-15 00:54:12.142 [info] > git cat-file -s 137da37bc6b7b461ae39bbb09df8bee5830790d4 [10ms]
2023-09-15 00:54:12.151 [info] > git show --textconv :conductor_app/lib/main.dart [9ms]
2023-09-15 00:54:12.161 [info] > git show --textconv :conductor_app/lib/pages/signUpScreen/signup.dart [10ms]
2023-09-15 00:54:12.162 [info] > git show --textconv :conductor_app/lib/pages/splashscreen/splash.dart [2ms]
2023-09-15 00:54:40.659 [info] > git config --get commit.template [23ms]
2023-09-15 00:54:40.661 [info] > git for-each-ref --format=%(refname)%00%(upstream:short)%00%(objectname)%00%(upstream:track)%00%(upstream:remotename)%00%(upstream:remoteref) refs/heads/main refs/remotes/main [4ms]
2023-09-15 00:54:40.680 [info] > git status -z -uall [7ms]
2023-09-15 00:56:43.425 [info] > git config --get commit.template [12ms]
2023-09-15 00:56:43.425 [info] > git for-each-ref --format=%(refname)%00%(upstream:short)%00%(objectname)%00%(upstream:track)%00%(upstream:remotename)%00%(upstream:remoteref) refs/heads/main refs/remotes/main [1ms]
2023-09-15 00:56:43.441 [info] > git status -z -uall [7ms]
2023-09-15 00:57:07.124 [info] > git config --get commit.template [22ms]
2023-09-15 00:57:07.126 [info] > git for-each-ref --format=%(refname)%00%(upstream:short)%00%(objectname)%00%(upstream:track)%00%(upstream:remotename)%00%(upstream:remoteref) refs/heads/main refs/remotes/main [3ms]
2023-09-15 00:57:07.149 [info] > git status -z -uall [9ms]
2023-09-15 00:59:02.238 [info] > git ls-files --stage -- /home/mystic/Code/Flutter/HimYatri/conductor_app/lib/main.dart [13ms]
2023-09-15 00:59:02.248 [info] > git ls-files --stage -- /home/mystic/Code/Flutter/HimYatri/conductor_app/lib/pages/signUpScreen/signup.dart [47ms]
2023-09-15 00:59:02.257 [info] > git cat-file -s 3a20901fd6da571cb8be53746878d07adb9a6a37 [10ms]
2023-09-15 00:59:02.258 [info] > git ls-files --stage -- /home/mystic/Code/Flutter/HimYatri/conductor_app/lib/pages/splashscreen/splash.dart [21ms]
2023-09-15 00:59:02.267 [info] > git cat-file -s 92aaa35e0637212f6b3ff2e0bc2d3079f23accd8 [10ms]
2023-09-15 00:59:02.276 [info] > git cat-file -s 137da37bc6b7b461ae39bbb09df8bee5830790d4 [10ms]
2023-09-15 00:59:02.286 [info] > git show --textconv :conductor_app/lib/main.dart [10ms]
2023-09-15 00:59:02.295 [info] > git show --textconv :conductor_app/lib/pages/signUpScreen/signup.dart [10ms]
2023-09-15 00:59:02.296 [info] > git show --textconv :conductor_app/lib/pages/splashscreen/splash.dart [2ms]
2023-09-15 00:59:04.229 [info] > git fetch [3252ms]
2023-09-15 00:59:04.263 [info] > git config --get commit.template [13ms]
2023-09-15 00:59:04.264 [info] > git for-each-ref --format=%(refname)%00%(upstream:short)%00%(objectname)%00%(upstream:track)%00%(upstream:remotename)%00%(upstream:remoteref) refs/heads/main refs/remotes/main [3ms]
2023-09-15 00:59:04.284 [info] > git status -z -uall [9ms]
2023-09-15 00:59:05.180 [info] > git ls-files --stage -- /home/mystic/Code/Flutter/HimYatri/conductor_app/lib/main.dart [13ms]
2023-09-15 00:59:05.188 [info] > git ls-files --stage -- /home/mystic/Code/Flutter/HimYatri/conductor_app/lib/pages/signUpScreen/signup.dart [32ms]
2023-09-15 00:59:05.198 [info] > git cat-file -s 3a20901fd6da571cb8be53746878d07adb9a6a37 [10ms]
2023-09-15 00:59:05.199 [info] > git ls-files --stage -- /home/mystic/Code/Flutter/HimYatri/conductor_app/lib/pages/splashscreen/splash.dart [20ms]
2023-09-15 00:59:05.211 [info] > git cat-file -s 92aaa35e0637212f6b3ff2e0bc2d3079f23accd8 [14ms]
2023-09-15 00:59:05.223 [info] > git cat-file -s 137da37bc6b7b461ae39bbb09df8bee5830790d4 [13ms]
2023-09-15 00:59:05.225 [info] > git show --textconv :conductor_app/lib/main.dart [3ms]
2023-09-15 00:59:05.255 [info] > git show --textconv :conductor_app/lib/pages/signUpScreen/signup.dart [19ms]
2023-09-15 00:59:05.256 [info] > git show --textconv :conductor_app/lib/pages/splashscreen/splash.dart [3ms]
2023-09-15 00:59:40.129 [info] > git config --get commit.template [21ms]
2023-09-15 00:59:40.130 [info] > git for-each-ref --format=%(refname)%00%(upstream:short)%00%(objectname)%00%(upstream:track)%00%(upstream:remotename)%00%(upstream:remoteref) refs/heads/main refs/remotes/main [3ms]
2023-09-15 00:59:40.149 [info] > git status -z -uall [8ms]
2023-09-15 00:59:49.062 [info] > git config --get commit.template [19ms]
2023-09-15 00:59:49.063 [info] > git for-each-ref --format=%(refname)%00%(upstream:short)%00%(objectname)%00%(upstream:track)%00%(upstream:remotename)%00%(upstream:remoteref) refs/heads/main refs/remotes/main [2ms]
2023-09-15 00:59:49.079 [info] > git status -z -uall [7ms]
2023-09-15 01:00:11.035 [info] > git config --get commit.template [17ms]
2023-09-15 01:00:11.036 [info] > git for-each-ref --format=%(refname)%00%(upstream:short)%00%(objectname)%00%(upstream:track)%00%(upstream:remotename)%00%(upstream:remoteref) refs/heads/main refs/remotes/main [3ms]
2023-09-15 01:00:11.056 [info] > git status -z -uall [7ms]
2023-09-15 01:00:16.670 [info] > git config --get commit.template [20ms]
2023-09-15 01:00:16.671 [info] > git for-each-ref --format=%(refname)%00%(upstream:short)%00%(objectname)%00%(upstream:track)%00%(upstream:remotename)%00%(upstream:remoteref) refs/heads/main refs/remotes/main [2ms]
2023-09-15 01:00:16.690 [info] > git status -z -uall [8ms]
2023-09-15 01:00:23.126 [info] > git config --get commit.template [8ms]
2023-09-15 01:00:23.136 [info] > git for-each-ref --format=%(refname)%00%(upstream:short)%00%(objectname)%00%(upstream:track)%00%(upstream:remotename)%00%(upstream:remoteref) refs/heads/main refs/remotes/main [2ms]
2023-09-15 01:00:23.151 [info] > git status -z -uall [6ms]
2023-09-15 01:01:22.001 [info] > git config --get commit.template [22ms]
2023-09-15 01:01:22.002 [info] > git for-each-ref --format=%(refname)%00%(upstream:short)%00%(objectname)%00%(upstream:track)%00%(upstream:remotename)%00%(upstream:remoteref) refs/heads/main refs/remotes/main [3ms]
2023-09-15 01:01:22.018 [info] > git status -z -uall [6ms]
2023-09-15 01:02:07.525 [info] > git ls-files --stage -- /home/mystic/Code/Flutter/HimYatri/conductor_app/lib/main.dart [8ms]
2023-09-15 01:02:07.532 [info] > git ls-files --stage -- /home/mystic/Code/Flutter/HimYatri/conductor_app/lib/pages/signUpScreen/signup.dart [23ms]
2023-09-15 01:02:07.541 [info] > git cat-file -s 3a20901fd6da571cb8be53746878d07adb9a6a37 [9ms]
2023-09-15 01:02:07.541 [info] > git ls-files --stage -- /home/mystic/Code/Flutter/HimYatri/conductor_app/lib/pages/splashscreen/splash.dart [17ms]
2023-09-15 01:02:07.550 [info] > git cat-file -s 92aaa35e0637212f6b3ff2e0bc2d3079f23accd8 [10ms]
2023-09-15 01:02:07.560 [info] > git cat-file -s 137da37bc6b7b461ae39bbb09df8bee5830790d4 [10ms]
2023-09-15 01:02:07.569 [info] > git show --textconv :conductor_app/lib/main.dart [10ms]
2023-09-15 01:02:07.578 [info] > git show --textconv :conductor_app/lib/pages/signUpScreen/signup.dart [10ms]
2023-09-15 01:02:07.579 [info] > git show --textconv :conductor_app/lib/pages/splashscreen/splash.dart [1ms]
2023-09-15 01:02:09.306 [info] > git fetch [3041ms]
2023-09-15 01:02:09.357 [info] > git config --get commit.template [17ms]
2023-09-15 01:02:09.358 [info] > git for-each-ref --format=%(refname)%00%(upstream:short)%00%(objectname)%00%(upstream:track)%00%(upstream:remotename)%00%(upstream:remoteref) refs/heads/main refs/remotes/main [2ms]
2023-09-15 01:02:09.376 [info] > git status -z -uall [7ms]
2023-09-15 01:02:10.596 [info] > git ls-files --stage -- /home/mystic/Code/Flutter/HimYatri/conductor_app/lib/main.dart [11ms]
2023-09-15 01:02:10.607 [info] > git ls-files --stage -- /home/mystic/Code/Flutter/HimYatri/conductor_app/lib/pages/signUpScreen/signup.dart [34ms]
2023-09-15 01:02:10.619 [info] > git cat-file -s 3a20901fd6da571cb8be53746878d07adb9a6a37 [13ms]
2023-09-15 01:02:10.620 [info] > git ls-files --stage -- /home/mystic/Code/Flutter/HimYatri/conductor_app/lib/pages/splashscreen/splash.dart [25ms]
2023-09-15 01:02:10.632 [info] > git cat-file -s 92aaa35e0637212f6b3ff2e0bc2d3079f23accd8 [13ms]
2023-09-15 01:02:10.643 [info] > git cat-file -s 137da37bc6b7b461ae39bbb09df8bee5830790d4 [12ms]
2023-09-15 01:02:10.656 [info] > git show --textconv :conductor_app/lib/main.dart [13ms]
2023-09-15 01:02:10.668 [info] > git show --textconv :conductor_app/lib/pages/signUpScreen/signup.dart [13ms]
2023-09-15 01:02:10.670 [info] > git show --textconv :conductor_app/lib/pages/splashscreen/splash.dart [3ms]
2023-09-15 01:02:39.361 [info] > git config --get commit.template [24ms]
2023-09-15 01:02:39.363 [info] > git for-each-ref --format=%(refname)%00%(upstream:short)%00%(objectname)%00%(upstream:track)%00%(upstream:remotename)%00%(upstream:remoteref) refs/heads/main refs/remotes/main [5ms]
2023-09-15 01:02:39.392 [info] > git status -z -uall [11ms]
2023-09-15 01:04:03.076 [info] > git config --get commit.template [23ms]
2023-09-15 01:04:03.077 [info] > git for-each-ref --format=%(refname)%00%(upstream:short)%00%(objectname)%00%(upstream:track)%00%(upstream:remotename)%00%(upstream:remoteref) refs/heads/main refs/remotes/main [2ms]
2023-09-15 01:04:03.093 [info] > git status -z -uall [6ms]
2023-09-15 01:04:48.396 [info] > git config --get commit.template [29ms]
2023-09-15 01:04:48.398 [info] > git for-each-ref --format=%(refname)%00%(upstream:short)%00%(objectname)%00%(upstream:track)%00%(upstream:remotename)%00%(upstream:remoteref) refs/heads/main refs/remotes/main [5ms]
2023-09-15 01:04:48.420 [info] > git status -z -uall [8ms]
2023-09-15 01:04:57.192 [info] > git config --get commit.template [24ms]
2023-09-15 01:04:57.193 [info] > git for-each-ref --format=%(refname)%00%(upstream:short)%00%(objectname)%00%(upstream:track)%00%(upstream:remotename)%00%(upstream:remoteref) refs/heads/main refs/remotes/main [3ms]
2023-09-15 01:04:57.218 [info] > git status -z -uall [8ms]
2023-09-15 01:05:02.936 [info] > git config --get commit.template [23ms]
2023-09-15 01:05:02.938 [info] > git for-each-ref --format=%(refname)%00%(upstream:short)%00%(objectname)%00%(upstream:track)%00%(upstream:remotename)%00%(upstream:remoteref) refs/heads/main refs/remotes/main [4ms]
2023-09-15 01:05:02.962 [info] > git status -z -uall [9ms]
2023-09-15 01:05:08.021 [info] > git config --get commit.template [29ms]
2023-09-15 01:05:08.024 [info] > git for-each-ref --format=%(refname)%00%(upstream:short)%00%(objectname)%00%(upstream:track)%00%(upstream:remotename)%00%(upstream:remoteref) refs/heads/main refs/remotes/main [5ms]
2023-09-15 01:05:08.047 [info] > git status -z -uall [9ms]
2023-09-15 01:05:10.650 [info] > git ls-files --stage -- /home/mystic/Code/Flutter/HimYatri/conductor_app/lib/main.dart [8ms]
2023-09-15 01:05:10.657 [info] > git ls-files --stage -- /home/mystic/Code/Flutter/HimYatri/conductor_app/lib/pages/signUpScreen/signup.dart [24ms]
2023-09-15 01:05:10.666 [info] > git cat-file -s 3a20901fd6da571cb8be53746878d07adb9a6a37 [9ms]
2023-09-15 01:05:10.667 [info] > git ls-files --stage -- /home/mystic/Code/Flutter/HimYatri/conductor_app/lib/pages/splashscreen/splash.dart [18ms]
2023-09-15 01:05:10.676 [info] > git cat-file -s 92aaa35e0637212f6b3ff2e0bc2d3079f23accd8 [11ms]
2023-09-15 01:05:10.685 [info] > git cat-file -s 137da37bc6b7b461ae39bbb09df8bee5830790d4 [11ms]
2023-09-15 01:05:10.697 [info] > git show --textconv :conductor_app/lib/main.dart [12ms]
2023-09-15 01:05:10.709 [info] > git show --textconv :conductor_app/lib/pages/signUpScreen/signup.dart [12ms]
2023-09-15 01:05:10.710 [info] > git show --textconv :conductor_app/lib/pages/splashscreen/splash.dart [2ms]
2023-09-15 01:05:13.012 [info] > git fetch [3624ms]
2023-09-15 01:05:13.030 [info] > git config --get commit.template [4ms]
2023-09-15 01:05:13.042 [info] > git for-each-ref --format=%(refname)%00%(upstream:short)%00%(objectname)%00%(upstream:track)%00%(upstream:remotename)%00%(upstream:remoteref) refs/heads/main refs/remotes/main [2ms]
2023-09-15 01:05:13.059 [info] > git status -z -uall [7ms]
2023-09-15 01:05:13.960 [info] > git ls-files --stage -- /home/mystic/Code/Flutter/HimYatri/conductor_app/lib/main.dart [11ms]
2023-09-15 01:05:13.970 [info] > git ls-files --stage -- /home/mystic/Code/Flutter/HimYatri/conductor_app/lib/pages/signUpScreen/signup.dart [32ms]
2023-09-15 01:05:13.979 [info] > git cat-file -s 3a20901fd6da571cb8be53746878d07adb9a6a37 [10ms]
2023-09-15 01:05:13.980 [info] > git ls-files --stage -- /home/mystic/Code/Flutter/HimYatri/conductor_app/lib/pages/splashscreen/splash.dart [22ms]
2023-09-15 01:05:13.989 [info] > git cat-file -s 92aaa35e0637212f6b3ff2e0bc2d3079f23accd8 [11ms]
2023-09-15 01:05:14.000 [info] > git cat-file -s 137da37bc6b7b461ae39bbb09df8bee5830790d4 [12ms]
2023-09-15 01:05:14.010 [info] > git show --textconv :conductor_app/lib/main.dart [11ms]
2023-09-15 01:05:14.021 [info] > git show --textconv :conductor_app/lib/pages/signUpScreen/signup.dart [12ms]
2023-09-15 01:05:14.024 [info] > git show --textconv :conductor_app/lib/pages/splashscreen/splash.dart [3ms]
2023-09-15 01:05:30.769 [info] > git config --get commit.template [24ms]
2023-09-15 01:05:30.770 [info] > git for-each-ref --format=%(refname)%00%(upstream:short)%00%(objectname)%00%(upstream:track)%00%(upstream:remotename)%00%(upstream:remoteref) refs/heads/main refs/remotes/main [3ms]
2023-09-15 01:05:30.787 [info] > git status -z -uall [6ms]
2023-09-15 01:05:49.070 [info] > git config --get commit.template [11ms]
2023-09-15 01:05:49.070 [info] > git for-each-ref --format=%(refname)%00%(upstream:short)%00%(objectname)%00%(upstream:track)%00%(upstream:remotename)%00%(upstream:remoteref) refs/heads/main refs/remotes/main [1ms]
2023-09-15 01:05:49.086 [info] > git status -z -uall [7ms]
2023-09-15 01:05:56.261 [info] > git config --get commit.template [26ms]
2023-09-15 01:05:56.264 [info] > git for-each-ref --format=%(refname)%00%(upstream:short)%00%(objectname)%00%(upstream:track)%00%(upstream:remotename)%00%(upstream:remoteref) refs/heads/main refs/remotes/main [5ms]
2023-09-15 01:05:56.294 [info] > git status -z -uall [12ms]
2023-09-15 01:07:30.710 [info] > git config --get commit.template [15ms]
2023-09-15 01:07:30.727 [info] > git for-each-ref --format=%(refname)%00%(upstream:short)%00%(objectname)%00%(upstream:track)%00%(upstream:remotename)%00%(upstream:remoteref) refs/heads/main refs/remotes/main [2ms]
2023-09-15 01:07:30.745 [info] > git status -z -uall [7ms]
2023-09-15 01:07:36.385 [info] > git config --get commit.template [9ms]
2023-09-15 01:07:36.407 [info] > git for-each-ref --format=%(refname)%00%(upstream:short)%00%(objectname)%00%(upstream:track)%00%(upstream:remotename)%00%(upstream:remoteref) refs/heads/main refs/remotes/main [3ms]
2023-09-15 01:07:36.434 [info] > git status -z -uall [11ms]
2023-09-15 01:08:14.364 [info] > git ls-files --stage -- /home/mystic/Code/Flutter/HimYatri/conductor_app/lib/main.dart [9ms]
2023-09-15 01:08:14.371 [info] > git ls-files --stage -- /home/mystic/Code/Flutter/HimYatri/conductor_app/lib/pages/signUpScreen/signup.dart [24ms]
2023-09-15 01:08:14.379 [info] > git cat-file -s 3a20901fd6da571cb8be53746878d07adb9a6a37 [8ms]
2023-09-15 01:08:14.379 [info] > git ls-files --stage -- /home/mystic/Code/Flutter/HimYatri/conductor_app/lib/pages/splashscreen/splash.dart [16ms]
2023-09-15 01:08:14.388 [info] > git cat-file -s 92aaa35e0637212f6b3ff2e0bc2d3079f23accd8 [9ms]
2023-09-15 01:08:14.396 [info] > git cat-file -s 137da37bc6b7b461ae39bbb09df8bee5830790d4 [9ms]
2023-09-15 01:08:14.405 [info] > git show --textconv :conductor_app/lib/main.dart [9ms]
2023-09-15 01:08:14.415 [info] > git show --textconv :conductor_app/lib/pages/signUpScreen/signup.dart [11ms]
2023-09-15 01:08:14.416 [info] > git show --textconv :conductor_app/lib/pages/splashscreen/splash.dart [2ms]
2023-09-15 01:08:16.223 [info] > git fetch [3132ms]
2023-09-15 01:08:16.274 [info] > git config --get commit.template [25ms]
2023-09-15 01:08:16.277 [info] > git for-each-ref --format=%(refname)%00%(upstream:short)%00%(objectname)%00%(upstream:track)%00%(upstream:remotename)%00%(upstream:remoteref) refs/heads/main refs/remotes/main [5ms]
2023-09-15 01:08:16.303 [info] > git status -z -uall [8ms]
2023-09-15 01:08:17.208 [info] > git ls-files --stage -- /home/mystic/Code/Flutter/HimYatri/conductor_app/lib/main.dart [22ms]
2023-09-15 01:08:17.221 [info] > git ls-files --stage -- /home/mystic/Code/Flutter/HimYatri/conductor_app/lib/pages/signUpScreen/signup.dart [60ms]
2023-09-15 01:08:17.234 [info] > git cat-file -s 3a20901fd6da571cb8be53746878d07adb9a6a37 [13ms]
2023-09-15 01:08:17.235 [info] > git ls-files --stage -- /home/mystic/Code/Flutter/HimYatri/conductor_app/lib/pages/splashscreen/splash.dart [28ms]
2023-09-15 01:08:17.247 [info] > git cat-file -s 92aaa35e0637212f6b3ff2e0bc2d3079f23accd8 [15ms]
2023-09-15 01:08:17.260 [info] > git cat-file -s 137da37bc6b7b461ae39bbb09df8bee5830790d4 [14ms]
2023-09-15 01:08:17.270 [info] > git show --textconv :conductor_app/lib/main.dart [11ms]
2023-09-15 01:08:17.279 [info] > git show --textconv :conductor_app/lib/pages/signUpScreen/signup.dart [10ms]
2023-09-15 01:08:17.281 [info] > git show --textconv :conductor_app/lib/pages/splashscreen/splash.dart [2ms]
2023-09-15 01:11:17.597 [info] > git ls-files --stage -- /home/mystic/Code/Flutter/HimYatri/conductor_app/lib/main.dart [29ms]
2023-09-15 01:11:17.613 [info] > git ls-files --stage -- /home/mystic/Code/Flutter/HimYatri/conductor_app/lib/pages/signUpScreen/signup.dart [69ms]
2023-09-15 01:11:17.630 [info] > git cat-file -s 3a20901fd6da571cb8be53746878d07adb9a6a37 [18ms]
2023-09-15 01:11:17.632 [info] > git ls-files --stage -- /home/mystic/Code/Flutter/HimYatri/conductor_app/lib/pages/splashscreen/splash.dart [38ms]
2023-09-15 01:11:17.646 [info] > git cat-file -s 92aaa35e0637212f6b3ff2e0bc2d3079f23accd8 [18ms]
2023-09-15 01:11:17.659 [info] > git cat-file -s 137da37bc6b7b461ae39bbb09df8bee5830790d4 [14ms]
2023-09-15 01:11:17.670 [info] > git show --textconv :conductor_app/lib/main.dart [11ms]
2023-09-15 01:11:17.680 [info] > git show --textconv :conductor_app/lib/pages/signUpScreen/signup.dart [10ms]
2023-09-15 01:11:17.681 [info] > git show --textconv :conductor_app/lib/pages/splashscreen/splash.dart [2ms]
2023-09-15 01:11:21.806 [info] > git fetch [5473ms]
2023-09-15 01:11:21.842 [info] > git config --get commit.template [13ms]
2023-09-15 01:11:21.843 [info] > git for-each-ref --format=%(refname)%00%(upstream:short)%00%(objectname)%00%(upstream:track)%00%(upstream:remotename)%00%(upstream:remoteref) refs/heads/main refs/remotes/main [2ms]
2023-09-15 01:11:21.857 [info] > git status -z -uall [6ms]
2023-09-15 01:11:22.078 [info] > git ls-files --stage -- /home/mystic/Code/Flutter/HimYatri/conductor_app/lib/main.dart [23ms]
2023-09-15 01:11:22.091 [info] > git ls-files --stage -- /home/mystic/Code/Flutter/HimYatri/conductor_app/lib/pages/signUpScreen/signup.dart [60ms]
2023-09-15 01:11:22.102 [info] > git cat-file -s 3a20901fd6da571cb8be53746878d07adb9a6a37 [11ms]
2023-09-15 01:11:22.103 [info] > git ls-files --stage -- /home/mystic/Code/Flutter/HimYatri/conductor_app/lib/pages/splashscreen/splash.dart [28ms]
2023-09-15 01:11:22.112 [info] > git cat-file -s 92aaa35e0637212f6b3ff2e0bc2d3079f23accd8 [11ms]
2023-09-15 01:11:22.122 [info] > git cat-file -s 137da37bc6b7b461ae39bbb09df8bee5830790d4 [11ms]
2023-09-15 01:11:22.131 [info] > git show --textconv :conductor_app/lib/main.dart [10ms]
2023-09-15 01:11:22.140 [info] > git show --textconv :conductor_app/lib/pages/signUpScreen/signup.dart [10ms]
2023-09-15 01:11:22.142 [info] > git show --textconv :conductor_app/lib/pages/splashscreen/splash.dart [2ms]
2023-09-15 01:30:58.550 [info] > git config --get commit.template [12ms]
2023-09-15 01:30:58.551 [info] > git for-each-ref --format=%(refname)%00%(upstream:short)%00%(objectname)%00%(upstream:track)%00%(upstream:remotename)%00%(upstream:remoteref) refs/heads/main refs/remotes/main [2ms]
2023-09-15 01:30:58.568 [info] > git status -z -uall [7ms]
2023-09-15 01:31:03.653 [info] > git config --get commit.template [15ms]
2023-09-15 01:31:03.671 [info] > git for-each-ref --format=%(refname)%00%(upstream:short)%00%(objectname)%00%(upstream:track)%00%(upstream:remotename)%00%(upstream:remoteref) refs/heads/main refs/remotes/main [4ms]
2023-09-15 01:31:03.690 [info] > git status -z -uall [9ms]
2023-09-15 01:31:08.714 [info] > git config --get commit.template [10ms]
2023-09-15 01:31:08.715 [info] > git for-each-ref --format=%(refname)%00%(upstream:short)%00%(objectname)%00%(upstream:track)%00%(upstream:remotename)%00%(upstream:remoteref) refs/heads/main refs/remotes/main [2ms]
2023-09-15 01:31:08.731 [info] > git status -z -uall [7ms]
2023-09-15 01:31:13.758 [info] > git config --get commit.template [12ms]
2023-09-15 01:31:13.758 [info] > git for-each-ref --format=%(refname)%00%(upstream:short)%00%(objectname)%00%(upstream:track)%00%(upstream:remotename)%00%(upstream:remoteref) refs/heads/main refs/remotes/main [2ms]
2023-09-15 01:31:13.775 [info] > git status -z -uall [7ms]
2023-09-15 01:32:06.431 [info] > git config --get commit.template [28ms]
2023-09-15 01:32:06.434 [info] > git for-each-ref --format=%(refname)%00%(upstream:short)%00%(objectname)%00%(upstream:track)%00%(upstream:remotename)%00%(upstream:remoteref) refs/heads/main refs/remotes/main [5ms]
2023-09-15 01:32:06.466 [info] > git status -z -uall [13ms]
2023-09-15 01:32:22.764 [info] > git config --get commit.template [13ms]
2023-09-15 01:32:22.765 [info] > git for-each-ref --format=%(refname)%00%(upstream:short)%00%(objectname)%00%(upstream:track)%00%(upstream:remotename)%00%(upstream:remoteref) refs/heads/main refs/remotes/main [1ms]
2023-09-15 01:32:22.787 [info] > git status -z -uall [9ms]
2023-09-15 01:32:37.661 [info] > git config --get commit.template [15ms]
2023-09-15 01:32:37.680 [info] > git for-each-ref --format=%(refname)%00%(upstream:short)%00%(objectname)%00%(upstream:track)%00%(upstream:remotename)%00%(upstream:remoteref) refs/heads/main refs/remotes/main [20ms]
2023-09-15 01:32:38.462 [info] > git status -z -uall [772ms]
2023-09-15 01:32:38.950 [info] > git ls-files --stage -- /home/mystic/Code/Flutter/HimYatri/conductor_app/lib/pages/signUpScreen/signup.dart [28ms]
2023-09-15 01:32:39.024 [info] > git ls-files --stage -- /home/mystic/Code/Flutter/HimYatri/conductor_app/lib/pages/splashscreen/splash.dart [16ms]
2023-09-15 01:32:39.057 [info] > git ls-files --stage -- /home/mystic/Code/Flutter/HimYatri/conductor_app/lib/main.dart [109ms]
2023-09-15 01:32:39.087 [info] > git cat-file -s 92aaa35e0637212f6b3ff2e0bc2d3079f23accd8 [113ms]
2023-09-15 01:32:39.103 [info] > git show --textconv :conductor_app/lib/pages/signUpScreen/signup.dart [3ms]
2023-09-15 01:32:39.115 [info] > git cat-file -s 137da37bc6b7b461ae39bbb09df8bee5830790d4 [59ms]
2023-09-15 01:32:39.128 [info] > git show --textconv :conductor_app/lib/pages/splashscreen/splash.dart [2ms]
2023-09-15 01:32:39.194 [info] > git cat-file -s 3a20901fd6da571cb8be53746878d07adb9a6a37 [107ms]
2023-09-15 01:32:39.227 [info] > git show --textconv :conductor_app/lib/main.dart [6ms]
2023-09-15 01:32:41.280 [info] > git fetch [3648ms]
2023-09-15 01:32:41.301 [info] > git config --get commit.template [11ms]
2023-09-15 01:32:41.303 [info] > git for-each-ref --format=%(refname)%00%(upstream:short)%00%(objectname)%00%(upstream:track)%00%(upstream:remotename)%00%(upstream:remoteref) refs/heads/main refs/remotes/main [3ms]
2023-09-15 01:32:41.319 [info] > git status -z -uall [6ms]
2023-09-15 01:32:42.253 [info] > git ls-files --stage -- /home/mystic/Code/Flutter/HimYatri/conductor_app/lib/main.dart [9ms]
2023-09-15 01:32:42.260 [info] > git ls-files --stage -- /home/mystic/Code/Flutter/HimYatri/conductor_app/lib/pages/signUpScreen/signup.dart [24ms]
2023-09-15 01:32:42.268 [info] > git cat-file -s 3a20901fd6da571cb8be53746878d07adb9a6a37 [8ms]
2023-09-15 01:32:42.269 [info] > git ls-files --stage -- /home/mystic/Code/Flutter/HimYatri/conductor_app/lib/pages/splashscreen/splash.dart [17ms]
2023-09-15 01:32:42.277 [info] > git cat-file -s 92aaa35e0637212f6b3ff2e0bc2d3079f23accd8 [10ms]
2023-09-15 01:32:42.286 [info] > git cat-file -s 137da37bc6b7b461ae39bbb09df8bee5830790d4 [10ms]
2023-09-15 01:32:42.295 [info] > git show --textconv :conductor_app/lib/main.dart [10ms]
2023-09-15 01:32:42.304 [info] > git show --textconv :conductor_app/lib/pages/signUpScreen/signup.dart [10ms]
2023-09-15 01:32:42.305 [info] > git show --textconv :conductor_app/lib/pages/splashscreen/splash.dart [2ms]
2023-09-15 01:32:43.485 [info] > git config --get commit.template [9ms]
2023-09-15 01:32:43.486 [info] > git for-each-ref --format=%(refname)%00%(upstream:short)%00%(objectname)%00%(upstream:track)%00%(upstream:remotename)%00%(upstream:remoteref) refs/heads/main refs/remotes/main [2ms]
2023-09-15 01:32:43.501 [info] > git status -z -uall [6ms]
2023-09-15 01:32:48.541 [info] > git config --get commit.template [6ms]
2023-09-15 01:32:48.562 [info] > git for-each-ref --format=%(refname)%00%(upstream:short)%00%(objectname)%00%(upstream:track)%00%(upstream:remotename)%00%(upstream:remoteref) refs/heads/main refs/remotes/main [2ms]
2023-09-15 01:32:48.579 [info] > git status -z -uall [6ms]
2023-09-15 01:32:53.631 [info] > git config --get commit.template [26ms]
2023-09-15 01:32:53.634 [info] > git for-each-ref --format=%(refname)%00%(upstream:short)%00%(objectname)%00%(upstream:track)%00%(upstream:remotename)%00%(upstream:remoteref) refs/heads/main refs/remotes/main [5ms]
2023-09-15 01:32:53.664 [info] > git status -z -uall [11ms]
2023-09-15 01:34:36.568 [info] > git config --get commit.template [20ms]
2023-09-15 01:34:36.618 [info] > git for-each-ref --format=%(refname)%00%(upstream:short)%00%(objectname)%00%(upstream:track)%00%(upstream:remotename)%00%(upstream:remoteref) refs/heads/main refs/remotes/main [50ms]
2023-09-15 01:34:36.806 [info] > git status -z -uall [162ms]
2023-09-15 01:35:01.203 [info] > git config --get commit.template [27ms]
2023-09-15 01:35:01.205 [info] > git for-each-ref --format=%(refname)%00%(upstream:short)%00%(objectname)%00%(upstream:track)%00%(upstream:remotename)%00%(upstream:remoteref) refs/heads/main refs/remotes/main [5ms]
2023-09-15 01:35:01.229 [info] > git status -z -uall [9ms]
2023-09-15 01:35:11.882 [info] > git config --get commit.template [26ms]
2023-09-15 01:35:11.885 [info] > git for-each-ref --format=%(refname)%00%(upstream:short)%00%(objectname)%00%(upstream:track)%00%(upstream:remotename)%00%(upstream:remoteref) refs/heads/main refs/remotes/main [5ms]
2023-09-15 01:35:11.902 [info] > git status -z -uall [6ms]
2023-09-15 01:35:42.583 [info] > git ls-files --stage -- /home/mystic/Code/Flutter/HimYatri/conductor_app/lib/main.dart [10ms]
2023-09-15 01:35:42.591 [info] > git ls-files --stage -- /home/mystic/Code/Flutter/HimYatri/conductor_app/lib/pages/signUpScreen/signup.dart [32ms]
2023-09-15 01:35:42.600 [info] > git cat-file -s 3a20901fd6da571cb8be53746878d07adb9a6a37 [9ms]
2023-09-15 01:35:42.601 [info] > git ls-files --stage -- /home/mystic/Code/Flutter/HimYatri/conductor_app/lib/pages/splashscreen/splash.dart [19ms]
2023-09-15 01:35:42.609 [info] > git cat-file -s 92aaa35e0637212f6b3ff2e0bc2d3079f23accd8 [10ms]
2023-09-15 01:35:42.618 [info] > git cat-file -s 137da37bc6b7b461ae39bbb09df8bee5830790d4 [10ms]
2023-09-15 01:35:42.634 [info] > git show --textconv :conductor_app/lib/main.dart [16ms]
2023-09-15 01:35:42.634 [info] > git show --textconv :conductor_app/lib/pages/signUpScreen/signup.dart [7ms]
2023-09-15 01:35:42.644 [info] > git show --textconv :conductor_app/lib/pages/splashscreen/splash.dart [2ms]
2023-09-15 01:35:44.722 [info] > git fetch [3374ms]
2023-09-15 01:35:44.752 [info] > git config --get commit.template [10ms]
2023-09-15 01:35:44.753 [info] > git for-each-ref --format=%(refname)%00%(upstream:short)%00%(objectname)%00%(upstream:track)%00%(upstream:remotename)%00%(upstream:remoteref) refs/heads/main refs/remotes/main [2ms]
2023-09-15 01:35:44.767 [info] > git status -z -uall [6ms]
2023-09-15 01:35:45.609 [info] > git ls-files --stage -- /home/mystic/Code/Flutter/HimYatri/conductor_app/lib/main.dart [15ms]
2023-09-15 01:35:45.625 [info] > git ls-files --stage -- /home/mystic/Code/Flutter/HimYatri/conductor_app/lib/pages/signUpScreen/signup.dart [42ms]
2023-09-15 01:35:45.633 [info] > git cat-file -s 3a20901fd6da571cb8be53746878d07adb9a6a37 [9ms]
2023-09-15 01:35:45.633 [info] > git ls-files --stage -- /home/mystic/Code/Flutter/HimYatri/conductor_app/lib/pages/splashscreen/splash.dart [25ms]
2023-09-15 01:35:45.642 [info] > git cat-file -s 92aaa35e0637212f6b3ff2e0bc2d3079f23accd8 [10ms]
2023-09-15 01:35:45.654 [info] > git cat-file -s 137da37bc6b7b461ae39bbb09df8bee5830790d4 [12ms]
2023-09-15 01:35:45.663 [info] > git show --textconv :conductor_app/lib/main.dart [10ms]
2023-09-15 01:35:45.673 [info] > git show --textconv :conductor_app/lib/pages/signUpScreen/signup.dart [10ms]
2023-09-15 01:35:45.674 [info] > git show --textconv :conductor_app/lib/pages/splashscreen/splash.dart [2ms]
2023-09-15 01:36:02.656 [info] > git config --get commit.template [9ms]
2023-09-15 01:36:02.657 [info] > git for-each-ref --format=%(refname)%00%(upstream:short)%00%(objectname)%00%(upstream:track)%00%(upstream:remotename)%00%(upstream:remoteref) refs/heads/main refs/remotes/main [2ms]
2023-09-15 01:36:02.670 [info] > git status -z -uall [6ms]
2023-09-15 01:36:07.725 [info] > git config --get commit.template [25ms]
2023-09-15 01:36:07.727 [info] > git for-each-ref --format=%(refname)%00%(upstream:short)%00%(objectname)%00%(upstream:track)%00%(upstream:remotename)%00%(upstream:remoteref) refs/heads/main refs/remotes/main [5ms]
2023-09-15 01:36:07.763 [info] > git status -z -uall [14ms]
2023-09-15 01:36:23.799 [info] > git config --get commit.template [25ms]
2023-09-15 01:36:23.802 [info] > git for-each-ref --format=%(refname)%00%(upstream:short)%00%(objectname)%00%(upstream:track)%00%(upstream:remotename)%00%(upstream:remoteref) refs/heads/main refs/remotes/main [6ms]
2023-09-15 01:36:23.840 [info] > git status -z -uall [15ms]
2023-09-15 01:36:57.619 [info] > git config --get commit.template [27ms]
2023-09-15 01:36:57.621 [info] > git for-each-ref --format=%(refname)%00%(upstream:short)%00%(objectname)%00%(upstream:track)%00%(upstream:remotename)%00%(upstream:remoteref) refs/heads/main refs/remotes/main [5ms]
2023-09-15 01:36:57.652 [info] > git status -z -uall [11ms]
2023-09-15 01:37:18.001 [info] > git config --get commit.template [11ms]
2023-09-15 01:37:18.002 [info] > git for-each-ref --format=%(refname)%00%(upstream:short)%00%(objectname)%00%(upstream:track)%00%(upstream:remotename)%00%(upstream:remoteref) refs/heads/main refs/remotes/main [2ms]
2023-09-15 01:37:18.016 [info] > git status -z -uall [6ms]
2023-09-15 01:37:25.228 [info] > git config --get commit.template [28ms]
2023-09-15 01:37:25.230 [info] > git for-each-ref --format=%(refname)%00%(upstream:short)%00%(objectname)%00%(upstream:track)%00%(upstream:remotename)%00%(upstream:remoteref) refs/heads/main refs/remotes/main [5ms]
2023-09-15 01:37:25.249 [info] > git status -z -uall [7ms]
2023-09-15 01:37:30.303 [info] > git config --get commit.template [25ms]
2023-09-15 01:37:30.306 [info] > git for-each-ref --format=%(refname)%00%(upstream:short)%00%(objectname)%00%(upstream:track)%00%(upstream:remotename)%00%(upstream:remoteref) refs/heads/main refs/remotes/main [5ms]
2023-09-15 01:37:30.336 [info] > git status -z -uall [12ms]
2023-09-15 01:37:45.919 [info] > git config --get commit.template [27ms]
2023-09-15 01:37:45.922 [info] > git for-each-ref --format=%(refname)%00%(upstream:short)%00%(objectname)%00%(upstream:track)%00%(upstream:remotename)%00%(upstream:remoteref) refs/heads/main refs/remotes/main [5ms]
2023-09-15 01:37:45.950 [info] > git status -z -uall [13ms]
2023-09-15 01:39:00.178 [info] > git config --get commit.template [11ms]
2023-09-15 01:39:00.222 [info] > git for-each-ref --format=%(refname)%00%(upstream:short)%00%(objectname)%00%(upstream:track)%00%(upstream:remotename)%00%(upstream:remoteref) refs/heads/main refs/remotes/main [46ms]
2023-09-15 01:39:00.749 [info] > git status -z -uall [517ms]
2023-09-15 01:39:01.437 [info] > git ls-files --stage -- /home/mystic/Code/Flutter/HimYatri/conductor_app/lib/main.dart [8ms]
2023-09-15 01:39:01.445 [info] > git ls-files --stage -- /home/mystic/Code/Flutter/HimYatri/conductor_app/lib/pages/signUpScreen/signup.dart [24ms]
2023-09-15 01:39:01.454 [info] > git ls-files --stage -- /home/mystic/Code/Flutter/HimYatri/conductor_app/lib/pages/splashscreen/splash.dart [18ms]
2023-09-15 01:39:01.462 [info] > git cat-file -s 92aaa35e0637212f6b3ff2e0bc2d3079f23accd8 [9ms]
2023-09-15 01:39:01.463 [info] > git cat-file -s 3a20901fd6da571cb8be53746878d07adb9a6a37 [19ms]
2023-09-15 01:39:01.482 [info] > git show --textconv :conductor_app/lib/pages/signUpScreen/signup.dart [9ms]
2023-09-15 01:39:01.483 [info] > git show --textconv :conductor_app/lib/main.dart [2ms]
2023-09-15 01:39:01.491 [info] > git cat-file -s 137da37bc6b7b461ae39bbb09df8bee5830790d4 [30ms]
2023-09-15 01:39:01.502 [info] > git show --textconv :conductor_app/lib/pages/splashscreen/splash.dart [2ms]
2023-09-15 01:39:03.763 [info] > git fetch [3607ms]
2023-09-15 01:39:03.802 [info] > git config --get commit.template [13ms]
2023-09-15 01:39:03.803 [info] > git for-each-ref --format=%(refname)%00%(upstream:short)%00%(objectname)%00%(upstream:track)%00%(upstream:remotename)%00%(upstream:remoteref) refs/heads/main refs/remotes/main [1ms]
2023-09-15 01:39:03.817 [info] > git status -z -uall [6ms]
2023-09-15 01:39:04.711 [info] > git ls-files --stage -- /home/mystic/Code/Flutter/HimYatri/conductor_app/lib/main.dart [13ms]
2023-09-15 01:39:04.720 [info] > git ls-files --stage -- /home/mystic/Code/Flutter/HimYatri/conductor_app/lib/pages/signUpScreen/signup.dart [42ms]
2023-09-15 01:39:04.729 [info] > git cat-file -s 3a20901fd6da571cb8be53746878d07adb9a6a37 [10ms]
2023-09-15 01:39:04.729 [info] > git ls-files --stage -- /home/mystic/Code/Flutter/HimYatri/conductor_app/lib/pages/splashscreen/splash.dart [19ms]
2023-09-15 01:39:04.738 [info] > git cat-file -s 92aaa35e0637212f6b3ff2e0bc2d3079f23accd8 [10ms]
2023-09-15 01:39:04.748 [info] > git cat-file -s 137da37bc6b7b461ae39bbb09df8bee5830790d4 [11ms]
2023-09-15 01:39:04.758 [info] > git show --textconv :conductor_app/lib/main.dart [11ms]
2023-09-15 01:39:04.767 [info] > git show --textconv :conductor_app/lib/pages/signUpScreen/signup.dart [10ms]
2023-09-15 01:39:04.769 [info] > git show --textconv :conductor_app/lib/pages/splashscreen/splash.dart [2ms]
2023-09-15 01:39:05.785 [info] > git config --get commit.template [13ms]
2023-09-15 01:39:05.787 [info] > git for-each-ref --format=%(refname)%00%(upstream:short)%00%(objectname)%00%(upstream:track)%00%(upstream:remotename)%00%(upstream:remoteref) refs/heads/main refs/remotes/main [3ms]
2023-09-15 01:39:05.804 [info] > git status -z -uall [6ms]
2023-09-15 01:39:36.979 [info] > git config --get commit.template [13ms]
2023-09-15 01:39:36.980 [info] > git for-each-ref --format=%(refname)%00%(upstream:short)%00%(objectname)%00%(upstream:track)%00%(upstream:remotename)%00%(upstream:remoteref) refs/heads/main refs/remotes/main [2ms]
2023-09-15 01:39:36.995 [info] > git status -z -uall [6ms]
2023-09-15 01:39:45.154 [info] > git config --get commit.template [11ms]
2023-09-15 01:39:45.155 [info] > git for-each-ref --format=%(refname)%00%(upstream:short)%00%(objectname)%00%(upstream:track)%00%(upstream:remotename)%00%(upstream:remoteref) refs/heads/main refs/remotes/main [2ms]
2023-09-15 01:39:45.169 [info] > git status -z -uall [6ms]
2023-09-15 01:39:50.226 [info] > git config --get commit.template [26ms]
2023-09-15 01:39:50.260 [info] > git for-each-ref --format=%(refname)%00%(upstream:short)%00%(objectname)%00%(upstream:track)%00%(upstream:remotename)%00%(upstream:remoteref) refs/heads/main refs/remotes/main [41ms]
2023-09-15 01:39:50.321 [info] > git status -z -uall [38ms]
2023-09-15 01:40:07.970 [info] > git ls-tree -l HEAD -- /home/mystic/Code/Flutter/HimYatri/conductor_app/lib/main.dart [80ms]
2023-09-15 01:40:07.972 [info] > git show --textconv HEAD:conductor_app/lib/main.dart [91ms]
2023-09-15 01:40:11.920 [info] > git add -A -- /home/mystic/Code/Flutter/HimYatri/conductor_app/lib/main.dart [100ms]
2023-09-15 01:40:11.970 [info] > git config --get commit.template [20ms]
2023-09-15 01:40:11.970 [info] > git for-each-ref --format=%(refname)%00%(upstream:short)%00%(objectname)%00%(upstream:track)%00%(upstream:remotename)%00%(upstream:remoteref) refs/heads/main refs/remotes/main [2ms]
2023-09-15 01:40:11.985 [info] > git status -z -uall [6ms]
2023-09-15 01:40:13.123 [info] > git config --get commit.template [29ms]
2023-09-15 01:40:13.126 [info] > git for-each-ref --format=%(refname)%00%(upstream:short)%00%(objectname)%00%(upstream:track)%00%(upstream:remotename)%00%(upstream:remoteref) refs/heads/main refs/remotes/main [6ms]
2023-09-15 01:40:13.152 [info] > git status -z -uall [10ms]
2023-09-15 01:40:13.235 [info] > git ls-files --stage -- /home/mystic/Code/Flutter/HimYatri/conductor_app/lib/pages/splashscreen/splash.dart [12ms]
2023-09-15 01:40:13.244 [info] > git ls-files --stage -- /home/mystic/Code/Flutter/HimYatri/conductor_app/lib/main.dart [32ms]
2023-09-15 01:40:13.254 [info] > git ls-files --stage -- /home/mystic/Code/Flutter/HimYatri/conductor_app/lib/pages/signUpScreen/signup.dart [56ms]
2023-09-15 01:40:13.264 [info] > git cat-file -s 92aaa35e0637212f6b3ff2e0bc2d3079f23accd8 [3ms]
2023-09-15 01:40:13.264 [info] > git cat-file -s 7112ea432b56b8eca7b883b99b82ff967c2d0829 [11ms]
2023-09-15 01:40:13.265 [info] > git cat-file -s 137da37bc6b7b461ae39bbb09df8bee5830790d4 [21ms]
2023-09-15 01:40:13.265 [info] > git ls-files --stage -- /home/mystic/Code/Flutter/HimYatri/conductor_app/lib/main.dart [31ms]
2023-09-15 01:40:13.275 [info] > git cat-file -s 7112ea432b56b8eca7b883b99b82ff967c2d0829 [2ms]
2023-09-15 01:40:13.316 [info] > git show --textconv :conductor_app/lib/pages/signUpScreen/signup.dart [29ms]
2023-09-15 01:40:13.316 [info] > git show --textconv :conductor_app/lib/main.dart [19ms]
2023-09-15 01:40:13.316 [info] > git show --textconv :conductor_app/lib/pages/splashscreen/splash.dart [10ms]
2023-09-15 01:40:13.318 [info] > git show --textconv :conductor_app/lib/main.dart [3ms]
2023-09-15 01:40:13.796 [info] > git ls-tree -l HEAD -- /home/mystic/Code/Flutter/HimYatri/conductor_app/lib/pages/signUpScreen/signup.dart [64ms]
2023-09-15 01:40:13.799 [info] > git show --textconv HEAD:conductor_app/lib/pages/signUpScreen/signup.dart [79ms]
2023-09-15 01:40:18.189 [info] > git config --get commit.template [12ms]
2023-09-15 01:40:18.190 [info] > git for-each-ref --format=%(refname)%00%(upstream:short)%00%(objectname)%00%(upstream:track)%00%(upstream:remotename)%00%(upstream:remoteref) refs/heads/main refs/remotes/main [2ms]
2023-09-15 01:40:18.269 [info] > git status -z -uall [69ms]
2023-09-15 01:40:23.491 [info] > git add -A -- /home/mystic/Code/Flutter/HimYatri/conductor_app/lib/pages/signUpScreen/signup.dart [30ms]
2023-09-15 01:40:23.519 [info] > git for-each-ref --format=%(refname)%00%(upstream:short)%00%(objectname)%00%(upstream:track)%00%(upstream:remotename)%00%(upstream:remoteref) refs/heads/main refs/remotes/main [3ms]
2023-09-15 01:40:23.519 [info] > git config --get commit.template [15ms]
2023-09-15 01:40:23.539 [info] > git status -z -uall [9ms]
2023-09-15 01:40:24.700 [info] > git config --get commit.template [16ms]
2023-09-15 01:40:24.702 [info] > git for-each-ref --format=%(refname)%00%(upstream:short)%00%(objectname)%00%(upstream:track)%00%(upstream:remotename)%00%(upstream:remoteref) refs/heads/main refs/remotes/main [4ms]
2023-09-15 01:40:24.719 [info] > git status -z -uall [7ms]
2023-09-15 01:40:24.825 [info] > git ls-files --stage -- /home/mystic/Code/Flutter/HimYatri/conductor_app/lib/main.dart [21ms]
2023-09-15 01:40:24.842 [info] > git ls-files --stage -- /home/mystic/Code/Flutter/HimYatri/conductor_app/lib/pages/signUpScreen/signup.dart [53ms]
2023-09-15 01:40:24.866 [info] > git cat-file -s a8650e8cdeb7b2c32fbadd33dc4c24d68814a536 [12ms]
2023-09-15 01:40:24.867 [info] > git cat-file -s 7112ea432b56b8eca7b883b99b82ff967c2d0829 [26ms]
2023-09-15 01:40:24.867 [info] > git ls-files --stage -- /home/mystic/Code/Flutter/HimYatri/conductor_app/lib/pages/splashscreen/splash.dart [46ms]
2023-09-15 01:40:24.876 [info] > git ls-files --stage -- /home/mystic/Code/Flutter/HimYatri/conductor_app/lib/pages/signUpScreen/signup.dart [12ms]
2023-09-15 01:40:24.904 [info] > git show --textconv :conductor_app/lib/pages/signUpScreen/signup.dart [10ms]
2023-09-15 01:40:24.905 [info] > git cat-file -s a8650e8cdeb7b2c32fbadd33dc4c24d68814a536 [20ms]
2023-09-15 01:40:24.905 [info] > git cat-file -s 137da37bc6b7b461ae39bbb09df8bee5830790d4 [30ms]
2023-09-15 01:40:24.906 [info] > git show --textconv :conductor_app/lib/main.dart [3ms]
2023-09-15 01:40:24.928 [info] > git show --textconv :conductor_app/lib/pages/signUpScreen/signup.dart [10ms]
2023-09-15 01:40:24.930 [info] > git show --textconv :conductor_app/lib/pages/splashscreen/splash.dart [3ms]
2023-09-15 01:40:29.771 [info] > git config --get commit.template [22ms]
2023-09-15 01:40:29.774 [info] > git for-each-ref --format=%(refname)%00%(upstream:short)%00%(objectname)%00%(upstream:track)%00%(upstream:remotename)%00%(upstream:remoteref) refs/heads/main refs/remotes/main [4ms]
2023-09-15 01:40:29.801 [info] > git status -z -uall [11ms]
2023-09-15 01:41:50.592 [info] > git -c user.useConfigOnly=true commit --quiet --allow-empty-message --file - [176ms]
2023-09-15 01:41:50.620 [info] > git config --get commit.template [4ms]
2023-09-15 01:41:50.652 [info] > git config --get commit.template [13ms]
2023-09-15 01:41:50.653 [info] > git for-each-ref --format=%(refname)%00%(upstream:short)%00%(objectname)%00%(upstream:track)%00%(upstream:remotename)%00%(upstream:remoteref) refs/heads/main refs/remotes/main [2ms]
2023-09-15 01:41:50.669 [info] > git status -z -uall [7ms]
2023-09-15 01:41:50.763 [info] > git config --get commit.template [11ms]
2023-09-15 01:41:50.765 [info] > git for-each-ref --format=%(refname)%00%(upstream:short)%00%(objectname)%00%(upstream:track)%00%(upstream:remotename)%00%(upstream:remoteref) refs/heads/main refs/remotes/main [3ms]
2023-09-15 01:41:50.783 [info] > git status -z -uall [8ms]
2023-09-15 01:41:51.924 [info] > git ls-files --stage -- /home/mystic/Code/Flutter/HimYatri/conductor_app/lib/main.dart [10ms]
2023-09-15 01:41:51.934 [info] > git ls-files --stage -- /home/mystic/Code/Flutter/HimYatri/conductor_app/lib/pages/signUpScreen/signup.dart [37ms]
2023-09-15 01:41:51.954 [info] > git cat-file -s a8650e8cdeb7b2c32fbadd33dc4c24d68814a536 [12ms]
2023-09-15 01:41:51.955 [info] > git cat-file -s 7112ea432b56b8eca7b883b99b82ff967c2d0829 [21ms]
2023-09-15 01:41:51.956 [info] > git ls-files --stage -- /home/mystic/Code/Flutter/HimYatri/conductor_app/lib/pages/splashscreen/splash.dart [33ms]
2023-09-15 01:41:51.966 [info] > git ls-tree -l HEAD -- /home/mystic/Code/Flutter/HimYatri/conductor_app/lib/pages/signUpScreen/signup.dart [14ms]
2023-09-15 01:41:51.987 [info] > git show --textconv :conductor_app/lib/pages/signUpScreen/signup.dart [11ms]
2023-09-15 01:41:51.988 [info] > git cat-file -s 137da37bc6b7b461ae39bbb09df8bee5830790d4 [23ms]
2023-09-15 01:41:51.999 [info] > git show --textconv :conductor_app/lib/main.dart [12ms]
2023-09-15 01:41:52.009 [info] > git show --textconv HEAD:conductor_app/lib/pages/signUpScreen/signup.dart [11ms]
2023-09-15 01:41:52.011 [info] > git show --textconv :conductor_app/lib/pages/splashscreen/splash.dart [3ms]
2023-09-15 01:41:52.925 [info] > git config --get commit.template [27ms]
2023-09-15 01:41:52.928 [info] > git for-each-ref --format=%(refname)%00%(upstream:short)%00%(objectname)%00%(upstream:track)%00%(upstream:remotename)%00%(upstream:remoteref) refs/heads/main refs/remotes/main [4ms]
2023-09-15 01:41:52.946 [info] > git status -z -uall [7ms]
2023-09-15 01:41:55.134 [info] > git ls-tree -l HEAD -- /home/mystic/Code/Flutter/HimYatri/conductor_app/lib/pages/signUpScreen/signup.dart [2ms]
2023-09-15 01:41:57.797 [info] > git log --oneline --cherry main...main@{upstream} -- [10ms]
2023-09-15 01:41:57.808 [info] > git ls-tree -l HEAD -- /home/mystic/Code/Flutter/HimYatri/conductor_app/lib/pages/signUpScreen/signup.dart [11ms]
2023-09-15 01:41:59.125 [info] > git ls-files --stage -- /home/mystic/Code/Flutter/HimYatri/conductor_app/lib/pages/splashscreen/splash.dart [34ms]
2023-09-15 01:41:59.138 [info] > git ls-files --stage -- /home/mystic/Code/Flutter/HimYatri/conductor_app/lib/main.dart [81ms]
2023-09-15 01:41:59.150 [info] > git ls-files --stage -- /home/mystic/Code/Flutter/HimYatri/conductor_app/lib/pages/signUpScreen/signup.dart [121ms]
2023-09-15 01:41:59.159 [info] > git cat-file -s 7112ea432b56b8eca7b883b99b82ff967c2d0829 [9ms]
2023-09-15 01:41:59.160 [info] > git cat-file -s 137da37bc6b7b461ae39bbb09df8bee5830790d4 [22ms]
2023-09-15 01:41:59.161 [info] > git ls-tree -l HEAD -- /home/mystic/Code/Flutter/HimYatri/conductor_app/lib/pages/signUpScreen/signup.dart [39ms]
2023-09-15 01:41:59.162 [info] > git cat-file -s a8650e8cdeb7b2c32fbadd33dc4c24d68814a536 [4ms]
2023-09-15 01:41:59.206 [info] > git show --textconv :conductor_app/lib/main.dart [34ms]
2023-09-15 01:41:59.206 [info] > git show --textconv :conductor_app/lib/pages/splashscreen/splash.dart [22ms]
2023-09-15 01:41:59.206 [info] > git show --textconv HEAD:conductor_app/lib/pages/signUpScreen/signup.dart [12ms]
2023-09-15 01:41:59.206 [info] > git show --textconv :conductor_app/lib/pages/signUpScreen/signup.dart [2ms]
2023-09-15 01:42:01.286 [info] > git pull --tags origin main [3479ms]
2023-09-15 01:42:01.286 [info] From github.com:TheMystic07/HimYatri
 * branch            main       -> FETCH_HEAD
2023-09-15 01:42:02.634 [info] > git ls-files --stage -- /home/mystic/Code/Flutter/HimYatri/conductor_app/lib/pages/splashscreen/splash.dart [11ms]
2023-09-15 01:42:02.642 [info] > git ls-files --stage -- /home/mystic/Code/Flutter/HimYatri/conductor_app/lib/main.dart [28ms]
2023-09-15 01:42:02.651 [info] > git ls-files --stage -- /home/mystic/Code/Flutter/HimYatri/conductor_app/lib/pages/signUpScreen/signup.dart [52ms]
2023-09-15 01:42:02.660 [info] > git cat-file -s 7112ea432b56b8eca7b883b99b82ff967c2d0829 [9ms]
2023-09-15 01:42:02.661 [info] > git cat-file -s 137da37bc6b7b461ae39bbb09df8bee5830790d4 [20ms]
2023-09-15 01:42:02.662 [info] > git ls-tree -l HEAD -- /home/mystic/Code/Flutter/HimYatri/conductor_app/lib/pages/signUpScreen/signup.dart [29ms]
2023-09-15 01:42:02.662 [info] > git cat-file -s a8650e8cdeb7b2c32fbadd33dc4c24d68814a536 [3ms]
2023-09-15 01:42:02.690 [info] > git show --textconv :conductor_app/lib/main.dart [19ms]
2023-09-15 01:42:02.691 [info] > git show --textconv :conductor_app/lib/pages/splashscreen/splash.dart [10ms]
2023-09-15 01:42:02.704 [info] > git show --textconv HEAD:conductor_app/lib/pages/signUpScreen/signup.dart [13ms]
2023-09-15 01:42:02.705 [info] > git show --textconv :conductor_app/lib/pages/signUpScreen/signup.dart [3ms]
2023-09-15 01:42:04.654 [info] > git push origin main:main [3350ms]
2023-09-15 01:42:04.654 [info] To github.com:TheMystic07/HimYatri.git
   3fb073d..9d85a98  main -> main
2023-09-15 01:42:04.702 [info] > git config --get commit.template [21ms]
2023-09-15 01:42:04.704 [info] > git for-each-ref --format=%(refname)%00%(upstream:short)%00%(objectname)%00%(upstream:track)%00%(upstream:remotename)%00%(upstream:remoteref) refs/heads/main refs/remotes/main [2ms]
2023-09-15 01:42:04.721 [info] > git status -z -uall [7ms]
2023-09-15 01:42:06.041 [info] > git ls-files --stage -- /home/mystic/Code/Flutter/HimYatri/conductor_app/lib/pages/splashscreen/splash.dart [10ms]
2023-09-15 01:42:06.050 [info] > git ls-files --stage -- /home/mystic/Code/Flutter/HimYatri/conductor_app/lib/main.dart [29ms]
2023-09-15 01:42:06.059 [info] > git ls-files --stage -- /home/mystic/Code/Flutter/HimYatri/conductor_app/lib/pages/signUpScreen/signup.dart [55ms]
2023-09-15 01:42:06.070 [info] > git cat-file -s 7112ea432b56b8eca7b883b99b82ff967c2d0829 [10ms]
2023-09-15 01:42:06.070 [info] > git cat-file -s 137da37bc6b7b461ae39bbb09df8bee5830790d4 [20ms]
2023-09-15 01:42:06.070 [info] > git ls-tree -l HEAD -- /home/mystic/Code/Flutter/HimYatri/conductor_app/lib/pages/signUpScreen/signup.dart [30ms]
2023-09-15 01:42:06.071 [info] > git cat-file -s a8650e8cdeb7b2c32fbadd33dc4c24d68814a536 [3ms]
2023-09-15 01:42:06.110 [info] > git show --textconv :conductor_app/lib/main.dart [29ms]
2023-09-15 01:42:06.110 [info] > git show --textconv :conductor_app/lib/pages/splashscreen/splash.dart [20ms]
2023-09-15 01:42:06.110 [info] > git show --textconv HEAD:conductor_app/lib/pages/signUpScreen/signup.dart [11ms]
2023-09-15 01:42:06.112 [info] > git show --textconv :conductor_app/lib/pages/signUpScreen/signup.dart [4ms]
2023-09-15 01:42:08.270 [info] > git fetch [3535ms]
2023-09-15 01:42:08.307 [info] > git config --get commit.template [11ms]
2023-09-15 01:42:08.307 [info] > git for-each-ref --format=%(refname)%00%(upstream:short)%00%(objectname)%00%(upstream:track)%00%(upstream:remotename)%00%(upstream:remoteref) refs/heads/main refs/remotes/main [1ms]
2023-09-15 01:42:08.322 [info] > git status -z -uall [6ms]
