2023-09-07 23:21:47.980 [info] Reading sessions from keychain...
2023-09-07 23:21:47.980 [info] Getting sessions for all scopes...
2023-09-07 23:21:47.980 [info] Got stored sessions!
2023-09-07 23:21:47.980 [info] Got 1 verified sessions.
2023-09-07 23:21:47.980 [info] Got 1 sessions for ...
2023-09-07 23:21:47.980 [info] Getting sessions for user:email...
2023-09-07 23:21:47.980 [info] Got 1 sessions for user:email...
2023-09-07 23:21:47.980 [info] Getting sessions for all scopes...
2023-09-07 23:21:47.980 [info] Got 1 sessions for ...
2023-09-07 23:21:48.015 [info] Getting sessions for all scopes...
2023-09-07 23:21:48.015 [info] Got 1 sessions for ...
2023-09-07 23:22:10.380 [info] Reading sessions from keychain...
2023-09-07 23:22:10.380 [info] Getting sessions for all scopes...
2023-09-07 23:22:10.380 [info] Got stored sessions!
2023-09-07 23:22:10.380 [info] Got 1 verified sessions.
2023-09-07 23:22:10.380 [info] Got 1 sessions for ...
2023-09-07 23:22:10.380 [info] Getting sessions for user:email...
2023-09-07 23:22:10.380 [info] Got 1 sessions for user:email...
2023-09-07 23:22:14.390 [info] Getting sessions for all scopes...
2023-09-07 23:22:14.390 [info] Got 1 sessions for ...
