2023-09-14 15:07:06.437 [info] Log level: Info
2023-09-14 15:07:06.437 [info] Validating found git in: "git"
2023-09-14 15:07:06.437 [info] Using git "2.42.0" from "git"
2023-09-14 15:07:06.437 [info] > git rev-parse --show-toplevel [1302ms]
2023-09-14 15:07:06.439 [info] > git rev-parse --git-dir --git-common-dir [18ms]
2023-09-14 15:07:06.469 [info] Open repository: /home/mystic/Code/Flutter/HimYatri
2023-09-14 15:07:09.329 [info] > git rev-parse --show-toplevel [2854ms]
2023-09-14 15:07:09.402 [info] > git rev-parse --show-toplevel [67ms]
2023-09-14 15:07:09.409 [info] > git config --get commit.template [80ms]
2023-09-14 15:07:09.567 [info] > git rev-parse --show-toplevel [158ms]
2023-09-14 15:07:09.622 [info] > git rev-parse --show-toplevel [48ms]
2023-09-14 15:07:09.630 [info] > git for-each-ref --format=%(refname)%00%(upstream:short)%00%(objectname)%00%(upstream:track)%00%(upstream:remotename)%00%(upstream:remoteref) refs/heads/main refs/remotes/main [10ms]
2023-09-14 15:07:09.651 [info] > git rev-parse --show-toplevel [23ms]
2023-09-14 15:07:09.676 [info] > git rev-parse --show-toplevel [19ms]
2023-09-14 15:07:09.684 [info] > git rev-parse --show-toplevel [2ms]
2023-09-14 15:07:09.691 [info] > git rev-parse --show-toplevel [1ms]
2023-09-14 15:07:09.697 [info] > git rev-parse --show-toplevel [1ms]
2023-09-14 15:07:09.704 [info] > git rev-parse --show-toplevel [1ms]
2023-09-14 15:07:09.711 [info] > git rev-parse --show-toplevel [1ms]
2023-09-14 15:07:09.718 [info] > git rev-parse --show-toplevel [1ms]
2023-09-14 15:07:09.734 [info] > git ls-files --stage -- /home/mystic/Code/Flutter/HimYatri/conductor_app/lib/pages/splashscreen/splash.dart [1ms]
2023-09-14 15:07:09.895 [info] > git check-ignore -v -z --stdin [2ms]
2023-09-14 15:07:10.041 [info] > git status -z -uall [404ms]
2023-09-14 15:07:10.057 [info] > git show --textconv :conductor_app/lib/pages/splashscreen/splash.dart [332ms]
2023-09-14 15:07:10.058 [info] > git cat-file -s 137da37bc6b7b461ae39bbb09df8bee5830790d4 [317ms]
2023-09-14 15:07:10.061 [info] > git config --get commit.template [4ms]
2023-09-14 15:07:10.071 [info] > git for-each-ref --format=%(refname)%00%(upstream:short)%00%(objectname)%00%(upstream:track)%00%(upstream:remotename)%00%(upstream:remoteref) refs/heads/main refs/remotes/main [2ms]
2023-09-14 15:07:10.084 [info] > git status -z -uall [6ms]
2023-09-14 15:07:10.508 [info] > git ls-files --stage -- /home/mystic/Code/Flutter/HimYatri/conductor_app/lib/pages/splashscreen/splash.dart [2ms]
2023-09-14 15:07:10.515 [info] > git cat-file -s 137da37bc6b7b461ae39bbb09df8bee5830790d4 [2ms]
2023-09-14 15:07:10.524 [info] > git show --textconv :conductor_app/lib/pages/splashscreen/splash.dart [1ms]
2023-09-14 15:07:11.816 [info] > git fetch [5349ms]
2023-09-14 15:07:11.861 [info] > git config --get commit.template [24ms]
2023-09-14 15:07:11.863 [info] > git for-each-ref --format=%(refname)%00%(upstream:short)%00%(objectname)%00%(upstream:track)%00%(upstream:remotename)%00%(upstream:remoteref) refs/heads/main refs/remotes/main [5ms]
2023-09-14 15:07:11.890 [info] > git status -z -uall [11ms]
2023-09-14 15:07:12.547 [info] > git ls-files --stage -- /home/mystic/Code/Flutter/HimYatri/conductor_app/lib/pages/splashscreen/splash.dart [2ms]
2023-09-14 15:07:12.554 [info] > git cat-file -s 137da37bc6b7b461ae39bbb09df8bee5830790d4 [2ms]
2023-09-14 15:07:12.563 [info] > git show --textconv :conductor_app/lib/pages/splashscreen/splash.dart [2ms]
2023-09-14 15:08:06.695 [info] > git ls-files --stage -- /home/mystic/Code/Flutter/HimYatri/conductor_app/lib/main.dart [1ms]
2023-09-14 15:08:06.702 [info] > git show --textconv :conductor_app/lib/main.dart [16ms]
2023-09-14 15:08:06.703 [info] > git cat-file -s 3a20901fd6da571cb8be53746878d07adb9a6a37 [2ms]
2023-09-14 15:08:18.130 [info] > git config --get commit.template [7ms]
2023-09-14 15:08:18.131 [info] > git for-each-ref --format=%(refname)%00%(upstream:short)%00%(objectname)%00%(upstream:track)%00%(upstream:remotename)%00%(upstream:remoteref) refs/heads/main refs/remotes/main [2ms]
2023-09-14 15:08:18.142 [info] > git status -z -uall [6ms]
2023-09-14 15:08:23.185 [info] > git config --get commit.template [17ms]
2023-09-14 15:08:23.186 [info] > git for-each-ref --format=%(refname)%00%(upstream:short)%00%(objectname)%00%(upstream:track)%00%(upstream:remotename)%00%(upstream:remoteref) refs/heads/main refs/remotes/main [3ms]
2023-09-14 15:08:23.201 [info] > git status -z -uall [6ms]
2023-09-14 15:08:34.392 [info] > git config --get commit.template [9ms]
2023-09-14 15:08:34.394 [info] > git for-each-ref --format=%(refname)%00%(upstream:short)%00%(objectname)%00%(upstream:track)%00%(upstream:remotename)%00%(upstream:remoteref) refs/heads/main refs/remotes/main [3ms]
2023-09-14 15:08:34.413 [info] > git status -z -uall [10ms]
2023-09-14 15:08:41.043 [info] > git config --get commit.template [8ms]
2023-09-14 15:08:41.044 [info] > git for-each-ref --format=%(refname)%00%(upstream:short)%00%(objectname)%00%(upstream:track)%00%(upstream:remotename)%00%(upstream:remoteref) refs/heads/main refs/remotes/main [2ms]
2023-09-14 15:08:41.056 [info] > git status -z -uall [7ms]
2023-09-14 15:08:46.891 [info] > git config --get commit.template [3ms]
2023-09-14 15:08:46.904 [info] > git for-each-ref --format=%(refname)%00%(upstream:short)%00%(objectname)%00%(upstream:track)%00%(upstream:remotename)%00%(upstream:remoteref) refs/heads/main refs/remotes/main [2ms]
2023-09-14 15:08:46.921 [info] > git status -z -uall [7ms]
2023-09-14 15:08:51.954 [info] > git config --get commit.template [3ms]
2023-09-14 15:08:51.966 [info] > git for-each-ref --format=%(refname)%00%(upstream:short)%00%(objectname)%00%(upstream:track)%00%(upstream:remotename)%00%(upstream:remoteref) refs/heads/main refs/remotes/main [2ms]
2023-09-14 15:08:51.983 [info] > git status -z -uall [7ms]
2023-09-14 15:08:57.047 [info] > git config --get commit.template [42ms]
2023-09-14 15:08:57.048 [info] > git for-each-ref --format=%(refname)%00%(upstream:short)%00%(objectname)%00%(upstream:track)%00%(upstream:remotename)%00%(upstream:remoteref) refs/heads/main refs/remotes/main [32ms]
2023-09-14 15:08:57.073 [info] > git status -z -uall [14ms]
2023-09-14 15:09:02.104 [info] > git config --get commit.template [12ms]
2023-09-14 15:09:02.107 [info] > git for-each-ref --format=%(refname)%00%(upstream:short)%00%(objectname)%00%(upstream:track)%00%(upstream:remotename)%00%(upstream:remoteref) refs/heads/main refs/remotes/main [4ms]
2023-09-14 15:09:02.132 [info] > git status -z -uall [12ms]
2023-09-14 15:09:07.776 [info] > git config --get commit.template [434ms]
2023-09-14 15:09:08.444 [info] > git for-each-ref --format=%(refname)%00%(upstream:short)%00%(objectname)%00%(upstream:track)%00%(upstream:remotename)%00%(upstream:remoteref) refs/heads/main refs/remotes/main [670ms]
2023-09-14 15:09:11.639 [info] > git status -z -uall [3189ms]
2023-09-14 15:09:21.164 [info] > git config --get commit.template [2ms]
2023-09-14 15:09:21.176 [info] > git for-each-ref --format=%(refname)%00%(upstream:short)%00%(objectname)%00%(upstream:track)%00%(upstream:remotename)%00%(upstream:remoteref) refs/heads/main refs/remotes/main [2ms]
2023-09-14 15:09:21.189 [info] > git status -z -uall [6ms]
2023-09-14 15:09:26.572 [info] > git config --get commit.template [2ms]
2023-09-14 15:09:26.585 [info] > git for-each-ref --format=%(refname)%00%(upstream:short)%00%(objectname)%00%(upstream:track)%00%(upstream:remotename)%00%(upstream:remoteref) refs/heads/main refs/remotes/main [1ms]
2023-09-14 15:09:26.601 [info] > git status -z -uall [7ms]
2023-09-14 15:09:32.279 [info] > git config --get commit.template [9ms]
2023-09-14 15:09:32.280 [info] > git for-each-ref --format=%(refname)%00%(upstream:short)%00%(objectname)%00%(upstream:track)%00%(upstream:remotename)%00%(upstream:remoteref) refs/heads/main refs/remotes/main [2ms]
2023-09-14 15:09:32.295 [info] > git status -z -uall [7ms]
2023-09-14 15:09:38.465 [info] > git config --get commit.template [2ms]
2023-09-14 15:09:38.476 [info] > git for-each-ref --format=%(refname)%00%(upstream:short)%00%(objectname)%00%(upstream:track)%00%(upstream:remotename)%00%(upstream:remoteref) refs/heads/main refs/remotes/main [3ms]
2023-09-14 15:09:38.491 [info] > git status -z -uall [7ms]
2023-09-14 15:09:43.508 [info] > git config --get commit.template [2ms]
2023-09-14 15:09:43.517 [info] > git for-each-ref --format=%(refname)%00%(upstream:short)%00%(objectname)%00%(upstream:track)%00%(upstream:remotename)%00%(upstream:remoteref) refs/heads/main refs/remotes/main [2ms]
2023-09-14 15:09:43.531 [info] > git status -z -uall [7ms]
2023-09-14 15:09:50.172 [info] > git config --get commit.template [93ms]
2023-09-14 15:09:50.246 [info] > git for-each-ref --format=%(refname)%00%(upstream:short)%00%(objectname)%00%(upstream:track)%00%(upstream:remotename)%00%(upstream:remoteref) refs/heads/main refs/remotes/main [137ms]
2023-09-14 15:09:51.485 [info] > git status -z -uall [1234ms]
2023-09-14 15:10:10.004 [info] > git config --get commit.template [17ms]
2023-09-14 15:10:10.006 [info] > git for-each-ref --format=%(refname)%00%(upstream:short)%00%(objectname)%00%(upstream:track)%00%(upstream:remotename)%00%(upstream:remoteref) refs/heads/main refs/remotes/main [3ms]
2023-09-14 15:10:10.025 [info] > git status -z -uall [10ms]
2023-09-14 15:10:13.157 [info] > git ls-files --stage -- /home/mystic/Code/Flutter/HimYatri/conductor_app/lib/pages/splashscreen/splash.dart [8ms]
2023-09-14 15:10:13.163 [info] > git ls-files --stage -- /home/mystic/Code/Flutter/HimYatri/conductor_app/lib/main.dart [7ms]
2023-09-14 15:10:13.181 [info] > git cat-file -s 137da37bc6b7b461ae39bbb09df8bee5830790d4 [19ms]
2023-09-14 15:10:13.192 [info] > git show --textconv :conductor_app/lib/pages/splashscreen/splash.dart [2ms]
2023-09-14 15:10:13.193 [info] > git cat-file -s 3a20901fd6da571cb8be53746878d07adb9a6a37 [25ms]
2023-09-14 15:10:13.203 [info] > git show --textconv :conductor_app/lib/main.dart [1ms]
2023-09-14 15:10:18.091 [info] > git fetch [6185ms]
2023-09-14 15:10:18.108 [info] > git config --get commit.template [8ms]
2023-09-14 15:10:18.109 [info] > git for-each-ref --format=%(refname)%00%(upstream:short)%00%(objectname)%00%(upstream:track)%00%(upstream:remotename)%00%(upstream:remoteref) refs/heads/main refs/remotes/main [2ms]
2023-09-14 15:10:18.121 [info] > git status -z -uall [6ms]
2023-09-14 15:10:18.713 [info] > git ls-files --stage -- /home/mystic/Code/Flutter/HimYatri/conductor_app/lib/pages/splashscreen/splash.dart [22ms]
2023-09-14 15:10:18.725 [info] > git ls-files --stage -- /home/mystic/Code/Flutter/HimYatri/conductor_app/lib/main.dart [13ms]
2023-09-14 15:10:18.733 [info] > git cat-file -s 137da37bc6b7b461ae39bbb09df8bee5830790d4 [10ms]
2023-09-14 15:10:18.734 [info] > git cat-file -s 3a20901fd6da571cb8be53746878d07adb9a6a37 [2ms]
2023-09-14 15:10:18.750 [info] > git show --textconv :conductor_app/lib/pages/splashscreen/splash.dart [7ms]
2023-09-14 15:10:18.751 [info] > git show --textconv :conductor_app/lib/main.dart [2ms]
2023-09-14 15:10:51.741 [info] > git config --get commit.template [10ms]
2023-09-14 15:10:51.742 [info] > git for-each-ref --format=%(refname)%00%(upstream:short)%00%(objectname)%00%(upstream:track)%00%(upstream:remotename)%00%(upstream:remoteref) refs/heads/main refs/remotes/main [2ms]
2023-09-14 15:10:51.758 [info] > git status -z -uall [6ms]
2023-09-14 15:10:56.807 [info] > git config --get commit.template [23ms]
2023-09-14 15:10:56.810 [info] > git for-each-ref --format=%(refname)%00%(upstream:short)%00%(objectname)%00%(upstream:track)%00%(upstream:remotename)%00%(upstream:remoteref) refs/heads/main refs/remotes/main [4ms]
2023-09-14 15:10:56.831 [info] > git status -z -uall [9ms]
2023-09-14 15:11:02.400 [info] > git config --get commit.template [12ms]
2023-09-14 15:11:02.403 [info] > git for-each-ref --format=%(refname)%00%(upstream:short)%00%(objectname)%00%(upstream:track)%00%(upstream:remotename)%00%(upstream:remoteref) refs/heads/main refs/remotes/main [4ms]
2023-09-14 15:11:02.424 [info] > git status -z -uall [11ms]
2023-09-14 15:11:07.442 [info] > git config --get commit.template [6ms]
2023-09-14 15:11:07.442 [info] > git for-each-ref --format=%(refname)%00%(upstream:short)%00%(objectname)%00%(upstream:track)%00%(upstream:remotename)%00%(upstream:remoteref) refs/heads/main refs/remotes/main [1ms]
2023-09-14 15:11:07.452 [info] > git status -z -uall [5ms]
2023-09-14 15:11:12.466 [info] > git config --get commit.template [5ms]
2023-09-14 15:11:12.468 [info] > git for-each-ref --format=%(refname)%00%(upstream:short)%00%(objectname)%00%(upstream:track)%00%(upstream:remotename)%00%(upstream:remoteref) refs/heads/main refs/remotes/main [1ms]
2023-09-14 15:11:12.516 [info] > git status -z -uall [5ms]
2023-09-14 15:11:17.532 [info] > git config --get commit.template [6ms]
2023-09-14 15:11:17.533 [info] > git for-each-ref --format=%(refname)%00%(upstream:short)%00%(objectname)%00%(upstream:track)%00%(upstream:remotename)%00%(upstream:remoteref) refs/heads/main refs/remotes/main [2ms]
2023-09-14 15:11:17.559 [info] > git status -z -uall [5ms]
2023-09-14 15:12:00.241 [info] > git config --get commit.template [7ms]
2023-09-14 15:12:00.242 [info] > git for-each-ref --format=%(refname)%00%(upstream:short)%00%(objectname)%00%(upstream:track)%00%(upstream:remotename)%00%(upstream:remoteref) refs/heads/main refs/remotes/main [1ms]
2023-09-14 15:12:00.280 [info] > git status -z -uall [4ms]
2023-09-14 15:12:05.327 [info] > git config --get commit.template [21ms]
2023-09-14 15:12:05.328 [info] > git for-each-ref --format=%(refname)%00%(upstream:short)%00%(objectname)%00%(upstream:track)%00%(upstream:remotename)%00%(upstream:remoteref) refs/heads/main refs/remotes/main [2ms]
2023-09-14 15:12:05.342 [info] > git status -z -uall [6ms]
2023-09-14 15:12:33.129 [info] > git config --get commit.template [3ms]
2023-09-14 15:12:33.142 [info] > git for-each-ref --format=%(refname)%00%(upstream:short)%00%(objectname)%00%(upstream:track)%00%(upstream:remotename)%00%(upstream:remoteref) refs/heads/main refs/remotes/main [2ms]
2023-09-14 15:12:33.166 [info] > git status -z -uall [11ms]
2023-09-14 15:12:38.185 [info] > git config --get commit.template [7ms]
2023-09-14 15:12:38.186 [info] > git for-each-ref --format=%(refname)%00%(upstream:short)%00%(objectname)%00%(upstream:track)%00%(upstream:remotename)%00%(upstream:remoteref) refs/heads/main refs/remotes/main [2ms]
2023-09-14 15:12:38.198 [info] > git status -z -uall [6ms]
2023-09-14 15:12:43.241 [info] > git config --get commit.template [19ms]
2023-09-14 15:12:43.243 [info] > git for-each-ref --format=%(refname)%00%(upstream:short)%00%(objectname)%00%(upstream:track)%00%(upstream:remotename)%00%(upstream:remoteref) refs/heads/main refs/remotes/main [4ms]
2023-09-14 15:12:43.268 [info] > git status -z -uall [12ms]
2023-09-14 15:12:48.297 [info] > git config --get commit.template [9ms]
2023-09-14 15:12:48.298 [info] > git for-each-ref --format=%(refname)%00%(upstream:short)%00%(objectname)%00%(upstream:track)%00%(upstream:remotename)%00%(upstream:remoteref) refs/heads/main refs/remotes/main [2ms]
2023-09-14 15:12:48.314 [info] > git status -z -uall [8ms]
2023-09-14 15:13:15.684 [info] > git config --get commit.template [6ms]
2023-09-14 15:13:15.684 [info] > git for-each-ref --format=%(refname)%00%(upstream:short)%00%(objectname)%00%(upstream:track)%00%(upstream:remotename)%00%(upstream:remoteref) refs/heads/main refs/remotes/main [1ms]
2023-09-14 15:13:15.694 [info] > git status -z -uall [5ms]
2023-09-14 15:13:19.367 [info] > git ls-files --stage -- /home/mystic/Code/Flutter/HimYatri/conductor_app/lib/pages/splashscreen/splash.dart [16ms]
2023-09-14 15:13:19.380 [info] > git ls-files --stage -- /home/mystic/Code/Flutter/HimYatri/conductor_app/lib/main.dart [15ms]
2023-09-14 15:13:19.389 [info] > git cat-file -s 137da37bc6b7b461ae39bbb09df8bee5830790d4 [10ms]
2023-09-14 15:13:19.390 [info] > git cat-file -s 3a20901fd6da571cb8be53746878d07adb9a6a37 [2ms]
2023-09-14 15:13:19.407 [info] > git show --textconv :conductor_app/lib/pages/splashscreen/splash.dart [8ms]
2023-09-14 15:13:19.408 [info] > git show --textconv :conductor_app/lib/main.dart [1ms]
2023-09-14 15:13:23.173 [info] > git fetch [5032ms]
2023-09-14 15:13:23.185 [info] > git config --get commit.template [7ms]
2023-09-14 15:13:23.185 [info] > git for-each-ref --format=%(refname)%00%(upstream:short)%00%(objectname)%00%(upstream:track)%00%(upstream:remotename)%00%(upstream:remoteref) refs/heads/main refs/remotes/main [1ms]
2023-09-14 15:13:23.195 [info] > git status -z -uall [4ms]
2023-09-14 15:13:23.206 [info] > git config --get commit.template [2ms]
2023-09-14 15:13:23.214 [info] > git for-each-ref --format=%(refname)%00%(upstream:short)%00%(objectname)%00%(upstream:track)%00%(upstream:remotename)%00%(upstream:remoteref) refs/heads/main refs/remotes/main [2ms]
2023-09-14 15:13:23.224 [info] > git status -z -uall [5ms]
2023-09-14 15:13:23.909 [info] > git ls-files --stage -- /home/mystic/Code/Flutter/HimYatri/conductor_app/lib/pages/splashscreen/splash.dart [22ms]
2023-09-14 15:13:23.928 [info] > git ls-files --stage -- /home/mystic/Code/Flutter/HimYatri/conductor_app/lib/main.dart [20ms]
2023-09-14 15:13:23.947 [info] > git cat-file -s 137da37bc6b7b461ae39bbb09df8bee5830790d4 [22ms]
2023-09-14 15:13:23.951 [info] > git cat-file -s 3a20901fd6da571cb8be53746878d07adb9a6a37 [7ms]
2023-09-14 15:13:23.976 [info] > git show --textconv :conductor_app/lib/pages/splashscreen/splash.dart [11ms]
2023-09-14 15:13:23.976 [info] > git show --textconv :conductor_app/lib/main.dart [2ms]
2023-09-14 15:13:41.346 [info] > git config --get commit.template [6ms]
2023-09-14 15:13:41.347 [info] > git for-each-ref --format=%(refname)%00%(upstream:short)%00%(objectname)%00%(upstream:track)%00%(upstream:remotename)%00%(upstream:remoteref) refs/heads/main refs/remotes/main [2ms]
2023-09-14 15:13:41.357 [info] > git status -z -uall [5ms]
2023-09-14 15:13:46.375 [info] > git config --get commit.template [6ms]
2023-09-14 15:13:46.375 [info] > git for-each-ref --format=%(refname)%00%(upstream:short)%00%(objectname)%00%(upstream:track)%00%(upstream:remotename)%00%(upstream:remoteref) refs/heads/main refs/remotes/main [1ms]
2023-09-14 15:13:46.387 [info] > git status -z -uall [5ms]
2023-09-14 15:13:51.435 [info] > git config --get commit.template [23ms]
2023-09-14 15:13:51.642 [info] > git for-each-ref --format=%(refname)%00%(upstream:short)%00%(objectname)%00%(upstream:track)%00%(upstream:remotename)%00%(upstream:remoteref) refs/heads/main refs/remotes/main [210ms]
2023-09-14 15:13:51.727 [info] > git status -z -uall [66ms]
2023-09-14 15:13:56.752 [info] > git config --get commit.template [8ms]
2023-09-14 15:13:56.753 [info] > git for-each-ref --format=%(refname)%00%(upstream:short)%00%(objectname)%00%(upstream:track)%00%(upstream:remotename)%00%(upstream:remoteref) refs/heads/main refs/remotes/main [2ms]
2023-09-14 15:13:56.768 [info] > git status -z -uall [7ms]
2023-09-14 15:14:18.782 [info] > git ls-files --stage -- /home/mystic/Code/Flutter/HimYatri/conductor_app/lib/pages/signUpScreen/signup.dart [2ms]
2023-09-14 15:14:18.844 [info] > git cat-file -s 92aaa35e0637212f6b3ff2e0bc2d3079f23accd8 [55ms]
2023-09-14 15:14:18.847 [info] > git show --textconv :conductor_app/lib/pages/signUpScreen/signup.dart [75ms]
2023-09-14 15:14:29.055 [info] > git config --get commit.template [18ms]
2023-09-14 15:14:29.057 [info] > git for-each-ref --format=%(refname)%00%(upstream:short)%00%(objectname)%00%(upstream:track)%00%(upstream:remotename)%00%(upstream:remoteref) refs/heads/main refs/remotes/main [3ms]
2023-09-14 15:14:29.076 [info] > git status -z -uall [8ms]
2023-09-14 15:16:49.087 [info] > git ls-files --stage -- /home/mystic/Code/Flutter/HimYatri/conductor_app/lib/main.dart [9ms]
2023-09-14 15:16:49.094 [info] > git ls-files --stage -- /home/mystic/Code/Flutter/HimYatri/conductor_app/lib/pages/splashscreen/splash.dart [25ms]
2023-09-14 15:16:49.102 [info] > git ls-files --stage -- /home/mystic/Code/Flutter/HimYatri/conductor_app/lib/pages/signUpScreen/signup.dart [16ms]
2023-09-14 15:16:49.110 [info] > git cat-file -s 92aaa35e0637212f6b3ff2e0bc2d3079f23accd8 [2ms]
2023-09-14 15:16:49.120 [info] > git cat-file -s 3a20901fd6da571cb8be53746878d07adb9a6a37 [27ms]
2023-09-14 15:16:49.121 [info] > git show --textconv :conductor_app/lib/pages/signUpScreen/signup.dart [2ms]
2023-09-14 15:16:49.130 [info] > git cat-file -s 137da37bc6b7b461ae39bbb09df8bee5830790d4 [29ms]
2023-09-14 15:16:49.131 [info] > git show --textconv :conductor_app/lib/main.dart [2ms]
2023-09-14 15:16:49.141 [info] > git show --textconv :conductor_app/lib/pages/splashscreen/splash.dart [2ms]
2023-09-14 15:16:53.364 [info] > git fetch [5526ms]
2023-09-14 15:16:53.407 [info] > git config --get commit.template [22ms]
2023-09-14 15:16:53.410 [info] > git for-each-ref --format=%(refname)%00%(upstream:short)%00%(objectname)%00%(upstream:track)%00%(upstream:remotename)%00%(upstream:remoteref) refs/heads/main refs/remotes/main [5ms]
2023-09-14 15:16:53.435 [info] > git status -z -uall [10ms]
2023-09-14 15:16:54.164 [info] > git ls-files --stage -- /home/mystic/Code/Flutter/HimYatri/conductor_app/lib/main.dart [11ms]
2023-09-14 15:16:54.173 [info] > git ls-files --stage -- /home/mystic/Code/Flutter/HimYatri/conductor_app/lib/pages/splashscreen/splash.dart [34ms]
2023-09-14 15:16:54.185 [info] > git cat-file -s 3a20901fd6da571cb8be53746878d07adb9a6a37 [11ms]
2023-09-14 15:16:54.186 [info] > git ls-files --stage -- /home/mystic/Code/Flutter/HimYatri/conductor_app/lib/pages/signUpScreen/signup.dart [23ms]
2023-09-14 15:16:54.195 [info] > git cat-file -s 137da37bc6b7b461ae39bbb09df8bee5830790d4 [11ms]
2023-09-14 15:16:54.203 [info] > git cat-file -s 92aaa35e0637212f6b3ff2e0bc2d3079f23accd8 [9ms]
2023-09-14 15:16:54.211 [info] > git show --textconv :conductor_app/lib/main.dart [9ms]
2023-09-14 15:16:54.221 [info] > git show --textconv :conductor_app/lib/pages/splashscreen/splash.dart [11ms]
2023-09-14 15:16:54.221 [info] > git show --textconv :conductor_app/lib/pages/signUpScreen/signup.dart [2ms]
2023-09-14 15:17:01.335 [info] > git config --get commit.template [13ms]
2023-09-14 15:17:01.337 [info] > git for-each-ref --format=%(refname)%00%(upstream:short)%00%(objectname)%00%(upstream:track)%00%(upstream:remotename)%00%(upstream:remoteref) refs/heads/main refs/remotes/main [3ms]
2023-09-14 15:17:01.352 [info] > git status -z -uall [7ms]
2023-09-14 15:17:08.925 [info] > git config --get commit.template [1ms]
2023-09-14 15:17:08.935 [info] > git for-each-ref --format=%(refname)%00%(upstream:short)%00%(objectname)%00%(upstream:track)%00%(upstream:remotename)%00%(upstream:remoteref) refs/heads/main refs/remotes/main [1ms]
2023-09-14 15:17:08.947 [info] > git status -z -uall [6ms]
2023-09-14 15:17:19.301 [info] > git config --get commit.template [6ms]
2023-09-14 15:17:19.302 [info] > git for-each-ref --format=%(refname)%00%(upstream:short)%00%(objectname)%00%(upstream:track)%00%(upstream:remotename)%00%(upstream:remoteref) refs/heads/main refs/remotes/main [2ms]
2023-09-14 15:17:19.312 [info] > git status -z -uall [5ms]
2023-09-14 15:17:24.361 [info] > git config --get commit.template [22ms]
2023-09-14 15:17:24.363 [info] > git for-each-ref --format=%(refname)%00%(upstream:short)%00%(objectname)%00%(upstream:track)%00%(upstream:remotename)%00%(upstream:remoteref) refs/heads/main refs/remotes/main [5ms]
2023-09-14 15:17:24.385 [info] > git status -z -uall [7ms]
2023-09-14 15:17:29.413 [info] > git config --get commit.template [7ms]
2023-09-14 15:17:29.413 [info] > git for-each-ref --format=%(refname)%00%(upstream:short)%00%(objectname)%00%(upstream:track)%00%(upstream:remotename)%00%(upstream:remoteref) refs/heads/main refs/remotes/main [1ms]
2023-09-14 15:17:29.425 [info] > git status -z -uall [6ms]
2023-09-14 15:18:01.955 [info] > git config --get commit.template [23ms]
2023-09-14 15:18:01.957 [info] > git for-each-ref --format=%(refname)%00%(upstream:short)%00%(objectname)%00%(upstream:track)%00%(upstream:remotename)%00%(upstream:remoteref) refs/heads/main refs/remotes/main [5ms]
2023-09-14 15:18:01.973 [info] > git status -z -uall [7ms]
2023-09-14 15:19:09.704 [info] > git config --get commit.template [28ms]
2023-09-14 15:19:09.706 [info] > git for-each-ref --format=%(refname)%00%(upstream:short)%00%(objectname)%00%(upstream:track)%00%(upstream:remotename)%00%(upstream:remoteref) refs/heads/main refs/remotes/main [5ms]
2023-09-14 15:19:09.732 [info] > git status -z -uall [10ms]
2023-09-14 15:19:54.694 [info] > git ls-files --stage -- /home/mystic/Code/Flutter/HimYatri/conductor_app/lib/main.dart [10ms]
2023-09-14 15:19:54.701 [info] > git ls-files --stage -- /home/mystic/Code/Flutter/HimYatri/conductor_app/lib/pages/splashscreen/splash.dart [30ms]
2023-09-14 15:19:54.713 [info] > git cat-file -s 137da37bc6b7b461ae39bbb09df8bee5830790d4 [6ms]
2023-09-14 15:19:54.714 [info] > git cat-file -s 3a20901fd6da571cb8be53746878d07adb9a6a37 [14ms]
2023-09-14 15:19:54.714 [info] > git ls-files --stage -- /home/mystic/Code/Flutter/HimYatri/conductor_app/lib/pages/signUpScreen/signup.dart [21ms]
2023-09-14 15:19:54.739 [info] > git show --textconv :conductor_app/lib/pages/splashscreen/splash.dart [8ms]
2023-09-14 15:19:54.740 [info] > git cat-file -s 92aaa35e0637212f6b3ff2e0bc2d3079f23accd8 [18ms]
2023-09-14 15:19:54.741 [info] > git show --textconv :conductor_app/lib/main.dart [3ms]
2023-09-14 15:19:54.753 [info] > git show --textconv :conductor_app/lib/pages/signUpScreen/signup.dart [2ms]
2023-09-14 15:19:57.893 [info] > git fetch [4434ms]
2023-09-14 15:19:57.936 [info] > git config --get commit.template [22ms]
2023-09-14 15:19:57.938 [info] > git for-each-ref --format=%(refname)%00%(upstream:short)%00%(objectname)%00%(upstream:track)%00%(upstream:remotename)%00%(upstream:remoteref) refs/heads/main refs/remotes/main [4ms]
2023-09-14 15:19:57.969 [info] > git status -z -uall [13ms]
2023-09-14 15:19:58.687 [info] > git ls-files --stage -- /home/mystic/Code/Flutter/HimYatri/conductor_app/lib/main.dart [11ms]
2023-09-14 15:19:58.695 [info] > git ls-files --stage -- /home/mystic/Code/Flutter/HimYatri/conductor_app/lib/pages/splashscreen/splash.dart [40ms]
2023-09-14 15:19:58.703 [info] > git cat-file -s 3a20901fd6da571cb8be53746878d07adb9a6a37 [8ms]
2023-09-14 15:19:58.703 [info] > git ls-files --stage -- /home/mystic/Code/Flutter/HimYatri/conductor_app/lib/pages/signUpScreen/signup.dart [17ms]
2023-09-14 15:19:58.712 [info] > git cat-file -s 137da37bc6b7b461ae39bbb09df8bee5830790d4 [9ms]
2023-09-14 15:19:58.720 [info] > git cat-file -s 92aaa35e0637212f6b3ff2e0bc2d3079f23accd8 [9ms]
2023-09-14 15:19:58.729 [info] > git show --textconv :conductor_app/lib/main.dart [10ms]
2023-09-14 15:19:58.738 [info] > git show --textconv :conductor_app/lib/pages/splashscreen/splash.dart [9ms]
2023-09-14 15:19:58.739 [info] > git show --textconv :conductor_app/lib/pages/signUpScreen/signup.dart [2ms]
2023-09-14 15:21:43.126 [info] > git config --get commit.template [27ms]
2023-09-14 15:21:43.129 [info] > git for-each-ref --format=%(refname)%00%(upstream:short)%00%(objectname)%00%(upstream:track)%00%(upstream:remotename)%00%(upstream:remoteref) refs/heads/main refs/remotes/main [6ms]
2023-09-14 15:21:43.157 [info] > git status -z -uall [11ms]
2023-09-14 15:21:55.316 [info] > git config --get commit.template [20ms]
2023-09-14 15:21:55.318 [info] > git for-each-ref --format=%(refname)%00%(upstream:short)%00%(objectname)%00%(upstream:track)%00%(upstream:remotename)%00%(upstream:remoteref) refs/heads/main refs/remotes/main [3ms]
2023-09-14 15:21:55.332 [info] > git status -z -uall [6ms]
2023-09-14 15:22:59.250 [info] > git ls-files --stage -- /home/mystic/Code/Flutter/HimYatri/conductor_app/lib/main.dart [7ms]
2023-09-14 15:22:59.256 [info] > git ls-files --stage -- /home/mystic/Code/Flutter/HimYatri/conductor_app/lib/pages/splashscreen/splash.dart [19ms]
2023-09-14 15:22:59.263 [info] > git cat-file -s 3a20901fd6da571cb8be53746878d07adb9a6a37 [7ms]
2023-09-14 15:22:59.263 [info] > git ls-files --stage -- /home/mystic/Code/Flutter/HimYatri/conductor_app/lib/pages/signUpScreen/signup.dart [13ms]
2023-09-14 15:22:59.272 [info] > git cat-file -s 137da37bc6b7b461ae39bbb09df8bee5830790d4 [9ms]
2023-09-14 15:22:59.280 [info] > git cat-file -s 92aaa35e0637212f6b3ff2e0bc2d3079f23accd8 [9ms]
2023-09-14 15:22:59.288 [info] > git show --textconv :conductor_app/lib/main.dart [9ms]
2023-09-14 15:22:59.296 [info] > git show --textconv :conductor_app/lib/pages/splashscreen/splash.dart [9ms]
2023-09-14 15:22:59.297 [info] > git show --textconv :conductor_app/lib/pages/signUpScreen/signup.dart [1ms]
2023-09-14 15:23:03.655 [info] > git fetch [5668ms]
2023-09-14 15:23:03.672 [info] > git config --get commit.template [8ms]
2023-09-14 15:23:03.673 [info] > git for-each-ref --format=%(refname)%00%(upstream:short)%00%(objectname)%00%(upstream:track)%00%(upstream:remotename)%00%(upstream:remoteref) refs/heads/main refs/remotes/main [1ms]
2023-09-14 15:23:03.686 [info] > git status -z -uall [6ms]
2023-09-14 15:23:04.463 [info] > git ls-files --stage -- /home/mystic/Code/Flutter/HimYatri/conductor_app/lib/main.dart [8ms]
2023-09-14 15:23:04.470 [info] > git ls-files --stage -- /home/mystic/Code/Flutter/HimYatri/conductor_app/lib/pages/splashscreen/splash.dart [23ms]
2023-09-14 15:23:04.478 [info] > git cat-file -s 3a20901fd6da571cb8be53746878d07adb9a6a37 [7ms]
2023-09-14 15:23:04.478 [info] > git ls-files --stage -- /home/mystic/Code/Flutter/HimYatri/conductor_app/lib/pages/signUpScreen/signup.dart [16ms]
2023-09-14 15:23:04.486 [info] > git cat-file -s 137da37bc6b7b461ae39bbb09df8bee5830790d4 [9ms]
2023-09-14 15:23:04.495 [info] > git cat-file -s 92aaa35e0637212f6b3ff2e0bc2d3079f23accd8 [10ms]
2023-09-14 15:23:04.504 [info] > git show --textconv :conductor_app/lib/main.dart [9ms]
2023-09-14 15:23:04.513 [info] > git show --textconv :conductor_app/lib/pages/splashscreen/splash.dart [10ms]
2023-09-14 15:23:04.513 [info] > git show --textconv :conductor_app/lib/pages/signUpScreen/signup.dart [2ms]
