[conductor_app] flutter pub get --no-example
Resolving dependencies...
+ animated_text_kit 4.2.2
  collection 1.17.2 (1.18.0 available)
  material_color_utilities 0.5.0 (0.8.0 available)
  meta 1.9.1 (1.10.0 available)
  stack_trace 1.11.0 (1.11.1 available)
  stream_channel 2.1.1 (2.1.2 available)
  test_api 0.6.0 (0.6.1 available)
Changed 1 dependency!
exit code 0

--

[conductor_app] flutter pub get --no-example
Resolving dependencies...
  collection 1.17.2 (1.18.0 available)
  material_color_utilities 0.5.0 (0.8.0 available)
  meta 1.9.1 (1.10.0 available)
  stack_trace 1.11.0 (1.11.1 available)
  stream_channel 2.1.1 (2.1.2 available)
  test_api 0.6.0 (0.6.1 available)
Got dependencies!
exit code 0
