2023-09-09 13:23:57.537 [info] Added views:workbench.panel.markers.view in workbench.panel.markers
2023-09-09 13:23:57.537 [info] Added views:workbench.panel.output in workbench.panel.output
2023-09-09 13:23:57.537 [info] Added views:terminal in terminal
2023-09-09 13:23:57.537 [info] Added views:outline in workbench.view.explorer
2023-09-09 13:23:57.537 [info] Added views:workbench.scm in workbench.view.scm
2023-09-09 13:23:57.537 [info] Added views:workbench.view.search in workbench.view.search
2023-09-09 13:23:57.537 [info] Added views:timeline in workbench.view.explorer
2023-09-09 13:23:57.537 [info] Added views:workbench.explorer.emptyView in workbench.view.explorer
2023-09-09 13:23:58.595 [info] Added views:workbench.debug.welcome in workbench.view.debug
2023-09-09 13:24:00.661 [info] Added views:workbench.panel.repl.view in workbench.panel.repl
2023-09-09 13:24:44.727 [info] Added views:workbench.panel.markers.view in workbench.panel.markers
2023-09-09 13:24:44.727 [info] Added views:workbench.panel.output in workbench.panel.output
2023-09-09 13:24:44.727 [info] Added views:terminal in terminal
2023-09-09 13:24:44.727 [info] Added views:outline in workbench.view.explorer
2023-09-09 13:24:44.727 [info] Added views:workbench.scm in workbench.view.scm
2023-09-09 13:24:44.727 [info] Added views:workbench.view.search in workbench.view.search
2023-09-09 13:24:44.727 [info] Added views:timeline in workbench.view.explorer
2023-09-09 13:24:44.727 [info] Added views:workbench.explorer.fileView in workbench.view.explorer
2023-09-09 13:24:45.208 [info] Added views:workbench.debug.welcome in workbench.view.debug
2023-09-09 13:24:45.419 [info] Added views:workbench.panel.repl.view in workbench.panel.repl
2023-09-09 13:24:47.410 [info] Added views:workbench.view.testing in workbench.view.extension.test
2023-09-09 13:24:47.457 [info] Added views:dartDependencyTree in workbench.view.explorer
2023-09-09 13:25:03.770 [info] Added views:dartFlutterOutline in workbench.view.extension.flutter
2023-09-09 13:45:42.983 [info] Added views:workbench.debug.breakPointsView in workbench.view.debug
2023-09-09 13:45:43.848 [info] Removed views:workbench.debug.welcome from workbench.view.debug
2023-09-09 13:45:43.924 [info] Added views:workbench.debug.variablesView,workbench.debug.watchExpressionsView,workbench.debug.callStackView in workbench.view.debug
2023-09-09 13:52:41.765 [info] Removed views:dartFlutterOutline from workbench.view.extension.flutter
2023-09-09 14:19:45.574 [info] Removed views:workbench.debug.callStackView,workbench.debug.watchExpressionsView,workbench.debug.variablesView from workbench.view.debug
2023-09-09 14:19:45.594 [info] Added views:workbench.debug.welcome in workbench.view.debug
2023-09-09 14:22:35.975 [info] Added views:dartFlutterOutline in workbench.view.extension.flutter
2023-09-09 14:40:01.761 [info] Removed views:workbench.debug.welcome from workbench.view.debug
2023-09-09 14:40:01.790 [info] Added views:workbench.debug.variablesView,workbench.debug.watchExpressionsView,workbench.debug.callStackView in workbench.view.debug
2023-09-09 14:43:13.753 [info] Removed views:dartFlutterOutline from workbench.view.extension.flutter
2023-09-09 14:43:52.060 [info] Added views:dartFlutterOutline in workbench.view.extension.flutter
2023-09-09 14:55:15.283 [info] Removed views:dartFlutterOutline from workbench.view.extension.flutter
2023-09-09 14:55:19.722 [info] Added views:dartFlutterOutline in workbench.view.extension.flutter
2023-09-09 14:58:01.607 [info] Removed views:dartFlutterOutline from workbench.view.extension.flutter
2023-09-09 14:58:30.061 [info] Added views:dartFlutterOutline in workbench.view.extension.flutter
2023-09-09 15:05:16.861 [info] Removed views:workbench.debug.callStackView,workbench.debug.watchExpressionsView,workbench.debug.variablesView from workbench.view.debug
2023-09-09 15:05:16.876 [info] Added views:workbench.debug.welcome in workbench.view.debug
2023-09-09 15:06:57.332 [info] Removed views:workbench.debug.welcome from workbench.view.debug
2023-09-09 15:06:57.354 [info] Added views:workbench.debug.variablesView,workbench.debug.watchExpressionsView,workbench.debug.callStackView in workbench.view.debug
2023-09-09 15:07:18.635 [info] Removed views:workbench.debug.callStackView,workbench.debug.watchExpressionsView,workbench.debug.variablesView from workbench.view.debug
2023-09-09 15:07:18.642 [info] Added views:workbench.debug.welcome in workbench.view.debug
2023-09-09 15:08:16.275 [info] Removed views:workbench.debug.welcome from workbench.view.debug
2023-09-09 15:08:16.291 [info] Added views:workbench.debug.variablesView,workbench.debug.watchExpressionsView,workbench.debug.callStackView in workbench.view.debug
2023-09-09 15:51:33.581 [info] Removed views:workbench.debug.callStackView,workbench.debug.watchExpressionsView,workbench.debug.variablesView from workbench.view.debug
2023-09-09 15:51:33.596 [info] Added views:workbench.debug.welcome in workbench.view.debug
2023-09-09 16:32:03.165 [info] Removed views:workbench.debug.welcome from workbench.view.debug
2023-09-09 16:32:03.190 [info] Added views:workbench.debug.variablesView,workbench.debug.watchExpressionsView,workbench.debug.callStackView in workbench.view.debug
2023-09-09 16:34:21.122 [info] Removed views:workbench.debug.callStackView,workbench.debug.watchExpressionsView,workbench.debug.variablesView from workbench.view.debug
2023-09-09 16:34:21.135 [info] Added views:workbench.debug.welcome in workbench.view.debug
2023-09-09 16:36:10.077 [info] Removed views:workbench.debug.welcome from workbench.view.debug
2023-09-09 16:36:10.107 [info] Added views:workbench.debug.variablesView,workbench.debug.watchExpressionsView,workbench.debug.callStackView in workbench.view.debug
2023-09-09 16:47:09.866 [info] Removed views:workbench.debug.callStackView,workbench.debug.watchExpressionsView,workbench.debug.variablesView from workbench.view.debug
2023-09-09 16:47:09.879 [info] Added views:workbench.debug.welcome in workbench.view.debug
2023-09-09 17:12:47.733 [info] Removed views:workbench.debug.welcome from workbench.view.debug
2023-09-09 17:12:47.763 [info] Added views:workbench.debug.variablesView,workbench.debug.watchExpressionsView,workbench.debug.callStackView in workbench.view.debug
2023-09-09 17:12:54.133 [info] Removed views:workbench.debug.callStackView,workbench.debug.watchExpressionsView,workbench.debug.variablesView from workbench.view.debug
2023-09-09 17:12:54.142 [info] Added views:workbench.debug.welcome in workbench.view.debug
2023-09-09 17:13:00.531 [info] Removed views:workbench.debug.welcome from workbench.view.debug
2023-09-09 17:13:00.548 [info] Added views:workbench.debug.variablesView,workbench.debug.watchExpressionsView,workbench.debug.callStackView in workbench.view.debug
2023-09-09 17:24:46.783 [info] Removed views:workbench.debug.callStackView,workbench.debug.watchExpressionsView,workbench.debug.variablesView from workbench.view.debug
2023-09-09 17:24:46.794 [info] Added views:workbench.debug.welcome in workbench.view.debug
2023-09-09 17:24:58.826 [info] Removed views:workbench.debug.welcome from workbench.view.debug
2023-09-09 17:24:58.850 [info] Added views:workbench.debug.variablesView,workbench.debug.watchExpressionsView,workbench.debug.callStackView in workbench.view.debug
2023-09-09 17:35:56.182 [info] Removed views:workbench.debug.callStackView,workbench.debug.watchExpressionsView,workbench.debug.variablesView from workbench.view.debug
2023-09-09 17:35:56.202 [info] Added views:workbench.debug.welcome in workbench.view.debug
2023-09-09 18:44:16.667 [info] Removed views:workbench.debug.welcome from workbench.view.debug
2023-09-09 18:44:16.690 [info] Added views:workbench.debug.variablesView,workbench.debug.watchExpressionsView,workbench.debug.callStackView in workbench.view.debug
2023-09-09 18:59:07.900 [info] Removed views:workbench.debug.callStackView,workbench.debug.watchExpressionsView,workbench.debug.variablesView from workbench.view.debug
2023-09-09 18:59:07.911 [info] Added views:workbench.debug.welcome in workbench.view.debug
2023-09-09 19:53:29.661 [info] Removed views:workbench.debug.welcome from workbench.view.debug
2023-09-09 19:53:29.690 [info] Added views:workbench.debug.variablesView,workbench.debug.watchExpressionsView,workbench.debug.callStackView in workbench.view.debug
2023-09-09 20:02:49.633 [info] Removed views:workbench.debug.callStackView,workbench.debug.watchExpressionsView,workbench.debug.variablesView from workbench.view.debug
2023-09-09 20:02:49.658 [info] Added views:workbench.debug.welcome in workbench.view.debug
2023-09-09 20:36:46.457 [info] Removed views:dartFlutterOutline from workbench.view.extension.flutter
2023-09-09 20:36:46.525 [info] Added views:dartFlutterOutline in workbench.view.extension.flutter
2023-09-09 20:37:12.694 [info] Removed views:workbench.debug.welcome from workbench.view.debug
2023-09-09 20:37:12.728 [info] Added views:workbench.debug.variablesView,workbench.debug.watchExpressionsView,workbench.debug.callStackView in workbench.view.debug
2023-09-09 20:39:03.395 [info] Removed views:workbench.debug.callStackView,workbench.debug.watchExpressionsView,workbench.debug.variablesView from workbench.view.debug
2023-09-09 20:39:03.434 [info] Added views:workbench.debug.welcome in workbench.view.debug
2023-09-09 20:41:12.965 [info] Removed views:workbench.debug.welcome from workbench.view.debug
2023-09-09 20:41:12.985 [info] Added views:workbench.debug.variablesView,workbench.debug.watchExpressionsView,workbench.debug.callStackView in workbench.view.debug
2023-09-09 20:43:12.463 [info] Removed views:workbench.debug.callStackView,workbench.debug.watchExpressionsView,workbench.debug.variablesView from workbench.view.debug
2023-09-09 20:43:12.537 [info] Added views:workbench.debug.welcome in workbench.view.debug
2023-09-09 20:43:12.538 [info] Removed views:workbench.debug.welcome from workbench.view.debug
2023-09-09 20:43:12.541 [info] Added views:workbench.debug.variablesView,workbench.debug.watchExpressionsView,workbench.debug.callStackView in workbench.view.debug
2023-09-09 20:47:09.616 [info] Removed views:workbench.debug.callStackView,workbench.debug.watchExpressionsView,workbench.debug.variablesView from workbench.view.debug
2023-09-09 20:47:09.857 [info] Added views:workbench.debug.welcome in workbench.view.debug
2023-09-09 23:05:43.714 [info] Removed views:workbench.view.testing from workbench.view.extension.test
