00:00:00.014557 main     VirtualBox XPCOM Server 7.0.8 r156879 linux.amd64 (Apr 18 2023 21:49:14) release log
00:00:00.014562 main     Log opened 2023-06-18T21:57:56.448776000Z
00:00:00.014563 main     Build Type: release
00:00:00.014568 main     OS Product: Linux
00:00:00.014571 main     OS Release: 6.3.8-arch1-1
00:00:00.014574 main     OS Version: #1 SMP PREEMPT_DYNAMIC Wed, 14 Jun 2023 20:10:31 +0000
00:00:00.014613 main     DMI Product Name: 81DE
00:00:00.014632 main     DMI Product Version: Lenovo ideapad 330-15IKB
00:00:00.014641 main     Firmware type: UEFI
00:00:00.016161 main     Secure Boot: Disabled
00:00:00.016264 main     Host RAM: 7728MB (7.5GB) total, 5824MB (5.6GB) available
00:00:00.016270 main     Executable: /usr/lib/virtualbox/VBoxSVC
00:00:00.016271 main     Process ID: 41806
00:00:00.016272 main     Package type: LINUX_64BITS_GENERIC (OSE)
00:00:00.019628 main     IPC socket path: /tmp/.vbox-mystic-ipc/ipcd
00:00:00.132686 nspr-2   VirtualBox: object creation starts
00:00:00.132957 nspr-2   Home directory: '/home/mystic/.config/VirtualBox'
00:00:00.141880 nspr-2   Loading settings file "/home/mystic/.config/VirtualBox/VirtualBox.xml" with version "1.12-linux"
00:00:00.149252 nspr-2   USB: Unknown USB device detected (idVendor: 0x0cf3, idProduct: 0xe500)
00:00:00.149751 nspr-2   Successfully initialised host USB using sysfs
00:00:00.192073 nspr-2   NetIfAdpCtlOut: VBoxNetAdpCtl: Error while retrieving link speed for wlp2s0: VBoxNetAdpCtl: ioctl failed: Operation not supported
00:00:00.194901 nspr-2   HostDnsMonitor: initializing
00:00:00.195672 nspr-2   NAT: resolv.conf: nameserver 192.168.140.57
00:00:00.195710 nspr-2   NAT: resolv.conf: nameserver 2409:4055:2dcc:a8d::ef
00:00:00.195742 nspr-2   HostDnsMonitor: updating information
00:00:00.195779 nspr-2   HostDnsMonitor: old information
00:00:00.195789 nspr-2     no server entries
00:00:00.195799 nspr-2     no domain set
00:00:00.195807 nspr-2     no search string entries
00:00:00.195816 nspr-2   HostDnsMonitor: new information
00:00:00.195824 nspr-2     server 1: 192.168.140.57
00:00:00.195834 nspr-2     server 2: 2409:4055:2dcc:a8d::ef
00:00:00.195843 nspr-2     no domain set
00:00:00.195851 nspr-2     no search string entries
00:00:00.203641 nspr-2   VD: VDInit finished with VINF_SUCCESS
00:00:00.219313 nspr-2   Loading settings file "/home/mystic/VirtualBox VMs/10/10.vbox" with version "1.19-linux"
00:00:00.223819 nspr-2   OCI: Local config file '/home/mystic/.config/VirtualBox/oci_config' does not exist
00:00:00.223881 nspr-2   OCI: Original config file '/home/mystic/.oci/config' does not exist
00:00:00.223892 nspr-2   OCI: Reading profiles finished with status NS_OK
00:00:00.223908 nspr-2   ExtPack: Created cloud provider 'OCI' (hrc=NS_OK)
00:00:00.224022 nspr-2   VirtualBox: object created
00:00:01.182232 nspr-4   ERROR [COM]: aRC=VBOX_E_INVALID_VM_STATE (0x80bb0002) aIID={300763af-5d6b-46e6-aa96-273eac15538a} aComponent={MachineWrap} aText={The machine is not mutable (state is PoweredOff)}, preserve=false aResultDetail=0
00:00:46.692210 nspr-3   Unattended: RTVfsQueryPathInfo(, '\OS2IMAGE/DISK_0/OS2LDR' (from OS2SE20.SRC),) -> VERR_PATH_NOT_FOUND, fMode=0x0
00:00:46.813567 nspr-4   Saving settings file "/home/mystic/.config/VirtualBox/VirtualBox.xml" with version "1.12-linux"
00:00:46.873812 nspr-4   Finished saving settings file "/home/mystic/.config/VirtualBox/VirtualBox.xml"
00:00:46.889592 nspr-4   Saving settings file "/home/mystic/.config/VirtualBox/VirtualBox.xml" with version "1.12-linux"
00:00:46.994670 nspr-4   Finished saving settings file "/home/mystic/.config/VirtualBox/VirtualBox.xml"
00:01:40.227956 createBase Saving settings file "/home/mystic/.config/VirtualBox/VirtualBox.xml" with version "1.12-linux"
00:01:40.318962 createBase Finished saving settings file "/home/mystic/.config/VirtualBox/VirtualBox.xml"
00:01:40.362932 nspr-4   Saving settings file "/home/mystic/VirtualBox VMs/archcrat xfce/archcrat xfce.vbox" with version "1.19-linux"
00:01:40.441852 nspr-4   Finished saving settings file "/home/mystic/VirtualBox VMs/archcrat xfce/archcrat xfce.vbox"
00:01:40.442254 nspr-4   Saving settings file "/home/mystic/.config/VirtualBox/VirtualBox.xml" with version "1.12-linux"
00:01:40.509331 nspr-4   Finished saving settings file "/home/mystic/.config/VirtualBox/VirtualBox.xml"
00:01:40.524334 nspr-2   Saving settings file "/home/mystic/.config/VirtualBox/VirtualBox.xml" with version "1.12-linux"
00:01:40.587838 nspr-2   Finished saving settings file "/home/mystic/.config/VirtualBox/VirtualBox.xml"
00:01:40.612050 nspr-3   Saving settings file "/home/mystic/.config/VirtualBox/VirtualBox.xml" with version "1.12-linux"
00:01:40.688607 nspr-3   Finished saving settings file "/home/mystic/.config/VirtualBox/VirtualBox.xml"
00:01:40.691267 nspr-3   Saving settings file "/home/mystic/VirtualBox VMs/archcrat xfce/archcrat xfce.vbox" with version "1.19-linux"
00:01:40.766876 nspr-3   Finished saving settings file "/home/mystic/VirtualBox VMs/archcrat xfce/archcrat xfce.vbox"
00:01:40.830235 nspr-4   Saving settings file "/home/mystic/.config/VirtualBox/VirtualBox.xml" with version "1.12-linux"
00:01:40.889839 nspr-4   Finished saving settings file "/home/mystic/.config/VirtualBox/VirtualBox.xml"
00:01:41.020824 nspr-4   ERROR [COM]: aRC=VBOX_E_INVALID_VM_STATE (0x80bb0002) aIID={300763af-5d6b-46e6-aa96-273eac15538a} aComponent={MachineWrap} aText={The machine is not mutable (state is PoweredOff)}, preserve=false aResultDetail=0
00:01:43.786784 nspr-4   Launched VM: 1744904848 pid: 41906 (0xa3b2) frontend: GUI/Qt name: archcrat xfce
00:01:43.827494 nspr-2   ERROR [COM]: aRC=VBOX_E_INVALID_VM_STATE (0x80bb0002) aIID={300763af-5d6b-46e6-aa96-273eac15538a} aComponent={MachineWrap} aText={The machine is not mutable (state is PoweredOff)}, preserve=false aResultDetail=0
00:01:44.084672 nspr-7   ERROR [COM]: aRC=VBOX_E_INVALID_VM_STATE (0x80bb0002) aIID={300763af-5d6b-46e6-aa96-273eac15538a} aComponent={MachineWrap} aText={The machine is not mutable (state is PoweredOff)}, preserve=false aResultDetail=0
00:01:44.599880 nspr-3   Load [/usr/lib/virtualbox/ExtensionPacks/Oracle_VM_VirtualBox_Extension_Pack/linux.amd64/VBoxHostWebcam.so] vrc=VINF_SUCCESS
00:01:44.664131 nspr-2   ERROR [COM]: aRC=VBOX_E_IPRT_ERROR (0x80bb0005) aIID={300763af-5d6b-46e6-aa96-273eac15538a} aComponent={SessionMachine} aText={Saved screenshot data is not available (VERR_NOT_SUPPORTED)}, preserve=false aResultDetail=-37
00:01:44.691326 nspr-2   NetIfAdpCtlOut: VBoxNetAdpCtl: Error while retrieving link speed for wlp2s0: VBoxNetAdpCtl: ioctl failed: Operation not supported
00:01:44.817910 nspr-3   ERROR [COM]: aRC=VBOX_E_INVALID_VM_STATE (0x80bb0002) aIID={300763af-5d6b-46e6-aa96-273eac15538a} aComponent={MachineWrap} aText={The machine is not mutable (state is Starting)}, preserve=false aResultDetail=0
00:01:45.064444 nspr-7   ERROR [COM]: aRC=VBOX_E_OBJECT_NOT_FOUND (0x80bb0001) aIID={ad47ad09-787b-44ab-b343-a082a3f2dfb1} aComponent={MediumWrap} aText={Property 'CRYPT/KeyId' does not exist}, preserve=false aResultDetail=0
00:01:45.071468 nspr-7   ERROR [COM]: aRC=VBOX_E_OBJECT_NOT_FOUND (0x80bb0001) aIID={ad47ad09-787b-44ab-b343-a082a3f2dfb1} aComponent={MediumWrap} aText={Property 'CRYPT/KeyId' does not exist}, preserve=false aResultDetail=0
00:01:45.129512 nspr-7   ERROR [COM]: aRC=VBOX_E_INVALID_VM_STATE (0x80bb0002) aIID={300763af-5d6b-46e6-aa96-273eac15538a} aComponent={MachineWrap} aText={The machine is not mutable (state is Running)}, preserve=false aResultDetail=0
00:01:45.327308 nspr-5   Saving settings file "/home/mystic/.config/VirtualBox/VirtualBox.xml" with version "1.12-linux"
00:01:45.391784 nspr-5   Finished saving settings file "/home/mystic/.config/VirtualBox/VirtualBox.xml"
00:01:45.535131 nspr-3   Saving settings file "/home/mystic/VirtualBox VMs/archcrat xfce/archcrat xfce.vbox" with version "1.19-linux"
00:01:45.603592 nspr-3   Finished saving settings file "/home/mystic/VirtualBox VMs/archcrat xfce/archcrat xfce.vbox"
00:01:45.669972 nspr-8   ERROR [COM]: aRC=VBOX_E_INVALID_VM_STATE (0x80bb0002) aIID={300763af-5d6b-46e6-aa96-273eac15538a} aComponent={MachineWrap} aText={The machine is not mutable (state is Running)}, preserve=false aResultDetail=0
00:02:09.633735 nspr-3   Saving settings file "/home/mystic/.config/VirtualBox/VirtualBox.xml" with version "1.12-linux"
00:02:09.718559 nspr-3   Finished saving settings file "/home/mystic/.config/VirtualBox/VirtualBox.xml"
00:02:10.188653 nspr-6   Saving settings file "/home/mystic/VirtualBox VMs/archcrat xfce/archcrat xfce.vbox" with version "1.19-linux"
00:02:10.252597 nspr-6   Finished saving settings file "/home/mystic/VirtualBox VMs/archcrat xfce/archcrat xfce.vbox"
00:02:10.269263 nspr-3   ERROR [COM]: aRC=VBOX_E_INVALID_VM_STATE (0x80bb0002) aIID={300763af-5d6b-46e6-aa96-273eac15538a} aComponent={MachineWrap} aText={The machine is not mutable (state is Running)}, preserve=false aResultDetail=0
00:03:27.716161 nspr-5   Saving settings file "/home/mystic/VirtualBox VMs/archcrat xfce/archcrat xfce.vbox" with version "1.19-linux"
00:03:27.867315 nspr-5   Finished saving settings file "/home/mystic/VirtualBox VMs/archcrat xfce/archcrat xfce.vbox"
00:03:27.947481 nspr-4   ERROR [COM]: aRC=VBOX_E_INVALID_VM_STATE (0x80bb0002) aIID={300763af-5d6b-46e6-aa96-273eac15538a} aComponent={MachineWrap} aText={The machine is not mutable (state is Running)}, preserve=false aResultDetail=0
00:03:34.791044 nspr-3   ERROR [COM]: aRC=VBOX_E_IPRT_ERROR (0x80bb0005) aIID={300763af-5d6b-46e6-aa96-273eac15538a} aComponent={SessionMachine} aText={Saved screenshot data is not available (VERR_NOT_SUPPORTED)}, preserve=false aResultDetail=-37
00:03:34.839296 nspr-4   Saving settings file "/home/mystic/VirtualBox VMs/archcrat xfce/archcrat xfce.vbox" with version "1.19-linux"
00:03:34.957787 nspr-4   Finished saving settings file "/home/mystic/VirtualBox VMs/archcrat xfce/archcrat xfce.vbox"
00:03:34.971752 nspr-7   ERROR [COM]: aRC=VBOX_E_INVALID_VM_STATE (0x80bb0002) aIID={300763af-5d6b-46e6-aa96-273eac15538a} aComponent={MachineWrap} aText={The machine is not mutable (state is Running)}, preserve=false aResultDetail=0
00:03:53.158566 nspr-6   ERROR [COM]: aRC=VBOX_E_INVALID_VM_STATE (0x80bb0002) aIID={300763af-5d6b-46e6-aa96-273eac15538a} aComponent={MachineWrap} aText={The machine is not mutable (state is Paused)}, preserve=false aResultDetail=0
00:03:56.792113 nspr-7   Saving settings file "/home/mystic/VirtualBox VMs/archcrat xfce/archcrat xfce.vbox" with version "1.19-linux"
00:03:56.883897 nspr-7   Finished saving settings file "/home/mystic/VirtualBox VMs/archcrat xfce/archcrat xfce.vbox"
00:03:56.927047 nspr-8   ERROR [COM]: aRC=VBOX_E_INVALID_VM_STATE (0x80bb0002) aIID={300763af-5d6b-46e6-aa96-273eac15538a} aComponent={MachineWrap} aText={The machine is not mutable (state is Stopping)}, preserve=false aResultDetail=0
00:03:57.011912 nspr-8   Saving settings file "/home/mystic/VirtualBox VMs/archcrat xfce/archcrat xfce.vbox" with version "1.19-linux"
00:03:57.073797 nspr-8   Finished saving settings file "/home/mystic/VirtualBox VMs/archcrat xfce/archcrat xfce.vbox"
00:03:57.122287 nspr-2   ERROR [COM]: aRC=VBOX_E_INVALID_VM_STATE (0x80bb0002) aIID={300763af-5d6b-46e6-aa96-273eac15538a} aComponent={MachineWrap} aText={The machine is not mutable (state is PoweredOff)}, preserve=false aResultDetail=0
00:03:58.079238 nspr-9   ERROR [COM]: aRC=VBOX_E_INVALID_VM_STATE (0x80bb0002) aIID={300763af-5d6b-46e6-aa96-273eac15538a} aComponent={MachineWrap} aText={The machine is not mutable (state is PoweredOff)}, preserve=false aResultDetail=0
00:04:23.596692 nspr-7   ERROR [COM]: aRC=VBOX_E_OBJECT_NOT_FOUND (0x80bb0001) aIID={5bfd8965-b81b-469f-8649-f717ce97a5d5} aComponent={NvramStoreWrap} aText={The UEFI NVRAM file is not existing for this machine.}, preserve=false aResultDetail=0
00:04:23.618802 nspr-9   NetIfAdpCtlOut: VBoxNetAdpCtl: Error while retrieving link speed for wlp2s0: VBoxNetAdpCtl: ioctl failed: Operation not supported
00:04:23.632929 nspr-2   NetIfAdpCtlOut: VBoxNetAdpCtl: Error while retrieving link speed for wlp2s0: VBoxNetAdpCtl: ioctl failed: Operation not supported
00:04:23.791598 nspr-5   ERROR [COM]: aRC=VBOX_E_INVALID_VM_STATE (0x80bb0002) aIID={300763af-5d6b-46e6-aa96-273eac15538a} aComponent={MachineWrap} aText={The machine is not mutable (state is PoweredOff)}, preserve=false aResultDetail=0
00:04:24.608799 nspr-5   Saving settings file "/home/mystic/.config/VirtualBox/VirtualBox.xml" with version "1.12-linux"
00:04:24.727161 nspr-5   Finished saving settings file "/home/mystic/.config/VirtualBox/VirtualBox.xml"
00:05:12.967332 nspr-7   Saving settings file "/home/mystic/VirtualBox VMs/archcrat xfce/archcrat xfce.vbox" with version "1.19-linux"
00:05:13.057763 nspr-7   Finished saving settings file "/home/mystic/VirtualBox VMs/archcrat xfce/archcrat xfce.vbox"
00:05:13.080986 nspr-3   Saving settings file "/home/mystic/VirtualBox VMs/archcrat xfce/archcrat xfce.vbox" with version "1.19-linux"
00:05:13.158461 nspr-3   Finished saving settings file "/home/mystic/VirtualBox VMs/archcrat xfce/archcrat xfce.vbox"
00:05:13.189796 nspr-9   Saving settings file "/home/mystic/VirtualBox VMs/archcrat xfce/archcrat xfce.vbox" with version "1.19-linux"
00:05:13.292791 nspr-9   Finished saving settings file "/home/mystic/VirtualBox VMs/archcrat xfce/archcrat xfce.vbox"
00:05:13.375250 nspr-9   Saving settings file "/home/mystic/VirtualBox VMs/archcrat xfce/archcrat xfce.vbox" with version "1.19-linux"
00:05:13.448980 nspr-9   Finished saving settings file "/home/mystic/VirtualBox VMs/archcrat xfce/archcrat xfce.vbox"
00:05:13.558808 nspr-6   ERROR [COM]: aRC=VBOX_E_INVALID_VM_STATE (0x80bb0002) aIID={300763af-5d6b-46e6-aa96-273eac15538a} aComponent={MachineWrap} aText={The machine is not mutable (state is PoweredOff)}, preserve=false aResultDetail=0
00:05:14.301307 nspr-8   Saving settings file "/home/mystic/.config/VirtualBox/VirtualBox.xml" with version "1.12-linux"
00:05:14.383549 nspr-8   Finished saving settings file "/home/mystic/.config/VirtualBox/VirtualBox.xml"
00:05:16.867674 nspr-9   Launched VM: 1543605808 pid: 42252 (0xa50c) frontend: GUI/Qt name: archcrat xfce
00:05:16.894668 nspr-6   ERROR [COM]: aRC=VBOX_E_INVALID_VM_STATE (0x80bb0002) aIID={300763af-5d6b-46e6-aa96-273eac15538a} aComponent={MachineWrap} aText={The machine is not mutable (state is PoweredOff)}, preserve=false aResultDetail=0
00:05:17.164212 nspr-3   ERROR [COM]: aRC=VBOX_E_INVALID_VM_STATE (0x80bb0002) aIID={300763af-5d6b-46e6-aa96-273eac15538a} aComponent={MachineWrap} aText={The machine is not mutable (state is PoweredOff)}, preserve=false aResultDetail=0
00:05:17.677580 nspr-4   Load [/usr/lib/virtualbox/ExtensionPacks/Oracle_VM_VirtualBox_Extension_Pack/linux.amd64/VBoxHostWebcam.so] vrc=VINF_SUCCESS
00:05:17.744246 nspr-5   ERROR [COM]: aRC=VBOX_E_IPRT_ERROR (0x80bb0005) aIID={300763af-5d6b-46e6-aa96-273eac15538a} aComponent={SessionMachine} aText={Saved screenshot data is not available (VERR_NOT_SUPPORTED)}, preserve=false aResultDetail=-37
00:05:17.771553 nspr-4   NetIfAdpCtlOut: VBoxNetAdpCtl: Error while retrieving link speed for wlp2s0: VBoxNetAdpCtl: ioctl failed: Operation not supported
00:05:17.878920 nspr-3   ERROR [COM]: aRC=VBOX_E_INVALID_VM_STATE (0x80bb0002) aIID={300763af-5d6b-46e6-aa96-273eac15538a} aComponent={MachineWrap} aText={The machine is not mutable (state is Starting)}, preserve=false aResultDetail=0
00:05:18.125086 nspr-7   ERROR [COM]: aRC=VBOX_E_OBJECT_NOT_FOUND (0x80bb0001) aIID={ad47ad09-787b-44ab-b343-a082a3f2dfb1} aComponent={MediumWrap} aText={Property 'CRYPT/KeyId' does not exist}, preserve=false aResultDetail=0
00:05:18.126268 nspr-3   ERROR [COM]: aRC=VBOX_E_OBJECT_NOT_FOUND (0x80bb0001) aIID={ad47ad09-787b-44ab-b343-a082a3f2dfb1} aComponent={MediumWrap} aText={Property 'CRYPT/KeyId' does not exist}, preserve=false aResultDetail=0
00:05:18.165451 nspr-2   ERROR [COM]: aRC=VBOX_E_INVALID_VM_STATE (0x80bb0002) aIID={300763af-5d6b-46e6-aa96-273eac15538a} aComponent={MachineWrap} aText={The machine is not mutable (state is Running)}, preserve=false aResultDetail=0
00:05:18.405943 nspr-9   Saving settings file "/home/mystic/.config/VirtualBox/VirtualBox.xml" with version "1.12-linux"
00:05:18.484930 nspr-9   Finished saving settings file "/home/mystic/.config/VirtualBox/VirtualBox.xml"
00:05:18.619985 nspr-2   Saving settings file "/home/mystic/VirtualBox VMs/archcrat xfce/archcrat xfce.vbox" with version "1.19-linux"
00:05:18.696927 nspr-2   Finished saving settings file "/home/mystic/VirtualBox VMs/archcrat xfce/archcrat xfce.vbox"
00:05:18.760379 nspr-6   ERROR [COM]: aRC=VBOX_E_INVALID_VM_STATE (0x80bb0002) aIID={300763af-5d6b-46e6-aa96-273eac15538a} aComponent={MachineWrap} aText={The machine is not mutable (state is Running)}, preserve=false aResultDetail=0
00:05:32.100946 nspr-2   Saving settings file "/home/mystic/.config/VirtualBox/VirtualBox.xml" with version "1.12-linux"
00:05:32.187758 nspr-2   Finished saving settings file "/home/mystic/.config/VirtualBox/VirtualBox.xml"
00:05:32.602264 nspr-9   Saving settings file "/home/mystic/VirtualBox VMs/archcrat xfce/archcrat xfce.vbox" with version "1.19-linux"
00:05:32.666331 nspr-9   Finished saving settings file "/home/mystic/VirtualBox VMs/archcrat xfce/archcrat xfce.vbox"
00:05:32.678549 nspr-7   ERROR [COM]: aRC=VBOX_E_INVALID_VM_STATE (0x80bb0002) aIID={300763af-5d6b-46e6-aa96-273eac15538a} aComponent={MachineWrap} aText={The machine is not mutable (state is Running)}, preserve=false aResultDetail=0
00:05:50.522843 nspr-5   Saving settings file "/home/mystic/VirtualBox VMs/archcrat xfce/archcrat xfce.vbox" with version "1.19-linux"
00:05:50.624626 nspr-5   Finished saving settings file "/home/mystic/VirtualBox VMs/archcrat xfce/archcrat xfce.vbox"
00:05:50.636329 nspr-8   ERROR [COM]: aRC=VBOX_E_INVALID_VM_STATE (0x80bb0002) aIID={300763af-5d6b-46e6-aa96-273eac15538a} aComponent={MachineWrap} aText={The machine is not mutable (state is Running)}, preserve=false aResultDetail=0
00:10:56.231122 dns-monitor HostDnsMonitor: updating information
00:10:56.231158 dns-monitor HostDnsMonitor: old information
00:10:56.231167 dns-monitor   server 1: 192.168.140.57
00:10:56.231173 dns-monitor   server 2: 2409:4055:2dcc:a8d::ef
00:10:56.231178 dns-monitor   no domain set
00:10:56.231181 dns-monitor   no search string entries
00:10:56.231185 dns-monitor HostDnsMonitor: new information
00:10:56.231188 dns-monitor   no server entries
00:10:56.231191 dns-monitor   no domain set
00:10:56.231194 dns-monitor   no search string entries
00:11:09.382993 dns-monitor NAT: resolv.conf: nameserver 49.45.0.5
00:11:09.383066 dns-monitor HostDnsMonitor: updating information
00:11:09.383077 dns-monitor HostDnsMonitor: old information
00:11:09.383087 dns-monitor   no server entries
00:11:09.383097 dns-monitor   no domain set
00:11:09.383106 dns-monitor   no search string entries
00:11:09.383115 dns-monitor HostDnsMonitor: new information
00:11:09.383123 dns-monitor   server 1: 49.45.0.5
00:11:09.383133 dns-monitor   no domain set
00:11:09.383142 dns-monitor   no search string entries
00:37:49.140081 nspr-9   ERROR [COM]: aRC=VBOX_E_INVALID_VM_STATE (0x80bb0002) aIID={300763af-5d6b-46e6-aa96-273eac15538a} aComponent={MachineWrap} aText={The machine is not mutable (state is Paused)}, preserve=false aResultDetail=0
00:37:50.244648 nspr-6   ERROR [COM]: aRC=VBOX_E_INVALID_VM_STATE (0x80bb0002) aIID={300763af-5d6b-46e6-aa96-273eac15538a} aComponent={MachineWrap} aText={The machine is not mutable (state is Stopping)}, preserve=false aResultDetail=0
00:37:50.345663 nspr-3   Saving settings file "/home/mystic/VirtualBox VMs/archcrat xfce/archcrat xfce.vbox" with version "1.19-linux"
00:37:50.476365 nspr-3   Finished saving settings file "/home/mystic/VirtualBox VMs/archcrat xfce/archcrat xfce.vbox"
00:37:50.524519 nspr-2   ERROR [COM]: aRC=VBOX_E_INVALID_VM_STATE (0x80bb0002) aIID={300763af-5d6b-46e6-aa96-273eac15538a} aComponent={MachineWrap} aText={The machine is not mutable (state is PoweredOff)}, preserve=false aResultDetail=0
00:37:51.922698 nspr-9   ERROR [COM]: aRC=VBOX_E_INVALID_VM_STATE (0x80bb0002) aIID={300763af-5d6b-46e6-aa96-273eac15538a} aComponent={MachineWrap} aText={The machine is not mutable (state is PoweredOff)}, preserve=false aResultDetail=0
00:37:58.553899 nspr-7   Launched VM: 1677824256 pid: 42940 (0xa7bc) frontend: GUI/Qt name: archcrat xfce
00:37:58.590588 nspr-4   ERROR [COM]: aRC=VBOX_E_INVALID_VM_STATE (0x80bb0002) aIID={300763af-5d6b-46e6-aa96-273eac15538a} aComponent={MachineWrap} aText={The machine is not mutable (state is PoweredOff)}, preserve=false aResultDetail=0
00:37:59.029246 nspr-3   ERROR [COM]: aRC=VBOX_E_INVALID_VM_STATE (0x80bb0002) aIID={300763af-5d6b-46e6-aa96-273eac15538a} aComponent={MachineWrap} aText={The machine is not mutable (state is PoweredOff)}, preserve=false aResultDetail=0
00:37:59.548699 nspr-9   Load [/usr/lib/virtualbox/ExtensionPacks/Oracle_VM_VirtualBox_Extension_Pack/linux.amd64/VBoxHostWebcam.so] vrc=VINF_SUCCESS
00:37:59.681169 nspr-3   ERROR [COM]: aRC=VBOX_E_IPRT_ERROR (0x80bb0005) aIID={300763af-5d6b-46e6-aa96-273eac15538a} aComponent={SessionMachine} aText={Saved screenshot data is not available (VERR_NOT_SUPPORTED)}, preserve=false aResultDetail=-37
00:37:59.723852 nspr-2   NetIfAdpCtlOut: VBoxNetAdpCtl: Error while retrieving link speed for wlp2s0: VBoxNetAdpCtl: ioctl failed: Operation not supported
00:37:59.868812 nspr-4   ERROR [COM]: aRC=VBOX_E_INVALID_VM_STATE (0x80bb0002) aIID={300763af-5d6b-46e6-aa96-273eac15538a} aComponent={MachineWrap} aText={The machine is not mutable (state is Starting)}, preserve=false aResultDetail=0
00:38:00.102595 nspr-5   ERROR [COM]: aRC=VBOX_E_OBJECT_NOT_FOUND (0x80bb0001) aIID={ad47ad09-787b-44ab-b343-a082a3f2dfb1} aComponent={MediumWrap} aText={Property 'CRYPT/KeyId' does not exist}, preserve=false aResultDetail=0
00:38:00.104184 nspr-4   ERROR [COM]: aRC=VBOX_E_OBJECT_NOT_FOUND (0x80bb0001) aIID={ad47ad09-787b-44ab-b343-a082a3f2dfb1} aComponent={MediumWrap} aText={Property 'CRYPT/KeyId' does not exist}, preserve=false aResultDetail=0
00:38:00.142642 nspr-6   ERROR [COM]: aRC=VBOX_E_INVALID_VM_STATE (0x80bb0002) aIID={300763af-5d6b-46e6-aa96-273eac15538a} aComponent={MachineWrap} aText={The machine is not mutable (state is Running)}, preserve=false aResultDetail=0
00:38:00.403054 nspr-3   Saving settings file "/home/mystic/.config/VirtualBox/VirtualBox.xml" with version "1.12-linux"
00:38:00.501006 nspr-3   Finished saving settings file "/home/mystic/.config/VirtualBox/VirtualBox.xml"
00:38:00.607403 nspr-3   Saving settings file "/home/mystic/VirtualBox VMs/archcrat xfce/archcrat xfce.vbox" with version "1.19-linux"
00:38:00.734946 nspr-3   Finished saving settings file "/home/mystic/VirtualBox VMs/archcrat xfce/archcrat xfce.vbox"
00:38:00.813787 nspr-6   ERROR [COM]: aRC=VBOX_E_INVALID_VM_STATE (0x80bb0002) aIID={300763af-5d6b-46e6-aa96-273eac15538a} aComponent={MachineWrap} aText={The machine is not mutable (state is Running)}, preserve=false aResultDetail=0
00:38:12.707514 nspr-8   Saving settings file "/home/mystic/.config/VirtualBox/VirtualBox.xml" with version "1.12-linux"
00:38:12.792631 nspr-8   Finished saving settings file "/home/mystic/.config/VirtualBox/VirtualBox.xml"
00:38:13.221017 nspr-8   Saving settings file "/home/mystic/VirtualBox VMs/archcrat xfce/archcrat xfce.vbox" with version "1.19-linux"
00:38:13.393171 nspr-8   Finished saving settings file "/home/mystic/VirtualBox VMs/archcrat xfce/archcrat xfce.vbox"
00:38:13.404859 nspr-3   ERROR [COM]: aRC=VBOX_E_INVALID_VM_STATE (0x80bb0002) aIID={300763af-5d6b-46e6-aa96-273eac15538a} aComponent={MachineWrap} aText={The machine is not mutable (state is Running)}, preserve=false aResultDetail=0
01:01:52.499658 dns-monitor HostDnsMonitor: updating information
01:01:52.537050 dns-monitor HostDnsMonitor: old information
01:01:52.537063 dns-monitor   server 1: 49.45.0.5
01:01:52.537069 dns-monitor   no domain set
01:01:52.537073 dns-monitor   no search string entries
01:01:52.537077 dns-monitor HostDnsMonitor: new information
01:01:52.537080 dns-monitor   no server entries
01:01:52.537083 dns-monitor   no domain set
01:01:52.537086 dns-monitor   no search string entries
01:01:57.559616 dns-monitor NAT: resolv.conf: nameserver 192.168.140.57
01:01:57.559695 dns-monitor HostDnsMonitor: updating information
01:01:57.559706 dns-monitor HostDnsMonitor: old information
01:01:57.559716 dns-monitor   no server entries
01:01:57.559747 dns-monitor   no domain set
01:01:57.559756 dns-monitor   no search string entries
01:01:57.559765 dns-monitor HostDnsMonitor: new information
01:01:57.559774 dns-monitor   server 1: 192.168.140.57
01:01:57.559784 dns-monitor   no domain set
01:01:57.559793 dns-monitor   no search string entries
01:01:59.536464 dns-monitor NAT: resolv.conf: nameserver 192.168.140.57
01:01:59.536518 dns-monitor NAT: resolv.conf: nameserver 2409:4055:2dcc:a8d::ef
01:01:59.536556 dns-monitor HostDnsMonitor: updating information
01:01:59.536567 dns-monitor HostDnsMonitor: old information
01:01:59.536577 dns-monitor   server 1: 192.168.140.57
01:01:59.536588 dns-monitor   no domain set
01:01:59.536596 dns-monitor   no search string entries
01:01:59.536605 dns-monitor HostDnsMonitor: new information
01:01:59.536614 dns-monitor   server 1: 192.168.140.57
01:01:59.536623 dns-monitor   server 2: 2409:4055:2dcc:a8d::ef
01:01:59.536632 dns-monitor   no domain set
01:01:59.536640 dns-monitor   no search string entries
01:04:16.914777 nspr-7   ERROR [COM]: aRC=VBOX_E_INVALID_VM_STATE (0x80bb0002) aIID={300763af-5d6b-46e6-aa96-273eac15538a} aComponent={MachineWrap} aText={The machine is not mutable (state is Paused)}, preserve=false aResultDetail=0
01:04:19.373348 nspr-8   ERROR [COM]: aRC=VBOX_E_INVALID_VM_STATE (0x80bb0002) aIID={300763af-5d6b-46e6-aa96-273eac15538a} aComponent={MachineWrap} aText={The machine is not mutable (state is Running)}, preserve=false aResultDetail=0
01:04:28.635346 nspr-7   ERROR [COM]: aRC=VBOX_E_INVALID_VM_STATE (0x80bb0002) aIID={300763af-5d6b-46e6-aa96-273eac15538a} aComponent={MachineWrap} aText={The machine is not mutable (state is Running)}, preserve=false aResultDetail=0
01:04:31.484387 nspr-7   ERROR [COM]: aRC=VBOX_E_INVALID_VM_STATE (0x80bb0002) aIID={300763af-5d6b-46e6-aa96-273eac15538a} aComponent={MachineWrap} aText={The machine is not mutable (state is Running)}, preserve=false aResultDetail=0
01:04:31.587326 nspr-3   Saving settings file "/home/mystic/VirtualBox VMs/archcrat xfce/archcrat xfce.vbox" with version "1.19-linux"
01:04:31.678709 nspr-3   Finished saving settings file "/home/mystic/VirtualBox VMs/archcrat xfce/archcrat xfce.vbox"
01:04:31.724277 nspr-8   ERROR [COM]: aRC=VBOX_E_INVALID_VM_STATE (0x80bb0002) aIID={300763af-5d6b-46e6-aa96-273eac15538a} aComponent={MachineWrap} aText={The machine is not mutable (state is Running)}, preserve=false aResultDetail=0
01:04:33.773532 nspr-2   ERROR [COM]: aRC=VBOX_E_INVALID_VM_STATE (0x80bb0002) aIID={300763af-5d6b-46e6-aa96-273eac15538a} aComponent={MachineWrap} aText={The machine is not mutable (state is Paused)}, preserve=false aResultDetail=0
01:04:36.310892 nspr-4   ERROR [COM]: aRC=VBOX_E_INVALID_VM_STATE (0x80bb0002) aIID={300763af-5d6b-46e6-aa96-273eac15538a} aComponent={MachineWrap} aText={The machine is not mutable (state is Stopping)}, preserve=false aResultDetail=0
01:04:36.386879 nspr-6   Saving settings file "/home/mystic/VirtualBox VMs/archcrat xfce/archcrat xfce.vbox" with version "1.19-linux"
01:04:36.493297 nspr-6   Finished saving settings file "/home/mystic/VirtualBox VMs/archcrat xfce/archcrat xfce.vbox"
01:04:36.543165 nspr-6   ERROR [COM]: aRC=VBOX_E_INVALID_VM_STATE (0x80bb0002) aIID={300763af-5d6b-46e6-aa96-273eac15538a} aComponent={MachineWrap} aText={The machine is not mutable (state is PoweredOff)}, preserve=false aResultDetail=0
01:04:37.934720 nspr-9   ERROR [COM]: aRC=VBOX_E_INVALID_VM_STATE (0x80bb0002) aIID={300763af-5d6b-46e6-aa96-273eac15538a} aComponent={MachineWrap} aText={The machine is not mutable (state is PoweredOff)}, preserve=false aResultDetail=0
01:04:44.564393 nspr-9   Launched VM: 1543556960 pid: 44185 (0xac99) frontend: GUI/Qt name: archcrat xfce
01:04:44.594409 nspr-2   ERROR [COM]: aRC=VBOX_E_INVALID_VM_STATE (0x80bb0002) aIID={300763af-5d6b-46e6-aa96-273eac15538a} aComponent={MachineWrap} aText={The machine is not mutable (state is PoweredOff)}, preserve=false aResultDetail=0
01:04:45.051964 nspr-9   ERROR [COM]: aRC=VBOX_E_INVALID_VM_STATE (0x80bb0002) aIID={300763af-5d6b-46e6-aa96-273eac15538a} aComponent={MachineWrap} aText={The machine is not mutable (state is PoweredOff)}, preserve=false aResultDetail=0
01:04:45.584976 nspr-8   Load [/usr/lib/virtualbox/ExtensionPacks/Oracle_VM_VirtualBox_Extension_Pack/linux.amd64/VBoxHostWebcam.so] vrc=VINF_SUCCESS
01:04:45.656921 nspr-9   ERROR [COM]: aRC=VBOX_E_IPRT_ERROR (0x80bb0005) aIID={300763af-5d6b-46e6-aa96-273eac15538a} aComponent={SessionMachine} aText={Saved screenshot data is not available (VERR_NOT_SUPPORTED)}, preserve=false aResultDetail=-37
01:04:45.743379 nspr-4   NetIfAdpCtlOut: VBoxNetAdpCtl: Error while retrieving link speed for wlp2s0: VBoxNetAdpCtl: ioctl failed: Operation not supported
01:04:45.876160 nspr-6   ERROR [COM]: aRC=VBOX_E_INVALID_VM_STATE (0x80bb0002) aIID={300763af-5d6b-46e6-aa96-273eac15538a} aComponent={MachineWrap} aText={The machine is not mutable (state is Starting)}, preserve=false aResultDetail=0
01:04:46.102221 nspr-4   ERROR [COM]: aRC=VBOX_E_OBJECT_NOT_FOUND (0x80bb0001) aIID={ad47ad09-787b-44ab-b343-a082a3f2dfb1} aComponent={MediumWrap} aText={Property 'CRYPT/KeyId' does not exist}, preserve=false aResultDetail=0
01:04:46.140061 nspr-8   ERROR [COM]: aRC=VBOX_E_INVALID_VM_STATE (0x80bb0002) aIID={300763af-5d6b-46e6-aa96-273eac15538a} aComponent={MachineWrap} aText={The machine is not mutable (state is Running)}, preserve=false aResultDetail=0
01:05:51.303694 nspr-6   Load [/usr/lib/virtualbox/ExtensionPacks/Oracle_VM_VirtualBox_Extension_Pack/linux.amd64/VBoxHostWebcam.so] vrc=VINF_SUCCESS
01:06:00.443949 nspr-4   Saving settings file "/home/mystic/VirtualBox VMs/archcrat xfce/archcrat xfce.vbox" with version "1.19-linux"
01:06:00.590598 nspr-4   Finished saving settings file "/home/mystic/VirtualBox VMs/archcrat xfce/archcrat xfce.vbox"
01:06:00.642403 nspr-6   ERROR [COM]: aRC=VBOX_E_INVALID_VM_STATE (0x80bb0002) aIID={300763af-5d6b-46e6-aa96-273eac15538a} aComponent={MachineWrap} aText={The machine is not mutable (state is Running)}, preserve=false aResultDetail=0
01:08:00.123121 nspr-9   Saving settings file "/home/mystic/VirtualBox VMs/archcrat xfce/archcrat xfce.vbox" with version "1.19-linux"
01:08:00.717830 nspr-9   Finished saving settings file "/home/mystic/VirtualBox VMs/archcrat xfce/archcrat xfce.vbox"
01:08:00.735301 nspr-2   ERROR [COM]: aRC=VBOX_E_INVALID_VM_STATE (0x80bb0002) aIID={300763af-5d6b-46e6-aa96-273eac15538a} aComponent={MachineWrap} aText={The machine is not mutable (state is Running)}, preserve=false aResultDetail=0
01:08:02.584020 nspr-7   Saving settings file "/home/mystic/VirtualBox VMs/archcrat xfce/archcrat xfce.vbox" with version "1.19-linux"
01:08:02.803083 nspr-7   Finished saving settings file "/home/mystic/VirtualBox VMs/archcrat xfce/archcrat xfce.vbox"
01:08:02.846464 nspr-5   ERROR [COM]: aRC=VBOX_E_INVALID_VM_STATE (0x80bb0002) aIID={300763af-5d6b-46e6-aa96-273eac15538a} aComponent={MachineWrap} aText={The machine is not mutable (state is Running)}, preserve=false aResultDetail=0
01:18:48.315012 dns-monitor HostDnsMonitor: updating information
01:18:48.315113 dns-monitor HostDnsMonitor: old information
01:18:48.315130 dns-monitor   server 1: 192.168.140.57
01:18:48.315143 dns-monitor   server 2: 2409:4055:2dcc:a8d::ef
01:18:48.315153 dns-monitor   no domain set
01:18:48.315161 dns-monitor   no search string entries
01:18:48.315170 dns-monitor HostDnsMonitor: new information
01:18:48.315179 dns-monitor   no server entries
01:18:48.315188 dns-monitor   no domain set
01:18:48.315196 dns-monitor   no search string entries
01:46:26.336227 dns-monitor NAT: resolv.conf: nameserver 192.168.140.57
01:46:26.336326 dns-monitor HostDnsMonitor: updating information
01:46:26.336394 dns-monitor HostDnsMonitor: old information
01:46:26.336411 dns-monitor   no server entries
01:46:26.336427 dns-monitor   no domain set
01:46:26.336441 dns-monitor   no search string entries
01:46:26.336456 dns-monitor HostDnsMonitor: new information
01:46:26.336471 dns-monitor   server 1: 192.168.140.57
01:46:26.336488 dns-monitor   no domain set
01:46:26.336502 dns-monitor   no search string entries
01:46:28.190829 dns-monitor NAT: resolv.conf: nameserver 192.168.140.57
01:46:28.190902 dns-monitor NAT: resolv.conf: nameserver 2409:4055:2dcc:a8d::b3
01:46:28.190953 dns-monitor HostDnsMonitor: updating information
01:46:28.190967 dns-monitor HostDnsMonitor: old information
01:46:28.190979 dns-monitor   server 1: 192.168.140.57
01:46:28.190992 dns-monitor   no domain set
01:46:28.191002 dns-monitor   no search string entries
01:46:28.191012 dns-monitor HostDnsMonitor: new information
01:46:28.191022 dns-monitor   server 1: 192.168.140.57
01:46:28.191034 dns-monitor   server 2: 2409:4055:2dcc:a8d::b3
01:46:28.191045 dns-monitor   no domain set
01:46:28.191055 dns-monitor   no search string entries
01:46:59.810939 nspr-8   ERROR [COM]: aRC=VBOX_E_INVALID_VM_STATE (0x80bb0002) aIID={300763af-5d6b-46e6-aa96-273eac15538a} aComponent={MachineWrap} aText={The machine is not mutable (state is Paused)}, preserve=false aResultDetail=0
01:47:01.363697 nspr-4   ERROR [COM]: aRC=VBOX_E_INVALID_VM_STATE (0x80bb0002) aIID={300763af-5d6b-46e6-aa96-273eac15538a} aComponent={MachineWrap} aText={The machine is not mutable (state is Running)}, preserve=false aResultDetail=0
02:30:35.719779 nspr-3   ERROR [COM]: aRC=VBOX_E_INVALID_VM_STATE (0x80bb0002) aIID={300763af-5d6b-46e6-aa96-273eac15538a} aComponent={MachineWrap} aText={The machine is not mutable (state is Paused)}, preserve=false aResultDetail=0
02:30:36.596850 nspr-8   ERROR [COM]: aRC=VBOX_E_INVALID_VM_STATE (0x80bb0002) aIID={300763af-5d6b-46e6-aa96-273eac15538a} aComponent={MachineWrap} aText={The machine is not mutable (state is Stopping)}, preserve=false aResultDetail=0
02:30:36.670629 nspr-5   Saving settings file "/home/mystic/VirtualBox VMs/archcrat xfce/archcrat xfce.vbox" with version "1.19-linux"
02:30:36.759734 nspr-5   Finished saving settings file "/home/mystic/VirtualBox VMs/archcrat xfce/archcrat xfce.vbox"
02:30:36.804625 nspr-5   ERROR [COM]: aRC=VBOX_E_INVALID_VM_STATE (0x80bb0002) aIID={300763af-5d6b-46e6-aa96-273eac15538a} aComponent={MachineWrap} aText={The machine is not mutable (state is PoweredOff)}, preserve=false aResultDetail=0
02:30:38.246213 nspr-4   ERROR [COM]: aRC=VBOX_E_INVALID_VM_STATE (0x80bb0002) aIID={300763af-5d6b-46e6-aa96-273eac15538a} aComponent={MachineWrap} aText={The machine is not mutable (state is PoweredOff)}, preserve=false aResultDetail=0
02:30:42.956100 nspr-5   ERROR [COM]: aRC=VBOX_E_OBJECT_NOT_FOUND (0x80bb0001) aIID={5bfd8965-b81b-469f-8649-f717ce97a5d5} aComponent={NvramStoreWrap} aText={The UEFI NVRAM file is not existing for this machine.}, preserve=false aResultDetail=0
02:30:42.976551 nspr-8   NetIfAdpCtlOut: VBoxNetAdpCtl: Error while retrieving link speed for wlp2s0: VBoxNetAdpCtl: ioctl failed: Operation not supported
02:30:42.994033 nspr-5   NetIfAdpCtlOut: VBoxNetAdpCtl: Error while retrieving link speed for wlp2s0: VBoxNetAdpCtl: ioctl failed: Operation not supported
02:30:43.147023 nspr-5   ERROR [COM]: aRC=VBOX_E_INVALID_VM_STATE (0x80bb0002) aIID={300763af-5d6b-46e6-aa96-273eac15538a} aComponent={MachineWrap} aText={The machine is not mutable (state is PoweredOff)}, preserve=false aResultDetail=0
02:30:43.975230 nspr-5   Saving settings file "/home/mystic/.config/VirtualBox/VirtualBox.xml" with version "1.12-linux"
02:30:44.061153 nspr-5   Finished saving settings file "/home/mystic/.config/VirtualBox/VirtualBox.xml"
02:31:01.891757 nspr-5   Saving settings file "/home/mystic/VirtualBox VMs/archcrat xfce/archcrat xfce.vbox" with version "1.19-linux"
02:31:01.985813 nspr-5   Finished saving settings file "/home/mystic/VirtualBox VMs/archcrat xfce/archcrat xfce.vbox"
02:31:02.082664 nspr-2   ERROR [COM]: aRC=VBOX_E_INVALID_VM_STATE (0x80bb0002) aIID={300763af-5d6b-46e6-aa96-273eac15538a} aComponent={MachineWrap} aText={The machine is not mutable (state is PoweredOff)}, preserve=false aResultDetail=0
02:31:02.872019 nspr-3   Saving settings file "/home/mystic/.config/VirtualBox/VirtualBox.xml" with version "1.12-linux"
02:31:02.942559 nspr-3   Finished saving settings file "/home/mystic/.config/VirtualBox/VirtualBox.xml"
02:31:04.807653 nspr-2   Launched VM: 2348876400 pid: 46064 (0xb3f0) frontend: GUI/Qt name: archcrat xfce
02:31:04.834931 nspr-2   ERROR [COM]: aRC=VBOX_E_INVALID_VM_STATE (0x80bb0002) aIID={300763af-5d6b-46e6-aa96-273eac15538a} aComponent={MachineWrap} aText={The machine is not mutable (state is PoweredOff)}, preserve=false aResultDetail=0
02:31:05.006229 nspr-2   ERROR [COM]: aRC=VBOX_E_INVALID_VM_STATE (0x80bb0002) aIID={300763af-5d6b-46e6-aa96-273eac15538a} aComponent={MachineWrap} aText={The machine is not mutable (state is PoweredOff)}, preserve=false aResultDetail=0
02:31:05.515728 nspr-9   Load [/usr/lib/virtualbox/ExtensionPacks/Oracle_VM_VirtualBox_Extension_Pack/linux.amd64/VBoxHostWebcam.so] vrc=VINF_SUCCESS
02:31:05.578970 nspr-9   ERROR [COM]: aRC=VBOX_E_IPRT_ERROR (0x80bb0005) aIID={300763af-5d6b-46e6-aa96-273eac15538a} aComponent={SessionMachine} aText={Saved screenshot data is not available (VERR_NOT_SUPPORTED)}, preserve=false aResultDetail=-37
02:31:05.602535 nspr-7   NetIfAdpCtlOut: VBoxNetAdpCtl: Error while retrieving link speed for wlp2s0: VBoxNetAdpCtl: ioctl failed: Operation not supported
02:31:05.715439 nspr-5   ERROR [COM]: aRC=VBOX_E_INVALID_VM_STATE (0x80bb0002) aIID={300763af-5d6b-46e6-aa96-273eac15538a} aComponent={MachineWrap} aText={The machine is not mutable (state is Starting)}, preserve=false aResultDetail=0
02:31:05.936500 nspr-3   ERROR [COM]: aRC=VBOX_E_OBJECT_NOT_FOUND (0x80bb0001) aIID={ad47ad09-787b-44ab-b343-a082a3f2dfb1} aComponent={MediumWrap} aText={Property 'CRYPT/KeyId' does not exist}, preserve=false aResultDetail=0
02:31:05.973657 nspr-5   ERROR [COM]: aRC=VBOX_E_INVALID_VM_STATE (0x80bb0002) aIID={300763af-5d6b-46e6-aa96-273eac15538a} aComponent={MachineWrap} aText={The machine is not mutable (state is Running)}, preserve=false aResultDetail=0
02:31:06.206052 nspr-6   Saving settings file "/home/mystic/.config/VirtualBox/VirtualBox.xml" with version "1.12-linux"
02:31:06.288581 nspr-6   Finished saving settings file "/home/mystic/.config/VirtualBox/VirtualBox.xml"
02:31:06.422319 nspr-2   Saving settings file "/home/mystic/VirtualBox VMs/archcrat xfce/archcrat xfce.vbox" with version "1.19-linux"
02:31:06.489458 nspr-2   Finished saving settings file "/home/mystic/VirtualBox VMs/archcrat xfce/archcrat xfce.vbox"
02:31:06.542542 nspr-3   ERROR [COM]: aRC=VBOX_E_INVALID_VM_STATE (0x80bb0002) aIID={300763af-5d6b-46e6-aa96-273eac15538a} aComponent={MachineWrap} aText={The machine is not mutable (state is Running)}, preserve=false aResultDetail=0
02:31:31.880797 nspr-9   Saving settings file "/home/mystic/.config/VirtualBox/VirtualBox.xml" with version "1.12-linux"
02:31:32.046109 nspr-9   Finished saving settings file "/home/mystic/.config/VirtualBox/VirtualBox.xml"
02:31:32.410176 nspr-2   Saving settings file "/home/mystic/VirtualBox VMs/archcrat xfce/archcrat xfce.vbox" with version "1.19-linux"
02:31:32.586401 nspr-2   Finished saving settings file "/home/mystic/VirtualBox VMs/archcrat xfce/archcrat xfce.vbox"
02:31:32.631605 nspr-3   ERROR [COM]: aRC=VBOX_E_INVALID_VM_STATE (0x80bb0002) aIID={300763af-5d6b-46e6-aa96-273eac15538a} aComponent={MachineWrap} aText={The machine is not mutable (state is Running)}, preserve=false aResultDetail=0
02:35:07.020088 nspr-2   Saving settings file "/home/mystic/VirtualBox VMs/archcrat xfce/archcrat xfce.vbox" with version "1.19-linux"
02:35:07.690379 nspr-2   Finished saving settings file "/home/mystic/VirtualBox VMs/archcrat xfce/archcrat xfce.vbox"
02:35:07.750726 nspr-6   ERROR [COM]: aRC=VBOX_E_INVALID_VM_STATE (0x80bb0002) aIID={300763af-5d6b-46e6-aa96-273eac15538a} aComponent={MachineWrap} aText={The machine is not mutable (state is Running)}, preserve=false aResultDetail=0
02:35:17.918861 nspr-8   Saving settings file "/home/mystic/VirtualBox VMs/archcrat xfce/archcrat xfce.vbox" with version "1.19-linux"
02:35:18.003787 nspr-8   Finished saving settings file "/home/mystic/VirtualBox VMs/archcrat xfce/archcrat xfce.vbox"
02:35:18.042316 nspr-4   ERROR [COM]: aRC=VBOX_E_INVALID_VM_STATE (0x80bb0002) aIID={300763af-5d6b-46e6-aa96-273eac15538a} aComponent={MachineWrap} aText={The machine is not mutable (state is Running)}, preserve=false aResultDetail=0
02:35:23.116856 nspr-6   Saving settings file "/home/mystic/VirtualBox VMs/archcrat xfce/archcrat xfce.vbox" with version "1.19-linux"
02:35:23.204632 nspr-6   Finished saving settings file "/home/mystic/VirtualBox VMs/archcrat xfce/archcrat xfce.vbox"
02:35:23.230373 nspr-7   ERROR [COM]: aRC=VBOX_E_INVALID_VM_STATE (0x80bb0002) aIID={300763af-5d6b-46e6-aa96-273eac15538a} aComponent={MachineWrap} aText={The machine is not mutable (state is Running)}, preserve=false aResultDetail=0
02:35:27.721725 nspr-8   Saving settings file "/home/mystic/VirtualBox VMs/archcrat xfce/archcrat xfce.vbox" with version "1.19-linux"
02:35:27.819170 nspr-8   Finished saving settings file "/home/mystic/VirtualBox VMs/archcrat xfce/archcrat xfce.vbox"
02:35:27.841328 nspr-4   ERROR [COM]: aRC=VBOX_E_INVALID_VM_STATE (0x80bb0002) aIID={300763af-5d6b-46e6-aa96-273eac15538a} aComponent={MachineWrap} aText={The machine is not mutable (state is Running)}, preserve=false aResultDetail=0
02:35:28.513891 nspr-8   Saving settings file "/home/mystic/VirtualBox VMs/archcrat xfce/archcrat xfce.vbox" with version "1.19-linux"
02:35:28.597975 nspr-8   Finished saving settings file "/home/mystic/VirtualBox VMs/archcrat xfce/archcrat xfce.vbox"
02:35:28.637749 nspr-3   ERROR [COM]: aRC=VBOX_E_INVALID_VM_STATE (0x80bb0002) aIID={300763af-5d6b-46e6-aa96-273eac15538a} aComponent={MachineWrap} aText={The machine is not mutable (state is Running)}, preserve=false aResultDetail=0
02:35:29.243228 nspr-9   Saving settings file "/home/mystic/VirtualBox VMs/archcrat xfce/archcrat xfce.vbox" with version "1.19-linux"
02:35:29.321075 nspr-9   Finished saving settings file "/home/mystic/VirtualBox VMs/archcrat xfce/archcrat xfce.vbox"
02:35:29.354316 nspr-7   ERROR [COM]: aRC=VBOX_E_INVALID_VM_STATE (0x80bb0002) aIID={300763af-5d6b-46e6-aa96-273eac15538a} aComponent={MachineWrap} aText={The machine is not mutable (state is Running)}, preserve=false aResultDetail=0
02:35:29.931097 nspr-3   Saving settings file "/home/mystic/VirtualBox VMs/archcrat xfce/archcrat xfce.vbox" with version "1.19-linux"
02:35:30.010869 nspr-3   Finished saving settings file "/home/mystic/VirtualBox VMs/archcrat xfce/archcrat xfce.vbox"
02:35:30.025588 nspr-7   ERROR [COM]: aRC=VBOX_E_INVALID_VM_STATE (0x80bb0002) aIID={300763af-5d6b-46e6-aa96-273eac15538a} aComponent={MachineWrap} aText={The machine is not mutable (state is Running)}, preserve=false aResultDetail=0
02:35:34.930213 nspr-7   Saving settings file "/home/mystic/VirtualBox VMs/archcrat xfce/archcrat xfce.vbox" with version "1.19-linux"
02:35:35.012226 nspr-7   Finished saving settings file "/home/mystic/VirtualBox VMs/archcrat xfce/archcrat xfce.vbox"
02:35:35.032934 nspr-4   ERROR [COM]: aRC=VBOX_E_INVALID_VM_STATE (0x80bb0002) aIID={300763af-5d6b-46e6-aa96-273eac15538a} aComponent={MachineWrap} aText={The machine is not mutable (state is Running)}, preserve=false aResultDetail=0
02:35:36.833914 nspr-3   Saving settings file "/home/mystic/VirtualBox VMs/archcrat xfce/archcrat xfce.vbox" with version "1.19-linux"
02:35:36.902305 nspr-3   Finished saving settings file "/home/mystic/VirtualBox VMs/archcrat xfce/archcrat xfce.vbox"
02:35:36.940413 nspr-8   ERROR [COM]: aRC=VBOX_E_INVALID_VM_STATE (0x80bb0002) aIID={300763af-5d6b-46e6-aa96-273eac15538a} aComponent={MachineWrap} aText={The machine is not mutable (state is Running)}, preserve=false aResultDetail=0
02:35:44.705939 nspr-3   Saving settings file "/home/mystic/VirtualBox VMs/archcrat xfce/archcrat xfce.vbox" with version "1.19-linux"
02:35:44.804570 nspr-3   Finished saving settings file "/home/mystic/VirtualBox VMs/archcrat xfce/archcrat xfce.vbox"
02:35:44.854603 nspr-3   ERROR [COM]: aRC=VBOX_E_INVALID_VM_STATE (0x80bb0002) aIID={300763af-5d6b-46e6-aa96-273eac15538a} aComponent={MachineWrap} aText={The machine is not mutable (state is Running)}, preserve=false aResultDetail=0
02:35:46.390600 nspr-6   Saving settings file "/home/mystic/VirtualBox VMs/archcrat xfce/archcrat xfce.vbox" with version "1.19-linux"
02:35:46.483315 nspr-6   Finished saving settings file "/home/mystic/VirtualBox VMs/archcrat xfce/archcrat xfce.vbox"
02:35:46.515084 nspr-9   ERROR [COM]: aRC=VBOX_E_INVALID_VM_STATE (0x80bb0002) aIID={300763af-5d6b-46e6-aa96-273eac15538a} aComponent={MachineWrap} aText={The machine is not mutable (state is Running)}, preserve=false aResultDetail=0
02:35:50.319562 nspr-9   Saving settings file "/home/mystic/VirtualBox VMs/archcrat xfce/archcrat xfce.vbox" with version "1.19-linux"
02:35:50.406973 nspr-9   Finished saving settings file "/home/mystic/VirtualBox VMs/archcrat xfce/archcrat xfce.vbox"
02:35:50.464793 nspr-6   ERROR [COM]: aRC=VBOX_E_INVALID_VM_STATE (0x80bb0002) aIID={300763af-5d6b-46e6-aa96-273eac15538a} aComponent={MachineWrap} aText={The machine is not mutable (state is Running)}, preserve=false aResultDetail=0
02:35:54.500657 nspr-2   Saving settings file "/home/mystic/VirtualBox VMs/archcrat xfce/archcrat xfce.vbox" with version "1.19-linux"
02:35:54.586379 nspr-2   Finished saving settings file "/home/mystic/VirtualBox VMs/archcrat xfce/archcrat xfce.vbox"
02:35:54.646187 nspr-9   ERROR [COM]: aRC=VBOX_E_INVALID_VM_STATE (0x80bb0002) aIID={300763af-5d6b-46e6-aa96-273eac15538a} aComponent={MachineWrap} aText={The machine is not mutable (state is Running)}, preserve=false aResultDetail=0
02:36:04.606064 nspr-2   Saving settings file "/home/mystic/VirtualBox VMs/archcrat xfce/archcrat xfce.vbox" with version "1.19-linux"
02:36:04.699829 nspr-2   Finished saving settings file "/home/mystic/VirtualBox VMs/archcrat xfce/archcrat xfce.vbox"
02:36:04.722598 nspr-6   ERROR [COM]: aRC=VBOX_E_INVALID_VM_STATE (0x80bb0002) aIID={300763af-5d6b-46e6-aa96-273eac15538a} aComponent={MachineWrap} aText={The machine is not mutable (state is Running)}, preserve=false aResultDetail=0
02:36:06.528575 nspr-5   Saving settings file "/home/mystic/VirtualBox VMs/archcrat xfce/archcrat xfce.vbox" with version "1.19-linux"
02:36:06.635707 nspr-5   Finished saving settings file "/home/mystic/VirtualBox VMs/archcrat xfce/archcrat xfce.vbox"
02:36:06.655357 nspr-9   ERROR [COM]: aRC=VBOX_E_INVALID_VM_STATE (0x80bb0002) aIID={300763af-5d6b-46e6-aa96-273eac15538a} aComponent={MachineWrap} aText={The machine is not mutable (state is Running)}, preserve=false aResultDetail=0
02:36:45.104966 nspr-4   Saving settings file "/home/mystic/.config/VirtualBox/VirtualBox.xml" with version "1.12-linux"
02:36:45.428787 nspr-4   Finished saving settings file "/home/mystic/.config/VirtualBox/VirtualBox.xml"
02:37:09.026095 nspr-7   Load [/usr/lib/virtualbox/ExtensionPacks/Oracle_VM_VirtualBox_Extension_Pack/linux.amd64/VBoxHostWebcam.so] vrc=VINF_SUCCESS
02:37:10.476208 nspr-6   Load [/usr/lib/virtualbox/ExtensionPacks/Oracle_VM_VirtualBox_Extension_Pack/linux.amd64/VBoxHostWebcam.so] vrc=VINF_SUCCESS
02:39:23.303343 nspr-8   Saving settings file "/home/mystic/VirtualBox VMs/archcrat xfce/archcrat xfce.vbox" with version "1.19-linux"
02:39:23.373175 nspr-8   Finished saving settings file "/home/mystic/VirtualBox VMs/archcrat xfce/archcrat xfce.vbox"
02:39:23.409907 nspr-3   ERROR [COM]: aRC=VBOX_E_INVALID_VM_STATE (0x80bb0002) aIID={300763af-5d6b-46e6-aa96-273eac15538a} aComponent={MachineWrap} aText={The machine is not mutable (state is Running)}, preserve=false aResultDetail=0
02:39:37.633199 nspr-4   Saving settings file "/home/mystic/.config/VirtualBox/VirtualBox.xml" with version "1.12-linux"
02:39:37.731425 nspr-4   Finished saving settings file "/home/mystic/.config/VirtualBox/VirtualBox.xml"
02:39:38.606720 nspr-6   Saving settings file "/home/mystic/VirtualBox VMs/archcrat xfce/archcrat xfce.vbox" with version "1.19-linux"
02:39:38.710059 nspr-6   Finished saving settings file "/home/mystic/VirtualBox VMs/archcrat xfce/archcrat xfce.vbox"
02:39:38.745268 nspr-6   ERROR [COM]: aRC=VBOX_E_INVALID_VM_STATE (0x80bb0002) aIID={300763af-5d6b-46e6-aa96-273eac15538a} aComponent={MachineWrap} aText={The machine is not mutable (state is Running)}, preserve=false aResultDetail=0
02:39:47.986321 nspr-2   Saving settings file "/home/mystic/.config/VirtualBox/VirtualBox.xml" with version "1.12-linux"
02:39:47.991146 nspr-7   Saving settings file "/home/mystic/VirtualBox VMs/archcrat xfce/archcrat xfce.vbox" with version "1.19-linux"
02:39:48.112344 nspr-2   Finished saving settings file "/home/mystic/.config/VirtualBox/VirtualBox.xml"
02:39:48.112449 nspr-7   Finished saving settings file "/home/mystic/VirtualBox VMs/archcrat xfce/archcrat xfce.vbox"
02:39:48.135597 nspr-6   ERROR [COM]: aRC=VBOX_E_INVALID_VM_STATE (0x80bb0002) aIID={300763af-5d6b-46e6-aa96-273eac15538a} aComponent={MachineWrap} aText={The machine is not mutable (state is Running)}, preserve=false aResultDetail=0
02:39:50.835573 nspr-4   Saving settings file "/home/mystic/VirtualBox VMs/archcrat xfce/archcrat xfce.vbox" with version "1.19-linux"
02:39:50.904337 nspr-4   Finished saving settings file "/home/mystic/VirtualBox VMs/archcrat xfce/archcrat xfce.vbox"
02:39:50.935180 nspr-4   ERROR [COM]: aRC=VBOX_E_INVALID_VM_STATE (0x80bb0002) aIID={300763af-5d6b-46e6-aa96-273eac15538a} aComponent={MachineWrap} aText={The machine is not mutable (state is Running)}, preserve=false aResultDetail=0
02:39:51.798011 nspr-9   Saving settings file "/home/mystic/VirtualBox VMs/archcrat xfce/archcrat xfce.vbox" with version "1.19-linux"
02:39:51.883084 nspr-9   Finished saving settings file "/home/mystic/VirtualBox VMs/archcrat xfce/archcrat xfce.vbox"
02:39:51.895742 nspr-6   ERROR [COM]: aRC=VBOX_E_INVALID_VM_STATE (0x80bb0002) aIID={300763af-5d6b-46e6-aa96-273eac15538a} aComponent={MachineWrap} aText={The machine is not mutable (state is Running)}, preserve=false aResultDetail=0
02:39:54.016484 nspr-2   Saving settings file "/home/mystic/VirtualBox VMs/archcrat xfce/archcrat xfce.vbox" with version "1.19-linux"
02:39:54.095197 nspr-2   Finished saving settings file "/home/mystic/VirtualBox VMs/archcrat xfce/archcrat xfce.vbox"
02:39:54.116555 nspr-6   ERROR [COM]: aRC=VBOX_E_INVALID_VM_STATE (0x80bb0002) aIID={300763af-5d6b-46e6-aa96-273eac15538a} aComponent={MachineWrap} aText={The machine is not mutable (state is Running)}, preserve=false aResultDetail=0
02:39:56.621472 nspr-2   Saving settings file "/home/mystic/VirtualBox VMs/archcrat xfce/archcrat xfce.vbox" with version "1.19-linux"
02:39:56.696221 nspr-2   Finished saving settings file "/home/mystic/VirtualBox VMs/archcrat xfce/archcrat xfce.vbox"
02:39:56.711645 nspr-9   ERROR [COM]: aRC=VBOX_E_INVALID_VM_STATE (0x80bb0002) aIID={300763af-5d6b-46e6-aa96-273eac15538a} aComponent={MachineWrap} aText={The machine is not mutable (state is Running)}, preserve=false aResultDetail=0
02:39:58.407831 nspr-7   Saving settings file "/home/mystic/VirtualBox VMs/archcrat xfce/archcrat xfce.vbox" with version "1.19-linux"
02:39:58.474975 nspr-7   Finished saving settings file "/home/mystic/VirtualBox VMs/archcrat xfce/archcrat xfce.vbox"
02:39:58.499056 nspr-6   ERROR [COM]: aRC=VBOX_E_INVALID_VM_STATE (0x80bb0002) aIID={300763af-5d6b-46e6-aa96-273eac15538a} aComponent={MachineWrap} aText={The machine is not mutable (state is Running)}, preserve=false aResultDetail=0
02:40:00.607171 nspr-7   Saving settings file "/home/mystic/VirtualBox VMs/archcrat xfce/archcrat xfce.vbox" with version "1.19-linux"
02:40:00.698457 nspr-7   Finished saving settings file "/home/mystic/VirtualBox VMs/archcrat xfce/archcrat xfce.vbox"
02:40:00.717295 nspr-7   ERROR [COM]: aRC=VBOX_E_INVALID_VM_STATE (0x80bb0002) aIID={300763af-5d6b-46e6-aa96-273eac15538a} aComponent={MachineWrap} aText={The machine is not mutable (state is Running)}, preserve=false aResultDetail=0
02:40:02.189810 nspr-4   Saving settings file "/home/mystic/VirtualBox VMs/archcrat xfce/archcrat xfce.vbox" with version "1.19-linux"
02:40:02.255112 nspr-4   Finished saving settings file "/home/mystic/VirtualBox VMs/archcrat xfce/archcrat xfce.vbox"
02:40:02.268123 nspr-7   ERROR [COM]: aRC=VBOX_E_INVALID_VM_STATE (0x80bb0002) aIID={300763af-5d6b-46e6-aa96-273eac15538a} aComponent={MachineWrap} aText={The machine is not mutable (state is Running)}, preserve=false aResultDetail=0
02:40:18.403810 nspr-6   Saving settings file "/home/mystic/VirtualBox VMs/archcrat xfce/archcrat xfce.vbox" with version "1.19-linux"
02:40:18.491895 nspr-6   Finished saving settings file "/home/mystic/VirtualBox VMs/archcrat xfce/archcrat xfce.vbox"
02:40:18.506165 nspr-6   ERROR [COM]: aRC=VBOX_E_INVALID_VM_STATE (0x80bb0002) aIID={300763af-5d6b-46e6-aa96-273eac15538a} aComponent={MachineWrap} aText={The machine is not mutable (state is Running)}, preserve=false aResultDetail=0
02:40:19.704212 nspr-4   Saving settings file "/home/mystic/VirtualBox VMs/archcrat xfce/archcrat xfce.vbox" with version "1.19-linux"
02:40:19.782425 nspr-4   Finished saving settings file "/home/mystic/VirtualBox VMs/archcrat xfce/archcrat xfce.vbox"
02:40:19.806741 nspr-5   ERROR [COM]: aRC=VBOX_E_INVALID_VM_STATE (0x80bb0002) aIID={300763af-5d6b-46e6-aa96-273eac15538a} aComponent={MachineWrap} aText={The machine is not mutable (state is Running)}, preserve=false aResultDetail=0
02:41:03.703310 nspr-9   Saving settings file "/home/mystic/VirtualBox VMs/archcrat xfce/archcrat xfce.vbox" with version "1.19-linux"
02:41:03.786650 nspr-9   Finished saving settings file "/home/mystic/VirtualBox VMs/archcrat xfce/archcrat xfce.vbox"
02:41:03.813312 nspr-3   ERROR [COM]: aRC=VBOX_E_INVALID_VM_STATE (0x80bb0002) aIID={300763af-5d6b-46e6-aa96-273eac15538a} aComponent={MachineWrap} aText={The machine is not mutable (state is Running)}, preserve=false aResultDetail=0
02:41:05.806542 nspr-9   Saving settings file "/home/mystic/VirtualBox VMs/archcrat xfce/archcrat xfce.vbox" with version "1.19-linux"
02:41:05.947944 nspr-9   Finished saving settings file "/home/mystic/VirtualBox VMs/archcrat xfce/archcrat xfce.vbox"
02:41:05.968429 nspr-7   ERROR [COM]: aRC=VBOX_E_INVALID_VM_STATE (0x80bb0002) aIID={300763af-5d6b-46e6-aa96-273eac15538a} aComponent={MachineWrap} aText={The machine is not mutable (state is Running)}, preserve=false aResultDetail=0
02:42:56.642299 nspr-7   Saving settings file "/home/mystic/VirtualBox VMs/archcrat xfce/archcrat xfce.vbox" with version "1.19-linux"
02:42:56.851503 nspr-7   Finished saving settings file "/home/mystic/VirtualBox VMs/archcrat xfce/archcrat xfce.vbox"
02:42:56.879611 nspr-8   ERROR [COM]: aRC=VBOX_E_INVALID_VM_STATE (0x80bb0002) aIID={300763af-5d6b-46e6-aa96-273eac15538a} aComponent={MachineWrap} aText={The machine is not mutable (state is Running)}, preserve=false aResultDetail=0
02:42:58.820136 nspr-5   Saving settings file "/home/mystic/VirtualBox VMs/archcrat xfce/archcrat xfce.vbox" with version "1.19-linux"
02:42:58.881888 nspr-5   Finished saving settings file "/home/mystic/VirtualBox VMs/archcrat xfce/archcrat xfce.vbox"
02:42:58.946437 nspr-3   ERROR [COM]: aRC=VBOX_E_INVALID_VM_STATE (0x80bb0002) aIID={300763af-5d6b-46e6-aa96-273eac15538a} aComponent={MachineWrap} aText={The machine is not mutable (state is Running)}, preserve=false aResultDetail=0
02:43:00.271544 nspr-2   Saving settings file "/home/mystic/VirtualBox VMs/archcrat xfce/archcrat xfce.vbox" with version "1.19-linux"
02:43:00.519352 nspr-2   Finished saving settings file "/home/mystic/VirtualBox VMs/archcrat xfce/archcrat xfce.vbox"
02:43:00.570586 nspr-2   ERROR [COM]: aRC=VBOX_E_INVALID_VM_STATE (0x80bb0002) aIID={300763af-5d6b-46e6-aa96-273eac15538a} aComponent={MachineWrap} aText={The machine is not mutable (state is Running)}, preserve=false aResultDetail=0
02:43:00.902496 nspr-2   Saving settings file "/home/mystic/VirtualBox VMs/archcrat xfce/archcrat xfce.vbox" with version "1.19-linux"
02:43:00.986785 nspr-2   Finished saving settings file "/home/mystic/VirtualBox VMs/archcrat xfce/archcrat xfce.vbox"
02:43:01.048640 nspr-5   ERROR [COM]: aRC=VBOX_E_INVALID_VM_STATE (0x80bb0002) aIID={300763af-5d6b-46e6-aa96-273eac15538a} aComponent={MachineWrap} aText={The machine is not mutable (state is Running)}, preserve=false aResultDetail=0
02:43:22.456239 nspr-6   ERROR [COM]: aRC=VBOX_E_INVALID_VM_STATE (0x80bb0002) aIID={300763af-5d6b-46e6-aa96-273eac15538a} aComponent={MachineWrap} aText={The machine is not mutable (state is Paused)}, preserve=false aResultDetail=0
02:43:24.050348 nspr-7   ERROR [COM]: aRC=VBOX_E_INVALID_VM_STATE (0x80bb0002) aIID={300763af-5d6b-46e6-aa96-273eac15538a} aComponent={MachineWrap} aText={The machine is not mutable (state is Running)}, preserve=false aResultDetail=0
02:53:20.526836 nspr-2   Load [/usr/lib/virtualbox/ExtensionPacks/Oracle_VM_VirtualBox_Extension_Pack/linux.amd64/VBoxHostWebcam.so] vrc=VINF_SUCCESS
02:53:57.876203 nspr-4   Load [/usr/lib/virtualbox/ExtensionPacks/Oracle_VM_VirtualBox_Extension_Pack/linux.amd64/VBoxHostWebcam.so] vrc=VINF_SUCCESS
02:55:15.782345 nspr-5   ERROR [COM]: aRC=VBOX_E_INVALID_VM_STATE (0x80bb0002) aIID={300763af-5d6b-46e6-aa96-273eac15538a} aComponent={MachineWrap} aText={The machine is not mutable (state is Paused)}, preserve=false aResultDetail=0
02:55:17.282802 nspr-4   ERROR [COM]: aRC=VBOX_E_INVALID_VM_STATE (0x80bb0002) aIID={300763af-5d6b-46e6-aa96-273eac15538a} aComponent={MachineWrap} aText={The machine is not mutable (state is Stopping)}, preserve=false aResultDetail=0
02:55:17.675171 nspr-3   Saving settings file "/home/mystic/VirtualBox VMs/archcrat xfce/archcrat xfce.vbox" with version "1.19-linux"
02:55:17.788546 nspr-3   Finished saving settings file "/home/mystic/VirtualBox VMs/archcrat xfce/archcrat xfce.vbox"
02:55:17.821684 nspr-8   ERROR [COM]: aRC=VBOX_E_INVALID_VM_STATE (0x80bb0002) aIID={300763af-5d6b-46e6-aa96-273eac15538a} aComponent={MachineWrap} aText={The machine is not mutable (state is PoweredOff)}, preserve=false aResultDetail=0
02:55:19.240095 nspr-4   ERROR [COM]: aRC=VBOX_E_INVALID_VM_STATE (0x80bb0002) aIID={300763af-5d6b-46e6-aa96-273eac15538a} aComponent={MachineWrap} aText={The machine is not mutable (state is PoweredOff)}, preserve=false aResultDetail=0
02:58:07.958531 nspr-3   ERROR [COM]: aRC=VBOX_E_OBJECT_NOT_FOUND (0x80bb0001) aIID={5bfd8965-b81b-469f-8649-f717ce97a5d5} aComponent={NvramStoreWrap} aText={The UEFI NVRAM file is not existing for this machine.}, preserve=false aResultDetail=0
02:58:07.982224 nspr-6   NetIfAdpCtlOut: VBoxNetAdpCtl: Error while retrieving link speed for wlp2s0: VBoxNetAdpCtl: ioctl failed: Operation not supported
02:58:08.000045 nspr-3   NetIfAdpCtlOut: VBoxNetAdpCtl: Error while retrieving link speed for wlp2s0: VBoxNetAdpCtl: ioctl failed: Operation not supported
02:58:08.157805 nspr-6   ERROR [COM]: aRC=VBOX_E_INVALID_VM_STATE (0x80bb0002) aIID={300763af-5d6b-46e6-aa96-273eac15538a} aComponent={MachineWrap} aText={The machine is not mutable (state is PoweredOff)}, preserve=false aResultDetail=0
02:58:08.989262 nspr-3   Saving settings file "/home/mystic/.config/VirtualBox/VirtualBox.xml" with version "1.12-linux"
02:58:09.056990 nspr-3   Finished saving settings file "/home/mystic/.config/VirtualBox/VirtualBox.xml"
02:58:29.099041 nspr-3   Saving settings file "/home/mystic/VirtualBox VMs/archcrat xfce/archcrat xfce.vbox" with version "1.19-linux"
02:58:29.193876 nspr-3   Finished saving settings file "/home/mystic/VirtualBox VMs/archcrat xfce/archcrat xfce.vbox"
02:58:29.316268 nspr-2   ERROR [COM]: aRC=VBOX_E_INVALID_VM_STATE (0x80bb0002) aIID={300763af-5d6b-46e6-aa96-273eac15538a} aComponent={MachineWrap} aText={The machine is not mutable (state is PoweredOff)}, preserve=false aResultDetail=0
02:58:30.081324 nspr-2   Saving settings file "/home/mystic/.config/VirtualBox/VirtualBox.xml" with version "1.12-linux"
02:58:30.183084 nspr-2   Finished saving settings file "/home/mystic/.config/VirtualBox/VirtualBox.xml"
02:58:31.003907 nspr-7   Launched VM: 2281743392 pid: 49125 (0xbfe5) frontend: GUI/Qt name: archcrat xfce
02:58:31.031221 nspr-7   ERROR [COM]: aRC=VBOX_E_INVALID_VM_STATE (0x80bb0002) aIID={300763af-5d6b-46e6-aa96-273eac15538a} aComponent={MachineWrap} aText={The machine is not mutable (state is PoweredOff)}, preserve=false aResultDetail=0
02:58:31.255013 nspr-5   ERROR [COM]: aRC=VBOX_E_INVALID_VM_STATE (0x80bb0002) aIID={300763af-5d6b-46e6-aa96-273eac15538a} aComponent={MachineWrap} aText={The machine is not mutable (state is PoweredOff)}, preserve=false aResultDetail=0
02:58:31.767603 nspr-9   Load [/usr/lib/virtualbox/ExtensionPacks/Oracle_VM_VirtualBox_Extension_Pack/linux.amd64/VBoxHostWebcam.so] vrc=VINF_SUCCESS
02:58:31.833403 nspr-9   ERROR [COM]: aRC=VBOX_E_IPRT_ERROR (0x80bb0005) aIID={300763af-5d6b-46e6-aa96-273eac15538a} aComponent={SessionMachine} aText={Saved screenshot data is not available (VERR_NOT_SUPPORTED)}, preserve=false aResultDetail=-37
02:58:31.860016 nspr-2   NetIfAdpCtlOut: VBoxNetAdpCtl: Error while retrieving link speed for wlp2s0: VBoxNetAdpCtl: ioctl failed: Operation not supported
02:58:31.989637 nspr-2   ERROR [COM]: aRC=VBOX_E_INVALID_VM_STATE (0x80bb0002) aIID={300763af-5d6b-46e6-aa96-273eac15538a} aComponent={MachineWrap} aText={The machine is not mutable (state is Starting)}, preserve=false aResultDetail=0
02:58:32.231770 nspr-5   ERROR [COM]: aRC=VBOX_E_OBJECT_NOT_FOUND (0x80bb0001) aIID={ad47ad09-787b-44ab-b343-a082a3f2dfb1} aComponent={MediumWrap} aText={Property 'CRYPT/KeyId' does not exist}, preserve=false aResultDetail=0
02:58:32.269095 nspr-8   ERROR [COM]: aRC=VBOX_E_INVALID_VM_STATE (0x80bb0002) aIID={300763af-5d6b-46e6-aa96-273eac15538a} aComponent={MachineWrap} aText={The machine is not mutable (state is Running)}, preserve=false aResultDetail=0
02:58:32.505841 nspr-6   Saving settings file "/home/mystic/.config/VirtualBox/VirtualBox.xml" with version "1.12-linux"
02:58:32.596012 nspr-6   Finished saving settings file "/home/mystic/.config/VirtualBox/VirtualBox.xml"
02:58:32.722448 nspr-7   Saving settings file "/home/mystic/VirtualBox VMs/archcrat xfce/archcrat xfce.vbox" with version "1.19-linux"
02:58:32.785351 nspr-7   Finished saving settings file "/home/mystic/VirtualBox VMs/archcrat xfce/archcrat xfce.vbox"
02:58:32.844278 nspr-5   ERROR [COM]: aRC=VBOX_E_INVALID_VM_STATE (0x80bb0002) aIID={300763af-5d6b-46e6-aa96-273eac15538a} aComponent={MachineWrap} aText={The machine is not mutable (state is Running)}, preserve=false aResultDetail=0
02:59:14.303961 nspr-7   Saving settings file "/home/mystic/.config/VirtualBox/VirtualBox.xml" with version "1.12-linux"
02:59:14.620000 nspr-7   Finished saving settings file "/home/mystic/.config/VirtualBox/VirtualBox.xml"
02:59:14.803614 nspr-9   Saving settings file "/home/mystic/VirtualBox VMs/archcrat xfce/archcrat xfce.vbox" with version "1.19-linux"
02:59:15.200098 nspr-9   Finished saving settings file "/home/mystic/VirtualBox VMs/archcrat xfce/archcrat xfce.vbox"
02:59:15.267470 nspr-6   ERROR [COM]: aRC=VBOX_E_INVALID_VM_STATE (0x80bb0002) aIID={300763af-5d6b-46e6-aa96-273eac15538a} aComponent={MachineWrap} aText={The machine is not mutable (state is Running)}, preserve=false aResultDetail=0
03:04:11.820852 nspr-4   Saving settings file "/home/mystic/VirtualBox VMs/archcrat xfce/archcrat xfce.vbox" with version "1.19-linux"
03:04:11.942533 nspr-4   Finished saving settings file "/home/mystic/VirtualBox VMs/archcrat xfce/archcrat xfce.vbox"
03:04:12.023683 nspr-8   ERROR [COM]: aRC=VBOX_E_INVALID_VM_STATE (0x80bb0002) aIID={300763af-5d6b-46e6-aa96-273eac15538a} aComponent={MachineWrap} aText={The machine is not mutable (state is Running)}, preserve=false aResultDetail=0
03:18:01.292864 dns-monitor HostDnsMonitor: updating information
03:18:01.351218 dns-monitor HostDnsMonitor: old information
03:18:01.351251 dns-monitor   server 1: 192.168.140.57
03:18:01.351267 dns-monitor   server 2: 2409:4055:2dcc:a8d::b3
03:18:01.351280 dns-monitor   no domain set
03:18:01.351290 dns-monitor   no search string entries
03:18:01.351304 dns-monitor HostDnsMonitor: new information
03:18:01.351317 dns-monitor   no server entries
03:18:01.351329 dns-monitor   no domain set
03:18:01.351341 dns-monitor   no search string entries
03:18:02.026172 dns-monitor NAT: resolv.conf: nameserver 192.168.140.57
03:18:02.026256 dns-monitor HostDnsMonitor: updating information
03:18:02.026274 dns-monitor HostDnsMonitor: old information
03:18:02.026289 dns-monitor   no server entries
03:18:02.026304 dns-monitor   no domain set
03:18:02.026318 dns-monitor   no search string entries
03:18:02.026365 dns-monitor HostDnsMonitor: new information
03:18:02.026423 dns-monitor   server 1: 192.168.140.57
03:18:02.026442 dns-monitor   no domain set
03:18:02.026452 dns-monitor   no search string entries
03:18:03.443237 dns-monitor NAT: resolv.conf: nameserver 192.168.140.57
03:18:03.443293 dns-monitor NAT: resolv.conf: nameserver 2409:4055:2dcc:a8d::b3
03:18:03.443329 dns-monitor HostDnsMonitor: updating information
03:18:03.443340 dns-monitor HostDnsMonitor: old information
03:18:03.443350 dns-monitor   server 1: 192.168.140.57
03:18:03.443361 dns-monitor   no domain set
03:18:03.443369 dns-monitor   no search string entries
03:18:03.443378 dns-monitor HostDnsMonitor: new information
03:18:03.443386 dns-monitor   server 1: 192.168.140.57
03:18:03.443396 dns-monitor   server 2: 2409:4055:2dcc:a8d::b3
03:18:03.443405 dns-monitor   no domain set
03:18:03.443413 dns-monitor   no search string entries
03:19:42.281812 dns-monitor HostDnsMonitor: updating information
03:19:42.281916 dns-monitor HostDnsMonitor: old information
03:19:42.281933 dns-monitor   server 1: 192.168.140.57
03:19:42.281948 dns-monitor   server 2: 2409:4055:2dcc:a8d::b3
03:19:42.281960 dns-monitor   no domain set
03:19:42.281971 dns-monitor   no search string entries
03:19:42.281981 dns-monitor HostDnsMonitor: new information
03:19:42.281992 dns-monitor   no server entries
03:19:42.282002 dns-monitor   no domain set
03:19:42.282012 dns-monitor   no search string entries
