2023-09-14 15:07:03.250 [info] Extension host with pid 4955 started
2023-09-14 15:07:03.250 [info] Skipping acquiring lock for /home/mystic/.config/Code/User/workspaceStorage/726422300d1f2252df72649f2c9e025f.
2023-09-14 15:07:03.316 [info] ExtensionService#_doActivateExtension Dart-Code.dart-code, startup: false, activationEvent: 'onLanguage:dart'
2023-09-14 15:07:03.450 [info] ExtensionService#_doActivateExtension vscode.emmet, startup: false, activationEvent: 'onLanguage'
2023-09-14 15:07:04.170 [info] ExtensionService#_doActivateExtension vscode.github-authentication, startup: false, activationEvent: 'onAuthenticationRequest:github'
2023-09-14 15:07:04.267 [info] ExtensionService#_doActivateExtension vscode.microsoft-authentication, startup: false, activationEvent: 'onAuthenticationRequest:microsoft'
2023-09-14 15:07:04.371 [info] ExtensionService#_doActivateExtension vscode.git-base, startup: true, activationEvent: '*', root cause: vscode.git
2023-09-14 15:07:04.477 [info] ExtensionService#_doActivateExtension vscode.git, startup: true, activationEvent: '*'
2023-09-14 15:07:04.616 [info] ExtensionService#_doActivateExtension vscode.github, startup: true, activationEvent: '*'
2023-09-14 15:07:06.392 [info] Eager extensions activated
2023-09-14 15:07:06.476 [info] ExtensionService#_doActivateExtension Dart-Code.flutter, startup: false, activationEvent: 'api', root cause: Dart-Code.dart-code
2023-09-14 15:07:07.297 [info] ExtensionService#_doActivateExtension vscode.debug-auto-launch, startup: false, activationEvent: 'onStartupFinished'
2023-09-14 15:07:07.419 [info] ExtensionService#_doActivateExtension vscode.merge-conflict, startup: false, activationEvent: 'onStartupFinished'
2023-09-14 15:07:07.546 [info] ExtensionService#_doActivateExtension ritwickdey.LiveServer, startup: false, activationEvent: 'onStartupFinished'
2023-09-14 15:07:09.410 [info] ExtensionService#_doActivateExtension vscode.json-language-features, startup: false, activationEvent: 'onLanguage:jsonc'
2023-09-14 15:07:09.467 [info] ExtensionService#_doActivateExtension vscode.typescript-language-features, startup: false, activationEvent: 'onLanguage:jsonc'
2023-09-14 15:07:17.922 [error] [Dart-Code.dart-code] provider FAILED
2023-09-14 15:07:17.922 [error] Error: File is not being analyzed
	at handleResponse (/home/mystic/.vscode/extensions/dart-code.dart-code-3.72.2/out/dist/extension.js:29408:48)
	at handleMessage (/home/mystic/.vscode/extensions/dart-code.dart-code-3.72.2/out/dist/extension.js:29188:13)
	at processMessageQueue (/home/mystic/.vscode/extensions/dart-code.dart-code-3.72.2/out/dist/extension.js:29205:17)
	at Immediate.<anonymous> (/home/mystic/.vscode/extensions/dart-code.dart-code-3.72.2/out/dist/extension.js:29177:13)
	at process.processImmediate (node:internal/timers:466:21)
2023-09-14 15:07:17.936 [error] [Dart-Code.dart-code] provider FAILED
2023-09-14 15:07:17.936 [error] Error: File is not being analyzed
	at handleResponse (/home/mystic/.vscode/extensions/dart-code.dart-code-3.72.2/out/dist/extension.js:29408:48)
	at handleMessage (/home/mystic/.vscode/extensions/dart-code.dart-code-3.72.2/out/dist/extension.js:29188:13)
	at processMessageQueue (/home/mystic/.vscode/extensions/dart-code.dart-code-3.72.2/out/dist/extension.js:29205:17)
	at Immediate.<anonymous> (/home/mystic/.vscode/extensions/dart-code.dart-code-3.72.2/out/dist/extension.js:29177:13)
	at process.processImmediate (node:internal/timers:466:21)
2023-09-14 15:07:17.940 [error] [Dart-Code.dart-code] provider FAILED
2023-09-14 15:07:17.940 [error] Error: File is not being analyzed
	at handleResponse (/home/mystic/.vscode/extensions/dart-code.dart-code-3.72.2/out/dist/extension.js:29408:48)
	at handleMessage (/home/mystic/.vscode/extensions/dart-code.dart-code-3.72.2/out/dist/extension.js:29188:13)
	at processMessageQueue (/home/mystic/.vscode/extensions/dart-code.dart-code-3.72.2/out/dist/extension.js:29205:17)
	at Immediate.<anonymous> (/home/mystic/.vscode/extensions/dart-code.dart-code-3.72.2/out/dist/extension.js:29177:13)
	at process.processImmediate (node:internal/timers:466:21)
2023-09-14 15:08:17.228 [info] ExtensionService#_doActivateExtension vscode.debug-server-ready, startup: false, activationEvent: 'onDebugResolve'
